<?xml version="1.0" encoding="UTF-8"?>
<coverage generated="1746400350481" clover="3.2.0">
  <project timestamp="1746400350481" name="All files">
    <metrics statements="11317" coveredstatements="238" conditionals="5933" coveredconditionals="42" methods="1799" coveredmethods="37" elements="19049" coveredelements="317" complexity="0" loc="11317" ncloc="11317" packages="99" files="276" classes="276"/>
    <package name="mealtime">
      <metrics statements="11" coveredstatements="0" conditionals="0" coveredconditionals="0" methods="3" coveredmethods="0"/>
      <file name="index.ts" path="/home/mauriciobc/Documentos/Code/mealtime/index.ts">
        <metrics statements="9" coveredstatements="0" conditionals="0" coveredconditionals="0" methods="3" coveredmethods="0"/>
        <line num="1" count="0" type="stmt"/>
        <line num="2" count="0" type="stmt"/>
        <line num="6" count="0" type="stmt"/>
        <line num="14" count="0" type="stmt"/>
        <line num="17" count="0" type="stmt"/>
        <line num="19" count="0" type="stmt"/>
        <line num="22" count="0" type="stmt"/>
        <line num="23" count="0" type="stmt"/>
        <line num="24" count="0" type="stmt"/>
      </file>
      <file name="tailwind.config.ts" path="/home/mauriciobc/Documentos/Code/mealtime/tailwind.config.ts">
        <metrics statements="2" coveredstatements="0" conditionals="0" coveredconditionals="0" methods="0" coveredmethods="0"/>
        <line num="3" count="0" type="stmt"/>
        <line num="90" count="0" type="stmt"/>
      </file>
    </package>
    <package name="mealtime.app">
      <metrics statements="78" coveredstatements="0" conditionals="54" coveredconditionals="0" methods="12" coveredmethods="0"/>
      <file name="_error.tsx" path="/home/mauriciobc/Documentos/Code/mealtime/app/_error.tsx">
        <metrics statements="4" coveredstatements="0" conditionals="0" coveredconditionals="0" methods="2" coveredmethods="0"/>
        <line num="3" count="0" type="stmt"/>
        <line num="8" count="0" type="stmt"/>
        <line num="15" count="0" type="stmt"/>
        <line num="26" count="0" type="stmt"/>
      </file>
      <file name="error.tsx" path="/home/mauriciobc/Documentos/Code/mealtime/app/error.tsx">
        <metrics statements="5" coveredstatements="0" conditionals="0" coveredconditionals="0" methods="2" coveredmethods="0"/>
        <line num="3" count="0" type="stmt"/>
        <line num="9" count="0" type="stmt"/>
        <line num="10" count="0" type="stmt"/>
        <line num="12" count="0" type="stmt"/>
        <line num="20" count="0" type="stmt"/>
      </file>
      <file name="loading.tsx" path="/home/mauriciobc/Documentos/Code/mealtime/app/loading.tsx">
        <metrics statements="3" coveredstatements="0" conditionals="0" coveredconditionals="0" methods="1" coveredmethods="0"/>
        <line num="3" count="0" type="stmt"/>
        <line num="5" count="0" type="stmt"/>
        <line num="6" count="0" type="stmt"/>
      </file>
      <file name="page.tsx" path="/home/mauriciobc/Documentos/Code/mealtime/app/page.tsx">
        <metrics statements="66" coveredstatements="0" conditionals="54" coveredconditionals="0" methods="7" coveredmethods="0"/>
        <line num="3" count="0" type="stmt"/>
        <line num="4" count="0" type="stmt"/>
        <line num="5" count="0" type="stmt"/>
        <line num="6" count="0" type="stmt"/>
        <line num="7" count="0" type="stmt"/>
        <line num="8" count="0" type="stmt"/>
        <line num="9" count="0" type="stmt"/>
        <line num="10" count="0" type="stmt"/>
        <line num="11" count="0" type="stmt"/>
        <line num="18" count="0" type="stmt"/>
        <line num="19" count="0" type="stmt"/>
        <line num="20" count="0" type="stmt"/>
        <line num="21" count="0" type="stmt"/>
        <line num="22" count="0" type="stmt"/>
        <line num="23" count="0" type="stmt"/>
        <line num="24" count="0" type="stmt"/>
        <line num="26" count="0" type="stmt"/>
        <line num="27" count="0" type="stmt"/>
        <line num="29" count="0" type="stmt"/>
        <line num="30" count="0" type="stmt"/>
        <line num="31" count="0" type="stmt"/>
        <line num="32" count="0" type="stmt"/>
        <line num="33" count="0" type="stmt"/>
        <line num="34" count="0" type="stmt"/>
        <line num="35" count="0" type="stmt"/>
        <line num="37" count="0" type="stmt"/>
        <line num="38" count="0" type="stmt"/>
        <line num="39" count="0" type="stmt"/>
        <line num="40" count="0" type="stmt"/>
        <line num="42" count="0" type="stmt"/>
        <line num="44" count="0" type="cond" truecount="0" falsecount="3"/>
        <line num="45" count="0" type="cond" truecount="0" falsecount="9"/>
        <line num="47" count="0" type="stmt"/>
        <line num="58" count="0" type="stmt"/>
        <line num="68" count="0" type="stmt"/>
        <line num="76" count="0" type="stmt"/>
        <line num="81" count="0" type="cond" truecount="0" falsecount="1"/>
        <line num="82" count="0" type="stmt"/>
        <line num="86" count="0" type="cond" truecount="0" falsecount="1"/>
        <line num="87" count="0" type="stmt"/>
        <line num="95" count="0" type="stmt"/>
        <line num="96" count="0" type="cond" truecount="0" falsecount="3"/>
        <line num="97" count="0" type="stmt"/>
        <line num="101" count="0" type="cond" truecount="0" falsecount="3"/>
        <line num="102" count="0" type="stmt"/>
        <line num="107" count="0" type="cond" truecount="0" falsecount="1"/>
        <line num="108" count="0" type="stmt"/>
        <line num="125" count="0" type="cond" truecount="0" falsecount="2"/>
        <line num="126" count="0" type="cond" truecount="0" falsecount="1"/>
        <line num="128" count="0" type="stmt"/>
        <line num="132" count="0" type="cond" truecount="0" falsecount="2"/>
        <line num="133" count="0" type="cond" truecount="0" falsecount="1"/>
        <line num="134" count="0" type="stmt"/>
        <line num="142" count="0" type="cond" truecount="0" falsecount="2"/>
        <line num="143" count="0" type="cond" truecount="0" falsecount="1"/>
        <line num="144" count="0" type="stmt"/>
        <line num="154" count="0" type="stmt"/>
        <line num="155" count="0" type="stmt"/>
        <line num="156" count="0" type="stmt"/>
        <line num="157" count="0" type="stmt"/>
        <line num="165" count="0" type="cond" truecount="0" falsecount="2"/>
        <line num="168" count="0" type="stmt"/>
        <line num="257" count="0" type="stmt"/>
        <line num="284" count="0" type="stmt"/>
        <line num="287" count="0" type="stmt"/>
        <line num="321" count="0" type="stmt"/>
      </file>
    </package>
    <package name="mealtime.app.api.auth.callback">
      <metrics statements="59" coveredstatements="0" conditionals="24" coveredconditionals="0" methods="1" coveredmethods="0"/>
      <file name="route.ts" path="/home/mauriciobc/Documentos/Code/mealtime/app/api/auth/callback/route.ts">
        <metrics statements="59" coveredstatements="0" conditionals="24" coveredconditionals="0" methods="1" coveredmethods="0"/>
        <line num="1" count="0" type="stmt"/>
        <line num="2" count="0" type="stmt"/>
        <line num="3" count="0" type="stmt"/>
        <line num="4" count="0" type="stmt"/>
        <line num="5" count="0" type="stmt"/>
        <line num="7" count="0" type="stmt"/>
        <line num="8" count="0" type="stmt"/>
        <line num="9" count="0" type="stmt"/>
        <line num="10" count="0" type="stmt"/>
        <line num="11" count="0" type="cond" truecount="0" falsecount="4"/>
        <line num="12" count="0" type="stmt"/>
        <line num="13" count="0" type="stmt"/>
        <line num="15" count="0" type="stmt"/>
        <line num="22" count="0" type="cond" truecount="0" falsecount="3"/>
        <line num="23" count="0" type="stmt"/>
        <line num="24" count="0" type="cond" truecount="0" falsecount="3"/>
        <line num="27" count="0" type="cond" truecount="0" falsecount="1"/>
        <line num="28" count="0" type="stmt"/>
        <line num="29" count="0" type="stmt"/>
        <line num="33" count="0" type="stmt"/>
        <line num="34" count="0" type="stmt"/>
        <line num="37" count="0" type="cond" truecount="0" falsecount="3"/>
        <line num="38" count="0" type="stmt"/>
        <line num="39" count="0" type="stmt"/>
        <line num="42" count="0" type="stmt"/>
        <line num="51" count="0" type="stmt"/>
        <line num="53" count="0" type="cond" truecount="0" falsecount="1"/>
        <line num="54" count="0" type="stmt"/>
        <line num="55" count="0" type="stmt"/>
        <line num="58" count="0" type="cond" truecount="0" falsecount="1"/>
        <line num="59" count="0" type="stmt"/>
        <line num="60" count="0" type="stmt"/>
        <line num="64" count="0" type="stmt"/>
        <line num="66" count="0" type="cond" truecount="0" falsecount="3"/>
        <line num="67" count="0" type="stmt"/>
        <line num="68" count="0" type="stmt"/>
        <line num="72" count="0" type="cond" truecount="0" falsecount="1"/>
        <line num="73" count="0" type="stmt"/>
        <line num="77" count="0" type="stmt"/>
        <line num="80" count="0" type="stmt"/>
        <line num="86" count="0" type="stmt"/>
        <line num="89" count="0" type="stmt"/>
        <line num="90" count="0" type="stmt"/>
        <line num="93" count="0" type="stmt"/>
        <line num="94" count="0" type="stmt"/>
        <line num="95" count="0" type="cond" truecount="0" falsecount="1"/>
        <line num="96" count="0" type="stmt"/>
        <line num="100" count="0" type="cond" truecount="0" falsecount="1"/>
        <line num="101" count="0" type="stmt"/>
        <line num="102" count="0" type="stmt"/>
        <line num="106" count="0" type="stmt"/>
        <line num="107" count="0" type="stmt"/>
        <line num="108" count="0" type="stmt"/>
        <line num="109" count="0" type="stmt"/>
        <line num="110" count="0" type="stmt"/>
        <line num="111" count="0" type="stmt"/>
        <line num="113" count="0" type="stmt"/>
        <line num="115" count="0" type="stmt"/>
        <line num="116" count="0" type="cond" truecount="0" falsecount="2"/>
      </file>
    </package>
    <package name="mealtime.app.api.cats">
      <metrics statements="66" coveredstatements="0" conditionals="37" coveredconditionals="0" methods="3" coveredmethods="0"/>
      <file name="route.ts" path="/home/mauriciobc/Documentos/Code/mealtime/app/api/cats/route.ts">
        <metrics statements="66" coveredstatements="0" conditionals="37" coveredconditionals="0" methods="3" coveredmethods="0"/>
        <line num="1" count="0" type="stmt"/>
        <line num="2" count="0" type="stmt"/>
        <line num="4" count="0" type="stmt"/>
        <line num="7" count="0" type="stmt"/>
        <line num="14" count="0" type="stmt"/>
        <line num="23" count="0" type="stmt"/>
        <line num="24" count="0" type="cond" truecount="0" falsecount="1"/>
        <line num="26" count="0" type="stmt"/>
        <line num="27" count="0" type="stmt"/>
        <line num="29" count="0" type="stmt"/>
        <line num="31" count="0" type="stmt"/>
        <line num="33" count="0" type="stmt"/>
        <line num="38" count="0" type="cond" truecount="0" falsecount="1"/>
        <line num="40" count="0" type="stmt"/>
        <line num="42" count="0" type="stmt"/>
        <line num="45" count="0" type="stmt"/>
        <line num="46" count="0" type="cond" truecount="0" falsecount="1"/>
        <line num="47" count="0" type="stmt"/>
        <line num="48" count="0" type="stmt"/>
        <line num="50" count="0" type="stmt"/>
        <line num="52" count="0" type="stmt"/>
        <line num="53" count="0" type="stmt"/>
        <line num="57" count="0" type="cond" truecount="0" falsecount="2"/>
        <line num="59" count="0" type="cond" truecount="0" falsecount="1"/>
        <line num="60" count="0" type="stmt"/>
        <line num="61" count="0" type="stmt"/>
        <line num="63" count="0" type="stmt"/>
        <line num="64" count="0" type="stmt"/>
        <line num="67" count="0" type="stmt"/>
        <line num="68" count="0" type="stmt"/>
        <line num="72" count="0" type="stmt"/>
        <line num="78" count="0" type="stmt"/>
        <line num="81" count="0" type="stmt"/>
        <line num="98" count="0" type="stmt"/>
        <line num="101" count="0" type="stmt"/>
        <line num="102" count="0" type="stmt"/>
        <line num="110" count="0" type="stmt"/>
        <line num="111" count="0" type="stmt"/>
        <line num="112" count="0" type="cond" truecount="0" falsecount="1"/>
        <line num="113" count="0" type="stmt"/>
        <line num="114" count="0" type="stmt"/>
        <line num="116" count="0" type="stmt"/>
        <line num="118" count="0" type="stmt"/>
        <line num="119" count="0" type="stmt"/>
        <line num="120" count="0" type="stmt"/>
        <line num="123" count="0" type="cond" truecount="0" falsecount="3"/>
        <line num="124" count="0" type="stmt"/>
        <line num="125" count="0" type="stmt"/>
        <line num="132" count="0" type="stmt"/>
        <line num="133" count="0" type="cond" truecount="0" falsecount="1"/>
        <line num="134" count="0" type="stmt"/>
        <line num="135" count="0" type="cond" truecount="0" falsecount="4"/>
        <line num="136" count="0" type="stmt"/>
        <line num="137" count="0" type="stmt"/>
        <line num="142" count="0" type="stmt"/>
        <line num="146" count="0" type="stmt"/>
        <line num="154" count="0" type="cond" truecount="0" falsecount="1"/>
        <line num="155" count="0" type="stmt"/>
        <line num="156" count="0" type="stmt"/>
        <line num="163" count="0" type="stmt"/>
        <line num="178" count="0" type="stmt"/>
        <line num="179" count="0" type="stmt"/>
        <line num="181" count="0" type="stmt"/>
        <line num="189" count="0" type="cond" truecount="0" falsecount="1"/>
        <line num="190" count="0" type="stmt"/>
        <line num="196" count="0" type="stmt"/>
      </file>
    </package>
    <package name="mealtime.app.api.cats.[catId]">
      <metrics statements="82" coveredstatements="0" conditionals="23" coveredconditionals="0" methods="8" coveredmethods="0"/>
      <file name="route.ts" path="/home/mauriciobc/Documentos/Code/mealtime/app/api/cats/[catId]/route.ts">
        <metrics statements="82" coveredstatements="0" conditionals="23" coveredconditionals="0" methods="8" coveredmethods="0"/>
        <line num="1" count="0" type="stmt"/>
        <line num="2" count="0" type="stmt"/>
        <line num="5" count="0" type="stmt"/>
        <line num="6" count="0" type="stmt"/>
        <line num="8" count="0" type="stmt"/>
        <line num="25" count="0" type="stmt"/>
        <line num="28" count="0" type="stmt"/>
        <line num="31" count="0" type="cond" truecount="0" falsecount="4"/>
        <line num="34" count="0" type="stmt"/>
        <line num="36" count="0" type="stmt"/>
        <line num="39" count="0" type="stmt"/>
        <line num="43" count="0" type="stmt"/>
        <line num="45" count="0" type="stmt"/>
        <line num="48" count="0" type="stmt"/>
        <line num="53" count="0" type="stmt"/>
        <line num="63" count="0" type="stmt"/>
        <line num="64" count="0" type="stmt"/>
        <line num="65" count="0" type="stmt"/>
        <line num="66" count="0" type="stmt"/>
        <line num="68" count="0" type="stmt"/>
        <line num="69" count="0" type="stmt"/>
        <line num="71" count="0" type="cond" truecount="0" falsecount="1"/>
        <line num="72" count="0" type="stmt"/>
        <line num="73" count="0" type="stmt"/>
        <line num="76" count="0" type="cond" truecount="0" falsecount="1"/>
        <line num="77" count="0" type="stmt"/>
        <line num="80" count="0" type="stmt"/>
        <line num="83" count="0" type="stmt"/>
        <line num="101" count="0" type="cond" truecount="0" falsecount="1"/>
        <line num="102" count="0" type="stmt"/>
        <line num="103" count="0" type="stmt"/>
        <line num="106" count="0" type="stmt"/>
        <line num="107" count="0" type="stmt"/>
        <line num="109" count="0" type="stmt"/>
        <line num="110" count="0" type="stmt"/>
        <line num="118" count="0" type="stmt"/>
        <line num="119" count="0" type="stmt"/>
        <line num="120" count="0" type="stmt"/>
        <line num="121" count="0" type="stmt"/>
        <line num="123" count="0" type="stmt"/>
        <line num="125" count="0" type="cond" truecount="0" falsecount="3"/>
        <line num="126" count="0" type="stmt"/>
        <line num="129" count="0" type="stmt"/>
        <line num="132" count="0" type="stmt"/>
        <line num="145" count="0" type="cond" truecount="0" falsecount="1"/>
        <line num="146" count="0" type="stmt"/>
        <line num="150" count="0" type="stmt"/>
        <line num="167" count="0" type="stmt"/>
        <line num="171" count="0" type="stmt"/>
        <line num="172" count="0" type="stmt"/>
        <line num="173" count="0" type="stmt"/>
        <line num="174" count="0" type="stmt"/>
        <line num="176" count="0" type="stmt"/>
        <line num="178" count="0" type="cond" truecount="0" falsecount="3"/>
        <line num="179" count="0" type="stmt"/>
        <line num="180" count="0" type="stmt"/>
        <line num="183" count="0" type="stmt"/>
        <line num="185" count="0" type="stmt"/>
        <line num="187" count="0" type="stmt"/>
        <line num="192" count="0" type="cond" truecount="0" falsecount="1"/>
        <line num="193" count="0" type="stmt"/>
        <line num="194" count="0" type="stmt"/>
        <line num="197" count="0" type="stmt"/>
        <line num="198" count="0" type="cond" truecount="0" falsecount="1"/>
        <line num="199" count="0" type="stmt"/>
        <line num="200" count="0" type="stmt"/>
        <line num="204" count="0" type="stmt"/>
        <line num="205" count="0" type="stmt"/>
        <line num="212" count="0" type="cond" truecount="0" falsecount="1"/>
        <line num="213" count="0" type="stmt"/>
        <line num="214" count="0" type="stmt"/>
        <line num="216" count="0" type="stmt"/>
        <line num="219" count="0" type="stmt"/>
        <line num="220" count="0" type="stmt"/>
        <line num="222" count="0" type="stmt"/>
        <line num="225" count="0" type="stmt"/>
        <line num="228" count="0" type="stmt"/>
        <line num="231" count="0" type="stmt"/>
        <line num="233" count="0" type="stmt"/>
        <line num="235" count="0" type="stmt"/>
        <line num="237" count="0" type="stmt"/>
        <line num="238" count="0" type="stmt"/>
      </file>
    </package>
    <package name="mealtime.app.api.cats.[catId].next-feeding">
      <metrics statements="43" coveredstatements="0" conditionals="25" coveredconditionals="0" methods="1" coveredmethods="0"/>
      <file name="route.ts" path="/home/mauriciobc/Documentos/Code/mealtime/app/api/cats/[catId]/next-feeding/route.ts">
        <metrics statements="43" coveredstatements="0" conditionals="25" coveredconditionals="0" methods="1" coveredmethods="0"/>
        <line num="1" count="0" type="stmt"/>
        <line num="2" count="0" type="stmt"/>
        <line num="3" count="0" type="stmt"/>
        <line num="4" count="0" type="stmt"/>
        <line num="6" count="0" type="stmt"/>
        <line num="8" count="0" type="stmt"/>
        <line num="13" count="0" type="stmt"/>
        <line num="14" count="0" type="stmt"/>
        <line num="16" count="0" type="cond" truecount="0" falsecount="3"/>
        <line num="17" count="0" type="stmt"/>
        <line num="18" count="0" type="stmt"/>
        <line num="21" count="0" type="stmt"/>
        <line num="22" count="0" type="stmt"/>
        <line num="24" count="0" type="cond" truecount="0" falsecount="1"/>
        <line num="25" count="0" type="stmt"/>
        <line num="26" count="0" type="stmt"/>
        <line num="29" count="0" type="stmt"/>
        <line num="31" count="0" type="stmt"/>
        <line num="33" count="0" type="stmt"/>
        <line num="34" count="0" type="stmt"/>
        <line num="46" count="0" type="cond" truecount="0" falsecount="1"/>
        <line num="47" count="0" type="stmt"/>
        <line num="48" count="0" type="stmt"/>
        <line num="51" count="0" type="stmt"/>
        <line num="52" count="0" type="cond" truecount="0" falsecount="1"/>
        <line num="53" count="0" type="stmt"/>
        <line num="54" count="0" type="stmt"/>
        <line num="57" count="0" type="stmt"/>
        <line num="64" count="0" type="cond" truecount="0" falsecount="1"/>
        <line num="65" count="0" type="stmt"/>
        <line num="66" count="0" type="stmt"/>
        <line num="68" count="0" type="stmt"/>
        <line num="71" count="0" type="stmt"/>
        <line num="72" count="0" type="stmt"/>
        <line num="87" count="0" type="stmt"/>
        <line num="88" count="0" type="cond" truecount="0" falsecount="4"/>
        <line num="93" count="0" type="cond" truecount="0" falsecount="8"/>
        <line num="95" count="0" type="cond" truecount="0" falsecount="2"/>
        <line num="96" count="0" type="stmt"/>
        <line num="98" count="0" type="stmt"/>
        <line num="102" count="0" type="cond" truecount="0" falsecount="2"/>
        <line num="105" count="0" type="stmt"/>
        <line num="106" count="0" type="stmt"/>
      </file>
    </package>
    <package name="mealtime.app.api.feedings">
      <metrics statements="72" coveredstatements="0" conditionals="22" coveredconditionals="0" methods="2" coveredmethods="0"/>
      <file name="route.ts" path="/home/mauriciobc/Documentos/Code/mealtime/app/api/feedings/route.ts">
        <metrics statements="72" coveredstatements="0" conditionals="22" coveredconditionals="0" methods="2" coveredmethods="0"/>
        <line num="1" count="0" type="stmt"/>
        <line num="3" count="0" type="stmt"/>
        <line num="6" count="0" type="cond" truecount="0" falsecount="2"/>
        <line num="7" count="0" type="stmt"/>
        <line num="16" count="0" type="stmt"/>
        <line num="17" count="0" type="stmt"/>
        <line num="20" count="0" type="stmt"/>
        <line num="23" count="0" type="stmt"/>
        <line num="29" count="0" type="stmt"/>
        <line num="39" count="0" type="stmt"/>
        <line num="49" count="0" type="stmt"/>
        <line num="60" count="0" type="stmt"/>
        <line num="61" count="0" type="stmt"/>
        <line num="62" count="0" type="stmt"/>
        <line num="64" count="0" type="cond" truecount="0" falsecount="1"/>
        <line num="65" count="0" type="stmt"/>
        <line num="69" count="0" type="stmt"/>
        <line num="70" count="0" type="stmt"/>
        <line num="71" count="0" type="stmt"/>
        <line num="72" count="0" type="stmt"/>
        <line num="74" count="0" type="cond" truecount="0" falsecount="1"/>
        <line num="75" count="0" type="stmt"/>
        <line num="76" count="0" type="stmt"/>
        <line num="80" count="0" type="stmt"/>
        <line num="81" count="0" type="stmt"/>
        <line num="88" count="0" type="cond" truecount="0" falsecount="1"/>
        <line num="89" count="0" type="stmt"/>
        <line num="90" count="0" type="stmt"/>
        <line num="92" count="0" type="stmt"/>
        <line num="94" count="0" type="stmt"/>
        <line num="95" count="0" type="stmt"/>
        <line num="102" count="0" type="stmt"/>
        <line num="103" count="0" type="stmt"/>
        <line num="121" count="0" type="stmt"/>
        <line num="122" count="0" type="stmt"/>
        <line num="125" count="0" type="stmt"/>
        <line num="127" count="0" type="cond" truecount="0" falsecount="2"/>
        <line num="130" count="0" type="stmt"/>
        <line num="138" count="0" type="stmt"/>
        <line num="139" count="0" type="stmt"/>
        <line num="140" count="0" type="stmt"/>
        <line num="142" count="0" type="cond" truecount="0" falsecount="1"/>
        <line num="143" count="0" type="stmt"/>
        <line num="144" count="0" type="stmt"/>
        <line num="147" count="0" type="stmt"/>
        <line num="148" count="0" type="stmt"/>
        <line num="149" count="0" type="stmt"/>
        <line num="152" count="0" type="stmt"/>
        <line num="153" count="0" type="cond" truecount="0" falsecount="1"/>
        <line num="154" count="0" type="stmt"/>
        <line num="155" count="0" type="stmt"/>
        <line num="161" count="0" type="stmt"/>
        <line num="162" count="0" type="cond" truecount="0" falsecount="2"/>
        <line num="166" count="0" type="stmt"/>
        <line num="167" count="0" type="stmt"/>
        <line num="176" count="0" type="cond" truecount="0" falsecount="4"/>
        <line num="178" count="0" type="cond" truecount="0" falsecount="1"/>
        <line num="179" count="0" type="stmt"/>
        <line num="180" count="0" type="stmt"/>
        <line num="182" count="0" type="cond" truecount="0" falsecount="1"/>
        <line num="183" count="0" type="stmt"/>
        <line num="185" count="0" type="stmt"/>
        <line num="187" count="0" type="cond" truecount="0" falsecount="1"/>
        <line num="188" count="0" type="stmt"/>
        <line num="189" count="0" type="stmt"/>
        <line num="191" count="0" type="stmt"/>
        <line num="195" count="0" type="stmt"/>
        <line num="196" count="0" type="stmt"/>
        <line num="216" count="0" type="stmt"/>
        <line num="220" count="0" type="stmt"/>
        <line num="223" count="0" type="stmt"/>
        <line num="224" count="0" type="stmt"/>
      </file>
    </package>
    <package name="mealtime.app.api.feedings.[id]">
      <metrics statements="64" coveredstatements="0" conditionals="20" coveredconditionals="0" methods="2" coveredmethods="0"/>
      <file name="route.ts" path="/home/mauriciobc/Documentos/Code/mealtime/app/api/feedings/[id]/route.ts">
        <metrics statements="64" coveredstatements="0" conditionals="20" coveredconditionals="0" methods="2" coveredmethods="0"/>
        <line num="1" count="0" type="stmt"/>
        <line num="2" count="0" type="stmt"/>
        <line num="3" count="0" type="stmt"/>
        <line num="6" count="0" type="stmt"/>
        <line num="10" count="0" type="stmt"/>
        <line num="11" count="0" type="stmt"/>
        <line num="12" count="0" type="stmt"/>
        <line num="14" count="0" type="cond" truecount="0" falsecount="1"/>
        <line num="15" count="0" type="stmt"/>
        <line num="16" count="0" type="stmt"/>
        <line num="19" count="0" type="cond" truecount="0" falsecount="1"/>
        <line num="20" count="0" type="stmt"/>
        <line num="23" count="0" type="stmt"/>
        <line num="25" count="0" type="stmt"/>
        <line num="27" count="0" type="stmt"/>
        <line num="48" count="0" type="cond" truecount="0" falsecount="1"/>
        <line num="49" count="0" type="stmt"/>
        <line num="50" count="0" type="stmt"/>
        <line num="57" count="0" type="stmt"/>
        <line num="58" count="0" type="cond" truecount="0" falsecount="1"/>
        <line num="59" count="0" type="stmt"/>
        <line num="60" count="0" type="stmt"/>
        <line num="63" count="0" type="stmt"/>
        <line num="64" count="0" type="stmt"/>
        <line num="72" count="0" type="cond" truecount="0" falsecount="1"/>
        <line num="73" count="0" type="stmt"/>
        <line num="74" count="0" type="stmt"/>
        <line num="76" count="0" type="stmt"/>
        <line num="79" count="0" type="stmt"/>
        <line num="100" count="0" type="stmt"/>
        <line num="102" count="0" type="stmt"/>
        <line num="103" count="0" type="stmt"/>
        <line num="111" count="0" type="stmt"/>
        <line num="115" count="0" type="stmt"/>
        <line num="116" count="0" type="stmt"/>
        <line num="117" count="0" type="stmt"/>
        <line num="119" count="0" type="cond" truecount="0" falsecount="1"/>
        <line num="120" count="0" type="stmt"/>
        <line num="121" count="0" type="stmt"/>
        <line num="124" count="0" type="stmt"/>
        <line num="126" count="0" type="stmt"/>
        <line num="127" count="0" type="stmt"/>
        <line num="128" count="0" type="stmt"/>
        <line num="133" count="0" type="cond" truecount="0" falsecount="1"/>
        <line num="134" count="0" type="stmt"/>
        <line num="135" count="0" type="stmt"/>
        <line num="138" count="0" type="stmt"/>
        <line num="139" count="0" type="cond" truecount="0" falsecount="1"/>
        <line num="140" count="0" type="stmt"/>
        <line num="141" count="0" type="stmt"/>
        <line num="144" count="0" type="stmt"/>
        <line num="145" count="0" type="stmt"/>
        <line num="153" count="0" type="cond" truecount="0" falsecount="1"/>
        <line num="154" count="0" type="stmt"/>
        <line num="155" count="0" type="stmt"/>
        <line num="157" count="0" type="stmt"/>
        <line num="159" count="0" type="stmt"/>
        <line num="160" count="0" type="stmt"/>
        <line num="163" count="0" type="stmt"/>
        <line num="165" count="0" type="stmt"/>
        <line num="167" count="0" type="stmt"/>
        <line num="168" count="0" type="cond" truecount="0" falsecount="3"/>
        <line num="169" count="0" type="stmt"/>
        <line num="171" count="0" type="stmt"/>
      </file>
    </package>
    <package name="mealtime.app.api.feedings.batch">
      <metrics statements="40" coveredstatements="0" conditionals="10" coveredconditionals="0" methods="9" coveredmethods="0"/>
      <file name="route.ts" path="/home/mauriciobc/Documentos/Code/mealtime/app/api/feedings/batch/route.ts">
        <metrics statements="40" coveredstatements="0" conditionals="10" coveredconditionals="0" methods="9" coveredmethods="0"/>
        <line num="1" count="0" type="stmt"/>
        <line num="2" count="0" type="stmt"/>
        <line num="3" count="0" type="stmt"/>
        <line num="4" count="0" type="stmt"/>
        <line num="5" count="0" type="stmt"/>
        <line num="6" count="0" type="stmt"/>
        <line num="9" count="0" type="stmt"/>
        <line num="19" count="0" type="stmt"/>
        <line num="25" count="0" type="stmt"/>
        <line num="28" count="0" type="stmt"/>
        <line num="31" count="0" type="cond" truecount="0" falsecount="4"/>
        <line num="34" count="0" type="stmt"/>
        <line num="36" count="0" type="stmt"/>
        <line num="39" count="0" type="stmt"/>
        <line num="43" count="0" type="stmt"/>
        <line num="45" count="0" type="stmt"/>
        <line num="48" count="0" type="stmt"/>
        <line num="53" count="0" type="stmt"/>
        <line num="63" count="0" type="stmt"/>
        <line num="64" count="0" type="stmt"/>
        <line num="65" count="0" type="stmt"/>
        <line num="67" count="0" type="cond" truecount="0" falsecount="3"/>
        <line num="68" count="0" type="stmt"/>
        <line num="71" count="0" type="stmt"/>
        <line num="74" count="0" type="stmt"/>
        <line num="75" count="0" type="cond" truecount="0" falsecount="1"/>
        <line num="76" count="0" type="stmt"/>
        <line num="82" count="0" type="stmt"/>
        <line num="85" count="0" type="stmt"/>
        <line num="94" count="0" type="cond" truecount="0" falsecount="1"/>
        <line num="95" count="0" type="stmt"/>
        <line num="102" count="0" type="stmt"/>
        <line num="103" count="0" type="stmt"/>
        <line num="117" count="0" type="stmt"/>
        <line num="118" count="0" type="stmt"/>
        <line num="120" count="0" type="cond" truecount="0" falsecount="1"/>
        <line num="121" count="0" type="stmt"/>
        <line num="128" count="0" type="stmt"/>
        <line num="130" count="0" type="stmt"/>
        <line num="145" count="0" type="stmt"/>
      </file>
    </package>
    <package name="mealtime.app.api.feedings.cats">
      <metrics statements="14" coveredstatements="0" conditionals="1" coveredconditionals="0" methods="2" coveredmethods="0"/>
      <file name="route.ts" path="/home/mauriciobc/Documentos/Code/mealtime/app/api/feedings/cats/route.ts">
        <metrics statements="14" coveredstatements="0" conditionals="1" coveredconditionals="0" methods="2" coveredmethods="0"/>
        <line num="1" count="0" type="stmt"/>
        <line num="2" count="0" type="stmt"/>
        <line num="6" count="0" type="stmt"/>
        <line num="7" count="0" type="stmt"/>
        <line num="8" count="0" type="stmt"/>
        <line num="9" count="0" type="stmt"/>
        <line num="11" count="0" type="cond" truecount="0" falsecount="1"/>
        <line num="12" count="0" type="stmt"/>
        <line num="19" count="0" type="stmt"/>
        <line num="29" count="0" type="stmt"/>
        <line num="40" count="0" type="stmt"/>
        <line num="42" count="0" type="stmt"/>
        <line num="44" count="0" type="stmt"/>
        <line num="45" count="0" type="stmt"/>
      </file>
    </package>
    <package name="mealtime.app.api.feedings.last.[catId]">
      <metrics statements="26" coveredstatements="0" conditionals="11" coveredconditionals="0" methods="1" coveredmethods="0"/>
      <file name="route.ts" path="/home/mauriciobc/Documentos/Code/mealtime/app/api/feedings/last/[catId]/route.ts">
        <metrics statements="26" coveredstatements="0" conditionals="11" coveredconditionals="0" methods="1" coveredmethods="0"/>
        <line num="1" count="0" type="stmt"/>
        <line num="4" count="0" type="stmt"/>
        <line num="5" count="0" type="stmt"/>
        <line num="6" count="0" type="stmt"/>
        <line num="8" count="0" type="stmt"/>
        <line num="13" count="0" type="stmt"/>
        <line num="14" count="0" type="stmt"/>
        <line num="15" count="0" type="stmt"/>
        <line num="18" count="0" type="cond" truecount="0" falsecount="3"/>
        <line num="19" count="0" type="stmt"/>
        <line num="22" count="0" type="stmt"/>
        <line num="24" count="0" type="cond" truecount="0" falsecount="1"/>
        <line num="25" count="0" type="stmt"/>
        <line num="28" count="0" type="stmt"/>
        <line num="30" count="0" type="stmt"/>
        <line num="35" count="0" type="cond" truecount="0" falsecount="5"/>
        <line num="36" count="0" type="stmt"/>
        <line num="40" count="0" type="stmt"/>
        <line num="48" count="0" type="cond" truecount="0" falsecount="1"/>
        <line num="50" count="0" type="stmt"/>
        <line num="54" count="0" type="stmt"/>
        <line num="63" count="0" type="cond" truecount="0" falsecount="1"/>
        <line num="64" count="0" type="stmt"/>
        <line num="67" count="0" type="stmt"/>
        <line num="69" count="0" type="stmt"/>
        <line num="70" count="0" type="stmt"/>
      </file>
    </package>
    <package name="mealtime.app.api.feedings.stats">
      <metrics statements="58" coveredstatements="0" conditionals="19" coveredconditionals="0" methods="5" coveredmethods="0"/>
      <file name="route.ts" path="/home/mauriciobc/Documentos/Code/mealtime/app/api/feedings/stats/route.ts">
        <metrics statements="58" coveredstatements="0" conditionals="19" coveredconditionals="0" methods="5" coveredmethods="0"/>
        <line num="1" count="0" type="stmt"/>
        <line num="2" count="0" type="stmt"/>
        <line num="3" count="0" type="stmt"/>
        <line num="6" count="0" type="stmt"/>
        <line num="13" count="0" type="stmt"/>
        <line num="14" count="0" type="stmt"/>
        <line num="16" count="0" type="stmt"/>
        <line num="18" count="0" type="cond" truecount="0" falsecount="1"/>
        <line num="19" count="0" type="stmt"/>
        <line num="26" count="0" type="stmt"/>
        <line num="27" count="0" type="stmt"/>
        <line num="32" count="0" type="cond" truecount="0" falsecount="1"/>
        <line num="33" count="0" type="stmt"/>
        <line num="42" count="0" type="stmt"/>
        <line num="45" count="0" type="stmt"/>
        <line num="46" count="0" type="stmt"/>
        <line num="47" count="0" type="stmt"/>
        <line num="50" count="0" type="stmt"/>
        <line num="57" count="0" type="cond" truecount="0" falsecount="1"/>
        <line num="58" count="0" type="stmt"/>
        <line num="62" count="0" type="stmt"/>
        <line num="82" count="0" type="stmt"/>
        <line num="83" count="0" type="stmt"/>
        <line num="85" count="0" type="stmt"/>
        <line num="86" count="0" type="stmt"/>
        <line num="87" count="0" type="stmt"/>
        <line num="88" count="0" type="stmt"/>
        <line num="89" count="0" type="cond" truecount="0" falsecount="2"/>
        <line num="92" count="0" type="cond" truecount="0" falsecount="1"/>
        <line num="93" count="0" type="stmt"/>
        <line num="101" count="0" type="cond" truecount="0" falsecount="1"/>
        <line num="102" count="0" type="stmt"/>
        <line num="112" count="0" type="stmt"/>
        <line num="113" count="0" type="cond" truecount="0" falsecount="1"/>
        <line num="114" count="0" type="stmt"/>
        <line num="116" count="0" type="stmt"/>
        <line num="119" count="0" type="stmt"/>
        <line num="120" count="0" type="cond" truecount="0" falsecount="1"/>
        <line num="121" count="0" type="stmt"/>
        <line num="123" count="0" type="stmt"/>
        <line num="127" count="0" type="stmt"/>
        <line num="128" count="0" type="stmt"/>
        <line num="132" count="0" type="stmt"/>
        <line num="133" count="0" type="stmt"/>
        <line num="134" count="0" type="stmt"/>
        <line num="135" count="0" type="stmt"/>
        <line num="137" count="0" type="cond" truecount="0" falsecount="1"/>
        <line num="138" count="0" type="stmt"/>
        <line num="147" count="0" type="stmt"/>
        <line num="158" count="0" type="stmt"/>
        <line num="163" count="0" type="stmt"/>
        <line num="164" count="0" type="stmt"/>
        <line num="165" count="0" type="cond" truecount="0" falsecount="1"/>
        <line num="166" count="0" type="stmt"/>
        <line num="168" count="0" type="stmt"/>
        <line num="171" count="0" type="stmt"/>
        <line num="173" count="0" type="stmt"/>
        <line num="174" count="0" type="stmt"/>
      </file>
    </package>
    <package name="mealtime.app.api.households">
      <metrics statements="62" coveredstatements="0" conditionals="23" coveredconditionals="0" methods="7" coveredmethods="0"/>
      <file name="route.ts" path="/home/mauriciobc/Documentos/Code/mealtime/app/api/households/route.ts">
        <metrics statements="62" coveredstatements="0" conditionals="23" coveredconditionals="0" methods="7" coveredmethods="0"/>
        <line num="1" count="0" type="stmt"/>
        <line num="5" count="0" type="stmt"/>
        <line num="6" count="0" type="stmt"/>
        <line num="7" count="0" type="stmt"/>
        <line num="8" count="0" type="stmt"/>
        <line num="9" count="0" type="stmt"/>
        <line num="31" count="0" type="stmt"/>
        <line num="41" count="0" type="stmt"/>
        <line num="45" count="0" type="stmt"/>
        <line num="55" count="0" type="stmt"/>
        <line num="56" count="0" type="stmt"/>
        <line num="58" count="0" type="stmt"/>
        <line num="60" count="0" type="stmt"/>
        <line num="61" count="0" type="stmt"/>
        <line num="63" count="0" type="cond" truecount="0" falsecount="3"/>
        <line num="64" count="0" type="cond" truecount="0" falsecount="4"/>
        <line num="65" count="0" type="stmt"/>
        <line num="67" count="0" type="stmt"/>
        <line num="68" count="0" type="stmt"/>
        <line num="71" count="0" type="stmt"/>
        <line num="99" count="0" type="cond" truecount="0" falsecount="1"/>
        <line num="100" count="0" type="stmt"/>
        <line num="101" count="0" type="stmt"/>
        <line num="104" count="0" type="stmt"/>
        <line num="105" count="0" type="stmt"/>
        <line num="106" count="0" type="stmt"/>
        <line num="108" count="0" type="stmt"/>
        <line num="119" count="0" type="stmt"/>
        <line num="120" count="0" type="stmt"/>
        <line num="123" count="0" type="stmt"/>
        <line num="126" count="0" type="cond" truecount="0" falsecount="1"/>
        <line num="127" count="0" type="stmt"/>
        <line num="129" count="0" type="cond" truecount="0" falsecount="1"/>
        <line num="130" count="0" type="stmt"/>
        <line num="132" count="0" type="cond" truecount="0" falsecount="1"/>
        <line num="133" count="0" type="stmt"/>
        <line num="136" count="0" type="stmt"/>
        <line num="141" count="0" type="stmt"/>
        <line num="148" count="0" type="stmt"/>
        <line num="149" count="0" type="stmt"/>
        <line num="151" count="0" type="stmt"/>
        <line num="153" count="0" type="stmt"/>
        <line num="156" count="0" type="stmt"/>
        <line num="157" count="0" type="stmt"/>
        <line num="159" count="0" type="cond" truecount="0" falsecount="3"/>
        <line num="160" count="0" type="cond" truecount="0" falsecount="4"/>
        <line num="161" count="0" type="stmt"/>
        <line num="164" count="0" type="stmt"/>
        <line num="167" count="0" type="stmt"/>
        <line num="168" count="0" type="cond" truecount="0" falsecount="1"/>
        <line num="169" count="0" type="stmt"/>
        <line num="170" count="0" type="stmt"/>
        <line num="176" count="0" type="stmt"/>
        <line num="179" count="0" type="stmt"/>
        <line num="180" count="0" type="stmt"/>
        <line num="206" count="0" type="stmt"/>
        <line num="212" count="0" type="stmt"/>
        <line num="223" count="0" type="stmt"/>
        <line num="224" count="0" type="stmt"/>
        <line num="226" count="0" type="stmt"/>
        <line num="228" count="0" type="stmt"/>
        <line num="229" count="0" type="stmt"/>
      </file>
    </package>
    <package name="mealtime.app.api.households.[id]">
      <metrics statements="112" coveredstatements="0" conditionals="48" coveredconditionals="0" methods="12" coveredmethods="0"/>
      <file name="route.ts" path="/home/mauriciobc/Documentos/Code/mealtime/app/api/households/[id]/route.ts">
        <metrics statements="112" coveredstatements="0" conditionals="48" coveredconditionals="0" methods="12" coveredmethods="0"/>
        <line num="1" count="0" type="stmt"/>
        <line num="2" count="0" type="stmt"/>
        <line num="5" count="0" type="stmt"/>
        <line num="6" count="0" type="stmt"/>
        <line num="7" count="0" type="stmt"/>
        <line num="10" count="0" type="stmt"/>
        <line num="15" count="0" type="stmt"/>
        <line num="24" count="0" type="cond" truecount="0" falsecount="1"/>
        <line num="25" count="0" type="stmt"/>
        <line num="28" count="0" type="stmt"/>
        <line num="30" count="0" type="stmt"/>
        <line num="32" count="0" type="stmt"/>
        <line num="43" count="0" type="cond" truecount="0" falsecount="1"/>
        <line num="44" count="0" type="stmt"/>
        <line num="48" count="0" type="stmt"/>
        <line num="49" count="0" type="cond" truecount="0" falsecount="1"/>
        <line num="50" count="0" type="stmt"/>
        <line num="53" count="0" type="stmt"/>
        <line num="55" count="0" type="stmt"/>
        <line num="56" count="0" type="stmt"/>
        <line num="62" count="0" type="cond" truecount="0" falsecount="1"/>
        <line num="63" count="0" type="stmt"/>
        <line num="64" count="0" type="stmt"/>
        <line num="75" count="0" type="cond" truecount="0" falsecount="1"/>
        <line num="77" count="0" type="stmt"/>
        <line num="78" count="0" type="cond" truecount="0" falsecount="1"/>
        <line num="79" count="0" type="cond" truecount="0" falsecount="1"/>
        <line num="81" count="0" type="stmt"/>
        <line num="83" count="0" type="stmt"/>
        <line num="84" count="0" type="stmt"/>
        <line num="93" count="0" type="stmt"/>
        <line num="97" count="0" type="stmt"/>
        <line num="99" count="0" type="stmt"/>
        <line num="100" count="0" type="stmt"/>
        <line num="104" count="0" type="stmt"/>
        <line num="105" count="0" type="cond" truecount="0" falsecount="1"/>
        <line num="106" count="0" type="stmt"/>
        <line num="107" count="0" type="stmt"/>
        <line num="109" count="0" type="stmt"/>
        <line num="111" count="0" type="stmt"/>
        <line num="112" count="0" type="stmt"/>
        <line num="113" count="0" type="stmt"/>
        <line num="115" count="0" type="cond" truecount="0" falsecount="3"/>
        <line num="116" count="0" type="cond" truecount="0" falsecount="4"/>
        <line num="117" count="0" type="stmt"/>
        <line num="120" count="0" type="stmt"/>
        <line num="123" count="0" type="stmt"/>
        <line num="124" count="0" type="cond" truecount="0" falsecount="1"/>
        <line num="125" count="0" type="cond" truecount="0" falsecount="4"/>
        <line num="126" count="0" type="stmt"/>
        <line num="129" count="0" type="stmt"/>
        <line num="132" count="0" type="stmt"/>
        <line num="154" count="0" type="cond" truecount="0" falsecount="1"/>
        <line num="155" count="0" type="stmt"/>
        <line num="159" count="0" type="cond" truecount="0" falsecount="4"/>
        <line num="160" count="0" type="cond" truecount="0" falsecount="4"/>
        <line num="163" count="0" type="stmt"/>
        <line num="167" count="0" type="stmt"/>
        <line num="175" count="0" type="stmt"/>
        <line num="185" count="0" type="stmt"/>
        <line num="187" count="0" type="stmt"/>
        <line num="188" count="0" type="stmt"/>
        <line num="193" count="0" type="stmt"/>
        <line num="197" count="0" type="stmt"/>
        <line num="199" count="0" type="stmt"/>
        <line num="204" count="0" type="stmt"/>
        <line num="205" count="0" type="cond" truecount="0" falsecount="1"/>
        <line num="206" count="0" type="stmt"/>
        <line num="208" count="0" type="stmt"/>
        <line num="209" count="0" type="stmt"/>
        <line num="210" count="0" type="stmt"/>
        <line num="212" count="0" type="cond" truecount="0" falsecount="3"/>
        <line num="213" count="0" type="cond" truecount="0" falsecount="4"/>
        <line num="214" count="0" type="stmt"/>
        <line num="218" count="0" type="stmt"/>
        <line num="219" count="0" type="cond" truecount="0" falsecount="1"/>
        <line num="221" count="0" type="stmt"/>
        <line num="222" count="0" type="stmt"/>
        <line num="224" count="0" type="cond" truecount="0" falsecount="1"/>
        <line num="225" count="0" type="stmt"/>
        <line num="229" count="0" type="cond" truecount="0" falsecount="1"/>
        <line num="230" count="0" type="stmt"/>
        <line num="234" count="0" type="stmt"/>
        <line num="261" count="0" type="stmt"/>
        <line num="264" count="0" type="stmt"/>
        <line num="271" count="0" type="stmt"/>
        <line num="279" count="0" type="stmt"/>
        <line num="282" count="0" type="stmt"/>
        <line num="283" count="0" type="stmt"/>
        <line num="288" count="0" type="stmt"/>
        <line num="293" count="0" type="stmt"/>
        <line num="298" count="0" type="stmt"/>
        <line num="299" count="0" type="cond" truecount="0" falsecount="1"/>
        <line num="300" count="0" type="stmt"/>
        <line num="302" count="0" type="stmt"/>
        <line num="303" count="0" type="stmt"/>
        <line num="304" count="0" type="stmt"/>
        <line num="308" count="0" type="stmt"/>
        <line num="309" count="0" type="cond" truecount="0" falsecount="1"/>
        <line num="311" count="0" type="stmt"/>
        <line num="313" count="0" type="stmt"/>
        <line num="318" count="0" type="cond" truecount="0" falsecount="1"/>
        <line num="319" count="0" type="stmt"/>
        <line num="329" count="0" type="stmt"/>
        <line num="331" count="0" type="stmt"/>
        <line num="336" count="0" type="stmt"/>
        <line num="340" count="0" type="stmt"/>
        <line num="343" count="0" type="stmt"/>
        <line num="346" count="0" type="stmt"/>
        <line num="347" count="0" type="cond" truecount="0" falsecount="1"/>
        <line num="348" count="0" type="stmt"/>
        <line num="350" count="0" type="stmt"/>
      </file>
    </package>
    <package name="mealtime.app.api.households.[id].cats">
      <metrics statements="70" coveredstatements="0" conditionals="80" coveredconditionals="0" methods="3" coveredmethods="0"/>
      <file name="route.ts" path="/home/mauriciobc/Documentos/Code/mealtime/app/api/households/[id]/cats/route.ts">
        <metrics statements="70" coveredstatements="0" conditionals="80" coveredconditionals="0" methods="3" coveredmethods="0"/>
        <line num="1" count="0" type="stmt"/>
        <line num="3" count="0" type="stmt"/>
        <line num="5" count="0" type="cond" truecount="0" falsecount="2"/>
        <line num="6" count="0" type="stmt"/>
        <line num="12" count="0" type="stmt"/>
        <line num="15" count="0" type="stmt"/>
        <line num="18" count="0" type="stmt"/>
        <line num="23" count="0" type="stmt"/>
        <line num="26" count="0" type="stmt"/>
        <line num="38" count="0" type="stmt"/>
        <line num="40" count="0" type="stmt"/>
        <line num="41" count="0" type="stmt"/>
        <line num="42" count="0" type="cond" truecount="0" falsecount="2"/>
        <line num="44" count="0" type="stmt"/>
        <line num="49" count="0" type="cond" truecount="0" falsecount="1"/>
        <line num="50" count="0" type="stmt"/>
        <line num="51" count="0" type="stmt"/>
        <line num="57" count="0" type="stmt"/>
        <line num="59" count="0" type="stmt"/>
        <line num="60" count="0" type="cond" truecount="0" falsecount="1"/>
        <line num="61" count="0" type="stmt"/>
        <line num="62" count="0" type="stmt"/>
        <line num="69" count="0" type="stmt"/>
        <line num="76" count="0" type="cond" truecount="0" falsecount="1"/>
        <line num="77" count="0" type="stmt"/>
        <line num="82" count="0" type="stmt"/>
        <line num="89" count="0" type="stmt"/>
        <line num="111" count="0" type="stmt"/>
        <line num="116" count="0" type="stmt"/>
        <line num="121" count="0" type="stmt"/>
        <line num="123" count="0" type="stmt"/>
        <line num="129" count="0" type="cond" truecount="0" falsecount="1"/>
        <line num="130" count="0" type="cond" truecount="0" falsecount="1"/>
        <line num="131" count="0" type="stmt"/>
        <line num="138" count="0" type="stmt"/>
        <line num="146" count="0" type="stmt"/>
        <line num="151" count="0" type="stmt"/>
        <line num="152" count="0" type="stmt"/>
        <line num="154" count="0" type="cond" truecount="0" falsecount="4"/>
        <line num="157" count="0" type="cond" truecount="0" falsecount="4"/>
        <line num="158" count="0" type="stmt"/>
        <line num="159" count="0" type="stmt"/>
        <line num="161" count="0" type="stmt"/>
        <line num="164" count="0" type="stmt"/>
        <line num="166" count="0" type="stmt"/>
        <line num="168" count="0" type="cond" truecount="0" falsecount="2"/>
        <line num="172" count="0" type="cond" truecount="0" falsecount="4"/>
        <line num="174" count="0" type="cond" truecount="0" falsecount="7"/>
        <line num="175" count="0" type="cond" truecount="0" falsecount="4"/>
        <line num="176" count="0" type="stmt"/>
        <line num="179" count="0" type="stmt"/>
        <line num="180" count="0" type="stmt"/>
        <line num="182" count="0" type="cond" truecount="0" falsecount="1"/>
        <line num="183" count="0" type="stmt"/>
        <line num="184" count="0" type="stmt"/>
        <line num="190" count="0" type="stmt"/>
        <line num="191" count="0" type="stmt"/>
        <line num="194" count="0" type="stmt"/>
        <line num="195" count="0" type="cond" truecount="0" falsecount="1"/>
        <line num="196" count="0" type="stmt"/>
        <line num="202" count="0" type="stmt"/>
        <line num="216" count="0" type="stmt"/>
        <line num="219" count="0" type="stmt"/>
        <line num="235" count="0" type="stmt"/>
        <line num="237" count="0" type="stmt"/>
        <line num="239" count="0" type="cond" truecount="0" falsecount="3"/>
        <line num="240" count="0" type="stmt"/>
        <line num="242" count="0" type="cond" truecount="0" falsecount="1"/>
        <line num="243" count="0" type="stmt"/>
        <line num="245" count="0" type="stmt"/>
      </file>
    </package>
    <package name="mealtime.app.api.households.[id].cats.[catId]">
      <metrics statements="104" coveredstatements="0" conditionals="35" coveredconditionals="0" methods="6" coveredmethods="0"/>
      <file name="route.ts" path="/home/mauriciobc/Documentos/Code/mealtime/app/api/households/[id]/cats/[catId]/route.ts">
        <metrics statements="104" coveredstatements="0" conditionals="35" coveredconditionals="0" methods="6" coveredmethods="0"/>
        <line num="1" count="0" type="stmt"/>
        <line num="2" count="0" type="stmt"/>
        <line num="5" count="0" type="stmt"/>
        <line num="6" count="0" type="stmt"/>
        <line num="8" count="0" type="stmt"/>
        <line num="16" count="0" type="stmt"/>
        <line num="17" count="0" type="stmt"/>
        <line num="18" count="0" type="stmt"/>
        <line num="22" count="0" type="stmt"/>
        <line num="36" count="0" type="cond" truecount="0" falsecount="1"/>
        <line num="37" count="0" type="stmt"/>
        <line num="40" count="0" type="stmt"/>
        <line num="42" count="0" type="stmt"/>
        <line num="47" count="0" type="cond" truecount="0" falsecount="1"/>
        <line num="48" count="0" type="stmt"/>
        <line num="51" count="0" type="cond" truecount="0" falsecount="1"/>
        <line num="52" count="0" type="stmt"/>
        <line num="55" count="0" type="stmt"/>
        <line num="57" count="0" type="stmt"/>
        <line num="58" count="0" type="stmt"/>
        <line num="64" count="0" type="stmt"/>
        <line num="69" count="0" type="stmt"/>
        <line num="70" count="0" type="cond" truecount="0" falsecount="1"/>
        <line num="71" count="0" type="stmt"/>
        <line num="74" count="0" type="stmt"/>
        <line num="75" count="0" type="stmt"/>
        <line num="77" count="0" type="stmt"/>
        <line num="78" count="0" type="stmt"/>
        <line num="79" count="0" type="stmt"/>
        <line num="82" count="0" type="stmt"/>
        <line num="83" count="0" type="cond" truecount="0" falsecount="1"/>
        <line num="84" count="0" type="stmt"/>
        <line num="87" count="0" type="stmt"/>
        <line num="89" count="0" type="stmt"/>
        <line num="99" count="0" type="cond" truecount="0" falsecount="1"/>
        <line num="100" count="0" type="stmt"/>
        <line num="107" count="0" type="stmt"/>
        <line num="118" count="0" type="stmt"/>
        <line num="120" count="0" type="stmt"/>
        <line num="121" count="0" type="stmt"/>
        <line num="129" count="0" type="stmt"/>
        <line num="134" count="0" type="stmt"/>
        <line num="135" count="0" type="cond" truecount="0" falsecount="1"/>
        <line num="136" count="0" type="stmt"/>
        <line num="139" count="0" type="stmt"/>
        <line num="140" count="0" type="stmt"/>
        <line num="142" count="0" type="stmt"/>
        <line num="143" count="0" type="stmt"/>
        <line num="144" count="0" type="stmt"/>
        <line num="147" count="0" type="stmt"/>
        <line num="148" count="0" type="cond" truecount="0" falsecount="1"/>
        <line num="149" count="0" type="stmt"/>
        <line num="152" count="0" type="stmt"/>
        <line num="154" count="0" type="stmt"/>
        <line num="158" count="0" type="cond" truecount="0" falsecount="1"/>
        <line num="159" count="0" type="stmt"/>
        <line num="165" count="0" type="stmt"/>
        <line num="166" count="0" type="stmt"/>
        <line num="168" count="0" type="cond" truecount="0" falsecount="1"/>
        <line num="169" count="0" type="stmt"/>
        <line num="172" count="0" type="stmt"/>
        <line num="175" count="0" type="stmt"/>
        <line num="176" count="0" type="cond" truecount="0" falsecount="1"/>
        <line num="177" count="0" type="cond" truecount="0" falsecount="1"/>
        <line num="178" count="0" type="cond" truecount="0" falsecount="1"/>
        <line num="179" count="0" type="cond" truecount="0" falsecount="2"/>
        <line num="181" count="0" type="cond" truecount="0" falsecount="1"/>
        <line num="182" count="0" type="cond" truecount="0" falsecount="1"/>
        <line num="183" count="0" type="cond" truecount="0" falsecount="1"/>
        <line num="184" count="0" type="cond" truecount="0" falsecount="1"/>
        <line num="185" count="0" type="cond" truecount="0" falsecount="1"/>
        <line num="187" count="0" type="cond" truecount="0" falsecount="1"/>
        <line num="188" count="0" type="stmt"/>
        <line num="191" count="0" type="stmt"/>
        <line num="194" count="0" type="stmt"/>
        <line num="199" count="0" type="stmt"/>
        <line num="202" count="0" type="stmt"/>
        <line num="215" count="0" type="stmt"/>
        <line num="217" count="0" type="stmt"/>
        <line num="218" count="0" type="stmt"/>
        <line num="220" count="0" type="cond" truecount="0" falsecount="1"/>
        <line num="221" count="0" type="stmt"/>
        <line num="235" count="0" type="stmt"/>
        <line num="243" count="0" type="stmt"/>
        <line num="248" count="0" type="stmt"/>
        <line num="249" count="0" type="cond" truecount="0" falsecount="1"/>
        <line num="250" count="0" type="stmt"/>
        <line num="253" count="0" type="stmt"/>
        <line num="254" count="0" type="stmt"/>
        <line num="256" count="0" type="stmt"/>
        <line num="257" count="0" type="stmt"/>
        <line num="258" count="0" type="stmt"/>
        <line num="261" count="0" type="stmt"/>
        <line num="262" count="0" type="cond" truecount="0" falsecount="1"/>
        <line num="263" count="0" type="stmt"/>
        <line num="266" count="0" type="stmt"/>
        <line num="268" count="0" type="stmt"/>
        <line num="272" count="0" type="cond" truecount="0" falsecount="1"/>
        <line num="273" count="0" type="stmt"/>
        <line num="280" count="0" type="stmt"/>
        <line num="284" count="0" type="stmt"/>
        <line num="286" count="0" type="stmt"/>
        <line num="287" count="0" type="stmt"/>
        <line num="297" count="0" type="stmt"/>
      </file>
    </package>
    <package name="mealtime.app.api.households.[id].feeding-logs">
      <metrics statements="36" coveredstatements="0" conditionals="9" coveredconditionals="0" methods="3" coveredmethods="0"/>
      <file name="route.ts" path="/home/mauriciobc/Documentos/Code/mealtime/app/api/households/[id]/feeding-logs/route.ts">
        <metrics statements="36" coveredstatements="0" conditionals="9" coveredconditionals="0" methods="3" coveredmethods="0"/>
        <line num="1" count="0" type="stmt"/>
        <line num="2" count="0" type="stmt"/>
        <line num="5" count="0" type="stmt"/>
        <line num="6" count="0" type="stmt"/>
        <line num="8" count="0" type="stmt"/>
        <line num="11" count="0" type="stmt"/>
        <line num="12" count="0" type="stmt"/>
        <line num="17" count="0" type="cond" truecount="0" falsecount="1"/>
        <line num="18" count="0" type="stmt"/>
        <line num="21" count="0" type="stmt"/>
        <line num="22" count="0" type="stmt"/>
        <line num="27" count="0" type="cond" truecount="0" falsecount="1"/>
        <line num="28" count="0" type="stmt"/>
        <line num="31" count="0" type="cond" truecount="0" falsecount="1"/>
        <line num="32" count="0" type="stmt"/>
        <line num="35" count="0" type="stmt"/>
        <line num="37" count="0" type="stmt"/>
        <line num="38" count="0" type="stmt"/>
        <line num="55" count="0" type="stmt"/>
        <line num="60" count="0" type="stmt"/>
        <line num="61" count="0" type="cond" truecount="0" falsecount="1"/>
        <line num="62" count="0" type="stmt"/>
        <line num="64" count="0" type="stmt"/>
        <line num="66" count="0" type="stmt"/>
        <line num="67" count="0" type="stmt"/>
        <line num="68" count="0" type="stmt"/>
        <line num="71" count="0" type="stmt"/>
        <line num="72" count="0" type="cond" truecount="0" falsecount="1"/>
        <line num="75" count="0" type="stmt"/>
        <line num="80" count="0" type="stmt"/>
        <line num="82" count="0" type="stmt"/>
        <line num="98" count="0" type="stmt"/>
        <line num="111" count="0" type="stmt"/>
        <line num="114" count="0" type="stmt"/>
        <line num="116" count="0" type="stmt"/>
        <line num="119" count="0" type="stmt"/>
      </file>
    </package>
    <package name="mealtime.app.api.households.[id].invite">
      <metrics statements="57" coveredstatements="0" conditionals="33" coveredconditionals="0" methods="2" coveredmethods="0"/>
      <file name="route.ts" path="/home/mauriciobc/Documentos/Code/mealtime/app/api/households/[id]/invite/route.ts">
        <metrics statements="57" coveredstatements="0" conditionals="33" coveredconditionals="0" methods="2" coveredmethods="0"/>
        <line num="1" count="0" type="stmt"/>
        <line num="2" count="0" type="stmt"/>
        <line num="3" count="0" type="stmt"/>
        <line num="4" count="0" type="stmt"/>
        <line num="6" count="0" type="stmt"/>
        <line num="9" count="0" type="stmt"/>
        <line num="15" count="0" type="cond" truecount="0" falsecount="3"/>
        <line num="16" count="0" type="stmt"/>
        <line num="18" count="0" type="stmt"/>
        <line num="19" count="0" type="stmt"/>
        <line num="28" count="0" type="cond" truecount="0" falsecount="10"/>
        <line num="30" count="0" type="stmt"/>
        <line num="31" count="0" type="stmt"/>
        <line num="35" count="0" type="stmt"/>
        <line num="39" count="0" type="stmt"/>
        <line num="40" count="0" type="stmt"/>
        <line num="41" count="0" type="stmt"/>
        <line num="43" count="0" type="cond" truecount="0" falsecount="1"/>
        <line num="44" count="0" type="stmt"/>
        <line num="48" count="0" type="stmt"/>
        <line num="49" count="0" type="cond" truecount="0" falsecount="1"/>
        <line num="50" count="0" type="stmt"/>
        <line num="58" count="0" type="stmt"/>
        <line num="59" count="0" type="stmt"/>
        <line num="60" count="0" type="stmt"/>
        <line num="62" count="0" type="cond" truecount="0" falsecount="1"/>
        <line num="63" count="0" type="stmt"/>
        <line num="65" count="0" type="stmt"/>
        <line num="68" count="0" type="stmt"/>
        <line num="70" count="0" type="stmt"/>
        <line num="73" count="0" type="stmt"/>
        <line num="74" count="0" type="cond" truecount="0" falsecount="1"/>
        <line num="75" count="0" type="stmt"/>
        <line num="78" count="0" type="stmt"/>
        <line num="80" count="0" type="cond" truecount="0" falsecount="3"/>
        <line num="81" count="0" type="stmt"/>
        <line num="82" count="0" type="stmt"/>
        <line num="85" count="0" type="cond" truecount="0" falsecount="8"/>
        <line num="88" count="0" type="cond" truecount="0" falsecount="2"/>
        <line num="89" count="0" type="stmt"/>
        <line num="96" count="0" type="cond" truecount="0" falsecount="1"/>
        <line num="97" count="0" type="stmt"/>
        <line num="101" count="0" type="stmt"/>
        <line num="113" count="0" type="stmt"/>
        <line num="114" count="0" type="stmt"/>
        <line num="120" count="0" type="stmt"/>
        <line num="123" count="0" type="stmt"/>
        <line num="127" count="0" type="stmt"/>
        <line num="129" count="0" type="stmt"/>
        <line num="134" count="0" type="cond" truecount="0" falsecount="1"/>
        <line num="135" count="0" type="stmt"/>
        <line num="137" count="0" type="cond" truecount="0" falsecount="1"/>
        <line num="138" count="0" type="stmt"/>
        <line num="140" count="0" type="stmt"/>
        <line num="144" count="0" type="stmt"/>
        <line num="148" count="0" type="stmt"/>
        <line num="149" count="0" type="stmt"/>
      </file>
    </package>
    <package name="mealtime.app.api.households.[id].invite-code">
      <metrics statements="29" coveredstatements="0" conditionals="16" coveredconditionals="0" methods="3" coveredmethods="0"/>
      <file name="route.ts" path="/home/mauriciobc/Documentos/Code/mealtime/app/api/households/[id]/invite-code/route.ts">
        <metrics statements="29" coveredstatements="0" conditionals="16" coveredconditionals="0" methods="3" coveredmethods="0"/>
        <line num="1" count="0" type="stmt"/>
        <line num="2" count="0" type="stmt"/>
        <line num="3" count="0" type="stmt"/>
        <line num="4" count="0" type="stmt"/>
        <line num="8" count="0" type="cond" truecount="0" falsecount="3"/>
        <line num="9" count="0" type="stmt"/>
        <line num="11" count="0" type="stmt"/>
        <line num="12" count="0" type="stmt"/>
        <line num="21" count="0" type="cond" truecount="0" falsecount="10"/>
        <line num="23" count="0" type="stmt"/>
        <line num="24" count="0" type="stmt"/>
        <line num="32" count="0" type="stmt"/>
        <line num="35" count="0" type="stmt"/>
        <line num="39" count="0" type="stmt"/>
        <line num="40" count="0" type="stmt"/>
        <line num="41" count="0" type="stmt"/>
        <line num="43" count="0" type="cond" truecount="0" falsecount="1"/>
        <line num="44" count="0" type="stmt"/>
        <line num="48" count="0" type="stmt"/>
        <line num="49" count="0" type="cond" truecount="0" falsecount="1"/>
        <line num="50" count="0" type="stmt"/>
        <line num="56" count="0" type="stmt"/>
        <line num="57" count="0" type="stmt"/>
        <line num="60" count="0" type="stmt"/>
        <line num="66" count="0" type="cond" truecount="0" falsecount="1"/>
        <line num="68" count="0" type="stmt"/>
        <line num="71" count="0" type="stmt"/>
        <line num="74" count="0" type="stmt"/>
        <line num="77" count="0" type="stmt"/>
      </file>
    </package>
    <package name="mealtime.app.api.households.[id].members">
      <metrics statements="80" coveredstatements="0" conditionals="16" coveredconditionals="0" methods="6" coveredmethods="0"/>
      <file name="route.ts" path="/home/mauriciobc/Documentos/Code/mealtime/app/api/households/[id]/members/route.ts">
        <metrics statements="80" coveredstatements="0" conditionals="16" coveredconditionals="0" methods="6" coveredmethods="0"/>
        <line num="1" count="0" type="stmt"/>
        <line num="2" count="0" type="stmt"/>
        <line num="5" count="0" type="stmt"/>
        <line num="6" count="0" type="stmt"/>
        <line num="7" count="0" type="stmt"/>
        <line num="10" count="0" type="stmt"/>
        <line num="11" count="0" type="stmt"/>
        <line num="15" count="0" type="stmt"/>
        <line num="23" count="0" type="cond" truecount="0" falsecount="1"/>
        <line num="24" count="0" type="stmt"/>
        <line num="27" count="0" type="stmt"/>
        <line num="28" count="0" type="stmt"/>
        <line num="33" count="0" type="cond" truecount="0" falsecount="1"/>
        <line num="34" count="0" type="stmt"/>
        <line num="37" count="0" type="cond" truecount="0" falsecount="1"/>
        <line num="38" count="0" type="stmt"/>
        <line num="41" count="0" type="cond" truecount="0" falsecount="1"/>
        <line num="42" count="0" type="stmt"/>
        <line num="45" count="0" type="stmt"/>
        <line num="47" count="0" type="stmt"/>
        <line num="48" count="0" type="stmt"/>
        <line num="54" count="0" type="cond" truecount="0" falsecount="1"/>
        <line num="55" count="0" type="stmt"/>
        <line num="58" count="0" type="stmt"/>
        <line num="59" count="0" type="stmt"/>
        <line num="64" count="0" type="cond" truecount="0" falsecount="1"/>
        <line num="65" count="0" type="stmt"/>
        <line num="68" count="0" type="cond" truecount="0" falsecount="1"/>
        <line num="69" count="0" type="stmt"/>
        <line num="72" count="0" type="stmt"/>
        <line num="74" count="0" type="stmt"/>
        <line num="75" count="0" type="stmt"/>
        <line num="81" count="0" type="stmt"/>
        <line num="86" count="0" type="stmt"/>
        <line num="87" count="0" type="cond" truecount="0" falsecount="1"/>
        <line num="88" count="0" type="stmt"/>
        <line num="90" count="0" type="stmt"/>
        <line num="92" count="0" type="stmt"/>
        <line num="93" count="0" type="stmt"/>
        <line num="94" count="0" type="stmt"/>
        <line num="97" count="0" type="stmt"/>
        <line num="98" count="0" type="cond" truecount="0" falsecount="1"/>
        <line num="99" count="0" type="stmt"/>
        <line num="102" count="0" type="stmt"/>
        <line num="104" count="0" type="stmt"/>
        <line num="115" count="0" type="stmt"/>
        <line num="123" count="0" type="stmt"/>
        <line num="126" count="0" type="stmt"/>
        <line num="127" count="0" type="stmt"/>
        <line num="135" count="0" type="stmt"/>
        <line num="140" count="0" type="stmt"/>
        <line num="141" count="0" type="cond" truecount="0" falsecount="1"/>
        <line num="142" count="0" type="stmt"/>
        <line num="144" count="0" type="stmt"/>
        <line num="146" count="0" type="stmt"/>
        <line num="147" count="0" type="stmt"/>
        <line num="148" count="0" type="stmt"/>
        <line num="151" count="0" type="stmt"/>
        <line num="152" count="0" type="cond" truecount="0" falsecount="1"/>
        <line num="153" count="0" type="stmt"/>
        <line num="156" count="0" type="stmt"/>
        <line num="157" count="0" type="stmt"/>
        <line num="158" count="0" type="stmt"/>
        <line num="160" count="0" type="cond" truecount="0" falsecount="1"/>
        <line num="161" count="0" type="stmt"/>
        <line num="164" count="0" type="stmt"/>
        <line num="167" count="0" type="stmt"/>
        <line num="172" count="0" type="cond" truecount="0" falsecount="1"/>
        <line num="175" count="0" type="stmt"/>
        <line num="179" count="0" type="cond" truecount="0" falsecount="1"/>
        <line num="180" count="0" type="stmt"/>
        <line num="184" count="0" type="cond" truecount="0" falsecount="1"/>
        <line num="185" count="0" type="stmt"/>
        <line num="189" count="0" type="stmt"/>
        <line num="204" count="0" type="stmt"/>
        <line num="211" count="0" type="stmt"/>
        <line num="214" count="0" type="stmt"/>
        <line num="216" count="0" type="cond" truecount="0" falsecount="1"/>
        <line num="217" count="0" type="stmt"/>
        <line num="219" count="0" type="stmt"/>
      </file>
    </package>
    <package name="mealtime.app.api.households.[id].members.[userId]">
      <metrics statements="84" coveredstatements="0" conditionals="25" coveredconditionals="0" methods="6" coveredmethods="0"/>
      <file name="route.ts" path="/home/mauriciobc/Documentos/Code/mealtime/app/api/households/[id]/members/[userId]/route.ts">
        <metrics statements="84" coveredstatements="0" conditionals="25" coveredconditionals="0" methods="6" coveredmethods="0"/>
        <line num="1" count="0" type="stmt"/>
        <line num="2" count="0" type="stmt"/>
        <line num="5" count="0" type="stmt"/>
        <line num="6" count="0" type="stmt"/>
        <line num="7" count="0" type="stmt"/>
        <line num="10" count="0" type="stmt"/>
        <line num="11" count="0" type="stmt"/>
        <line num="12" count="0" type="stmt"/>
        <line num="16" count="0" type="stmt"/>
        <line num="24" count="0" type="cond" truecount="0" falsecount="1"/>
        <line num="25" count="0" type="stmt"/>
        <line num="27" count="0" type="stmt"/>
        <line num="28" count="0" type="stmt"/>
        <line num="29" count="0" type="cond" truecount="0" falsecount="1"/>
        <line num="30" count="0" type="cond" truecount="0" falsecount="1"/>
        <line num="31" count="0" type="cond" truecount="0" falsecount="1"/>
        <line num="32" count="0" type="stmt"/>
        <line num="34" count="0" type="stmt"/>
        <line num="35" count="0" type="stmt"/>
        <line num="41" count="0" type="cond" truecount="0" falsecount="1"/>
        <line num="42" count="0" type="stmt"/>
        <line num="44" count="0" type="stmt"/>
        <line num="45" count="0" type="stmt"/>
        <line num="46" count="0" type="cond" truecount="0" falsecount="1"/>
        <line num="47" count="0" type="cond" truecount="0" falsecount="1"/>
        <line num="49" count="0" type="stmt"/>
        <line num="50" count="0" type="stmt"/>
        <line num="52" count="0" type="cond" truecount="0" falsecount="3"/>
        <line num="53" count="0" type="stmt"/>
        <line num="56" count="0" type="stmt"/>
        <line num="59" count="0" type="stmt"/>
        <line num="60" count="0" type="stmt"/>
        <line num="67" count="0" type="stmt"/>
        <line num="72" count="0" type="stmt"/>
        <line num="73" count="0" type="cond" truecount="0" falsecount="1"/>
        <line num="74" count="0" type="stmt"/>
        <line num="75" count="0" type="stmt"/>
        <line num="77" count="0" type="stmt"/>
        <line num="78" count="0" type="stmt"/>
        <line num="79" count="0" type="stmt"/>
        <line num="82" count="0" type="stmt"/>
        <line num="83" count="0" type="cond" truecount="0" falsecount="1"/>
        <line num="85" count="0" type="stmt"/>
        <line num="86" count="0" type="stmt"/>
        <line num="87" count="0" type="stmt"/>
        <line num="88" count="0" type="cond" truecount="0" falsecount="1"/>
        <line num="89" count="0" type="stmt"/>
        <line num="92" count="0" type="stmt"/>
        <line num="94" count="0" type="cond" truecount="0" falsecount="1"/>
        <line num="95" count="0" type="stmt"/>
        <line num="99" count="0" type="cond" truecount="0" falsecount="3"/>
        <line num="100" count="0" type="stmt"/>
        <line num="101" count="0" type="cond" truecount="0" falsecount="1"/>
        <line num="102" count="0" type="stmt"/>
        <line num="107" count="0" type="stmt"/>
        <line num="113" count="0" type="stmt"/>
        <line num="116" count="0" type="stmt"/>
        <line num="117" count="0" type="cond" truecount="0" falsecount="1"/>
        <line num="118" count="0" type="stmt"/>
        <line num="120" count="0" type="stmt"/>
        <line num="125" count="0" type="stmt"/>
        <line num="130" count="0" type="stmt"/>
        <line num="131" count="0" type="cond" truecount="0" falsecount="1"/>
        <line num="132" count="0" type="stmt"/>
        <line num="133" count="0" type="stmt"/>
        <line num="135" count="0" type="stmt"/>
        <line num="136" count="0" type="stmt"/>
        <line num="137" count="0" type="stmt"/>
        <line num="140" count="0" type="stmt"/>
        <line num="141" count="0" type="cond" truecount="0" falsecount="1"/>
        <line num="143" count="0" type="stmt"/>
        <line num="145" count="0" type="stmt"/>
        <line num="147" count="0" type="cond" truecount="0" falsecount="1"/>
        <line num="149" count="0" type="stmt"/>
        <line num="153" count="0" type="cond" truecount="0" falsecount="1"/>
        <line num="154" count="0" type="stmt"/>
        <line num="155" count="0" type="cond" truecount="0" falsecount="1"/>
        <line num="156" count="0" type="stmt"/>
        <line num="161" count="0" type="stmt"/>
        <line num="169" count="0" type="stmt"/>
        <line num="172" count="0" type="stmt"/>
        <line num="173" count="0" type="cond" truecount="0" falsecount="1"/>
        <line num="174" count="0" type="stmt"/>
        <line num="176" count="0" type="stmt"/>
      </file>
    </package>
    <package name="mealtime.app.api.households.join">
      <metrics statements="39" coveredstatements="0" conditionals="10" coveredconditionals="0" methods="2" coveredmethods="0"/>
      <file name="route.ts" path="/home/mauriciobc/Documentos/Code/mealtime/app/api/households/join/route.ts">
        <metrics statements="39" coveredstatements="0" conditionals="10" coveredconditionals="0" methods="2" coveredmethods="0"/>
        <line num="1" count="0" type="stmt"/>
        <line num="2" count="0" type="stmt"/>
        <line num="5" count="0" type="stmt"/>
        <line num="6" count="0" type="stmt"/>
        <line num="8" count="0" type="stmt"/>
        <line num="11" count="0" type="stmt"/>
        <line num="16" count="0" type="stmt"/>
        <line num="17" count="0" type="stmt"/>
        <line num="18" count="0" type="stmt"/>
        <line num="19" count="0" type="stmt"/>
        <line num="21" count="0" type="cond" truecount="0" falsecount="3"/>
        <line num="22" count="0" type="stmt"/>
        <line num="25" count="0" type="stmt"/>
        <line num="26" count="0" type="stmt"/>
        <line num="27" count="0" type="stmt"/>
        <line num="29" count="0" type="cond" truecount="0" falsecount="1"/>
        <line num="30" count="0" type="stmt"/>
        <line num="33" count="0" type="stmt"/>
        <line num="36" count="0" type="stmt"/>
        <line num="52" count="0" type="cond" truecount="0" falsecount="1"/>
        <line num="53" count="0" type="stmt"/>
        <line num="57" count="0" type="stmt"/>
        <line num="62" count="0" type="cond" truecount="0" falsecount="1"/>
        <line num="64" count="0" type="stmt"/>
        <line num="68" count="0" type="cond" truecount="0" falsecount="1"/>
        <line num="69" count="0" type="stmt"/>
        <line num="74" count="0" type="cond" truecount="0" falsecount="1"/>
        <line num="75" count="0" type="stmt"/>
        <line num="79" count="0" type="stmt"/>
        <line num="88" count="0" type="stmt"/>
        <line num="103" count="0" type="cond" truecount="0" falsecount="1"/>
        <line num="105" count="0" type="stmt"/>
        <line num="109" count="0" type="stmt"/>
        <line num="113" count="0" type="stmt"/>
        <line num="126" count="0" type="stmt"/>
        <line num="129" count="0" type="stmt"/>
        <line num="131" count="0" type="cond" truecount="0" falsecount="1"/>
        <line num="132" count="0" type="stmt"/>
        <line num="134" count="0" type="stmt"/>
      </file>
    </package>
    <package name="mealtime.app.api.monitoring.errors">
      <metrics statements="25" coveredstatements="0" conditionals="10" coveredconditionals="0" methods="2" coveredmethods="0"/>
      <file name="route.ts" path="/home/mauriciobc/Documentos/Code/mealtime/app/api/monitoring/errors/route.ts">
        <metrics statements="25" coveredstatements="0" conditionals="10" coveredconditionals="0" methods="2" coveredmethods="0"/>
        <line num="1" count="0" type="stmt"/>
        <line num="3" count="0" type="stmt"/>
        <line num="6" count="0" type="stmt"/>
        <line num="7" count="0" type="stmt"/>
        <line num="8" count="0" type="stmt"/>
        <line num="10" count="0" type="stmt"/>
        <line num="21" count="0" type="stmt"/>
[...]
        <line num="45" count="0" type="stmt"/>
        <line num="46" count="0" type="stmt"/>
        <line num="61" count="0" type="stmt"/>
        <line num="62" count="0" type="cond" truecount="0" falsecount="3"/>
        <line num="63" count="0" type="stmt"/>
        <line num="64" count="0" type="stmt"/>
      </file>
    </package>
    <package name="mealtime.lib.validations">
      <metrics statements="36" coveredstatements="0" conditionals="4" coveredconditionals="0" methods="7" coveredmethods="0"/>
      <file name="settings.ts" path="/home/mauriciobc/Documentos/Code/mealtime/lib/validations/settings.ts">
        <metrics statements="36" coveredstatements="0" conditionals="4" coveredconditionals="0" methods="7" coveredmethods="0"/>
        <line num="1" count="0" type="stmt"/>
        <line num="14" count="0" type="stmt"/>
        <line num="21" count="0" type="stmt"/>
        <line num="22" count="0" type="stmt"/>
        <line num="23" count="0" type="stmt"/>
        <line num="25" count="0" type="stmt"/>
        <line num="30" count="0" type="stmt"/>
        <line num="31" count="0" type="stmt"/>
        <line num="32" count="0" type="stmt"/>
        <line num="34" count="0" type="stmt"/>
        <line num="47" count="0" type="stmt"/>
        <line num="48" count="0" type="stmt"/>
        <line num="49" count="0" type="stmt"/>
        <line num="50" count="0" type="stmt"/>
        <line num="52" count="0" type="cond" truecount="0" falsecount="1"/>
        <line num="53" count="0" type="stmt"/>
        <line num="55" count="0" type="stmt"/>
        <line num="61" count="0" type="stmt"/>
        <line num="69" count="0" type="stmt"/>
        <line num="70" count="0" type="cond" truecount="0" falsecount="1"/>
        <line num="71" count="0" type="stmt"/>
        <line num="73" count="0" type="cond" truecount="0" falsecount="1"/>
        <line num="74" count="0" type="stmt"/>
        <line num="76" count="0" type="cond" truecount="0" falsecount="1"/>
        <line num="77" count="0" type="stmt"/>
        <line num="79" count="0" type="stmt"/>
        <line num="83" count="0" type="stmt"/>
        <line num="84" count="0" type="stmt"/>
        <line num="85" count="0" type="stmt"/>
        <line num="86" count="0" type="stmt"/>
        <line num="88" count="0" type="stmt"/>
        <line num="93" count="0" type="stmt"/>
        <line num="94" count="0" type="stmt"/>
        <line num="95" count="0" type="stmt"/>
        <line num="96" count="0" type="stmt"/>
        <line num="98" count="0" type="stmt"/>
      </file>
    </package>
    <package name="mealtime.src">
      <metrics statements="4" coveredstatements="0" conditionals="0" coveredconditionals="0" methods="1" coveredmethods="0"/>
      <file name="pages.tsx" path="/home/mauriciobc/Documentos/Code/mealtime/src/pages.tsx">
        <metrics statements="4" coveredstatements="0" conditionals="0" coveredconditionals="0" methods="1" coveredmethods="0"/>
        <line num="3" count="0" type="stmt"/>
        <line num="4" count="0" type="stmt"/>
        <line num="6" count="0" type="stmt"/>
        <line num="7" count="0" type="stmt"/>
      </file>
    </package>
    <package name="mealtime.src.lib">
      <metrics statements="143" coveredstatements="62" conditionals="33" coveredconditionals="2" methods="24" coveredmethods="9"/>
      <file name="image-cache.ts" path="/home/mauriciobc/Documentos/Code/mealtime/src/lib/image-cache.ts">
        <metrics statements="75" coveredstatements="49" conditionals="5" coveredconditionals="2" methods="12" coveredmethods="7"/>
        <line num="1" count="1" type="stmt"/>
        <line num="2" count="1" type="stmt"/>
        <line num="3" count="1" type="stmt"/>
        <line num="4" count="1" type="stmt"/>
        <line num="5" count="1" type="stmt"/>
        <line num="7" count="1" type="stmt"/>
        <line num="8" count="1" type="stmt"/>
        <line num="9" count="1" type="stmt"/>
        <line num="28" count="1" type="stmt"/>
        <line num="29" count="1" type="stmt"/>
        <line num="30" count="1" type="stmt"/>
        <line num="31" count="1" type="stmt"/>
        <line num="32" count="1" type="stmt"/>
        <line num="36" count="1" type="stmt"/>
        <line num="37" count="1" type="cond" truecount="0" falsecount="1"/>
        <line num="38" count="0" type="stmt"/>
        <line num="41" count="0" type="stmt"/>
        <line num="46" count="4" type="stmt"/>
        <line num="47" count="4" type="stmt"/>
        <line num="48" count="4" type="stmt"/>
        <line num="51" count="4" type="stmt"/>
        <line num="53" count="4" type="stmt"/>
        <line num="54" count="5" type="stmt"/>
        <line num="56" count="5" type="cond" truecount="1" falsecount="0"/>
        <line num="58" count="1" type="stmt"/>
        <line num="61" count="1" type="stmt"/>
        <line num="62" count="1" type="stmt"/>
        <line num="63" count="1" type="stmt"/>
        <line num="65" count="0" type="stmt"/>
        <line num="66" count="0" type="stmt"/>
        <line num="71" count="0" type="stmt"/>
        <line num="76" count="4" type="stmt"/>
        <line num="77" count="4" type="stmt"/>
        <line num="79" count="4" type="cond" truecount="1" falsecount="0"/>
        <line num="81" count="1" type="stmt"/>
        <line num="82" count="1" type="stmt"/>
        <line num="86" count="3" type="stmt"/>
        <line num="87" count="3" type="stmt"/>
        <line num="88" count="3" type="stmt"/>
        <line num="89" count="1" type="stmt"/>
        <line num="92" count="1" type="stmt"/>
        <line num="102" count="1" type="stmt"/>
        <line num="104" count="1" type="stmt"/>
        <line num="106" count="2" type="stmt"/>
        <line num="109" count="0" type="stmt"/>
        <line num="114" count="5" type="stmt"/>
        <line num="115" count="5" type="stmt"/>
        <line num="118" count="5" type="stmt"/>
        <line num="121" count="4" type="stmt"/>
        <line num="131" count="4" type="stmt"/>
        <line num="133" count="1" type="stmt"/>
        <line num="138" count="0" type="stmt"/>
        <line num="140" count="0" type="stmt"/>
        <line num="143" count="0" type="stmt"/>
        <line num="144" count="0" type="stmt"/>
        <line num="145" count="0" type="stmt"/>
        <line num="147" count="0" type="stmt"/>
        <line num="148" count="0" type="stmt"/>
        <line num="151" count="0" type="stmt"/>
        <line num="156" count="1" type="cond" truecount="0" falsecount="1"/>
        <line num="157" count="1" type="cond" truecount="0" falsecount="1"/>
        <line num="158" count="1" type="stmt"/>
        <line num="162" count="0" type="stmt"/>
        <line num="163" count="0" type="stmt"/>
        <line num="169" count="0" type="stmt"/>
        <line num="170" count="0" type="stmt"/>
        <line num="171" count="0" type="stmt"/>
        <line num="174" count="0" type="stmt"/>
        <line num="182" count="0" type="stmt"/>
        <line num="183" count="0" type="stmt"/>
        <line num="187" count="0" type="stmt"/>
        <line num="188" count="0" type="stmt"/>
        <line num="189" count="0" type="stmt"/>
        <line num="194" count="0" type="stmt"/>
        <line num="198" count="1" type="stmt"/>
      </file>
      <file name="image-errors.ts" path="/home/mauriciobc/Documentos/Code/mealtime/src/lib/image-errors.ts">
        <metrics statements="32" coveredstatements="13" conditionals="9" coveredconditionals="0" methods="8" coveredmethods="2"/>
        <line num="1" count="1" type="stmt"/>
        <line num="2" count="1" type="stmt"/>
        <line num="3" count="1" type="stmt"/>
        <line num="4" count="1" type="stmt"/>
        <line num="8" count="1" type="stmt"/>
        <line num="10" count="0" type="stmt"/>
        <line num="11" count="0" type="stmt"/>
        <line num="15" count="1" type="stmt"/>
        <line num="17" count="0" type="stmt"/>
        <line num="18" count="0" type="stmt"/>
        <line num="22" count="1" type="stmt"/>
        <line num="24" count="1" type="stmt"/>
        <line num="25" count="1" type="stmt"/>
        <line num="29" count="1" type="stmt"/>
        <line num="31" count="0" type="stmt"/>
        <line num="32" count="0" type="stmt"/>
        <line num="37" count="1" type="stmt"/>
        <line num="38" count="0" type="cond" truecount="0" falsecount="3"/>
        <line num="40" count="0" type="stmt"/>
        <line num="42" count="0" type="stmt"/>
        <line num="44" count="0" type="stmt"/>
        <line num="49" count="1" type="stmt"/>
        <line num="50" count="0" type="stmt"/>
        <line num="54" count="1" type="stmt"/>
        <line num="55" count="0" type="cond" truecount="0" falsecount="1"/>
        <line num="56" count="0" type="cond" truecount="0" falsecount="5"/>
        <line num="58" count="0" type="stmt"/>
        <line num="60" count="0" type="stmt"/>
        <line num="62" count="0" type="stmt"/>
        <line num="64" count="0" type="stmt"/>
        <line num="66" count="0" type="stmt"/>
        <line num="69" count="0" type="stmt"/>
      </file>
      <file name="image-processing.ts" path="/home/mauriciobc/Documentos/Code/mealtime/src/lib/image-processing.ts">
        <metrics statements="36" coveredstatements="0" conditionals="19" coveredconditionals="0" methods="4" coveredmethods="0"/>
        <line num="1" count="0" type="stmt"/>
        <line num="2" count="0" type="stmt"/>
        <line num="3" count="0" type="stmt"/>
        <line num="4" count="0" type="stmt"/>
        <line num="10" count="0" type="stmt"/>
        <line num="17" count="0" type="stmt"/>
        <line num="20" count="0" type="stmt"/>
        <line num="21" count="0" type="cond" truecount="0" falsecount="1"/>
        <line num="22" count="0" type="stmt"/>
        <line num="27" count="0" type="stmt"/>
        <line num="28" count="0" type="stmt"/>
        <line num="29" count="0" type="stmt"/>
        <line num="30" count="0" type="stmt"/>
        <line num="31" count="0" type="stmt"/>
        <line num="35" count="0" type="stmt"/>
        <line num="40" count="0" type="stmt"/>
        <line num="41" count="0" type="stmt"/>
        <line num="42" count="0" type="stmt"/>
        <line num="45" count="0" type="cond" truecount="0" falsecount="4"/>
        <line num="46" count="0" type="stmt"/>
        <line num="48" count="0" type="stmt"/>
        <line num="51" count="0" type="stmt"/>
        <line num="60" count="0" type="cond" truecount="0" falsecount="4"/>
        <line num="63" count="0" type="stmt"/>
        <line num="64" count="0" type="stmt"/>
        <line num="69" count="0" type="stmt"/>
        <line num="70" count="0" type="stmt"/>
        <line num="71" count="0" type="stmt"/>
        <line num="73" count="0" type="cond" truecount="0" falsecount="1"/>
        <line num="74" count="0" type="stmt"/>
        <line num="77" count="0" type="stmt"/>
        <line num="79" count="0" type="cond" truecount="0" falsecount="3"/>
        <line num="80" count="0" type="stmt"/>
        <line num="83" count="0" type="cond" truecount="0" falsecount="3"/>
        <line num="84" count="0" type="cond" truecount="0" falsecount="3"/>
        <line num="85" count="0" type="stmt"/>
      </file>
    </package>
    <package name="mealtime.utils.supabase">
      <metrics statements="138" coveredstatements="0" conditionals="35" coveredconditionals="0" methods="19" coveredmethods="0"/>
      <file name="admin.ts" path="/home/mauriciobc/Documentos/Code/mealtime/utils/supabase/admin.ts">
        <metrics statements="7" coveredstatements="0" conditionals="2" coveredconditionals="0" methods="1" coveredmethods="0"/>
        <line num="1" count="0" type="stmt"/>
        <line num="3" count="0" type="stmt"/>
        <line num="4" count="0" type="cond" truecount="0" falsecount="1"/>
        <line num="5" count="0" type="stmt"/>
        <line num="7" count="0" type="cond" truecount="0" falsecount="1"/>
        <line num="8" count="0" type="stmt"/>
        <line num="11" count="0" type="stmt"/>
      </file>
      <file name="client.ts" path="/home/mauriciobc/Documentos/Code/mealtime/utils/supabase/client.ts">
        <metrics statements="3" coveredstatements="0" conditionals="0" coveredconditionals="0" methods="1" coveredmethods="0"/>
        <line num="1" count="0" type="stmt"/>
        <line num="3" count="0" type="stmt"/>
        <line num="4" count="0" type="stmt"/>
      </file>
      <file name="middleware.ts" path="/home/mauriciobc/Documentos/Code/mealtime/utils/supabase/middleware.ts">
        <metrics statements="69" coveredstatements="0" conditionals="16" coveredconditionals="0" methods="9" coveredmethods="0"/>
        <line num="1" count="0" type="stmt"/>
        <line num="2" count="0" type="stmt"/>
        <line num="3" count="0" type="stmt"/>
        <line num="4" count="0" type="stmt"/>
        <line num="7" count="0" type="stmt"/>
        <line num="22" count="0" type="stmt"/>
        <line num="33" count="0" type="stmt"/>
        <line num="47" count="0" type="stmt"/>
        <line num="56" count="0" type="stmt"/>
        <line num="57" count="0" type="stmt"/>
        <line num="59" count="0" type="stmt"/>
        <line num="60" count="0" type="stmt"/>
        <line num="62" count="0" type="stmt"/>
        <line num="63" count="0" type="stmt"/>
        <line num="66" count="0" type="stmt"/>
        <line num="76" count="0" type="stmt"/>
        <line num="82" count="0" type="stmt"/>
        <line num="83" count="0" type="stmt"/>
        <line num="86" count="0" type="cond" truecount="0" falsecount="2"/>
        <line num="87" count="0" type="cond" truecount="0" falsecount="1"/>
        <line num="88" count="0" type="stmt"/>
        <line num="92" count="0" type="stmt"/>
        <line num="96" count="0" type="cond" truecount="0" falsecount="1"/>
        <line num="97" count="0" type="stmt"/>
        <line num="101" count="0" type="cond" truecount="0" falsecount="1"/>
        <line num="102" count="0" type="stmt"/>
        <line num="106" count="0" type="stmt"/>
        <line num="112" count="0" type="stmt"/>
        <line num="114" count="0" type="stmt"/>
        <line num="116" count="0" type="stmt"/>
        <line num="119" count="0" type="cond" truecount="0" falsecount="1"/>
        <line num="120" count="0" type="stmt"/>
        <line num="128" count="0" type="cond" truecount="0" falsecount="1"/>
        <line num="129" count="0" type="stmt"/>
        <line num="130" count="0" type="stmt"/>
        <line num="131" count="0" type="cond" truecount="0" falsecount="1"/>
        <line num="132" count="0" type="stmt"/>
        <line num="134" count="0" type="stmt"/>
        <line num="135" count="0" type="stmt"/>
        <line num="136" count="0" type="stmt"/>
        <line num="139" count="0" type="stmt"/>
        <line num="140" count="0" type="stmt"/>
        <line num="146" count="0" type="cond" truecount="0" falsecount="3"/>
        <line num="147" count="0" type="stmt"/>
        <line num="148" count="0" type="stmt"/>
        <line num="149" count="0" type="stmt"/>
        <line num="150" count="0" type="stmt"/>
        <line num="154" count="0" type="cond" truecount="0" falsecount="3"/>
        <line num="155" count="0" type="stmt"/>
        <line num="156" count="0" type="stmt"/>
        <line num="157" count="0" type="stmt"/>
        <line num="158" count="0" type="stmt"/>
        <line num="159" count="0" type="stmt"/>
        <line num="160" count="0" type="stmt"/>
        <line num="164" count="0" type="stmt"/>
        <line num="165" count="0" type="stmt"/>
        <line num="168" count="0" type="stmt"/>
        <line num="170" count="0" type="cond" truecount="0" falsecount="1"/>
        <line num="171" count="0" type="stmt"/>
        <line num="172" count="0" type="stmt"/>
        <line num="173" count="0" type="cond" truecount="0" falsecount="1"/>
        <line num="174" count="0" type="stmt"/>
        <line num="176" count="0" type="stmt"/>
        <line num="177" count="0" type="stmt"/>
        <line num="178" count="0" type="stmt"/>
        <line num="181" count="0" type="stmt"/>
        <line num="182" count="0" type="stmt"/>
        <line num="187" count="0" type="stmt"/>
        <line num="188" count="0" type="stmt"/>
      </file>
      <file name="server.ts" path="/home/mauriciobc/Documentos/Code/mealtime/utils/supabase/server.ts">
        <metrics statements="16" coveredstatements="0" conditionals="4" coveredconditionals="0" methods="4" coveredmethods="0"/>
        <line num="1" count="0" type="stmt"/>
        <line num="2" count="0" type="stmt"/>
        <line num="5" count="0" type="stmt"/>
        <line num="6" count="0" type="stmt"/>
        <line num="8" count="0" type="stmt"/>
        <line num="14" count="0" type="stmt"/>
        <line num="15" count="0" type="stmt"/>
        <line num="16" count="0" type="cond" truecount="0" falsecount="4"/>
        <line num="18" count="0" type="stmt"/>
        <line num="19" count="0" type="stmt"/>
        <line num="23" count="0" type="stmt"/>
        <line num="24" count="0" type="stmt"/>
        <line num="26" count="0" type="stmt"/>
        <line num="30" count="0" type="stmt"/>
        <line num="31" count="0" type="stmt"/>
        <line num="33" count="0" type="stmt"/>
      </file>
      <file name="storage.ts" path="/home/mauriciobc/Documentos/Code/mealtime/utils/supabase/storage.ts">
        <metrics statements="43" coveredstatements="0" conditionals="13" coveredconditionals="0" methods="4" coveredmethods="0"/>
        <line num="1" count="0" type="stmt"/>
        <line num="2" count="0" type="stmt"/>
        <line num="4" count="0" type="stmt"/>
        <line num="23" count="0" type="stmt"/>
        <line num="29" count="0" type="cond" truecount="0" falsecount="1"/>
        <line num="30" count="0" type="stmt"/>
        <line num="34" count="0" type="stmt"/>
        <line num="35" count="0" type="cond" truecount="0" falsecount="1"/>
        <line num="36" count="0" type="stmt"/>
        <line num="39" count="0" type="cond" truecount="0" falsecount="2"/>
        <line num="40" count="0" type="stmt"/>
        <line num="41" count="0" type="stmt"/>
        <line num="44" count="0" type="stmt"/>
        <line num="45" count="0" type="stmt"/>
        <line num="46" count="0" type="stmt"/>
        <line num="47" count="0" type="stmt"/>
        <line num="48" count="0" type="stmt"/>
        <line num="49" count="0" type="stmt"/>
        <line num="52" count="0" type="stmt"/>
        <line num="59" count="0" type="cond" truecount="0" falsecount="1"/>
        <line num="60" count="0" type="stmt"/>
        <line num="61" count="0" type="stmt"/>
        <line num="65" count="0" type="stmt"/>
        <line num="69" count="0" type="stmt"/>
        <line num="77" count="0" type="stmt"/>
        <line num="78" count="0" type="cond" truecount="0" falsecount="2"/>
        <line num="81" count="0" type="stmt"/>
        <line num="82" count="0" type="stmt"/>
        <line num="84" count="0" type="cond" truecount="0" falsecount="1"/>
        <line num="85" count="0" type="stmt"/>
        <line num="88" count="0" type="stmt"/>
        <line num="92" count="0" type="cond" truecount="0" falsecount="1"/>
        <line num="93" count="0" type="stmt"/>
        <line num="94" count="0" type="stmt"/>
        <line num="104" count="0" type="stmt"/>
        <line num="105" count="0" type="cond" truecount="0" falsecount="2"/>
        <line num="107" count="0" type="stmt"/>
        <line num="113" count="0" type="cond" truecount="0" falsecount="1"/>
        <line num="114" count="0" type="stmt"/>
        <line num="115" count="0" type="stmt"/>
        <line num="118" count="0" type="stmt"/>
        <line num="119" count="0" type="stmt"/>
        <line num="122" count="0" type="stmt"/>
      </file>
    </package>
  </project>
</coverage>
