TN:
SF:index.ts
FN:4,main
FN:18,(anonymous_1)
FN:21,(anonymous_2)
FNF:3
FNH:0
FNDA:0,main
FNDA:0,(anonymous_1)
FNDA:0,(anonymous_2)
DA:1,0
DA:2,0
DA:6,0
DA:14,0
DA:17,0
DA:19,0
DA:22,0
DA:23,0
DA:24,0
LF:9
LH:0
BRF:0
BRH:0
end_of_record
TN:
SF:playwright.config.ts
FNF:0
FNH:0
DA:1,0
DA:3,0
LF:2
LH:0
BRDA:11,0,0,0
BRDA:11,0,1,0
BRDA:12,1,0,0
BRDA:12,1,1,0
BRF:4
BRH:0
end_of_record
TN:
SF:tailwind.config.ts
FNF:0
FNH:0
DA:3,0
DA:95,0
LF:2
LH:0
BRF:0
BRH:0
end_of_record
TN:
SF:app/_error.tsx
FN:8,ErrorPage
FN:26,(anonymous_1)
FNF:2
FNH:0
FNDA:0,ErrorPage
FNDA:0,(anonymous_1)
DA:3,0
DA:8,0
DA:15,0
DA:26,0
LF:4
LH:0
BRF:0
BRH:0
end_of_record
TN:
SF:app/error.tsx
FN:15,(anonymous_0)
FN:19,(anonymous_1)
FN:42,ErrorPage
FN:43,(anonymous_3)
FNF:4
FNH:0
FNDA:0,(anonymous_0)
FNDA:0,(anonymous_1)
FNDA:0,ErrorPage
FNDA:0,(anonymous_3)
DA:3,0
DA:4,0
DA:5,0
DA:6,0
DA:13,0
DA:15,0
DA:16,0
DA:19,0
DA:21,0
DA:22,0
DA:25,0
DA:26,0
DA:30,0
DA:31,0
DA:34,0
DA:35,0
DA:39,0
DA:42,0
DA:43,0
DA:44,0
DA:46,0
DA:48,0
DA:56,0
DA:63,0
DA:64,0
DA:82,0
LF:26
LH:0
BRDA:21,0,0,0
BRDA:21,1,0,0
BRDA:21,1,1,0
BRDA:25,2,0,0
BRDA:30,3,0,0
BRDA:34,4,0,0
BRDA:34,5,0,0
BRDA:34,5,1,0
BRDA:44,6,0,0
BRDA:46,7,0,0
BRDA:46,7,1,0
BRDA:50,8,0,0
BRDA:50,8,1,0
BRDA:63,9,0,0
BRF:14
BRH:0
end_of_record
TN:
SF:app/loading-skeleton.tsx
FN:4,LoadingSkeleton
FNF:1
FNH:0
FNDA:0,LoadingSkeleton
DA:2,0
DA:4,0
DA:5,0
DA:10,0
LF:4
LH:0
BRF:0
BRH:0
end_of_record
TN:
SF:app/loading.tsx
FN:7,Loading
FNF:1
FNH:0
FNDA:0,Loading
DA:5,0
DA:7,0
DA:8,0
LF:3
LH:0
BRF:0
BRH:0
end_of_record
TN:
SF:app/page.tsx
FN:13,Home
FN:17,(anonymous_2)
FNF:2
FNH:0
FNDA:0,Home
FNDA:0,(anonymous_2)
DA:3,0
DA:4,0
DA:5,0
DA:6,0
DA:7,0
DA:8,0
DA:9,0
DA:10,0
DA:11,0
DA:13,0
DA:14,0
DA:15,0
DA:17,0
DA:18,0
DA:19,0
DA:24,0
DA:26,0
DA:29,0
DA:36,0
DA:39,0
DA:56,0
DA:59,0
DA:71,0
DA:88,0
LF:24
LH:0
BRDA:18,0,0,0
BRDA:24,1,0,0
BRDA:24,1,1,0
BRDA:24,1,2,0
BRDA:24,1,3,0
BRDA:24,1,4,0
BRDA:24,1,5,0
BRDA:24,1,6,0
BRDA:24,1,7,0
BRDA:61,2,0,0
BRDA:61,2,1,0
BRDA:64,3,0,0
BRDA:64,3,1,0
BRF:13
BRH:0
end_of_record
TN:
SF:app/api/auth/callback/route.ts
FN:7,GET
FNF:1
FNH:0
FNDA:0,GET
DA:1,0
DA:2,0
DA:4,0
DA:5,0
DA:7,0
DA:8,0
DA:9,0
DA:10,0
DA:11,0
DA:12,0
DA:13,0
DA:15,0
DA:22,0
DA:23,0
DA:24,0
DA:27,0
DA:28,0
DA:29,0
DA:33,0
DA:36,0
DA:37,0
DA:38,0
DA:41,0
DA:50,0
DA:52,0
DA:53,0
DA:58,0
DA:61,0
DA:62,0
DA:63,0
DA:67,0
DA:69,0
DA:70,0
DA:71,0
DA:75,0
DA:76,0
DA:80,0
DA:83,0
DA:89,0
DA:92,0
DA:93,0
DA:96,0
DA:97,0
DA:98,0
DA:99,0
DA:103,0
DA:104,0
DA:105,0
DA:109,0
DA:110,0
DA:111,0
DA:112,0
DA:113,0
DA:114,0
DA:116,0
DA:118,0
DA:119,0
LF:57
LH:0
BRDA:11,0,0,0
BRDA:11,0,1,0
BRDA:11,1,0,0
BRDA:11,1,1,0
BRDA:22,2,0,0
BRDA:22,3,0,0
BRDA:22,3,1,0
BRDA:24,4,0,0
BRDA:24,4,1,0
BRDA:24,4,2,0
BRDA:27,5,0,0
BRDA:36,6,0,0
BRDA:36,7,0,0
BRDA:36,7,1,0
BRDA:52,8,0,0
BRDA:61,9,0,0
BRDA:69,10,0,0
BRDA:69,11,0,0
BRDA:69,11,1,0
BRDA:75,12,0,0
BRDA:98,13,0,0
BRDA:103,14,0,0
BRDA:119,15,0,0
BRDA:119,15,1,0
BRF:24
BRH:0
end_of_record
TN:
SF:app/api/cats/route.ts
FN:9,GET
FN:40,(anonymous_2)
FN:104,POST
FNF:3
FNH:0
FNDA:0,GET
FNDA:0,(anonymous_2)
FNDA:0,POST
DA:1,0
DA:2,0
DA:3,0
DA:6,0
DA:9,0
DA:18,0
DA:19,0
DA:21,0
DA:22,0
DA:24,0
DA:26,0
DA:28,0
DA:33,0
DA:35,0
DA:37,0
DA:40,0
DA:41,0
DA:42,0
DA:43,0
DA:45,0
DA:47,0
DA:48,0
DA:52,0
DA:54,0
DA:55,0
DA:56,0
DA:58,0
DA:59,0
DA:62,0
DA:63,0
DA:67,0
DA:73,0
DA:76,0
DA:92,0
DA:95,0
DA:96,0
DA:104,0
DA:105,0
DA:106,0
DA:107,0
DA:108,0
DA:110,0
DA:112,0
DA:113,0
DA:114,0
DA:117,0
DA:118,0
DA:119,0
DA:126,0
DA:127,0
DA:128,0
DA:129,0
DA:130,0
DA:131,0
DA:136,0
DA:140,0
DA:148,0
DA:149,0
DA:150,0
DA:157,0
DA:173,0
DA:174,0
DA:175,0
DA:183,0
DA:186,0
DA:194,0
DA:195,0
DA:197,0
DA:205,0
DA:206,0
DA:212,0
LF:71
LH:0
BRDA:19,0,0,0
BRDA:33,1,0,0
BRDA:41,2,0,0
BRDA:52,3,0,0
BRDA:52,3,1,0
BRDA:54,4,0,0
BRDA:106,5,0,0
BRDA:117,6,0,0
BRDA:117,7,0,0
BRDA:117,7,1,0
BRDA:127,8,0,0
BRDA:129,9,0,0
BRDA:129,10,0,0
BRDA:129,10,1,0
BRDA:129,10,2,0
BRDA:148,11,0,0
BRDA:160,12,0,0
BRDA:160,12,1,0
BRDA:161,13,0,0
BRDA:161,13,1,0
BRDA:162,14,0,0
BRDA:162,14,1,0
BRDA:165,15,0,0
BRDA:165,15,1,0
BRDA:165,16,0,0
BRDA:165,16,1,0
BRDA:165,17,0,0
BRDA:165,17,1,0
BRDA:166,18,0,0
BRDA:166,18,1,0
BRDA:166,19,0,0
BRDA:166,19,1,0
BRDA:166,20,0,0
BRDA:166,20,1,0
BRDA:168,21,0,0
BRDA:168,21,1,0
BRDA:173,22,0,0
BRDA:173,23,0,0
BRDA:173,23,1,0
BRDA:173,23,2,0
BRDA:205,24,0,0
BRF:41
BRH:0
end_of_record
TN:
SF:app/api/cats/[catId]/route.ts
FN:8,createSupabaseRouteClient
FN:13,(anonymous_2)
FN:17,(anonymous_3)
FN:26,(anonymous_4)
FN:47,(anonymous_5)
FN:125,(anonymous_6)
FN:191,(anonymous_7)
FN:239,(anonymous_8)
FNF:8
FNH:0
FNDA:0,createSupabaseRouteClient
FNDA:0,(anonymous_2)
FNDA:0,(anonymous_3)
FNDA:0,(anonymous_4)
FNDA:0,(anonymous_5)
FNDA:0,(anonymous_6)
FNDA:0,(anonymous_7)
FNDA:0,(anonymous_8)
DA:1,0
DA:2,0
DA:3,0
DA:4,0
DA:5,0
DA:9,0
DA:12,0
DA:15,0
DA:18,0
DA:20,0
DA:23,0
DA:27,0
DA:29,0
DA:32,0
DA:37,0
DA:47,0
DA:48,0
DA:49,0
DA:51,0
DA:52,0
DA:54,0
DA:55,0
DA:56,0
DA:64,0
DA:65,0
DA:73,0
DA:76,0
DA:94,0
DA:95,0
DA:96,0
DA:104,0
DA:105,0
DA:111,0
DA:112,0
DA:125,0
DA:126,0
DA:127,0
DA:129,0
DA:131,0
DA:132,0
DA:140,0
DA:143,0
DA:156,0
DA:157,0
DA:166,0
DA:183,0
DA:191,0
DA:192,0
DA:193,0
DA:195,0
DA:197,0
DA:198,0
DA:199,0
DA:202,0
DA:204,0
DA:206,0
DA:211,0
DA:212,0
DA:213,0
DA:216,0
DA:217,0
DA:218,0
DA:219,0
DA:223,0
DA:224,0
DA:231,0
DA:232,0
DA:233,0
DA:235,0
DA:238,0
DA:239,0
DA:241,0
DA:244,0
DA:247,0
DA:250,0
DA:252,0
DA:254,0
DA:256,0
DA:257,0
LF:79
LH:0
BRDA:15,0,0,0
BRDA:15,0,1,0
BRDA:15,1,0,0
BRDA:15,1,1,0
BRDA:54,2,0,0
BRDA:64,3,0,0
BRDA:94,4,0,0
BRDA:131,5,0,0
BRDA:131,6,0,0
BRDA:131,6,1,0
BRDA:156,7,0,0
BRDA:172,8,0,0
BRDA:172,8,1,0
BRDA:173,9,0,0
BRDA:173,9,1,0
BRDA:197,10,0,0
BRDA:197,11,0,0
BRDA:197,11,1,0
BRDA:211,12,0,0
BRDA:217,13,0,0
BRDA:231,14,0,0
BRDA:258,15,0,0
BRDA:258,15,1,0
BRF:23
BRH:0
end_of_record
TN:
SF:app/api/cats/[catId]/next-feeding/route.ts
FN:8,GET
FN:87,(anonymous_2)
FNF:2
FNH:0
FNDA:0,GET
FNDA:0,(anonymous_2)
DA:1,0
DA:2,0
DA:3,0
DA:4,0
DA:6,0
DA:8,0
DA:13,0
DA:14,0
DA:16,0
DA:17,0
DA:18,0
DA:21,0
DA:22,0
DA:24,0
DA:25,0
DA:26,0
DA:29,0
DA:31,0
DA:33,0
DA:34,0
DA:46,0
DA:47,0
DA:48,0
DA:51,0
DA:52,0
DA:53,0
DA:54,0
DA:57,0
DA:64,0
DA:65,0
DA:66,0
DA:68,0
DA:71,0
DA:72,0
DA:87,0
DA:93,0
DA:94,0
DA:99,0
DA:101,0
DA:102,0
DA:104,0
DA:108,0
DA:111,0
DA:112,0
LF:44
LH:0
BRDA:16,0,0,0
BRDA:16,1,0,0
BRDA:16,1,1,0
BRDA:24,2,0,0
BRDA:46,3,0,0
BRDA:52,4,0,0
BRDA:64,5,0,0
BRDA:90,6,0,0
BRDA:90,6,1,0
BRDA:94,7,0,0
BRDA:94,7,1,0
BRDA:94,8,0,0
BRDA:94,8,1,0
BRDA:99,9,0,0
BRDA:99,9,1,0
BRDA:99,10,0,0
BRDA:99,10,1,0
BRDA:99,11,0,0
BRDA:99,11,1,0
BRDA:99,12,0,0
BRDA:99,12,1,0
BRDA:101,13,0,0
BRDA:101,13,1,0
BRDA:108,14,0,0
BRDA:108,14,1,0
BRDA:113,15,0,0
BRDA:113,15,1,0
BRF:27
BRH:0
end_of_record
TN:
SF:app/api/feeding-logs/route.ts
FN:12,createJSONResponse
FN:27,GET
FN:67,(anonymous_3)
FN:79,(anonymous_4)
FNF:4
FNH:0
FNDA:0,createJSONResponse
FNDA:0,GET
FNDA:0,(anonymous_3)
FNDA:0,(anonymous_4)
DA:1,0
DA:2,0
DA:3,0
DA:4,0
DA:7,0
DA:13,0
DA:27,0
DA:28,0
DA:30,0
DA:31,0
DA:32,0
DA:33,0
DA:36,0
DA:37,0
DA:38,0
DA:39,0
DA:41,0
DA:44,0
DA:60,0
DA:61,0
DA:65,0
DA:66,0
DA:67,0
DA:69,0
DA:70,0
DA:73,0
DA:79,0
DA:91,0
DA:93,0
DA:94,0
LF:30
LH:0
BRDA:32,0,0,0
BRDA:38,1,0,0
BRDA:60,2,0,0
BRDA:69,3,0,0
BRDA:69,4,0,0
BRDA:69,4,1,0
BRDA:83,5,0,0
BRDA:83,5,1,0
BRF:8
BRH:0
end_of_record
TN:
SF:app/api/feedings/route.ts
FN:38,POST
FN:219,(anonymous_1)
FN:243,(anonymous_2)
FN:245,(anonymous_3)
FN:293,GET
FNF:5
FNH:0
FNDA:0,POST
FNDA:0,(anonymous_1)
FNDA:0,(anonymous_2)
FNDA:0,(anonymous_3)
FNDA:0,GET
DA:1,0
DA:2,0
DA:3,0
DA:4,0
DA:6,0
DA:7,0
DA:14,0
DA:15,0
DA:16,0
DA:19,0
DA:22,0
DA:28,0
DA:31,0
DA:38,0
DA:39,0
DA:40,0
DA:42,0
DA:43,0
DA:44,0
DA:52,0
DA:53,0
DA:54,0
DA:57,0
DA:58,0
DA:59,0
DA:60,0
DA:71,0
DA:72,0
DA:76,0
DA:77,0
DA:89,0
DA:91,0
DA:92,0
DA:93,0
DA:100,0
DA:101,0
DA:102,0
DA:109,0
DA:110,0
DA:111,0
DA:118,0
DA:122,0
DA:124,0
DA:125,0
DA:137,0
DA:139,0
DA:149,0
DA:150,0
DA:171,0
DA:182,0
DA:183,0
DA:195,0
DA:206,0
DA:214,0
DA:219,0
DA:236,0
DA:237,0
DA:241,0
DA:242,0
DA:243,0
DA:244,0
DA:245,0
DA:257,0
DA:258,0
DA:259,0
DA:260,0
DA:261,0
DA:263,0
DA:266,0
DA:271,0
DA:279,0
DA:280,0
DA:293,0
DA:294,0
DA:295,0
DA:296,0
DA:297,0
DA:299,0
DA:300,0
DA:307,0
DA:308,0
DA:317,0
DA:318,0
DA:321,0
DA:322,0
DA:330,0
DA:339,0
DA:340,0
DA:348,0
DA:354,0
DA:355,0
LF:91
LH:0
BRDA:6,0,0,0
BRDA:6,0,1,0
BRDA:42,1,0,0
BRDA:58,2,0,0
BRDA:72,3,0,0
BRDA:72,3,1,0
BRDA:89,4,0,0
BRDA:89,4,1,0
BRDA:89,5,0,0
BRDA:89,5,1,0
BRDA:91,6,0,0
BRDA:100,7,0,0
BRDA:109,8,0,0
BRDA:122,9,0,0
BRDA:122,10,0,0
BRDA:122,10,1,0
BRDA:154,11,0,0
BRDA:154,11,1,0
BRDA:154,12,0,0
BRDA:154,12,1,0
BRDA:155,13,0,0
BRDA:155,13,1,0
BRDA:223,14,0,0
BRDA:223,14,1,0
BRDA:223,15,0,0
BRDA:223,15,1,0
BRDA:223,16,0,0
BRDA:223,16,1,0
BRDA:229,17,0,0
BRDA:229,17,1,0
BRDA:229,18,0,0
BRDA:229,18,1,0
BRDA:236,19,0,0
BRDA:241,20,0,0
BRDA:241,21,0,0
BRDA:241,21,1,0
BRDA:258,22,0,0
BRDA:258,22,1,0
BRDA:281,23,0,0
BRDA:281,23,1,0
BRDA:299,24,0,0
BRDA:307,25,0,0
BRDA:321,26,0,0
BRDA:330,27,0,0
BRDA:330,27,1,0
BRDA:358,28,0,0
BRDA:358,28,1,0
BRF:47
BRH:0
end_of_record
TN:
SF:app/api/feedings/[id]/route.ts
FN:6,GET
FN:111,DELETE
FNF:2
FNH:0
FNDA:0,GET
FNDA:0,DELETE
DA:1,0
DA:2,0
DA:3,0
DA:6,0
DA:10,0
DA:11,0
DA:12,0
DA:14,0
DA:15,0
DA:16,0
DA:19,0
DA:20,0
DA:23,0
DA:25,0
DA:27,0
DA:48,0
DA:49,0
DA:50,0
DA:57,0
DA:58,0
DA:59,0
DA:60,0
DA:63,0
DA:64,0
DA:72,0
DA:73,0
DA:74,0
DA:76,0
DA:79,0
DA:100,0
DA:102,0
DA:103,0
DA:111,0
DA:115,0
DA:116,0
DA:117,0
DA:119,0
DA:120,0
DA:121,0
DA:124,0
DA:126,0
DA:127,0
DA:128,0
DA:133,0
DA:134,0
DA:135,0
DA:138,0
DA:139,0
DA:140,0
DA:141,0
DA:144,0
DA:145,0
DA:153,0
DA:154,0
DA:155,0
DA:157,0
DA:159,0
DA:160,0
DA:163,0
DA:165,0
DA:167,0
DA:168,0
DA:169,0
DA:171,0
LF:64
LH:0
BRDA:14,0,0,0
BRDA:19,1,0,0
BRDA:48,2,0,0
BRDA:58,3,0,0
BRDA:72,4,0,0
BRDA:88,5,0,0
BRDA:88,5,1,0
BRDA:93,6,0,0
BRDA:93,6,1,0
BRDA:104,7,0,0
BRDA:104,7,1,0
BRDA:119,8,0,0
BRDA:133,9,0,0
BRDA:139,10,0,0
BRDA:153,11,0,0
BRDA:168,12,0,0
BRDA:168,13,0,0
BRDA:168,13,1,0
BRDA:172,14,0,0
BRDA:172,14,1,0
BRF:20
BRH:0
end_of_record
TN:
SF:app/api/feedings/batch/route.ts
FN:24,createSupabaseRouteClient
FN:29,(anonymous_2)
FN:33,(anonymous_3)
FN:42,(anonymous_4)
FN:63,(anonymous_5)
FN:102,(anonymous_6)
FN:117,(anonymous_7)
FN:118,(anonymous_8)
FN:129,(anonymous_9)
FN:166,(anonymous_10)
FN:170,(anonymous_11)
FNF:11
FNH:0
FNDA:0,createSupabaseRouteClient
FNDA:0,(anonymous_2)
FNDA:0,(anonymous_3)
FNDA:0,(anonymous_4)
FNDA:0,(anonymous_5)
FNDA:0,(anonymous_6)
FNDA:0,(anonymous_7)
FNDA:0,(anonymous_8)
FNDA:0,(anonymous_9)
FNDA:0,(anonymous_10)
FNDA:0,(anonymous_11)
DA:1,0
DA:2,0
DA:3,0
DA:4,0
DA:5,0
DA:6,0
DA:9,0
DA:19,0
DA:25,0
DA:28,0
DA:31,0
DA:34,0
DA:36,0
DA:39,0
DA:43,0
DA:45,0
DA:48,0
DA:53,0
DA:63,0
DA:64,0
DA:65,0
DA:67,0
DA:68,0
DA:71,0
DA:74,0
DA:75,0
DA:76,0
DA:82,0
DA:85,0
DA:94,0
DA:95,0
DA:102,0
DA:103,0
DA:117,0
DA:118,0
DA:120,0
DA:121,0
DA:128,0
DA:130,0
DA:146,0
DA:148,0
DA:153,0
DA:154,0
DA:155,0
DA:159,0
DA:166,0
DA:167,0
DA:169,0
DA:170,0
DA:182,0
DA:184,0
DA:185,0
DA:186,0
DA:187,0
DA:189,0
DA:192,0
DA:196,0
LF:57
LH:0
BRDA:31,0,0,0
BRDA:31,0,1,0
BRDA:31,1,0,0
BRDA:31,1,1,0
BRDA:67,2,0,0
BRDA:67,3,0,0
BRDA:67,3,1,0
BRDA:75,4,0,0
BRDA:94,5,0,0
BRDA:120,6,0,0
BRDA:153,7,0,0
BRDA:153,8,0,0
BRDA:153,8,1,0
BRDA:153,8,2,0
BRDA:184,9,0,0
BRDA:184,9,1,0
BRF:16
BRH:0
end_of_record
TN:
SF:app/api/feedings/cats/route.ts
FN:6,GET
FN:29,(anonymous_2)
FNF:2
FNH:0
FNDA:0,GET
FNDA:0,(anonymous_2)
DA:1,0
DA:2,0
DA:6,0
DA:7,0
DA:8,0
DA:9,0
DA:11,0
DA:12,0
DA:19,0
DA:29,0
DA:40,0
DA:42,0
DA:44,0
DA:45,0
LF:14
LH:0
BRDA:11,0,0,0
BRF:1
BRH:0
end_of_record
TN:
SF:app/api/feedings/last/[catId]/route.ts
FN:8,GET
FNF:1
FNH:0
FNDA:0,GET
DA:1,0
DA:4,0
DA:5,0
DA:8,0
DA:13,0
DA:14,0
DA:17,0
DA:18,0
DA:21,0
DA:23,0
DA:24,0
DA:27,0
DA:29,0
DA:34,0
DA:35,0
DA:39,0
DA:47,0
DA:49,0
DA:53,0
DA:62,0
DA:63,0
DA:66,0
DA:68,0
DA:69,0
LF:24
LH:0
BRDA:17,0,0,0
BRDA:17,1,0,0
BRDA:17,1,1,0
BRDA:23,2,0,0
BRDA:34,3,0,0
BRDA:34,4,0,0
BRDA:34,4,1,0
BRDA:34,5,0,0
BRDA:34,5,1,0
BRDA:47,6,0,0
BRDA:62,7,0,0
BRF:11
BRH:0
end_of_record
TN:
SF:app/api/feedings/stats/route.ts
FN:13,GET
FN:85,(anonymous_2)
FN:127,(anonymous_3)
FN:158,(anonymous_4)
FN:163,(anonymous_5)
FNF:5
FNH:0
FNDA:0,GET
FNDA:0,(anonymous_2)
FNDA:0,(anonymous_3)
FNDA:0,(anonymous_4)
FNDA:0,(anonymous_5)
DA:1,0
DA:2,0
DA:3,0
DA:6,0
DA:13,0
DA:14,0
DA:16,0
DA:18,0
DA:19,0
DA:26,0
DA:27,0
DA:32,0
DA:33,0
DA:42,0
DA:45,0
DA:46,0
DA:47,0
DA:50,0
DA:57,0
DA:58,0
DA:62,0
DA:82,0
DA:83,0
DA:85,0
DA:86,0
DA:87,0
DA:88,0
DA:89,0
DA:92,0
DA:93,0
DA:101,0
DA:102,0
DA:112,0
DA:113,0
DA:114,0
DA:116,0
DA:119,0
DA:120,0
DA:121,0
DA:123,0
DA:127,0
DA:128,0
DA:132,0
DA:133,0
DA:134,0
DA:135,0
DA:137,0
DA:138,0
DA:147,0
DA:158,0
DA:163,0
DA:164,0
DA:165,0
DA:166,0
DA:168,0
DA:171,0
DA:173,0
DA:174,0
LF:58
LH:0
BRDA:18,0,0,0
BRDA:29,1,0,0
BRDA:29,1,1,0
BRDA:32,2,0,0
BRDA:57,3,0,0
BRDA:89,4,0,0
BRDA:89,4,1,0
BRDA:92,5,0,0
BRDA:101,6,0,0
BRDA:104,7,0,0
BRDA:104,7,1,0
BRDA:104,8,0,0
BRDA:104,8,1,0
BRDA:104,9,0,0
BRDA:104,9,1,0
BRDA:113,10,0,0
BRDA:120,11,0,0
BRDA:137,12,0,0
BRDA:165,13,0,0
BRF:19
BRH:0
end_of_record
TN:
SF:app/api/goals/route.ts
FN:63,GET
FN:134,POST
FNF:2
FNH:0
FNDA:0,GET
FNDA:0,POST
DA:1,0
DA:2,0
DA:3,0
DA:4,0
DA:63,0
DA:64,0
DA:65,0
DA:67,0
DA:68,0
DA:69,0
DA:80,0
DA:82,0
DA:83,0
DA:97,0
DA:98,0
DA:105,0
DA:110,0
DA:121,0
DA:122,0
DA:134,0
DA:135,0
DA:136,0
DA:138,0
DA:139,0
DA:150,0
DA:151,0
DA:161,0
DA:164,0
DA:165,0
DA:175,0
DA:176,0
DA:186,0
DA:187,0
DA:197,0
DA:198,0
DA:210,0
DA:224,0
DA:231,0
DA:239,0
DA:240,0
DA:241,0
DA:251,0
DA:262,0
DA:263,0
LF:44
LH:0
BRDA:67,0,0,0
BRDA:123,1,0,0
BRDA:123,1,1,0
BRDA:123,2,0,0
BRDA:123,2,1,0
BRDA:123,3,0,0
BRDA:123,3,1,0
BRDA:138,4,0,0
BRDA:164,5,0,0
BRDA:164,6,0,0
BRDA:164,6,1,0
BRDA:164,6,2,0
BRDA:164,6,3,0
BRDA:164,6,4,0
BRDA:164,6,5,0
BRDA:164,6,6,0
BRDA:175,7,0,0
BRDA:175,8,0,0
BRDA:175,8,1,0
BRDA:175,8,2,0
BRDA:175,8,3,0
BRDA:186,9,0,0
BRDA:197,10,0,0
BRDA:213,11,0,0
BRDA:213,11,1,0
BRDA:214,12,0,0
BRDA:214,12,1,0
BRDA:217,13,0,0
BRDA:217,13,1,0
BRDA:240,14,0,0
BRDA:252,15,0,0
BRDA:252,15,1,0
BRDA:252,16,0,0
BRDA:252,16,1,0
BRDA:252,17,0,0
BRDA:252,17,1,0
BRDA:264,18,0,0
BRDA:264,18,1,0
BRDA:264,19,0,0
BRDA:264,19,1,0
BRDA:264,20,0,0
BRDA:264,20,1,0
BRF:42
BRH:0
end_of_record
TN:
SF:app/api/households/route.ts
FN:44,createSupabaseRouteClient
FN:55,GET
FN:104,(anonymous_3)
FN:108,(anonymous_4)
FN:118,(anonymous_5)
FN:158,POST
FN:189,(anonymous_7)
FN:218,(anonymous_8)
FN:233,(anonymous_9)
FNF:9
FNH:0
FNDA:0,createSupabaseRouteClient
FNDA:0,GET
FNDA:0,(anonymous_3)
FNDA:0,(anonymous_4)
FNDA:0,(anonymous_5)
FNDA:0,POST
FNDA:0,(anonymous_7)
FNDA:0,(anonymous_8)
FNDA:0,(anonymous_9)
DA:1,0
DA:5,0
DA:6,0
DA:7,0
DA:8,0
DA:9,0
DA:31,0
DA:41,0
DA:45,0
DA:55,0
DA:56,0
DA:58,0
DA:60,0
DA:61,0
DA:63,0
DA:64,0
DA:65,0
DA:67,0
DA:68,0
DA:71,0
DA:99,0
DA:100,0
DA:101,0
DA:104,0
DA:105,0
DA:108,0
DA:110,0
DA:118,0
DA:129,0
DA:130,0
DA:133,0
DA:136,0
DA:137,0
DA:139,0
DA:140,0
DA:142,0
DA:143,0
DA:146,0
DA:151,0
DA:158,0
DA:159,0
DA:161,0
DA:163,0
DA:166,0
DA:167,0
DA:169,0
DA:170,0
DA:171,0
DA:174,0
DA:177,0
DA:178,0
DA:179,0
DA:180,0
DA:186,0
DA:189,0
DA:190,0
DA:217,0
DA:218,0
DA:221,0
DA:233,0
DA:244,0
DA:245,0
DA:247,0
DA:249,0
DA:250,0
LF:65
LH:0
BRDA:63,0,0,0
BRDA:63,1,0,0
BRDA:63,1,1,0
BRDA:64,2,0,0
BRDA:64,2,1,0
BRDA:64,3,0,0
BRDA:64,3,1,0
BRDA:99,4,0,0
BRDA:113,5,0,0
BRDA:113,5,1,0
BRDA:136,6,0,0
BRDA:139,7,0,0
BRDA:142,8,0,0
BRDA:169,9,0,0
BRDA:169,10,0,0
BRDA:169,10,1,0
BRDA:170,11,0,0
BRDA:170,11,1,0
BRDA:170,12,0,0
BRDA:170,12,1,0
BRDA:178,13,0,0
BRDA:228,14,0,0
BRDA:228,14,1,0
BRDA:230,15,0,0
BRDA:230,15,1,0
BRDA:231,16,0,0
BRDA:231,16,1,0
BRDA:236,17,0,0
BRDA:236,17,1,0
BRDA:237,18,0,0
BRDA:237,18,1,0
BRF:31
BRH:0
end_of_record
TN:
SF:app/api/households/[id]/route.ts
FN:23,authorizeMember
FN:61,authorizeAdmin
FN:93,GET
FN:100,(anonymous_4)
FN:159,(anonymous_5)
FN:167,(anonymous_6)
FN:175,(anonymous_7)
FN:193,PATCH
FN:264,(anonymous_9)
FN:271,(anonymous_10)
FN:288,DELETE
FN:329,(anonymous_12)
FNF:12
FNH:0
FNDA:0,authorizeMember
FNDA:0,authorizeAdmin
FNDA:0,GET
FNDA:0,(anonymous_4)
FNDA:0,(anonymous_5)
FNDA:0,(anonymous_6)
FNDA:0,(anonymous_7)
FNDA:0,PATCH
FNDA:0,(anonymous_9)
FNDA:0,(anonymous_10)
FNDA:0,DELETE
FNDA:0,(anonymous_12)
DA:1,0
DA:2,0
DA:5,0
DA:6,0
DA:7,0
DA:10,0
DA:15,0
DA:24,0
DA:25,0
DA:28,0
DA:30,0
DA:32,0
DA:43,0
DA:44,0
DA:48,0
DA:49,0
DA:50,0
DA:53,0
DA:55,0
DA:56,0
DA:62,0
DA:63,0
DA:64,0
DA:75,0
DA:77,0
DA:78,0
DA:79,0
DA:81,0
DA:83,0
DA:84,0
DA:93,0
DA:97,0
DA:99,0
DA:100,0
DA:104,0
DA:105,0
DA:106,0
DA:107,0
DA:109,0
DA:111,0
DA:112,0
DA:113,0
DA:115,0
DA:116,0
DA:117,0
DA:120,0
DA:123,0
DA:124,0
DA:125,0
DA:126,0
DA:129,0
DA:132,0
DA:154,0
DA:155,0
DA:159,0
DA:160,0
DA:163,0
DA:167,0
DA:175,0
DA:185,0
DA:187,0
DA:188,0
DA:193,0
DA:197,0
DA:199,0
DA:204,0
DA:205,0
DA:206,0
DA:208,0
DA:209,0
DA:210,0
DA:212,0
DA:213,0
DA:214,0
DA:218,0
DA:219,0
DA:221,0
DA:222,0
DA:224,0
DA:225,0
DA:229,0
DA:230,0
DA:234,0
DA:261,0
DA:264,0
DA:271,0
DA:279,0
DA:282,0
DA:283,0
DA:288,0
DA:293,0
DA:298,0
DA:299,0
DA:300,0
DA:302,0
DA:303,0
DA:304,0
DA:308,0
DA:309,0
DA:311,0
DA:313,0
DA:318,0
DA:319,0
DA:329,0
DA:331,0
DA:336,0
DA:340,0
DA:343,0
DA:346,0
DA:347,0
DA:348,0
DA:350,0
LF:112
LH:0
BRDA:24,0,0,0
BRDA:43,1,0,0
BRDA:49,2,0,0
BRDA:62,3,0,0
BRDA:75,4,0,0
BRDA:78,5,0,0
BRDA:79,6,0,0
BRDA:105,7,0,0
BRDA:115,8,0,0
BRDA:115,9,0,0
BRDA:115,9,1,0
BRDA:116,10,0,0
BRDA:116,10,1,0
BRDA:116,11,0,0
BRDA:116,11,1,0
BRDA:124,12,0,0
BRDA:125,13,0,0
BRDA:125,13,1,0
BRDA:125,14,0,0
BRDA:125,14,1,0
BRDA:154,15,0,0
BRDA:159,16,0,0
BRDA:159,16,1,0
BRDA:159,17,0,0
BRDA:159,17,1,0
BRDA:160,18,0,0
BRDA:160,18,1,0
BRDA:160,19,0,0
BRDA:160,19,1,0
BRDA:166,20,0,0
BRDA:166,20,1,0
BRDA:178,21,0,0
BRDA:178,21,1,0
BRDA:205,22,0,0
BRDA:212,23,0,0
BRDA:212,24,0,0
BRDA:212,24,1,0
BRDA:213,25,0,0
BRDA:213,25,1,0
BRDA:213,26,0,0
BRDA:213,26,1,0
BRDA:219,27,0,0
BRDA:224,28,0,0
BRDA:229,29,0,0
BRDA:299,30,0,0
BRDA:309,31,0,0
BRDA:318,32,0,0
BRDA:347,33,0,0
BRF:48
BRH:0
end_of_record
TN:
SF:app/api/households/[id]/cats/route.ts
FN:38,GET
FN:111,(anonymous_2)
FN:146,POST
FNF:3
FNH:0
FNDA:0,GET
FNDA:0,(anonymous_2)
FNDA:0,POST
DA:1,0
DA:3,0
DA:5,0
DA:6,0
DA:12,0
DA:15,0
DA:18,0
DA:23,0
DA:26,0
DA:38,0
DA:40,0
DA:41,0
DA:42,0
DA:44,0
DA:49,0
DA:50,0
DA:51,0
DA:57,0
DA:59,0
DA:60,0
DA:61,0
DA:62,0
DA:69,0
DA:76,0
DA:77,0
DA:82,0
DA:89,0
DA:111,0
DA:116,0
DA:121,0
DA:123,0
DA:129,0
DA:130,0
DA:131,0
DA:138,0
DA:146,0
DA:151,0
DA:152,0
DA:154,0
DA:157,0
DA:158,0
DA:159,0
DA:161,0
DA:164,0
DA:166,0
DA:168,0
DA:172,0
DA:174,0
DA:175,0
DA:176,0
DA:179,0
DA:180,0
DA:182,0
DA:183,0
DA:184,0
DA:190,0
DA:191,0
DA:194,0
DA:195,0
DA:196,0
DA:202,0
DA:216,0
DA:219,0
DA:235,0
DA:237,0
DA:239,0
DA:240,0
DA:242,0
DA:243,0
DA:245,0
LF:70
LH:0
BRDA:5,0,0,0
BRDA:5,0,1,0
BRDA:42,1,0,0
BRDA:42,1,1,0
BRDA:49,2,0,0
BRDA:60,3,0,0
BRDA:76,4,0,0
BRDA:113,5,0,0
BRDA:113,5,1,0
BRDA:129,6,0,0
BRDA:130,7,0,0
BRDA:154,8,0,0
BRDA:154,8,1,0
BRDA:154,9,0,0
BRDA:154,9,1,0
BRDA:157,10,0,0
BRDA:157,11,0,0
BRDA:157,11,1,0
BRDA:157,11,2,0
BRDA:168,12,0,0
BRDA:168,12,1,0
BRDA:172,13,0,0
BRDA:172,13,1,0
BRDA:172,14,0,0
BRDA:172,14,1,0
BRDA:174,15,0,0
BRDA:174,16,0,0
BRDA:174,16,1,0
BRDA:174,17,0,0
BRDA:174,17,1,0
BRDA:174,18,0,0
BRDA:174,18,1,0
BRDA:175,19,0,0
BRDA:175,19,1,0
BRDA:175,20,0,0
BRDA:175,20,1,0
BRDA:182,21,0,0
BRDA:195,22,0,0
BRDA:205,23,0,0
BRDA:205,23,1,0
BRDA:205,24,0,0
BRDA:205,24,1,0
BRDA:206,25,0,0
BRDA:206,25,1,0
BRDA:207,26,0,0
BRDA:207,26,1,0
BRDA:207,27,0,0
BRDA:207,27,1,0
BRDA:210,28,0,0
BRDA:210,28,1,0
BRDA:210,29,0,0
BRDA:210,29,1,0
BRDA:211,30,0,0
BRDA:211,30,1,0
BRDA:211,31,0,0
BRDA:211,31,1,0
BRDA:212,32,0,0
BRDA:212,32,1,0
BRDA:212,33,0,0
BRDA:212,33,1,0
BRDA:213,34,0,0
BRDA:213,34,1,0
BRDA:213,35,0,0
BRDA:213,35,1,0
BRDA:226,36,0,0
BRDA:226,36,1,0
BRDA:226,37,0,0
BRDA:226,37,1,0
BRDA:226,38,0,0
BRDA:226,38,1,0
BRDA:226,39,0,0
BRDA:226,39,1,0
BRDA:232,40,0,0
BRDA:232,40,1,0
BRDA:232,41,0,0
BRDA:232,41,1,0
BRDA:239,42,0,0
BRDA:239,43,0,0
BRDA:239,43,1,0
BRDA:242,44,0,0
BRF:80
BRH:0
end_of_record
TN:
SF:app/api/households/[id]/cats/[catId]/route.ts
FN:17,(anonymous_1)
FN:18,(anonymous_2)
FN:35,authorizeUser
FN:64,GET
FN:129,PATCH
FN:243,DELETE
FNF:6
FNH:0
FNDA:0,(anonymous_1)
FNDA:0,(anonymous_2)
FNDA:0,authorizeUser
FNDA:0,GET
FNDA:0,PATCH
FNDA:0,DELETE
DA:1,0
DA:2,0
DA:5,0
DA:6,0
DA:8,0
DA:16,0
DA:17,0
DA:18,0
DA:22,0
DA:36,0
DA:37,0
DA:40,0
DA:42,0
DA:47,0
DA:48,0
DA:51,0
DA:52,0
DA:55,0
DA:57,0
DA:58,0
DA:64,0
DA:69,0
DA:70,0
DA:71,0
DA:74,0
DA:75,0
DA:77,0
DA:78,0
DA:79,0
DA:82,0
DA:83,0
DA:84,0
DA:87,0
DA:89,0
DA:99,0
DA:100,0
DA:107,0
DA:118,0
DA:120,0
DA:121,0
DA:129,0
DA:134,0
DA:135,0
DA:136,0
DA:139,0
DA:140,0
DA:142,0
DA:143,0
DA:144,0
DA:147,0
DA:148,0
DA:149,0
DA:152,0
DA:154,0
DA:158,0
DA:159,0
DA:165,0
DA:166,0
DA:168,0
DA:169,0
DA:172,0
DA:175,0
DA:176,0
DA:177,0
DA:178,0
DA:179,0
DA:181,0
DA:182,0
DA:183,0
DA:184,0
DA:185,0
DA:187,0
DA:188,0
DA:191,0
DA:194,0
DA:199,0
DA:202,0
DA:215,0
DA:217,0
DA:218,0
DA:220,0
DA:221,0
DA:235,0
DA:243,0
DA:248,0
DA:249,0
DA:250,0
DA:253,0
DA:254,0
DA:256,0
DA:257,0
DA:258,0
DA:261,0
DA:262,0
DA:263,0
DA:266,0
DA:268,0
DA:272,0
DA:273,0
DA:280,0
DA:284,0
DA:286,0
DA:287,0
DA:297,0
LF:104
LH:0
BRDA:36,0,0,0
BRDA:47,1,0,0
BRDA:51,2,0,0
BRDA:70,3,0,0
BRDA:83,4,0,0
BRDA:99,5,0,0
BRDA:110,6,0,0
BRDA:110,6,1,0
BRDA:111,7,0,0
BRDA:111,7,1,0
BRDA:112,8,0,0
BRDA:112,8,1,0
BRDA:113,9,0,0
BRDA:113,9,1,0
BRDA:115,10,0,0
BRDA:115,10,1,0
BRDA:135,11,0,0
BRDA:148,12,0,0
BRDA:158,13,0,0
BRDA:168,14,0,0
BRDA:176,15,0,0
BRDA:177,16,0,0
BRDA:178,17,0,0
BRDA:179,18,0,0
BRDA:179,18,1,0
BRDA:181,19,0,0
BRDA:182,20,0,0
BRDA:183,21,0,0
BRDA:184,22,0,0
BRDA:185,23,0,0
BRDA:187,24,0,0
BRDA:220,25,0,0
BRDA:249,26,0,0
BRDA:262,27,0,0
BRDA:272,28,0,0
BRF:35
BRH:0
end_of_record
TN:
SF:app/api/households/[id]/feeding-logs/route.ts
FN:12,(anonymous_1)
FN:16,authorizeUser
FN:98,(anonymous_4)
FNF:3
FNH:0
FNDA:0,(anonymous_1)
FNDA:0,authorizeUser
FNDA:0,(anonymous_4)
DA:1,0
DA:2,0
DA:5,0
DA:6,0
DA:8,0
DA:11,0
DA:12,0
DA:17,0
DA:18,0
DA:21,0
DA:22,0
DA:27,0
DA:28,0
DA:31,0
DA:32,0
DA:35,0
DA:37,0
DA:38,0
DA:55,0
DA:60,0
DA:61,0
DA:62,0
DA:64,0
DA:66,0
DA:67,0
DA:68,0
DA:71,0
DA:72,0
DA:75,0
DA:80,0
DA:82,0
DA:98,0
DA:111,0
DA:114,0
DA:116,0
DA:119,0
LF:36
LH:0
BRDA:17,0,0,0
BRDA:27,1,0,0
BRDA:31,2,0,0
BRDA:61,3,0,0
BRDA:72,4,0,0
BRDA:104,5,0,0
BRDA:104,5,1,0
BRDA:105,6,0,0
BRDA:105,6,1,0
BRF:9
BRH:0
end_of_record
TN:
SF:app/api/households/[id]/invite/route.ts
FN:15,isUserAdmin
FN:60,POST
FN:164,(anonymous_3)
FN:176,(anonymous_4)
FN:201,(anonymous_5)
FN:211,(anonymous_6)
FN:260,(anonymous_7)
FN:337,(anonymous_8)
FN:349,(anonymous_9)
FN:363,(anonymous_10)
FNF:10
FNH:0
FNDA:0,isUserAdmin
FNDA:0,POST
FNDA:0,(anonymous_3)
FNDA:0,(anonymous_4)
FNDA:0,(anonymous_5)
FNDA:0,(anonymous_6)
FNDA:0,(anonymous_7)
FNDA:0,(anonymous_8)
FNDA:0,(anonymous_9)
FNDA:0,(anonymous_10)
DA:1,0
DA:2,0
DA:3,0
DA:4,0
DA:6,0
DA:10,0
DA:16,0
DA:17,0
DA:18,0
DA:20,0
DA:21,0
DA:24,0
DA:29,0
DA:30,0
DA:31,0
DA:35,0
DA:45,0
DA:48,0
DA:49,0
DA:51,0
DA:53,0
DA:55,0
DA:56,0
DA:60,0
DA:64,0
DA:66,0
DA:68,0
DA:70,0
DA:72,0
DA:73,0
DA:74,0
DA:81,0
DA:82,0
DA:83,0
DA:91,0
DA:92,0
DA:93,0
DA:95,0
DA:96,0
DA:98,0
DA:101,0
DA:103,0
DA:105,0
DA:110,0
DA:111,0
DA:115,0
DA:120,0
DA:124,0
DA:125,0
DA:126,0
DA:131,0
DA:136,0
DA:138,0
DA:139,0
DA:140,0
DA:144,0
DA:147,0
DA:151,0
DA:161,0
DA:164,0
DA:169,0
DA:172,0
DA:173,0
DA:176,0
DA:177,0
DA:184,0
DA:186,0
DA:188,0
DA:197,0
DA:198,0
DA:201,0
DA:206,0
DA:211,0
DA:220,0
DA:222,0
DA:223,0
DA:224,0
DA:229,0
DA:232,0
DA:233,0
DA:236,0
DA:238,0
DA:239,0
DA:245,0
DA:246,0
DA:247,0
DA:250,0
DA:257,0
DA:258,0
DA:260,0
DA:261,0
DA:264,0
DA:265,0
DA:266,0
DA:269,0
DA:270,0
DA:271,0
DA:275,0
DA:283,0
DA:284,0
DA:286,0
DA:293,0
DA:296,0
DA:301,0
DA:303,0
DA:305,0
DA:310,0
DA:313,0
DA:318,0
DA:320,0
DA:331,0
DA:337,0
DA:338,0
DA:343,0
DA:346,0
DA:349,0
DA:350,0
DA:354,0
DA:355,0
DA:356,0
DA:359,0
DA:362,0
DA:363,0
DA:365,0
DA:366,0
DA:367,0
DA:375,0
DA:378,0
DA:390,0
DA:391,0
DA:397,0
DA:400,0
DA:404,0
DA:406,0
DA:407,0
DA:412,0
DA:413,0
DA:415,0
DA:416,0
DA:418,0
DA:422,0
DA:426,0
DA:427,0
LF:143
LH:0
BRDA:16,0,0,0
BRDA:16,1,0,0
BRDA:16,1,1,0
BRDA:29,2,0,0
BRDA:29,3,0,0
BRDA:29,3,1,0
BRDA:29,4,0,0
BRDA:29,4,1,0
BRDA:48,5,0,0
BRDA:48,5,1,0
BRDA:48,6,0,0
BRDA:48,6,1,0
BRDA:48,7,0,0
BRDA:48,7,1,0
BRDA:48,8,0,0
BRDA:48,8,1,0
BRDA:49,9,0,0
BRDA:49,9,1,0
BRDA:49,9,2,0
BRDA:49,9,3,0
BRDA:49,9,4,0
BRDA:49,9,5,0
BRDA:51,10,0,0
BRDA:51,10,1,0
BRDA:51,11,0,0
BRDA:51,11,1,0
BRDA:51,12,0,0
BRDA:51,12,1,0
BRDA:72,13,0,0
BRDA:82,14,0,0
BRDA:95,15,0,0
BRDA:110,16,0,0
BRDA:120,17,0,0
BRDA:120,17,1,0
BRDA:120,17,2,0
BRDA:120,18,0,0
BRDA:120,18,1,0
BRDA:120,19,0,0
BRDA:120,19,1,0
BRDA:120,20,0,0
BRDA:120,20,1,0
BRDA:120,21,0,0
BRDA:120,21,1,0
BRDA:125,22,0,0
BRDA:138,23,0,0
BRDA:138,24,0,0
BRDA:138,24,1,0
BRDA:144,25,0,0
BRDA:144,25,1,0
BRDA:144,26,0,0
BRDA:144,26,1,0
BRDA:144,27,0,0
BRDA:144,27,1,0
BRDA:144,28,0,0
BRDA:144,28,1,0
BRDA:172,29,0,0
BRDA:172,30,0,0
BRDA:172,30,1,0
BRDA:186,31,0,0
BRDA:198,32,0,0
BRDA:198,32,1,0
BRDA:198,33,0,0
BRDA:198,33,1,0
BRDA:198,34,0,0
BRDA:198,34,1,0
BRDA:198,35,0,0
BRDA:198,35,1,0
BRDA:198,36,0,0
BRDA:198,36,1,0
BRDA:201,37,0,0
BRDA:201,37,1,0
BRDA:201,38,0,0
BRDA:201,38,1,0
BRDA:201,39,0,0
BRDA:201,39,1,0
BRDA:201,40,0,0
BRDA:201,40,1,0
BRDA:202,41,0,0
BRDA:202,41,1,0
BRDA:202,42,0,0
BRDA:202,42,1,0
BRDA:202,43,0,0
BRDA:202,43,1,0
BRDA:203,44,0,0
BRDA:203,44,1,0
BRDA:203,45,0,0
BRDA:203,45,1,0
BRDA:203,46,0,0
BRDA:203,46,1,0
BRDA:211,47,0,0
BRDA:211,47,1,0
BRDA:211,48,0,0
BRDA:211,48,1,0
BRDA:211,49,0,0
BRDA:211,49,1,0
BRDA:211,50,0,0
BRDA:211,50,1,0
BRDA:212,51,0,0
BRDA:212,51,1,0
BRDA:220,52,0,0
BRDA:220,52,1,0
BRDA:220,53,0,0
BRDA:220,53,1,0
BRDA:220,54,0,0
BRDA:220,54,1,0
BRDA:220,55,0,0
BRDA:220,55,1,0
BRDA:223,56,0,0
BRDA:232,57,0,0
BRDA:238,58,0,0
BRDA:238,59,0,0
BRDA:238,59,1,0
BRDA:238,60,0,0
BRDA:238,60,1,0
BRDA:241,61,0,0
BRDA:241,61,1,0
BRDA:245,62,0,0
BRDA:260,63,0,0
BRDA:260,63,1,0
BRDA:260,64,0,0
BRDA:260,64,1,0
BRDA:260,65,0,0
BRDA:260,65,1,0
BRDA:260,66,0,0
BRDA:260,66,1,0
BRDA:261,67,0,0
BRDA:261,67,1,0
BRDA:261,68,0,0
BRDA:261,68,1,0
BRDA:265,69,0,0
BRDA:265,69,1,0
BRDA:265,70,0,0
BRDA:265,70,1,0
BRDA:265,71,0,0
BRDA:265,71,1,0
BRDA:266,72,0,0
BRDA:266,72,1,0
BRDA:269,73,0,0
BRDA:269,74,0,0
BRDA:269,74,1,0
BRDA:269,74,2,0
BRDA:269,75,0,0
BRDA:269,75,1,0
BRDA:269,76,0,0
BRDA:269,76,1,0
BRDA:277,77,0,0
BRDA:277,77,1,0
BRDA:277,78,0,0
BRDA:277,78,1,0
BRDA:278,79,0,0
BRDA:278,79,1,0
BRDA:278,80,0,0
BRDA:278,80,1,0
BRDA:279,81,0,0
BRDA:279,81,1,0
BRDA:279,82,0,0
BRDA:279,82,1,0
BRDA:283,83,0,0
BRDA:283,83,1,0
BRDA:303,84,0,0
BRDA:350,85,0,0
BRDA:354,86,0,0
BRDA:365,87,0,0
BRDA:412,88,0,0
BRDA:415,89,0,0
BRF:165
BRH:0
end_of_record
TN:
SF:app/api/households/[id]/invite-code/route.ts
FN:7,isUserAdmin
FN:29,generateInviteCode
FNF:2
FNH:0
FNDA:0,isUserAdmin
FNDA:0,generateInviteCode
DA:1,0
DA:2,0
DA:3,0
DA:4,0
DA:8,0
DA:9,0
DA:11,0
DA:12,0
DA:21,0
DA:23,0
DA:24,0
DA:32,0
DA:35,0
DA:39,0
DA:40,0
DA:41,0
DA:42,0
DA:44,0
DA:45,0
DA:49,0
DA:50,0
DA:51,0
DA:57,0
DA:58,0
DA:61,0
DA:67,0
DA:69,0
DA:72,0
DA:75,0
DA:78,0
LF:30
LH:0
BRDA:8,0,0,0
BRDA:8,1,0,0
BRDA:8,1,1,0
BRDA:21,2,0,0
BRDA:21,2,1,0
BRDA:21,3,0,0
BRDA:21,3,1,0
BRDA:21,4,0,0
BRDA:21,4,1,0
BRDA:21,5,0,0
BRDA:21,5,1,0
BRDA:21,6,0,0
BRDA:21,6,1,0
BRDA:21,7,0,0
BRDA:21,7,1,0
BRDA:21,8,0,0
BRDA:21,8,1,0
BRDA:21,9,0,0
BRDA:21,9,1,0
BRDA:21,10,0,0
BRDA:21,10,1,0
BRDA:44,11,0,0
BRDA:50,12,0,0
BRDA:67,13,0,0
BRF:24
BRH:0
end_of_record
TN:
SF:app/api/households/[id]/members/route.ts
FN:11,(anonymous_1)
FN:22,authorizeAdmin
FN:53,authorizeMember
FN:81,GET
FN:115,(anonymous_5)
FN:135,POST
FN:227,DELETE
FN:281,(anonymous_8)
FNF:8
FNH:0
FNDA:0,(anonymous_1)
FNDA:0,authorizeAdmin
FNDA:0,authorizeMember
FNDA:0,GET
FNDA:0,(anonymous_5)
FNDA:0,POST
FNDA:0,DELETE
FNDA:0,(anonymous_8)
DA:1,0
DA:2,0
DA:5,0
DA:6,0
DA:7,0
DA:10,0
DA:11,0
DA:15,0
DA:23,0
DA:24,0
DA:27,0
DA:28,0
DA:33,0
DA:34,0
DA:37,0
DA:38,0
DA:41,0
DA:42,0
DA:45,0
DA:47,0
DA:48,0
DA:54,0
DA:55,0
DA:58,0
DA:59,0
DA:64,0
DA:65,0
DA:68,0
DA:69,0
DA:72,0
DA:74,0
DA:75,0
DA:81,0
DA:86,0
DA:87,0
DA:88,0
DA:90,0
DA:92,0
DA:93,0
DA:94,0
DA:97,0
DA:98,0
DA:99,0
DA:102,0
DA:104,0
DA:115,0
DA:123,0
DA:126,0
DA:127,0
DA:135,0
DA:140,0
DA:141,0
DA:142,0
DA:144,0
DA:146,0
DA:147,0
DA:148,0
DA:151,0
DA:152,0
DA:153,0
DA:156,0
DA:157,0
DA:158,0
DA:160,0
DA:161,0
DA:164,0
DA:167,0
DA:172,0
DA:175,0
DA:179,0
DA:180,0
DA:184,0
DA:185,0
DA:189,0
DA:204,0
DA:211,0
DA:214,0
DA:216,0
DA:217,0
DA:219,0
DA:227,0
DA:232,0
DA:233,0
DA:234,0
DA:236,0
DA:237,0
DA:239,0
DA:240,0
DA:241,0
DA:244,0
DA:245,0
DA:246,0
DA:247,0
DA:248,0
DA:252,0
DA:253,0
DA:255,0
DA:256,0
DA:257,0
DA:258,0
DA:261,0
DA:262,0
DA:264,0
DA:268,0
DA:269,0
DA:274,0
DA:279,0
DA:281,0
DA:294,0
DA:295,0
DA:297,0
DA:299,0
LF:112
LH:0
BRDA:23,0,0,0
BRDA:33,1,0,0
BRDA:37,2,0,0
BRDA:41,3,0,0
BRDA:54,4,0,0
BRDA:64,5,0,0
BRDA:68,6,0,0
BRDA:87,7,0,0
BRDA:98,8,0,0
BRDA:141,9,0,0
BRDA:152,10,0,0
BRDA:160,11,0,0
BRDA:172,12,0,0
BRDA:179,13,0,0
BRDA:184,14,0,0
BRDA:216,15,0,0
BRDA:233,16,0,0
BRDA:252,17,0,0
BRDA:257,18,0,0
BRDA:257,19,0,0
BRDA:257,19,1,0
BRDA:262,20,0,0
BRDA:262,20,1,0
BRDA:262,21,0,0
BRDA:262,21,1,0
BRDA:262,22,0,0
BRDA:262,22,1,0
BRDA:285,23,0,0
BRDA:285,23,1,0
BRDA:285,24,0,0
BRDA:285,24,1,0
BRDA:285,25,0,0
BRDA:285,25,1,0
BRDA:294,26,0,0
BRF:34
BRH:0
end_of_record
TN:
SF:app/api/households/[id]/members/[userId]/route.ts
FN:23,debugLog
FN:31,authorizeAdminAction
FN:62,authorizeAdminOrSelfAction
FN:107,getFormattedHousehold
FN:123,(anonymous_5)
FN:134,(anonymous_6)
FN:142,(anonymous_7)
FN:155,PATCH
FN:163,(anonymous_9)
FN:201,(anonymous_10)
FN:234,DELETE
FN:247,(anonymous_12)
FNF:12
FNH:0
FNDA:0,debugLog
FNDA:0,authorizeAdminAction
FNDA:0,authorizeAdminOrSelfAction
FNDA:0,getFormattedHousehold
FNDA:0,(anonymous_5)
FNDA:0,(anonymous_6)
FNDA:0,(anonymous_7)
FNDA:0,PATCH
FNDA:0,(anonymous_9)
FNDA:0,(anonymous_10)
FNDA:0,DELETE
FNDA:0,(anonymous_12)
DA:1,0
DA:2,0
DA:5,0
DA:7,0
DA:10,0
DA:16,0
DA:24,0
DA:26,0
DA:32,0
DA:33,0
DA:35,0
DA:37,0
DA:48,0
DA:50,0
DA:51,0
DA:52,0
DA:54,0
DA:56,0
DA:57,0
DA:63,0
DA:64,0
DA:66,0
DA:67,0
DA:68,0
DA:69,0
DA:71,0
DA:81,0
DA:83,0
DA:85,0
DA:86,0
DA:87,0
DA:89,0
DA:90,0
DA:92,0
DA:93,0
DA:96,0
DA:99,0
DA:100,0
DA:109,0
DA:120,0
DA:123,0
DA:134,0
DA:135,0
DA:137,0
DA:142,0
DA:155,0
DA:159,0
DA:161,0
DA:162,0
DA:163,0
DA:164,0
DA:166,0
DA:167,0
DA:169,0
DA:170,0
DA:173,0
DA:174,0
DA:175,0
DA:176,0
DA:179,0
DA:181,0
DA:191,0
DA:192,0
DA:195,0
DA:196,0
DA:198,0
DA:199,0
DA:200,0
DA:201,0
DA:202,0
DA:204,0
DA:207,0
DA:208,0
DA:209,0
DA:210,0
DA:215,0
DA:221,0
DA:222,0
DA:225,0
DA:226,0
DA:227,0
DA:229,0
DA:234,0
DA:238,0
DA:239,0
DA:240,0
DA:241,0
DA:242,0
DA:245,0
DA:246,0
DA:247,0
DA:248,0
DA:249,0
DA:251,0
DA:252,0
DA:254,0
DA:255,0
DA:258,0
DA:259,0
DA:260,0
DA:261,0
DA:264,0
DA:266,0
DA:276,0
DA:277,0
DA:278,0
DA:282,0
DA:285,0
DA:286,0
DA:287,0
DA:288,0
DA:289,0
DA:290,0
DA:296,0
DA:301,0
DA:302,0
DA:303,0
DA:306,0
DA:307,0
DA:308,0
DA:309,0
DA:313,0
DA:314,0
LF:123
LH:0
BRDA:24,0,0,0
BRDA:32,1,0,0
BRDA:48,2,0,0
BRDA:51,3,0,0
BRDA:52,4,0,0
BRDA:63,5,0,0
BRDA:83,6,0,0
BRDA:87,7,0,0
BRDA:92,8,0,0
BRDA:92,9,0,0
BRDA:92,9,1,0
BRDA:120,10,0,0
BRDA:126,11,0,0
BRDA:126,11,1,0
BRDA:126,12,0,0
BRDA:126,12,1,0
BRDA:126,13,0,0
BRDA:126,13,1,0
BRDA:127,14,0,0
BRDA:127,14,1,0
BRDA:127,15,0,0
BRDA:127,15,1,0
BRDA:127,16,0,0
BRDA:127,16,1,0
BRDA:130,17,0,0
BRDA:130,17,1,0
BRDA:130,18,0,0
BRDA:130,18,1,0
BRDA:130,19,0,0
BRDA:130,19,1,0
BRDA:135,20,0,0
BRDA:135,20,1,0
BRDA:140,21,0,0
BRDA:140,21,1,0
BRDA:162,22,0,0
BRDA:174,23,0,0
BRDA:191,24,0,0
BRDA:200,25,0,0
BRDA:207,26,0,0
BRDA:207,27,0,0
BRDA:207,27,1,0
BRDA:209,28,0,0
BRDA:226,29,0,0
BRDA:240,30,0,0
BRDA:246,31,0,0
BRDA:259,32,0,0
BRDA:276,33,0,0
BRDA:282,34,0,0
BRDA:282,34,1,0
BRDA:282,35,0,0
BRDA:282,35,1,0
BRDA:282,36,0,0
BRDA:282,36,1,0
BRDA:285,37,0,0
BRDA:287,38,0,0
BRDA:288,39,0,0
BRDA:307,40,0,0
BRF:57
BRH:0
end_of_record
TN:
SF:app/api/households/join/route.ts
FN:16,POST
FN:79,(anonymous_2)
FN:127,(anonymous_3)
FN:128,(anonymous_4)
FN:129,(anonymous_5)
FN:130,(anonymous_6)
FN:157,(anonymous_7)
FNF:7
FNH:0
FNDA:0,POST
FNDA:0,(anonymous_2)
FNDA:0,(anonymous_3)
FNDA:0,(anonymous_4)
FNDA:0,(anonymous_5)
FNDA:0,(anonymous_6)
FNDA:0,(anonymous_7)
DA:1,0
DA:2,0
DA:5,0
DA:8,0
DA:11,0
DA:16,0
DA:17,0
DA:18,0
DA:20,0
DA:21,0
DA:24,0
DA:25,0
DA:26,0
DA:28,0
DA:29,0
DA:32,0
DA:35,0
DA:56,0
DA:57,0
DA:61,0
DA:73,0
DA:75,0
DA:79,0
DA:80,0
DA:81,0
DA:85,0
DA:86,0
DA:90,0
DA:99,0
DA:120,0
DA:122,0
DA:126,0
DA:127,0
DA:128,0
DA:129,0
DA:130,0
DA:143,0
DA:144,0
DA:145,0
DA:148,0
DA:153,0
DA:157,0
DA:172,0
DA:175,0
DA:177,0
DA:178,0
DA:180,0
LF:47
LH:0
BRDA:20,0,0,0
BRDA:20,1,0,0
BRDA:20,1,1,0
BRDA:28,2,0,0
BRDA:56,3,0,0
BRDA:73,4,0,0
BRDA:80,5,0,0
BRDA:85,6,0,0
BRDA:120,7,0,0
BRDA:134,8,0,0
BRDA:134,8,1,0
BRDA:134,9,0,0
BRDA:134,9,1,0
BRDA:134,10,0,0
BRDA:134,10,1,0
BRDA:143,11,0,0
BRDA:177,12,0,0
BRF:17
BRH:0
end_of_record
TN:
SF:app/api/monitoring/errors/route.ts
FN:21,POST
FN:69,(anonymous_1)
FNF:2
FNH:0
FNDA:0,POST
FNDA:0,(anonymous_1)
DA:1,0
DA:3,0
DA:6,0
DA:7,0
DA:8,0
DA:10,0
DA:21,0
DA:22,0
DA:24,0
DA:26,0
DA:27,0
DA:28,0
DA:29,0
DA:30,0
DA:33,0
DA:36,0
DA:37,0
DA:39,0
DA:40,0
DA:46,0
DA:49,0
DA:63,0
DA:67,0
DA:69,0
DA:71,0
LF:25
LH:0
BRDA:29,0,0,0
BRDA:37,1,0,0
BRDA:53,2,0,0
BRDA:53,2,1,0
BRDA:53,3,0,0
BRDA:53,3,1,0
BRDA:53,4,0,0
BRDA:53,4,1,0
BRDA:53,5,0,0
BRDA:53,5,1,0
BRF:10
BRH:0
end_of_record
TN:
SF:app/api/notifications/admin-send.ts
FN:6,POST
FNF:1
FNH:0
FNDA:0,POST
DA:1,0
DA:2,0
DA:3,0
DA:4,0
DA:6,0
DA:8,0
DA:15,0
DA:16,0
DA:17,0
DA:20,0
DA:25,0
DA:26,0
DA:29,0
DA:30,0
DA:31,0
DA:33,0
DA:34,0
DA:35,0
DA:37,0
LF:19
LH:0
BRDA:16,0,0,0
BRDA:25,1,0,0
BRDA:25,2,0,0
BRDA:25,2,1,0
BRDA:25,2,2,0
BRDA:29,3,0,0
BRDA:30,4,0,0
BRDA:30,5,0,0
BRDA:30,5,1,0
BRDA:30,5,2,0
BRDA:30,5,3,0
BRDA:37,6,0,0
BRDA:37,6,1,0
BRF:13
BRH:0
end_of_record
TN:
SF:app/api/notifications/route.ts
FN:12,createSupabaseRouteClient
FN:25,GET
FN:75,POST
FN:110,PATCH
FN:163,DELETE
FNF:5
FNH:0
FNDA:0,createSupabaseRouteClient
FNDA:0,GET
FNDA:0,POST
FNDA:0,PATCH
FNDA:0,DELETE
DA:1,0
DA:2,0
DA:4,0
DA:5,0
DA:9,0
DA:13,0
DA:23,0
DA:25,0
DA:26,0
DA:28,0
DA:29,0
DA:30,0
DA:34,0
DA:35,0
DA:36,0
DA:37,0
DA:38,0
DA:39,0
DA:40,0
DA:43,0
DA:50,0
DA:51,0
DA:55,0
DA:62,0
DA:63,0
DA:65,0
DA:75,0
DA:76,0
DA:78,0
DA:79,0
DA:80,0
DA:83,0
DA:85,0
DA:102,0
DA:103,0
DA:106,0
DA:110,0
DA:111,0
DA:113,0
DA:115,0
DA:116,0
DA:118,0
DA:119,0
DA:120,0
DA:122,0
DA:123,0
DA:125,0
DA:126,0
DA:128,0
DA:129,0
DA:130,0
DA:136,0
DA:147,0
DA:149,0
DA:150,0
DA:152,0
DA:154,0
DA:155,0
DA:163,0
DA:164,0
DA:166,0
DA:168,0
DA:169,0
DA:171,0
DA:172,0
DA:173,0
DA:175,0
DA:176,0
DA:178,0
DA:179,0
DA:181,0
DA:182,0
DA:183,0
DA:189,0
DA:196,0
DA:198,0
DA:199,0
DA:201,0
DA:203,0
DA:204,0
LF:80
LH:0
BRDA:29,0,0,0
BRDA:35,1,0,0
BRDA:35,1,1,0
BRDA:36,2,0,0
BRDA:36,2,1,0
BRDA:37,3,0,0
BRDA:37,3,1,0
BRDA:37,4,0,0
BRDA:37,4,1,0
BRDA:38,5,0,0
BRDA:38,5,1,0
BRDA:38,6,0,0
BRDA:38,6,1,0
BRDA:50,7,0,0
BRDA:55,8,0,0
BRDA:55,8,1,0
BRDA:55,9,0,0
BRDA:55,9,1,0
BRDA:55,10,0,0
BRDA:55,10,1,0
BRDA:55,11,0,0
BRDA:55,11,1,0
BRDA:55,12,0,0
BRDA:55,12,1,0
BRDA:55,13,0,0
BRDA:55,13,1,0
BRDA:62,14,0,0
BRDA:62,14,1,0
BRDA:63,15,0,0
BRDA:63,15,1,0
BRDA:66,16,0,0
BRDA:66,16,1,0
BRDA:79,17,0,0
BRDA:83,18,0,0
BRDA:102,19,0,0
BRDA:118,20,0,0
BRDA:118,21,0,0
BRDA:118,21,1,0
BRDA:119,22,0,0
BRDA:119,22,1,0
BRDA:119,23,0,0
BRDA:119,23,1,0
BRDA:128,24,0,0
BRDA:128,25,0,0
BRDA:128,25,1,0
BRDA:128,25,2,0
BRDA:171,26,0,0
BRDA:171,27,0,0
BRDA:171,27,1,0
BRDA:172,28,0,0
BRDA:172,28,1,0
BRDA:172,29,0,0
BRDA:172,29,1,0
BRDA:181,30,0,0
BRDA:181,31,0,0
BRDA:181,31,1,0
BRF:56
BRH:0
end_of_record
TN:
SF:app/api/notifications/[id]/route.ts
FN:8,createSupabaseRouteClient
FN:19,DELETE
FN:97,PUT
FNF:3
FNH:0
FNDA:0,createSupabaseRouteClient
FNDA:0,DELETE
FNDA:0,PUT
DA:1,0
DA:2,0
DA:3,0
DA:4,0
DA:5,0
DA:9,0
DA:19,0
DA:20,0
DA:21,0
DA:22,0
DA:24,0
DA:26,0
DA:27,0
DA:29,0
DA:30,0
DA:31,0
DA:33,0
DA:34,0
DA:36,0
DA:37,0
DA:38,0
DA:42,0
DA:43,0
DA:48,0
DA:49,0
DA:50,0
DA:54,0
DA:55,0
DA:56,0
DA:60,0
DA:61,0
DA:67,0
DA:70,0
DA:71,0
DA:72,0
DA:74,0
DA:75,0
DA:78,0
DA:80,0
DA:81,0
DA:83,0
DA:84,0
DA:86,0
DA:87,0
DA:90,0
DA:97,0
DA:98,0
DA:99,0
DA:101,0
DA:102,0
DA:103,0
DA:106,0
DA:108,0
DA:116,0
DA:117,0
DA:120,0
LF:56
LH:0
BRDA:29,0,0,0
BRDA:29,1,0,0
BRDA:29,1,1,0
BRDA:30,2,0,0
BRDA:30,2,1,0
BRDA:30,3,0,0
BRDA:30,3,1,0
BRDA:36,4,0,0
BRDA:36,5,0,0
BRDA:36,5,1,0
BRDA:36,5,2,0
BRDA:48,6,0,0
BRDA:54,7,0,0
BRDA:80,8,0,0
BRDA:83,9,0,0
BRDA:86,10,0,0
BRDA:102,11,0,0
BRDA:116,12,0,0
BRF:18
BRH:0
end_of_record
TN:
SF:app/api/notifications/[id]/read/route.ts
FN:8,PATCH
FNF:1
FNH:0
FNDA:0,PATCH
DA:1,0
DA:2,0
DA:3,0
DA:4,0
DA:5,0
DA:8,0
DA:12,0
DA:13,0
DA:14,0
DA:15,0
DA:16,0
DA:18,0
DA:19,0
DA:20,0
DA:26,0
DA:27,0
DA:29,0
DA:30,0
DA:31,0
DA:38,0
DA:39,0
DA:44,0
DA:45,0
DA:46,0
DA:52,0
DA:53,0
DA:54,0
DA:61,0
DA:62,0
DA:66,0
DA:69,0
DA:70,0
DA:71,0
DA:72,0
DA:75,0
DA:76,0
DA:77,0
DA:79,0
DA:80,0
DA:81,0
LF:40
LH:0
BRDA:16,0,0,0
BRDA:16,0,1,0
BRDA:18,1,0,0
BRDA:18,2,0,0
BRDA:18,2,1,0
BRDA:29,3,0,0
BRDA:44,4,0,0
BRDA:52,5,0,0
BRF:8
BRH:0
end_of_record
TN:
SF:app/api/notifications/read-all/route.ts
FN:7,POST
FNF:1
FNH:0
FNDA:0,POST
DA:1,0
DA:2,0
DA:3,0
DA:4,0
DA:7,0
DA:8,0
DA:10,0
DA:11,0
DA:13,0
DA:14,0
DA:15,0
DA:17,0
DA:19,0
DA:21,0
DA:32,0
DA:35,0
DA:36,0
DA:38,0
DA:43,0
DA:44,0
LF:20
LH:0
BRDA:13,0,0,0
BRF:1
BRH:0
end_of_record
TN:
SF:app/api/notifications/unread-count/route.ts
FN:9,GET
FNF:1
FNH:0
FNDA:0,GET
DA:1,0
DA:2,0
DA:3,0
DA:4,0
DA:6,0
DA:9,0
DA:11,0
DA:19,0
DA:20,0
DA:21,0
DA:24,0
DA:26,0
DA:32,0
DA:34,0
LF:14
LH:0
BRDA:20,0,0,0
BRDA:20,1,0,0
BRDA:20,1,1,0
BRF:3
BRH:0
end_of_record
TN:
SF:app/api/profile/[idOrUsername]/route.ts
FN:8,GET
FN:109,PUT
FN:145,(anonymous_3)
FNF:3
FNH:0
FNDA:0,GET
FNDA:0,PUT
FNDA:0,(anonymous_3)
DA:1,0
DA:2,0
DA:3,0
DA:5,0
DA:8,0
DA:12,0
DA:14,0
DA:15,0
DA:17,0
DA:18,0
DA:21,0
DA:23,0
DA:24,0
DA:29,0
DA:90,0
DA:91,0
DA:94,0
DA:96,0
DA:97,0
DA:101,0
DA:109,0
DA:113,0
DA:115,0
DA:116,0
DA:118,0
DA:119,0
DA:122,0
DA:123,0
DA:124,0
DA:129,0
DA:130,0
DA:131,0
DA:133,0
DA:134,0
DA:137,0
DA:138,0
DA:139,0
DA:140,0
DA:143,0
DA:145,0
DA:147,0
DA:152,0
DA:154,0
DA:155,0
LF:44
LH:0
BRDA:17,0,0,0
BRDA:17,1,0,0
BRDA:17,1,1,0
BRDA:24,2,0,0
BRDA:24,2,1,0
BRDA:90,3,0,0
BRDA:118,4,0,0
BRDA:118,5,0,0
BRDA:118,5,1,0
BRDA:124,6,0,0
BRDA:124,6,1,0
BRDA:130,7,0,0
BRDA:133,8,0,0
BRDA:139,9,0,0
BRDA:145,10,0,0
BRDA:145,10,1,0
BRDA:145,10,2,0
BRF:17
BRH:0
end_of_record
TN:
SF:app/api/scheduled-notifications/route.ts
FN:7,createSupabaseRouteClient
FN:17,POST
FNF:2
FNH:0
FNDA:0,createSupabaseRouteClient
FNDA:0,POST
DA:1,0
DA:2,0
DA:3,0
DA:4,0
DA:8,0
DA:17,0
DA:18,0
DA:19,0
DA:21,0
DA:22,0
DA:23,0
DA:24,0
DA:25,0
DA:29,0
DA:30,0
DA:31,0
DA:36,0
DA:37,0
DA:38,0
DA:40,0
DA:41,0
DA:42,0
DA:43,0
DA:47,0
DA:57,0
DA:63,0
DA:65,0
DA:66,0
LF:28
LH:0
BRDA:23,0,0,0
BRDA:36,1,0,0
BRDA:36,2,0,0
BRDA:36,2,1,0
BRDA:36,2,2,0
BRDA:36,2,3,0
BRDA:41,3,0,0
BRDA:41,4,0,0
BRDA:41,4,1,0
BRDA:50,5,0,0
BRDA:50,5,1,0
BRF:11
BRH:0
end_of_record
TN:
SF:app/api/scheduled-notifications/deliver/route.ts
FN:11,POST
FN:27,(anonymous_1)
FN:28,(anonymous_2)
FN:35,(anonymous_3)
FN:49,(anonymous_4)
FN:60,(anonymous_5)
FN:75,(anonymous_6)
FN:106,(anonymous_7)
FN:130,(anonymous_8)
FN:145,(anonymous_9)
FN:146,(anonymous_10)
FN:149,(anonymous_11)
FN:158,(anonymous_12)
FNF:13
FNH:0
FNDA:0,POST
FNDA:0,(anonymous_1)
FNDA:0,(anonymous_2)
FNDA:0,(anonymous_3)
FNDA:0,(anonymous_4)
FNDA:0,(anonymous_5)
FNDA:0,(anonymous_6)
FNDA:0,(anonymous_7)
FNDA:0,(anonymous_8)
FNDA:0,(anonymous_9)
FNDA:0,(anonymous_10)
FNDA:0,(anonymous_11)
FNDA:0,(anonymous_12)
DA:5,0
DA:6,0
DA:8,0
DA:11,0
DA:12,0
DA:13,0
DA:15,0
DA:21,0
DA:22,0
DA:26,0
DA:27,0
DA:28,0
DA:31,0
DA:32,0
DA:33,0
DA:35,0
DA:43,0
DA:44,0
DA:49,0
DA:50,0
DA:52,0
DA:54,0
DA:58,0
DA:60,0
DA:66,0
DA:68,0
DA:72,0
DA:74,0
DA:75,0
DA:80,0
DA:81,0
DA:82,0
DA:83,0
DA:87,0
DA:88,0
DA:89,0
DA:90,0
DA:91,0
DA:92,0
DA:93,0
DA:94,0
DA:95,0
DA:104,0
DA:106,0
DA:113,0
DA:114,0
DA:115,0
DA:118,0
DA:119,0
DA:120,0
DA:121,0
DA:123,0
DA:124,0
DA:127,0
DA:131,0
DA:132,0
DA:143,0
DA:145,0
DA:146,0
DA:149,0
DA:150,0
DA:155,0
DA:156,0
DA:157,0
DA:158,0
DA:159,0
DA:160,0
DA:173,0
DA:174,0
DA:175,0
DA:184,0
DA:186,0
DA:187,0
LF:73
LH:0
BRDA:21,0,0,0
BRDA:27,1,0,0
BRDA:27,1,1,0
BRDA:27,1,2,0
BRDA:32,2,0,0
BRDA:50,3,0,0
BRDA:50,4,0,0
BRDA:50,4,1,0
BRDA:50,4,2,0
BRDA:72,5,0,0
BRDA:82,6,0,0
BRDA:91,7,0,0
BRDA:94,8,0,0
BRDA:121,9,0,0
BRDA:145,10,0,0
BRDA:145,10,1,0
BRDA:145,10,2,0
BRDA:145,10,3,0
BRDA:157,11,0,0
BRDA:158,12,0,0
BRDA:158,12,1,0
BRDA:173,13,0,0
BRF:22
BRH:0
end_of_record
TN:
SF:app/api/schedules/route.ts
FN:7,GET
FN:53,(anonymous_2)
FN:64,POST
FNF:3
FNH:0
FNDA:0,GET
FNDA:0,(anonymous_2)
FNDA:0,POST
DA:1,0
DA:2,0
DA:3,0
DA:4,0
DA:7,0
DA:8,0
DA:9,0
DA:11,0
DA:12,0
DA:15,0
DA:16,0
DA:17,0
DA:19,0
DA:20,0
DA:24,0
DA:25,0
DA:32,0
DA:33,0
DA:37,0
DA:38,0
DA:50,0
DA:53,0
DA:57,0
DA:59,0
DA:64,0
DA:65,0
DA:66,0
DA:68,0
DA:69,0
DA:72,0
DA:73,0
DA:80,0
DA:82,0
DA:83,0
DA:87,0
DA:92,0
DA:94,0
DA:95,0
DA:97,0
DA:98,0
DA:100,0
DA:101,0
DA:105,0
DA:106,0
DA:110,0
DA:111,0
DA:113,0
DA:114,0
DA:118,0
DA:119,0
DA:136,0
DA:138,0
DA:140,0
LF:53
LH:0
BRDA:11,0,0,0
BRDA:19,1,0,0
BRDA:32,2,0,0
BRDA:68,3,0,0
BRDA:82,4,0,0
BRDA:82,5,0,0
BRDA:82,5,1,0
BRDA:92,6,0,0
BRDA:92,6,1,0
BRDA:92,7,0,0
BRDA:92,7,1,0
BRDA:92,8,0,0
BRDA:92,8,1,0
BRDA:92,9,0,0
BRDA:92,9,1,0
BRDA:94,10,0,0
BRDA:97,11,0,0
BRDA:100,12,0,0
BRDA:105,13,0,0
BRDA:105,14,0,0
BRDA:105,14,1,0
BRDA:110,15,0,0
BRDA:110,16,0,0
BRDA:110,16,1,0
BRDA:110,16,2,0
BRDA:113,17,0,0
BRDA:113,18,0,0
BRDA:113,18,1,0
BRDA:113,18,2,0
BRDA:123,19,0,0
BRDA:123,19,1,0
BRDA:124,20,0,0
BRDA:124,20,1,0
BRDA:125,21,0,0
BRDA:125,21,1,0
BRDA:125,22,0,0
BRDA:125,22,1,0
BRF:37
BRH:0
end_of_record
TN:
SF:app/api/schedules/[id]/route.ts
FN:8,GET
FN:44,PATCH
FN:129,DELETE
FNF:3
FNH:0
FNDA:0,GET
FNDA:0,PATCH
FNDA:0,DELETE
DA:1,0
DA:2,0
DA:3,0
DA:5,0
DA:8,0
DA:12,0
DA:13,0
DA:14,0
DA:16,0
DA:17,0
DA:20,0
DA:33,0
DA:34,0
DA:37,0
DA:39,0
DA:44,0
DA:48,0
DA:49,0
DA:50,0
DA:52,0
DA:53,0
DA:61,0
DA:64,0
DA:69,0
DA:70,0
DA:74,0
DA:75,0
DA:79,0
DA:80,0
DA:83,0
DA:84,0
DA:88,0
DA:89,0
DA:91,0
DA:92,0
DA:93,0
DA:95,0
DA:96,0
DA:98,0
DA:101,0
DA:107,0
DA:108,0
DA:119,0
DA:122,0
DA:124,0
DA:129,0
DA:133,0
DA:134,0
DA:135,0
DA:137,0
DA:138,0
DA:142,0
DA:146,0
DA:147,0
DA:151,0
DA:155,0
DA:160,0
LF:57
LH:0
BRDA:16,0,0,0
BRDA:33,1,0,0
BRDA:52,2,0,0
BRDA:69,3,0,0
BRDA:74,4,0,0
BRDA:74,5,0,0
BRDA:74,5,1,0
BRDA:74,5,2,0
BRDA:79,6,0,0
BRDA:79,7,0,0
BRDA:79,7,1,0
BRDA:79,7,2,0
BRDA:83,8,0,0
BRDA:83,9,0,0
BRDA:83,9,1,0
BRDA:83,9,2,0
BRDA:91,10,0,0
BRDA:92,11,0,0
BRDA:92,11,1,0
BRDA:92,12,0,0
BRDA:92,12,1,0
BRDA:93,13,0,0
BRDA:93,13,1,0
BRDA:93,14,0,0
BRDA:93,14,1,0
BRDA:95,15,0,0
BRDA:95,16,0,0
BRDA:95,16,1,0
BRDA:96,17,0,0
BRDA:96,18,0,0
BRDA:96,18,1,0
BRDA:98,19,0,0
BRDA:98,20,0,0
BRDA:98,20,1,0
BRDA:137,21,0,0
BRDA:146,22,0,0
BRF:36
BRH:0
end_of_record
TN:
SF:app/api/statistics/route.ts
FN:8,GET
FNF:1
FNH:0
FNDA:0,GET
DA:1,0
DA:2,0
DA:3,0
DA:4,0
DA:5,0
DA:8,0
DA:9,0
DA:10,0
DA:11,0
DA:12,0
DA:14,0
DA:15,0
DA:16,0
DA:23,0
DA:28,0
DA:29,0
DA:30,0
DA:36,0
DA:37,0
DA:38,0
DA:39,0
DA:41,0
DA:43,0
DA:49,0
DA:51,0
DA:53,0
DA:54,0
LF:27
LH:0
BRDA:14,0,0,0
BRDA:14,1,0,0
BRDA:14,1,1,0
BRDA:28,2,0,0
BRDA:28,3,0,0
BRDA:28,3,1,0
BRDA:37,4,0,0
BRDA:37,4,1,0
BRDA:38,5,0,0
BRDA:38,5,1,0
BRF:10
BRH:0
end_of_record
TN:
SF:app/api/test-prisma/route.ts
FN:9,(anonymous_1)
FN:15,GET
FN:57,(anonymous_3)
FNF:3
FNH:0
FNDA:0,(anonymous_1)
FNDA:0,GET
FNDA:0,(anonymous_3)
DA:1,0
DA:2,0
DA:5,0
DA:8,0
DA:9,0
DA:13,0
DA:15,0
DA:16,0
DA:18,0
DA:19,0
DA:21,0
DA:23,0
DA:24,0
DA:27,0
DA:28,0
DA:31,0
DA:32,0
DA:35,0
DA:36,0
DA:39,0
DA:40,0
DA:43,0
DA:44,0
DA:47,0
DA:48,0
DA:51,0
DA:52,0
DA:54,0
DA:57,0
LF:29
LH:0
BRDA:9,0,0,0
BRDA:9,0,1,0
BRDA:48,1,0,0
BRDA:48,1,1,0
BRDA:51,2,0,0
BRDA:51,2,1,0
BRDA:57,3,0,0
BRDA:57,3,1,0
BRF:8
BRH:0
end_of_record
TN:
SF:app/api/upload/route.ts
FN:12,POST
FN:108,GET
FNF:2
FNH:0
FNDA:0,POST
FNDA:0,GET
DA:1,0
DA:2,0
DA:3,0
DA:4,0
DA:5,0
DA:6,0
DA:7,0
DA:8,0
DA:12,0
DA:13,0
DA:15,0
DA:17,0
DA:20,0
DA:21,0
DA:22,0
DA:28,0
DA:30,0
DA:31,0
DA:32,0
DA:38,0
DA:39,0
DA:40,0
DA:42,0
DA:43,0
DA:50,0
DA:51,0
DA:58,0
DA:59,0
DA:62,0
DA:63,0
DA:64,0
DA:65,0
DA:68,0
DA:71,0
DA:74,0
DA:75,0
DA:78,0
DA:79,0
DA:81,0
DA:84,0
DA:85,0
DA:91,0
DA:97,0
DA:98,0
DA:99,0
DA:101,0
DA:108,0
DA:109,0
DA:110,0
DA:112,0
DA:113,0
LF:51
LH:0
BRDA:20,0,0,0
BRDA:20,1,0,0
BRDA:20,1,1,0
BRDA:30,2,0,0
BRDA:30,3,0,0
BRDA:30,3,1,0
BRDA:40,4,0,0
BRDA:40,4,1,0
BRDA:42,5,0,0
BRDA:50,6,0,0
BRDA:78,7,0,0
BRDA:78,7,1,0
BRDA:84,8,0,0
BRDA:97,9,0,0
BRF:14
BRH:0
end_of_record
TN:
SF:app/api/users/[id]/route.ts
FN:9,GET
FNF:1
FNH:0
FNDA:0,GET
DA:1,0
DA:2,0
DA:3,0
DA:4,0
DA:5,0
DA:9,0
DA:13,0
DA:14,0
DA:15,0
DA:16,0
DA:18,0
DA:19,0
DA:20,0
DA:23,0
DA:24,0
DA:25,0
DA:29,0
DA:34,0
DA:35,0
DA:37,0
DA:41,0
DA:42,0
DA:49,0
DA:51,0
DA:52,0
DA:59,0
DA:72,0
DA:74,0
DA:75,0
LF:29
LH:0
BRDA:18,0,0,0
BRDA:18,1,0,0
BRDA:18,1,1,0
BRDA:24,2,0,0
BRDA:34,3,0,0
BRDA:41,4,0,0
BRDA:51,5,0,0
BRDA:66,6,0,0
BRDA:66,6,1,0
BRF:9
BRH:0
end_of_record
TN:
SF:app/api/users/[id]/[userId]/preferences/route.ts
FN:22,createSupabaseRouteClient
FN:27,(anonymous_2)
FN:31,(anonymous_3)
FN:40,(anonymous_4)
FN:61,updateUserPreferences
FN:94,(anonymous_6)
FNF:6
FNH:0
FNDA:0,createSupabaseRouteClient
FNDA:0,(anonymous_2)
FNDA:0,(anonymous_3)
FNDA:0,(anonymous_4)
FNDA:0,updateUserPreferences
FNDA:0,(anonymous_6)
DA:1,0
DA:2,0
DA:3,0
DA:4,0
DA:5,0
DA:6,0
DA:10,0
DA:23,0
DA:26,0
DA:29,0
DA:32,0
DA:34,0
DA:37,0
DA:41,0
DA:43,0
DA:46,0
DA:51,0
DA:66,0
DA:71,0
DA:72,0
DA:76,0
DA:89,0
DA:93,0
DA:98,0
DA:99,0
DA:101,0
DA:102,0
DA:105,0
DA:108,0
DA:112,0
DA:113,0
DA:117,0
DA:118,0
DA:121,0
DA:123,0
DA:124,0
DA:126,0
DA:128,0
DA:129,0
LF:39
LH:0
BRDA:29,0,0,0
BRDA:29,0,1,0
BRDA:29,1,0,0
BRDA:29,1,1,0
BRDA:71,2,0,0
BRDA:101,3,0,0
BRDA:101,4,0,0
BRDA:101,4,1,0
BRDA:112,5,0,0
BRDA:117,6,0,0
BRF:10
BRH:0
end_of_record
TN:
SF:app/api/users/[id]/preferences/route.ts
FN:20,createSupabaseRouteClient
FN:25,(anonymous_2)
FN:29,(anonymous_3)
FN:38,(anonymous_4)
FN:59,updateUserPreferences
FN:82,(anonymous_6)
FNF:6
FNH:0
FNDA:0,createSupabaseRouteClient
FNDA:0,(anonymous_2)
FNDA:0,(anonymous_3)
FNDA:0,(anonymous_4)
FNDA:0,updateUserPreferences
FNDA:0,(anonymous_6)
DA:1,0
DA:2,0
DA:3,0
DA:4,0
DA:5,0
DA:6,0
DA:9,0
DA:21,0
DA:24,0
DA:27,0
DA:30,0
DA:32,0
DA:35,0
DA:39,0
DA:41,0
DA:44,0
DA:49,0
DA:64,0
DA:77,0
DA:81,0
DA:86,0
DA:87,0
DA:89,0
DA:90,0
DA:93,0
DA:96,0
DA:100,0
DA:101,0
DA:105,0
DA:106,0
DA:110,0
DA:112,0
DA:113,0
DA:115,0
DA:117,0
DA:118,0
LF:36
LH:0
BRDA:27,0,0,0
BRDA:27,0,1,0
BRDA:27,1,0,0
BRDA:27,1,1,0
BRDA:89,2,0,0
BRDA:89,3,0,0
BRDA:89,3,1,0
BRDA:100,4,0,0
BRDA:105,5,0,0
BRF:9
BRH:0
end_of_record
TN:
SF:app/api/weight-logs/route.ts
FN:27,createWeightLogAndUpdateCat
FN:31,(anonymous_2)
FN:63,syncCatWeightWithLatestLog
FN:78,POST
FN:139,GET
FN:200,PUT
FN:279,(anonymous_7)
FN:316,DELETE
FN:373,(anonymous_9)
FNF:9
FNH:0
FNDA:0,createWeightLogAndUpdateCat
FNDA:0,(anonymous_2)
FNDA:0,syncCatWeightWithLatestLog
FNDA:0,POST
FNDA:0,GET
FNDA:0,PUT
FNDA:0,(anonymous_7)
FNDA:0,DELETE
FNDA:0,(anonymous_9)
DA:1,0
DA:2,0
DA:3,0
DA:4,0
DA:8,0
DA:16,0
DA:28,0
DA:29,0
DA:31,0
DA:33,0
DA:44,0
DA:50,0
DA:51,0
DA:58,0
DA:64,0
DA:71,0
DA:78,0
DA:79,0
DA:81,0
DA:82,0
DA:84,0
DA:85,0
DA:94,0
DA:95,0
DA:97,0
DA:98,0
DA:107,0
DA:109,0
DA:117,0
DA:119,0
DA:120,0
DA:129,0
DA:139,0
DA:140,0
DA:142,0
DA:143,0
DA:145,0
DA:146,0
DA:154,0
DA:155,0
DA:157,0
DA:158,0
DA:167,0
DA:181,0
DA:189,0
DA:190,0
DA:200,0
DA:201,0
DA:202,0
DA:203,0
DA:205,0
DA:206,0
DA:214,0
DA:215,0
DA:216,0
DA:217,0
DA:225,0
DA:226,0
DA:227,0
DA:228,0
DA:236,0
DA:237,0
DA:241,0
DA:246,0
DA:247,0
DA:257,0
DA:262,0
DA:263,0
DA:270,0
DA:271,0
DA:279,0
DA:280,0
DA:292,0
DA:294,0
DA:297,0
DA:305,0
DA:306,0
DA:316,0
DA:317,0
DA:318,0
DA:319,0
DA:321,0
DA:322,0
DA:330,0
DA:331,0
DA:332,0
DA:333,0
DA:342,0
DA:347,0
DA:348,0
DA:356,0
DA:359,0
DA:364,0
DA:365,0
DA:373,0
DA:375,0
DA:380,0
DA:383,0
DA:391,0
DA:392,0
LF:100
LH:0
BRDA:50,0,0,0
BRDA:50,1,0,0
BRDA:50,1,1,0
BRDA:73,2,0,0
BRDA:73,2,1,0
BRDA:84,3,0,0
BRDA:97,4,0,0
BRDA:119,5,0,0
BRDA:145,6,0,0
BRDA:157,7,0,0
BRDA:157,8,0,0
BRDA:157,8,1,0
BRDA:157,8,2,0
BRDA:205,9,0,0
BRDA:216,10,0,0
BRDA:216,11,0,0
BRDA:216,11,1,0
BRDA:227,12,0,0
BRDA:246,13,0,0
BRDA:246,14,0,0
BRDA:246,14,1,0
BRDA:262,15,0,0
BRDA:270,16,0,0
BRDA:321,17,0,0
BRDA:332,18,0,0
BRDA:332,19,0,0
BRDA:332,19,1,0
BRDA:347,20,0,0
BRDA:364,21,0,0
BRDA:364,22,0,0
BRDA:364,22,1,0
BRF:31
BRH:0
end_of_record
TN:
SF:app/api/weight/goals/route.ts
FN:9,GET
FN:70,(anonymous_1)
FN:106,POST
FN:165,(anonymous_3)
FN:217,PUT
FN:260,(anonymous_5)
FN:324,DELETE
FN:364,(anonymous_7)
FNF:8
FNH:0
FNDA:0,GET
FNDA:0,(anonymous_1)
FNDA:0,POST
FNDA:0,(anonymous_3)
FNDA:0,PUT
FNDA:0,(anonymous_5)
FNDA:0,DELETE
FNDA:0,(anonymous_7)
DA:1,0
DA:2,0
DA:3,0
DA:6,0
DA:7,0
DA:9,0
DA:10,0
DA:11,0
DA:12,0
DA:14,0
DA:15,0
DA:22,0
DA:23,0
DA:24,0
DA:25,0
DA:30,0
DA:33,0
DA:39,0
DA:40,0
DA:47,0
DA:51,0
DA:56,0
DA:57,0
DA:58,0
DA:63,0
DA:64,0
DA:70,0
DA:72,0
DA:88,0
DA:89,0
DA:90,0
DA:96,0
DA:98,0
DA:99,0
DA:106,0
DA:107,0
DA:108,0
DA:109,0
DA:111,0
DA:112,0
DA:119,0
DA:120,0
DA:121,0
DA:122,0
DA:127,0
DA:130,0
DA:136,0
DA:137,0
DA:144,0
DA:145,0
DA:154,0
DA:155,0
DA:156,0
DA:161,0
DA:164,0
DA:165,0
DA:168,0
DA:175,0
DA:176,0
DA:183,0
DA:199,0
DA:200,0
DA:201,0
DA:207,0
DA:209,0
DA:210,0
DA:217,0
DA:218,0
DA:219,0
DA:220,0
DA:221,0
DA:223,0
DA:224,0
DA:231,0
DA:232,0
DA:233,0
DA:234,0
DA:239,0
DA:242,0
DA:248,0
DA:249,0
DA:255,0
DA:256,0
DA:259,0
DA:260,0
DA:263,0
DA:269,0
DA:270,0
DA:276,0
DA:283,0
DA:284,0
DA:291,0
DA:306,0
DA:307,0
DA:308,0
DA:314,0
DA:316,0
DA:317,0
DA:324,0
DA:325,0
DA:326,0
DA:327,0
DA:328,0
DA:330,0
DA:331,0
DA:338,0
DA:339,0
DA:340,0
DA:341,0
DA:346,0
DA:349,0
DA:355,0
DA:356,0
DA:363,0
DA:364,0
DA:367,0
DA:373,0
DA:374,0
DA:380,0
DA:387,0
DA:388,0
DA:395,0
DA:400,0
DA:401,0
DA:402,0
DA:408,0
DA:410,0
DA:411,0
LF:128
LH:0
BRDA:14,0,0,0
BRDA:24,1,0,0
BRDA:24,2,0,0
BRDA:24,2,1,0
BRDA:39,3,0,0
BRDA:39,4,0,0
BRDA:39,4,1,0
BRDA:56,5,0,0
BRDA:63,6,0,0
BRDA:63,7,0,0
BRDA:63,7,1,0
BRDA:88,8,0,0
BRDA:111,9,0,0
BRDA:121,10,0,0
BRDA:121,11,0,0
BRDA:121,11,1,0
BRDA:136,12,0,0
BRDA:136,13,0,0
BRDA:136,13,1,0
BRDA:155,14,0,0
BRDA:175,15,0,0
BRDA:175,16,0,0
BRDA:175,16,1,0
BRDA:199,17,0,0
BRDA:223,18,0,0
BRDA:223,19,0,0
BRDA:223,19,1,0
BRDA:233,20,0,0
BRDA:233,21,0,0
BRDA:233,21,1,0
BRDA:248,22,0,0
BRDA:248,23,0,0
BRDA:248,23,1,0
BRDA:269,24,0,0
BRDA:269,25,0,0
BRDA:269,25,1,0
BRDA:269,25,2,0
BRDA:283,26,0,0
BRDA:283,27,0,0
BRDA:283,27,1,0
BRDA:306,28,0,0
BRDA:330,29,0,0
BRDA:330,30,0,0
BRDA:330,30,1,0
BRDA:340,31,0,0
BRDA:340,32,0,0
BRDA:340,32,1,0
BRDA:355,33,0,0
BRDA:355,34,0,0
BRDA:355,34,1,0
BRDA:373,35,0,0
BRDA:373,36,0,0
BRDA:373,36,1,0
BRDA:373,36,2,0
BRDA:387,37,0,0
BRDA:387,38,0,0
BRDA:387,38,1,0
BRDA:400,39,0,0
BRF:58
BRH:0
end_of_record
TN:
SF:app/api/weight/logs/route.ts
FN:9,GET
FN:98,POST
FN:175,DELETE
FNF:3
FNH:0
FNDA:0,GET
FNDA:0,POST
FNDA:0,DELETE
DA:1,0
DA:6,0
DA:7,0
DA:9,0
DA:10,0
DA:11,0
DA:12,0
DA:13,0
DA:15,0
DA:16,0
DA:18,0
DA:19,0
DA:20,0
DA:26,0
DA:27,0
DA:28,0
DA:35,0
DA:39,0
DA:40,0
DA:43,0
DA:44,0
DA:51,0
DA:53,0
DA:54,0
DA:55,0
DA:61,0
DA:64,0
DA:86,0
DA:88,0
DA:90,0
DA:91,0
DA:98,0
DA:99,0
DA:100,0
DA:101,0
DA:102,0
DA:104,0
DA:105,0
DA:111,0
DA:112,0
DA:118,0
DA:119,0
DA:121,0
DA:122,0
DA:130,0
DA:140,0
DA:141,0
DA:148,0
DA:159,0
DA:165,0
DA:167,0
DA:168,0
DA:175,0
DA:176,0
DA:177,0
DA:178,0
DA:179,0
DA:180,0
DA:182,0
DA:183,0
DA:189,0
DA:190,0
DA:198,0
DA:205,0
DA:206,0
DA:212,0
DA:222,0
DA:223,0
DA:230,0
DA:235,0
DA:243,0
DA:249,0
DA:251,0
DA:252,0
LF:74
LH:0
BRDA:18,0,0,0
BRDA:26,1,0,0
BRDA:53,2,0,0
BRDA:86,3,0,0
BRDA:86,3,1,0
BRDA:92,4,0,0
BRDA:92,4,1,0
BRDA:92,5,0,0
BRDA:92,5,1,0
BRDA:92,6,0,0
BRDA:92,6,1,0
BRDA:104,7,0,0
BRDA:111,8,0,0
BRDA:121,9,0,0
BRDA:121,10,0,0
BRDA:121,10,1,0
BRDA:121,10,2,0
BRDA:140,11,0,0
BRDA:169,12,0,0
BRDA:169,12,1,0
BRDA:169,13,0,0
BRDA:169,13,1,0
BRDA:169,14,0,0
BRDA:169,14,1,0
BRDA:182,15,0,0
BRDA:182,16,0,0
BRDA:182,16,1,0
BRDA:189,17,0,0
BRDA:205,18,0,0
BRDA:222,19,0,0
BRDA:245,20,0,0
BRDA:245,20,1,0
BRF:32
BRH:0
end_of_record
TN:
SF:app/auth/auth-code-error/page.tsx
FN:9,AuthErrorPage
FNF:1
FNH:0
FNDA:0,AuthErrorPage
DA:2,0
DA:4,0
DA:9,0
DA:10,0
LF:4
LH:0
BRF:0
BRH:0
end_of_record
TN:
SF:app/cats/page.tsx
FN:45,CatsPage
FN:56,(anonymous_2)
FN:63,(anonymous_3)
FN:65,(anonymous_4)
FN:68,(anonymous_5)
FN:73,(anonymous_6)
FN:74,(anonymous_7)
FN:83,(anonymous_8)
FN:94,(anonymous_9)
FN:198,(anonymous_10)
FN:205,(anonymous_11)
FN:206,(anonymous_12)
FN:207,(anonymous_13)
FNF:13
FNH:0
FNDA:0,CatsPage
FNDA:0,(anonymous_2)
FNDA:0,(anonymous_3)
FNDA:0,(anonymous_4)
FNDA:0,(anonymous_5)
FNDA:0,(anonymous_6)
FNDA:0,(anonymous_7)
FNDA:0,(anonymous_8)
FNDA:0,(anonymous_9)
FNDA:0,(anonymous_10)
FNDA:0,(anonymous_11)
FNDA:0,(anonymous_12)
FNDA:0,(anonymous_13)
DA:3,0
DA:5,0
DA:19,0
DA:21,0
DA:23,0
DA:24,0
DA:29,0
DA:33,0
DA:34,0
DA:35,0
DA:36,0
DA:37,0
DA:38,0
DA:39,0
DA:40,0
DA:41,0
DA:42,0
DA:43,0
DA:45,0
DA:46,0
DA:47,0
DA:48,0
DA:49,0
DA:50,0
DA:51,0
DA:52,0
DA:53,0
DA:54,0
DA:56,0
DA:57,0
DA:58,0
DA:59,0
DA:63,0
DA:64,0
DA:65,0
DA:68,0
DA:69,0
DA:71,0
DA:72,0
DA:73,0
DA:75,0
DA:76,0
DA:77,0
DA:80,0
DA:83,0
DA:84,0
DA:85,0
DA:86,0
DA:87,0
DA:89,0
DA:91,0
DA:92,0
DA:93,0
DA:94,0
DA:95,0
DA:97,0
DA:99,0
DA:100,0
DA:101,0
DA:103,0
DA:104,0
DA:108,0
DA:109,0
DA:120,0
DA:121,0
DA:138,0
DA:139,0
DA:142,0
DA:143,0
DA:170,0
DA:199,0
DA:200,0
DA:205,0
DA:206,0
DA:207,0
LF:75
LH:0
BRDA:57,0,0,0
BRDA:57,1,0,0
BRDA:57,1,1,0
BRDA:64,2,0,0
BRDA:64,3,0,0
BRDA:64,3,1,0
BRDA:64,4,0,0
BRDA:64,4,1,0
BRDA:64,5,0,0
BRDA:64,5,1,0
BRDA:66,6,0,0
BRDA:66,6,1,0
BRDA:66,7,0,0
BRDA:66,7,1,0
BRDA:69,8,0,0
BRDA:76,9,0,0
BRDA:93,10,0,0
BRDA:95,11,0,0
BRDA:95,11,1,0
BRDA:108,12,0,0
BRDA:108,13,0,0
BRDA:108,13,1,0
BRDA:120,14,0,0
BRDA:120,15,0,0
BRDA:120,15,1,0
BRDA:129,16,0,0
BRDA:129,16,1,0
BRDA:138,17,0,0
BRDA:142,18,0,0
BRDA:183,19,0,0
BRDA:183,19,1,0
BRDA:199,20,0,0
BRDA:199,20,1,0
BRDA:199,21,0,0
BRDA:199,21,1,0
BRF:35
BRH:0
end_of_record
TN:
SF:app/cats/[id]/client.tsx
FN:52,CatDetailsClient
FN:73,(anonymous_2)
FN:77,(anonymous_3)
FN:105,(anonymous_4)
FN:121,(anonymous_5)
FN:176,(anonymous_6)
FN:258,(anonymous_7)
FN:300,(anonymous_8)
FN:310,(anonymous_9)
FN:359,(anonymous_10)
FNF:10
FNH:0
FNDA:0,CatDetailsClient
FNDA:0,(anonymous_2)
FNDA:0,(anonymous_3)
FNDA:0,(anonymous_4)
FNDA:0,(anonymous_5)
FNDA:0,(anonymous_6)
FNDA:0,(anonymous_7)
FNDA:0,(anonymous_8)
FNDA:0,(anonymous_9)
FNDA:0,(anonymous_10)
DA:3,0
DA:4,0
DA:5,0
DA:6,0
DA:19,0
DA:20,0
DA:21,0
DA:22,0
DA:23,0
DA:24,0
DA:25,0
DA:26,0
DA:27,0
DA:28,0
DA:29,0
DA:30,0
DA:31,0
DA:33,0
DA:35,0
DA:36,0
DA:38,0
DA:39,0
DA:40,0
DA:52,0
DA:53,0
DA:54,0
DA:55,0
DA:65,0
DA:66,0
DA:67,0
DA:68,0
DA:69,0
DA:70,0
DA:71,0
DA:73,0
DA:74,0
DA:77,0
DA:78,0
DA:79,0
DA:81,0
DA:85,0
DA:86,0
DA:93,0
DA:94,0
DA:102,0
DA:105,0
DA:106,0
DA:107,0
DA:108,0
DA:109,0
DA:112,0
DA:115,0
DA:116,0
DA:117,0
DA:121,0
DA:122,0
DA:123,0
DA:124,0
DA:128,0
DA:176,0
DA:258,0
DA:300,0
DA:311,0
DA:313,0
DA:359,0
LF:65
LH:0
BRDA:70,0,0,0
BRDA:70,0,1,0
BRDA:70,1,0,0
BRDA:70,1,1,0
BRDA:70,2,0,0
BRDA:70,2,1,0
BRDA:70,3,0,0
BRDA:70,3,1,0
BRDA:78,4,0,0
BRDA:78,5,0,0
BRDA:78,5,1,0
BRDA:85,6,0,0
BRDA:93,7,0,0
BRDA:107,8,0,0
BRDA:107,8,1,0
BRDA:107,9,0,0
BRDA:107,9,1,0
BRDA:107,10,0,0
BRDA:107,10,1,0
BRDA:116,11,0,0
BRDA:186,12,0,0
BRDA:186,12,1,0
BRDA:186,13,0,0
BRDA:186,13,1,0
BRDA:186,14,0,0
BRDA:186,14,1,0
BRDA:197,15,0,0
BRDA:197,15,1,0
BRDA:211,16,0,0
BRDA:211,16,1,0
BRDA:219,17,0,0
BRDA:219,17,1,0
BRDA:222,18,0,0
BRDA:222,18,1,0
BRDA:222,19,0,0
BRDA:222,19,1,0
BRDA:226,20,0,0
BRDA:226,20,1,0
BRDA:237,21,0,0
BRDA:237,21,1,0
BRDA:244,22,0,0
BRDA:244,22,1,0
BRDA:244,23,0,0
BRDA:244,23,1,0
BRDA:290,24,0,0
BRDA:290,24,1,0
BRDA:323,25,0,0
BRDA:323,25,1,0
BRDA:328,26,0,0
BRDA:328,26,1,0
BRDA:357,27,0,0
BRDA:357,27,1,0
BRDA:357,28,0,0
BRDA:357,28,1,0
BRDA:365,29,0,0
BRDA:365,29,1,0
BRDA:367,30,0,0
BRDA:367,30,1,0
BRDA:369,31,0,0
BRDA:369,31,1,0
BRDA:376,32,0,0
BRDA:376,32,1,0
BRDA:376,33,0,0
BRDA:376,33,1,0
BRDA:376,34,0,0
BRDA:376,34,1,0
BRDA:378,35,0,0
BRDA:378,35,1,0
BRDA:378,36,0,0
BRDA:378,36,1,0
BRF:70
BRH:0
end_of_record
TN:
SF:app/cats/[id]/default.tsx
FN:29,getCatData
FN:127,DefaultCatPage
FNF:2
FNH:0
FNDA:0,getCatData
FNDA:0,DefaultCatPage
DA:1,0
DA:2,0
DA:3,0
DA:4,0
DA:5,0
DA:6,0
DA:8,0
DA:30,0
DA:31,0
DA:33,0
DA:40,0
DA:59,0
DA:60,0
DA:65,0
DA:68,0
DA:69,0
DA:73,0
DA:76,0
DA:83,0
DA:90,0
DA:91,0
DA:97,0
DA:100,0
DA:101,0
DA:106,0
DA:109,0
DA:115,0
DA:117,0
DA:123,0
DA:127,0
DA:128,0
DA:130,0
DA:131,0
DA:135,0
DA:136,0
DA:139,0
DA:142,0
DA:144,0
DA:145,0
DA:149,0
DA:152,0
DA:153,0
DA:156,0
DA:160,0
DA:162,0
DA:163,0
DA:168,0
DA:169,0
DA:172,0
DA:178,0
DA:192,0
DA:196,0
LF:52
LH:0
BRDA:59,0,0,0
BRDA:68,1,0,0
BRDA:90,2,0,0
BRDA:100,3,0,0
BRDA:130,4,0,0
BRDA:130,5,0,0
BRDA:130,5,1,0
BRDA:144,6,0,0
BRDA:152,7,0,0
BRDA:162,8,0,0
BRF:10
BRH:0
end_of_record
TN:
SF:app/cats/[id]/error.tsx
FN:6,CatError
FN:13,(anonymous_1)
FNF:2
FNH:0
FNDA:0,CatError
FNDA:0,(anonymous_1)
DA:3,0
DA:4,0
DA:6,0
DA:13,0
DA:15,0
DA:18,0
LF:6
LH:0
BRF:0
BRH:0
end_of_record
TN:
SF:app/cats/[id]/layout.tsx
FN:7,CatPageLayout
FNF:1
FNH:0
FNDA:0,CatPageLayout
DA:1,0
DA:2,0
DA:3,0
DA:5,0
DA:7,0
DA:12,0
DA:13,0
DA:15,0
DA:16,0
DA:17,0
DA:20,0
LF:11
LH:0
BRDA:15,0,0,0
BRDA:15,1,0,0
BRDA:15,1,1,0
BRF:3
BRH:0
end_of_record
TN:
SF:app/cats/[id]/loading.tsx
FN:3,CatLoading
FNF:1
FNH:0
FNDA:0,CatLoading
DA:1,0
DA:3,0
DA:4,0
LF:3
LH:0
BRF:0
BRH:0
end_of_record
TN:
SF:app/cats/[id]/not-found.tsx
FN:4,CatNotFound
FNF:1
FNH:0
FNDA:0,CatNotFound
DA:1,0
DA:2,0
DA:4,0
DA:5,0
LF:4
LH:0
BRF:0
BRH:0
end_of_record
TN:
SF:app/cats/[id]/page.backup.tsx
FN:11,CatPage
FNF:1
FNH:0
FNDA:0,CatPage
DA:1,0
DA:2,0
DA:3,0
DA:4,0
DA:5,0
DA:11,0
DA:12,0
DA:18,0
DA:19,0
DA:21,0
DA:27,0
DA:28,0
DA:30,0
DA:31,0
DA:35,0
DA:36,0
DA:39,0
DA:44,0
LF:18
LH:0
BRDA:22,0,0,0
BRDA:22,0,1,0
BRDA:30,1,0,0
BRDA:30,2,0,0
BRDA:30,2,1,0
BRDA:35,3,0,0
BRDA:35,3,1,0
BRF:7
BRH:0
end_of_record
TN:
SF:app/cats/[id]/page.tsx
FN:16,generateMetadata
FN:23,CatPage
FN:47,getCat
FNF:3
FNH:0
FNDA:0,generateMetadata
FNDA:0,CatPage
FNDA:0,getCat
DA:1,0
DA:2,0
DA:3,0
DA:5,0
DA:6,0
DA:7,0
DA:8,0
DA:9,0
DA:10,0
DA:16,0
DA:17,0
DA:18,0
DA:19,0
DA:20,0
DA:23,0
DA:24,0
DA:25,0
DA:26,0
DA:28,0
DA:48,0
DA:49,0
DA:51,0
DA:81,0
DA:84,0
LF:24
LH:0
BRDA:19,0,0,0
BRDA:26,1,0,0
BRDA:48,2,0,0
BRDA:81,3,0,0
BRDA:91,4,0,0
BRDA:91,4,1,0
BRF:6
BRH:0
end_of_record
TN:
SF:app/cats/[id]/settings-client-page.tsx
FN:20,SettingsClientPage
FN:34,(anonymous_1)
FN:36,(anonymous_2)
FN:42,(anonymous_3)
FN:43,(anonymous_4)
FN:49,(anonymous_5)
FNF:6
FNH:0
FNDA:0,SettingsClientPage
FNDA:0,(anonymous_1)
FNDA:0,(anonymous_2)
FNDA:0,(anonymous_3)
FNDA:0,(anonymous_4)
FNDA:0,(anonymous_5)
DA:3,0
DA:4,0
DA:5,0
DA:7,0
DA:8,0
DA:9,0
DA:10,0
DA:11,0
DA:12,0
DA:13,0
DA:14,0
DA:20,0
DA:21,0
DA:22,0
DA:23,0
DA:24,0
DA:25,0
DA:34,0
DA:35,0
DA:36,0
DA:42,0
DA:43,0
DA:49,0
DA:50,0
DA:51,0
DA:53,0
DA:54,0
DA:69,0
DA:70,0
DA:71,0
DA:74,0
DA:75,0
DA:77,0
DA:78,0
DA:80,0
DA:84,0
DA:85,0
DA:88,0
LF:38
LH:0
BRDA:27,0,0,0
BRDA:27,0,1,0
BRDA:28,1,0,0
BRDA:28,1,1,0
BRDA:29,2,0,0
BRDA:29,2,1,0
BRDA:30,3,0,0
BRDA:30,3,1,0
BRDA:31,4,0,0
BRDA:31,4,1,0
BRDA:61,5,0,0
BRDA:61,5,1,0
BRDA:62,6,0,0
BRDA:62,6,1,0
BRDA:63,7,0,0
BRDA:63,7,1,0
BRDA:64,8,0,0
BRDA:64,8,1,0
BRDA:65,9,0,0
BRDA:65,9,1,0
BRDA:69,10,0,0
BRDA:71,11,0,0
BRDA:71,11,1,0
BRDA:78,12,0,0
BRDA:78,12,1,0
BRDA:84,13,0,0
BRDA:175,14,0,0
BRDA:175,14,1,0
BRF:28
BRH:0
end_of_record
TN:
SF:app/cats/[id]/edit/page.tsx
FN:86,EditCatPage
FN:115,(anonymous_2)
FN:125,(anonymous_3)
FN:145,(anonymous_4)
FN:191,(anonymous_5)
FN:193,(anonymous_6)
FN:196,(anonymous_7)
FN:197,(anonymous_8)
FN:200,(anonymous_9)
FN:228,(anonymous_10)
FN:243,(anonymous_11)
FN:321,(anonymous_12)
FN:341,(anonymous_13)
FN:352,(anonymous_14)
FN:363,(anonymous_15)
FN:372,(anonymous_16)
FN:389,(anonymous_17)
FN:389,(anonymous_18)
FN:401,(anonymous_19)
FN:401,(anonymous_20)
FN:411,(anonymous_21)
FN:411,(anonymous_22)
FN:425,(anonymous_23)
FN:425,(anonymous_24)
FN:435,(anonymous_25)
FN:435,(anonymous_26)
FN:448,(anonymous_27)
FN:448,(anonymous_28)
FN:460,(anonymous_29)
FN:460,(anonymous_30)
FN:470,(anonymous_31)
FN:470,(anonymous_32)
FN:512,(anonymous_33)
FNF:33
FNH:0
FNDA:0,EditCatPage
FNDA:0,(anonymous_2)
FNDA:0,(anonymous_3)
FNDA:0,(anonymous_4)
FNDA:0,(anonymous_5)
FNDA:0,(anonymous_6)
FNDA:0,(anonymous_7)
FNDA:0,(anonymous_8)
FNDA:0,(anonymous_9)
FNDA:0,(anonymous_10)
FNDA:0,(anonymous_11)
FNDA:0,(anonymous_12)
FNDA:0,(anonymous_13)
FNDA:0,(anonymous_14)
FNDA:0,(anonymous_15)
FNDA:0,(anonymous_16)
FNDA:0,(anonymous_17)
FNDA:0,(anonymous_18)
FNDA:0,(anonymous_19)
FNDA:0,(anonymous_20)
FNDA:0,(anonymous_21)
FNDA:0,(anonymous_22)
FNDA:0,(anonymous_23)
FNDA:0,(anonymous_24)
FNDA:0,(anonymous_25)
FNDA:0,(anonymous_26)
FNDA:0,(anonymous_27)
FNDA:0,(anonymous_28)
FNDA:0,(anonymous_29)
FNDA:0,(anonymous_30)
FNDA:0,(anonymous_31)
FNDA:0,(anonymous_32)
FNDA:0,(anonymous_33)
DA:3,0
DA:4,0
DA:6,0
DA:8,0
DA:9,0
DA:10,0
DA:26,0
DA:34,0
DA:35,0
DA:36,0
DA:37,0
DA:38,0
DA:39,0
DA:40,0
DA:42,0
DA:43,0
DA:46,0
DA:64,0
DA:65,0
DA:66,0
DA:86,0
DA:87,0
DA:88,0
DA:89,0
DA:90,0
DA:91,0
DA:92,0
DA:93,0
DA:94,0
DA:95,0
DA:96,0
DA:97,0
DA:98,0
DA:100,0
DA:111,0
DA:112,0
DA:115,0
DA:116,0
DA:117,0
DA:118,0
DA:119,0
DA:120,0
DA:125,0
DA:126,0
DA:127,0
DA:128,0
DA:131,0
DA:132,0
DA:133,0
DA:134,0
DA:137,0
DA:138,0
DA:139,0
DA:140,0
DA:141,0
DA:143,0
DA:144,0
DA:145,0
DA:146,0
DA:148,0
DA:149,0
DA:150,0
DA:151,0
DA:152,0
DA:153,0
DA:155,0
DA:156,0
DA:157,0
DA:158,0
DA:159,0
DA:160,0
DA:161,0
DA:162,0
DA:164,0
DA:167,0
DA:171,0
DA:183,0
DA:184,0
DA:185,0
DA:187,0
DA:188,0
DA:191,0
DA:192,0
DA:193,0
DA:196,0
DA:197,0
DA:200,0
DA:201,0
DA:202,0
DA:203,0
DA:206,0
DA:207,0
DA:208,0
DA:209,0
DA:211,0
DA:213,0
DA:214,0
DA:215,0
DA:216,0
DA:218,0
DA:219,0
DA:222,0
DA:227,0
DA:228,0
DA:229,0
DA:231,0
DA:232,0
DA:234,0
DA:235,0
DA:236,0
DA:238,0
DA:239,0
DA:243,0
DA:244,0
DA:246,0
DA:247,0
DA:248,0
DA:251,0
DA:252,0
DA:253,0
DA:255,0
DA:256,0
DA:267,0
DA:268,0
DA:269,0
DA:270,0
DA:271,0
DA:274,0
DA:277,0
DA:281,0
DA:282,0
DA:284,0
DA:285,0
DA:288,0
DA:294,0
DA:296,0
DA:297,0
DA:298,0
DA:301,0
DA:303,0
DA:308,0
DA:309,0
DA:311,0
DA:312,0
DA:313,0
DA:315,0
DA:316,0
DA:321,0
DA:322,0
DA:323,0
DA:324,0
DA:325,0
DA:326,0
DA:327,0
DA:328,0
DA:329,0
DA:333,0
DA:335,0
DA:337,0
DA:341,0
DA:346,0
DA:348,0
DA:352,0
DA:357,0
DA:359,0
DA:363,0
DA:368,0
DA:372,0
DA:377,0
DA:389,0
DA:401,0
DA:411,0
DA:425,0
DA:435,0
DA:448,0
DA:460,0
DA:470,0
DA:512,0
LF:178
LH:0
BRDA:111,0,0,0
BRDA:111,0,1,0
BRDA:111,1,0,0
BRDA:111,1,1,0
BRDA:111,2,0,0
BRDA:111,2,1,0
BRDA:111,3,0,0
BRDA:111,3,1,0
BRDA:116,4,0,0
BRDA:126,5,0,0
BRDA:126,6,0,0
BRDA:126,6,1,0
BRDA:131,7,0,0
BRDA:146,8,0,0
BRDA:146,8,1,0
BRDA:148,9,0,0
BRDA:148,9,1,0
BRDA:150,10,0,0
BRDA:150,10,1,0
BRDA:158,11,0,0
BRDA:160,12,0,0
BRDA:160,12,1,0
BRDA:161,13,0,0
BRDA:161,13,1,0
BRDA:174,14,0,0
BRDA:174,14,1,0
BRDA:174,15,0,0
BRDA:174,15,1,0
BRDA:174,16,0,0
BRDA:174,16,1,0
BRDA:175,17,0,0
BRDA:175,17,1,0
BRDA:176,18,0,0
BRDA:176,18,1,0
BRDA:177,19,0,0
BRDA:177,19,1,0
BRDA:177,20,0,0
BRDA:177,20,1,0
BRDA:178,21,0,0
BRDA:178,21,1,0
BRDA:178,22,0,0
BRDA:178,22,1,0
BRDA:178,23,0,0
BRDA:178,23,1,0
BRDA:179,24,0,0
BRDA:179,24,1,0
BRDA:201,25,0,0
BRDA:201,26,0,0
BRDA:201,26,1,0
BRDA:201,26,2,0
BRDA:201,27,0,0
BRDA:201,27,1,0
BRDA:201,28,0,0
BRDA:201,28,1,0
BRDA:215,29,0,0
BRDA:215,29,1,0
BRDA:215,30,0,0
BRDA:215,30,1,0
BRDA:215,31,0,0
BRDA:215,31,1,0
BRDA:227,32,0,0
BRDA:229,33,0,0
BRDA:229,33,1,0
BRDA:246,34,0,0
BRDA:246,35,0,0
BRDA:246,35,1,0
BRDA:246,35,2,0
BRDA:246,35,3,0
BRDA:246,35,4,0
BRDA:246,36,0,0
BRDA:246,36,1,0
BRDA:246,37,0,0
BRDA:246,37,1,0
BRDA:258,38,0,0
BRDA:258,38,1,0
BRDA:259,39,0,0
BRDA:259,39,1,0
BRDA:260,40,0,0
BRDA:260,40,1,0
BRDA:261,41,0,0
BRDA:261,41,1,0
BRDA:261,42,0,0
BRDA:261,42,1,0
BRDA:261,43,0,0
BRDA:261,43,1,0
BRDA:262,44,0,0
BRDA:262,44,1,0
BRDA:263,45,0,0
BRDA:263,45,1,0
BRDA:264,46,0,0
BRDA:264,46,1,0
BRDA:264,47,0,0
BRDA:264,47,1,0
BRDA:264,48,0,0
BRDA:264,48,1,0
BRDA:267,49,0,0
BRDA:267,50,0,0
BRDA:267,50,1,0
BRDA:267,50,2,0
BRDA:267,50,3,0
BRDA:281,51,0,0
BRDA:281,51,1,0
BRDA:281,52,0,0
BRDA:281,52,1,0
BRDA:281,53,0,0
BRDA:281,53,1,0
BRDA:296,54,0,0
BRDA:298,55,0,0
BRDA:298,55,1,0
BRDA:313,56,0,0
BRDA:313,56,1,0
BRDA:322,57,0,0
BRDA:323,58,0,0
BRDA:324,59,0,0
BRDA:325,60,0,0
BRDA:326,61,0,0
BRDA:326,62,0,0
BRDA:326,62,1,0
BRDA:327,63,0,0
BRDA:328,64,0,0
BRDA:333,65,0,0
BRDA:333,65,1,0
BRDA:333,65,2,0
BRDA:333,65,3,0
BRDA:333,65,4,0
BRDA:333,65,5,0
BRDA:333,65,6,0
BRDA:333,65,7,0
BRDA:380,66,0,0
BRDA:380,66,1,0
BRDA:400,67,0,0
BRDA:400,67,1,0
BRDA:410,68,0,0
BRDA:410,68,1,0
BRDA:411,69,0,0
BRDA:411,69,1,0
BRDA:424,70,0,0
BRDA:424,70,1,0
BRDA:434,71,0,0
BRDA:434,71,1,0
BRDA:447,72,0,0
BRDA:447,72,1,0
BRDA:459,73,0,0
BRDA:459,73,1,0
BRDA:469,74,0,0
BRDA:469,74,1,0
BRDA:479,75,0,0
BRDA:479,75,1,0
BRDA:482,76,0,0
BRDA:482,76,1,0
BRDA:495,77,0,0
BRDA:495,77,1,0
BRDA:499,78,0,0
BRDA:499,78,1,0
BRF:154
BRH:0
end_of_record
TN:
SF:app/cats/new/page.tsx
FN:47,(anonymous_9)
FN:50,(anonymous_10)
FN:57,(anonymous_11)
FN:74,NewCatPage
FN:83,(anonymous_13)
FN:106,(anonymous_14)
FN:113,onSubmit
FN:184,(anonymous_16)
FN:217,(anonymous_17)
FN:254,(anonymous_18)
FN:267,(anonymous_19)
FN:274,(anonymous_20)
FN:288,(anonymous_21)
FN:307,(anonymous_22)
FN:327,(anonymous_23)
FN:349,(anonymous_24)
FN:369,(anonymous_25)
FN:388,(anonymous_26)
FNF:18
FNH:0
FNDA:0,(anonymous_9)
FNDA:0,(anonymous_10)
FNDA:0,(anonymous_11)
FNDA:0,NewCatPage
FNDA:0,(anonymous_13)
FNDA:0,(anonymous_14)
FNDA:0,onSubmit
FNDA:0,(anonymous_16)
FNDA:0,(anonymous_17)
FNDA:0,(anonymous_18)
FNDA:0,(anonymous_19)
FNDA:0,(anonymous_20)
FNDA:0,(anonymous_21)
FNDA:0,(anonymous_22)
FNDA:0,(anonymous_23)
FNDA:0,(anonymous_24)
FNDA:0,(anonymous_25)
FNDA:0,(anonymous_26)
DA:3,0
DA:4,0
DA:5,0
DA:6,0
DA:7,0
DA:8,0
DA:9,0
DA:10,0
DA:11,0
DA:12,0
DA:14,0
DA:15,0
DA:16,0
DA:18,0
DA:33,0
DA:35,0
DA:36,0
DA:37,0
DA:38,0
DA:39,0
DA:41,0
DA:47,0
DA:50,0
DA:58,0
DA:59,0
DA:74,0
DA:75,0
DA:76,0
DA:77,0
DA:78,0
DA:79,0
DA:80,0
DA:83,0
DA:84,0
DA:85,0
DA:86,0
DA:87,0
DA:88,0
DA:91,0
DA:106,0
DA:107,0
DA:108,0
DA:109,0
DA:114,0
DA:115,0
DA:116,0
DA:119,0
DA:120,0
DA:121,0
DA:122,0
DA:123,0
DA:125,0
DA:127,0
DA:129,0
DA:141,0
DA:142,0
DA:143,0
DA:149,0
DA:152,0
DA:153,0
DA:155,0
DA:156,0
DA:157,0
DA:160,0
DA:166,0
DA:167,0
DA:173,0
DA:174,0
DA:175,0
DA:178,0
DA:181,0
DA:184,0
DA:186,0
DA:189,0
DA:191,0
DA:196,0
DA:198,0
DA:199,0
DA:204,0
DA:206,0
DA:212,0
DA:217,0
DA:222,0
DA:228,0
DA:242,0
DA:255,0
DA:268,0
DA:274,0
DA:289,0
DA:308,0
DA:328,0
DA:350,0
DA:370,0
DA:389,0
LF:94
LH:0
BRDA:47,0,0,0
BRDA:47,0,1,0
BRDA:47,0,2,0
BRDA:50,1,0,0
BRDA:50,1,1,0
BRDA:50,1,2,0
BRDA:59,2,0,0
BRDA:59,2,1,0
BRDA:59,2,2,0
BRDA:84,3,0,0
BRDA:85,4,0,0
BRDA:86,5,0,0
BRDA:87,6,0,0
BRDA:107,7,0,0
BRDA:114,8,0,0
BRDA:114,9,0,0
BRDA:114,9,1,0
BRDA:114,10,0,0
BRDA:114,10,1,0
BRDA:123,11,0,0
BRDA:123,11,1,0
BRDA:132,12,0,0
BRDA:132,12,1,0
BRDA:133,13,0,0
BRDA:133,13,1,0
BRDA:134,14,0,0
BRDA:134,14,1,0
BRDA:135,15,0,0
BRDA:135,15,1,0
BRDA:137,16,0,0
BRDA:137,16,1,0
BRDA:137,17,0,0
BRDA:137,17,1,0
BRDA:137,18,0,0
BRDA:137,18,1,0
BRDA:138,19,0,0
BRDA:138,19,1,0
BRDA:138,20,0,0
BRDA:138,20,1,0
BRDA:138,21,0,0
BRDA:138,21,1,0
BRDA:145,22,0,0
BRDA:145,22,1,0
BRDA:145,23,0,0
BRDA:145,23,1,0
BRDA:152,24,0,0
BRDA:152,24,1,0
BRDA:152,25,0,0
BRDA:152,25,1,0
BRDA:152,26,0,0
BRDA:152,26,1,0
BRDA:173,27,0,0
BRDA:175,28,0,0
BRDA:175,28,1,0
BRDA:193,29,0,0
BRDA:193,29,1,0
BRDA:194,30,0,0
BRDA:194,30,1,0
BRDA:196,31,0,0
BRDA:196,31,1,0
BRDA:204,32,0,0
BRDA:204,32,1,0
BRDA:204,32,2,0
BRDA:204,32,3,0
BRDA:204,32,4,0
BRDA:273,33,0,0
BRDA:273,33,1,0
BRDA:405,34,0,0
BRDA:405,34,1,0
BRF:69
BRH:0
end_of_record
TN:
SF:app/components/cat-details.tsx
FN:70,CatDetails
FN:72,(anonymous_2)
FN:79,(anonymous_3)
FN:116,(anonymous_4)
FN:121,(anonymous_5)
FN:126,(anonymous_6)
FN:144,(anonymous_7)
FN:201,(anonymous_8)
FN:214,(anonymous_9)
FN:278,(anonymous_10)
FNF:10
FNH:0
FNDA:0,CatDetails
FNDA:0,(anonymous_2)
FNDA:0,(anonymous_3)
FNDA:0,(anonymous_4)
FNDA:0,(anonymous_5)
FNDA:0,(anonymous_6)
FNDA:0,(anonymous_7)
FNDA:0,(anonymous_8)
FNDA:0,(anonymous_9)
FNDA:0,(anonymous_10)
DA:3,0
DA:4,0
DA:5,0
DA:6,0
DA:7,0
DA:23,0
DA:24,0
DA:25,0
DA:26,0
DA:27,0
DA:28,0
DA:29,0
DA:36,0
DA:47,0
DA:49,0
DA:50,0
DA:51,0
DA:52,0
DA:53,0
DA:56,0
DA:58,0
DA:59,0
DA:68,0
DA:70,0
DA:72,0
DA:73,0
DA:74,0
DA:79,0
DA:80,0
DA:81,0
DA:89,0
DA:90,0
DA:91,0
DA:92,0
DA:93,0
DA:94,0
DA:95,0
DA:98,0
DA:109,0
DA:111,0
DA:112,0
DA:113,0
DA:114,0
DA:116,0
DA:117,0
DA:121,0
DA:122,0
DA:126,0
DA:128,0
DA:144,0
DA:145,0
DA:146,0
DA:151,0
DA:154,0
DA:162,0
DA:163,0
DA:167,0
DA:173,0
DA:178,0
DA:181,0
DA:182,0
DA:191,0
DA:192,0
DA:193,0
DA:201,0
DA:202,0
DA:203,0
DA:204,0
DA:205,0
DA:206,0
DA:208,0
DA:210,0
DA:211,0
DA:213,0
DA:214,0
DA:215,0
DA:218,0
DA:219,0
DA:222,0
DA:223,0
DA:225,0
DA:226,0
DA:227,0
DA:229,0
DA:230,0
DA:231,0
DA:235,0
DA:278,0
LF:88
LH:0
BRDA:128,0,0,0
BRDA:145,1,0,0
BRDA:156,2,0,0
BRDA:156,2,1,0
BRDA:162,3,0,0
BRDA:162,4,0,0
BRDA:162,4,1,0
BRDA:162,4,2,0
BRDA:163,5,0,0
BRDA:163,5,1,0
BRDA:178,6,0,0
BRDA:178,6,1,0
BRDA:181,7,0,0
BRDA:191,8,0,0
BRDA:204,9,0,0
BRDA:204,9,1,0
BRDA:204,10,0,0
BRDA:204,10,1,0
BRDA:204,11,0,0
BRDA:204,11,1,0
BRDA:213,12,0,0
BRDA:215,13,0,0
BRDA:215,13,1,0
BRDA:222,14,0,0
BRDA:299,15,0,0
BRDA:299,15,1,0
BRDA:313,16,0,0
BRDA:313,16,1,0
BRDA:321,17,0,0
BRDA:321,17,1,0
BRDA:324,18,0,0
BRDA:324,18,1,0
BRDA:328,19,0,0
BRDA:328,19,1,0
BRDA:334,20,0,0
BRDA:334,20,1,0
BRDA:344,21,0,0
BRDA:344,21,1,0
BRDA:344,22,0,0
BRDA:344,22,1,0
BRDA:349,23,0,0
BRDA:349,23,1,0
BRDA:349,23,2,0
BRDA:352,24,0,0
BRDA:352,24,1,0
BRDA:361,25,0,0
BRDA:361,25,1,0
BRF:47
BRH:0
end_of_record
TN:
SF:app/components/feeding-form.tsx
FN:10,FeedingForm
FN:12,(anonymous_1)
FN:17,(anonymous_2)
FN:24,(anonymous_3)
FN:50,(anonymous_4)
FN:62,(anonymous_5)
FNF:6
FNH:0
FNDA:0,FeedingForm
FNDA:0,(anonymous_1)
FNDA:0,(anonymous_2)
FNDA:0,(anonymous_3)
FNDA:0,(anonymous_4)
FNDA:0,(anonymous_5)
DA:3,0
DA:4,0
DA:5,0
DA:6,0
DA:8,0
DA:10,0
DA:11,0
DA:12,0
DA:13,0
DA:14,0
DA:15,0
DA:17,0
DA:18,0
DA:19,0
DA:20,0
DA:24,0
DA:25,0
DA:26,0
DA:28,0
DA:29,0
DA:30,0
DA:31,0
DA:33,0
DA:35,0
DA:39,0
DA:50,0
DA:62,0
LF:27
LH:0
BRDA:13,0,0,0
BRDA:13,0,1,0
BRDA:13,1,0,0
BRDA:13,1,1,0
BRDA:13,2,0,0
BRDA:13,2,1,0
BRDA:13,3,0,0
BRDA:13,3,1,0
BRDA:13,4,0,0
BRDA:13,4,1,0
BRDA:18,5,0,0
BRDA:18,6,0,0
BRDA:18,6,1,0
BRDA:18,7,0,0
BRDA:18,7,1,0
BRDA:68,8,0,0
BRDA:68,8,1,0
BRF:17
BRH:0
end_of_record
TN:
SF:app/components/feeding-history.tsx
FN:13,FeedingHistory
FN:41,(anonymous_1)
FNF:2
FNH:0
FNDA:0,FeedingHistory
FNDA:0,(anonymous_1)
DA:3,0
DA:6,0
DA:7,0
DA:8,0
DA:9,0
DA:10,0
DA:11,0
DA:13,0
DA:14,0
DA:15,0
DA:16,0
DA:18,0
DA:19,0
DA:38,0
DA:42,0
DA:44,0
LF:16
LH:0
BRDA:15,0,0,0
BRDA:15,0,1,0
BRDA:15,1,0,0
BRDA:15,1,1,0
BRDA:15,2,0,0
BRDA:15,2,1,0
BRDA:15,3,0,0
BRDA:15,3,1,0
BRDA:18,4,0,0
BRDA:28,5,0,0
BRDA:28,5,1,0
BRDA:54,6,0,0
BRDA:54,6,1,0
BRDA:59,7,0,0
BRDA:59,7,1,0
BRF:15
BRH:0
end_of_record
TN:
SF:app/components/dashboard/dashboard-content.tsx
FN:62,DashboardContent
FN:72,(anonymous_2)
FN:74,(anonymous_3)
FN:83,(anonymous_4)
FN:84,(anonymous_5)
FN:181,(anonymous_6)
FN:214,(anonymous_7)
FN:256,(anonymous_8)
FN:302,(anonymous_9)
FNF:9
FNH:0
FNDA:0,DashboardContent
FNDA:0,(anonymous_2)
FNDA:0,(anonymous_3)
FNDA:0,(anonymous_4)
FNDA:0,(anonymous_5)
FNDA:0,(anonymous_6)
FNDA:0,(anonymous_7)
FNDA:0,(anonymous_8)
FNDA:0,(anonymous_9)
DA:3,0
DA:4,0
DA:5,0
DA:6,0
DA:7,0
DA:8,0
DA:9,0
DA:10,0
DA:11,0
DA:12,0
DA:14,0
DA:15,0
DA:16,0
DA:17,0
DA:18,0
DA:25,0
DA:36,0
DA:46,0
DA:62,0
DA:69,0
DA:70,0
DA:72,0
DA:73,0
DA:74,0
DA:75,0
DA:80,0
DA:83,0
DA:84,0
DA:85,0
DA:94,0
DA:181,0
DA:214,0
DA:257,0
DA:302,0
LF:34
LH:0
BRDA:70,0,0,0
BRDA:70,0,1,0
BRDA:112,1,0,0
BRDA:112,1,1,0
BRDA:112,2,0,0
BRDA:112,2,1,0
BRDA:112,3,0,0
BRDA:112,3,1,0
BRDA:137,4,0,0
BRDA:137,4,1,0
BRDA:153,5,0,0
BRDA:153,5,1,0
BRDA:173,6,0,0
BRDA:173,6,1,0
BRDA:210,7,0,0
BRDA:210,7,1,0
BRDA:210,8,0,0
BRDA:210,8,1,0
BRDA:254,9,0,0
BRDA:254,9,1,0
BRDA:254,10,0,0
BRDA:254,10,1,0
BRDA:260,11,0,0
BRDA:260,11,1,0
BRDA:266,12,0,0
BRDA:266,12,1,0
BRF:26
BRH:0
end_of_record
TN:
SF:app/feedings/page.tsx
FN:44,(anonymous_10)
FN:62,(anonymous_11)
FN:78,(anonymous_12)
FN:82,FeedingsPage
FN:106,(anonymous_14)
FN:114,(anonymous_15)
FN:115,(anonymous_16)
FN:124,(anonymous_17)
FN:135,(anonymous_18)
FN:142,(anonymous_19)
FN:154,(anonymous_20)
FN:184,(anonymous_21)
FN:194,(anonymous_22)
FN:242,(anonymous_23)
FN:297,(anonymous_24)
FN:305,(anonymous_25)
FN:305,(anonymous_26)
FN:331,(anonymous_27)
FN:338,(anonymous_28)
FN:340,(anonymous_29)
FN:400,(anonymous_30)
FN:406,(anonymous_31)
FN:412,(anonymous_32)
FN:423,(anonymous_33)
FN:430,(anonymous_34)
FN:435,(anonymous_35)
FN:471,(anonymous_36)
FNF:27
FNH:0
FNDA:0,(anonymous_10)
FNDA:0,(anonymous_11)
FNDA:0,(anonymous_12)
FNDA:0,FeedingsPage
FNDA:0,(anonymous_14)
FNDA:0,(anonymous_15)
FNDA:0,(anonymous_16)
FNDA:0,(anonymous_17)
FNDA:0,(anonymous_18)
FNDA:0,(anonymous_19)
FNDA:0,(anonymous_20)
FNDA:0,(anonymous_21)
FNDA:0,(anonymous_22)
FNDA:0,(anonymous_23)
FNDA:0,(anonymous_24)
FNDA:0,(anonymous_25)
FNDA:0,(anonymous_26)
FNDA:0,(anonymous_27)
FNDA:0,(anonymous_28)
FNDA:0,(anonymous_29)
FNDA:0,(anonymous_30)
FNDA:0,(anonymous_31)
FNDA:0,(anonymous_32)
FNDA:0,(anonymous_33)
FNDA:0,(anonymous_34)
FNDA:0,(anonymous_35)
FNDA:0,(anonymous_36)
DA:3,0
DA:4,0
DA:5,0
DA:7,0
DA:8,0
DA:9,0
DA:10,0
DA:11,0
DA:12,0
DA:13,0
DA:15,0
DA:16,0
DA:17,0
DA:18,0
DA:19,0
DA:20,0
DA:21,0
DA:23,0
DA:24,0
DA:25,0
DA:26,0
DA:27,0
DA:28,0
DA:37,0
DA:40,0
DA:41,0
DA:44,0
DA:45,0
DA:47,0
DA:49,0
DA:51,0
DA:53,0
DA:55,0
DA:57,0
DA:62,0
DA:63,0
DA:65,0
DA:67,0
DA:70,0
DA:72,0
DA:74,0
DA:78,0
DA:79,0
DA:82,0
DA:83,0
DA:84,0
DA:85,0
DA:86,0
DA:87,0
DA:89,0
DA:90,0
DA:91,0
DA:93,0
DA:94,0
DA:96,0
DA:97,0
DA:98,0
DA:99,0
DA:100,0
DA:102,0
DA:103,0
DA:106,0
DA:107,0
DA:109,0
DA:112,0
DA:113,0
DA:114,0
DA:115,0
DA:116,0
DA:117,0
DA:118,0
DA:124,0
DA:125,0
DA:126,0
DA:127,0
DA:130,0
DA:131,0
DA:135,0
DA:136,0
DA:137,0
DA:138,0
DA:142,0
DA:143,0
DA:144,0
DA:145,0
DA:148,0
DA:149,0
DA:150,0
DA:152,0
DA:154,0
DA:156,0
DA:157,0
DA:158,0
DA:159,0
DA:160,0
DA:161,0
DA:165,0
DA:166,0
DA:168,0
DA:170,0
DA:171,0
DA:172,0
DA:174,0
DA:175,0
DA:179,0
DA:183,0
DA:184,0
DA:186,0
DA:187,0
DA:189,0
DA:191,0
DA:192,0
DA:194,0
DA:195,0
DA:198,0
DA:199,0
DA:201,0
DA:202,0
DA:210,0
DA:211,0
DA:225,0
DA:226,0
DA:240,0
DA:241,0
DA:242,0
DA:243,0
DA:244,0
DA:246,0
DA:250,0
DA:251,0
DA:278,0
DA:297,0
DA:305,0
DA:332,0
DA:339,0
DA:340,0
DA:341,0
DA:342,0
DA:343,0
DA:345,0
DA:400,0
DA:406,0
DA:412,0
DA:423,0
DA:430,0
DA:435,0
DA:471,0
LF:147
LH:0
BRDA:45,0,0,0
BRDA:45,0,1,0
BRDA:45,0,2,0
BRDA:45,0,3,0
BRDA:45,0,4,0
BRDA:45,0,5,0
BRDA:63,1,0,0
BRDA:63,1,1,0
BRDA:63,1,2,0
BRDA:63,1,3,0
BRDA:63,1,4,0
BRDA:63,1,5,0
BRDA:79,2,0,0
BRDA:79,2,1,0
BRDA:93,3,0,0
BRDA:93,3,1,0
BRDA:93,3,2,0
BRDA:94,4,0,0
BRDA:94,4,1,0
BRDA:94,4,2,0
BRDA:102,5,0,0
BRDA:102,5,1,0
BRDA:102,6,0,0
BRDA:102,6,1,0
BRDA:102,7,0,0
BRDA:102,7,1,0
BRDA:102,8,0,0
BRDA:102,8,1,0
BRDA:107,9,0,0
BRDA:107,10,0,0
BRDA:107,10,1,0
BRDA:112,11,0,0
BRDA:115,12,0,0
BRDA:115,12,1,0
BRDA:115,13,0,0
BRDA:115,13,1,0
BRDA:115,14,0,0
BRDA:115,14,1,0
BRDA:116,15,0,0
BRDA:116,15,1,0
BRDA:116,16,0,0
BRDA:116,16,1,0
BRDA:116,17,0,0
BRDA:116,17,1,0
BRDA:117,18,0,0
BRDA:117,18,1,0
BRDA:117,19,0,0
BRDA:117,19,1,0
BRDA:117,20,0,0
BRDA:117,20,1,0
BRDA:117,21,0,0
BRDA:117,21,1,0
BRDA:117,22,0,0
BRDA:117,22,1,0
BRDA:118,23,0,0
BRDA:118,23,1,0
BRDA:118,23,2,0
BRDA:127,24,0,0
BRDA:127,24,1,0
BRDA:143,25,0,0
BRDA:156,26,0,0
BRDA:171,27,0,0
BRDA:171,27,1,0
BRDA:171,28,0,0
BRDA:171,28,1,0
BRDA:171,29,0,0
BRDA:171,29,1,0
BRDA:183,30,0,0
BRDA:187,31,0,0
BRDA:187,31,1,0
BRDA:192,32,0,0
BRDA:192,32,1,0
BRDA:194,33,0,0
BRDA:201,34,0,0
BRDA:201,35,0,0
BRDA:201,35,1,0
BRDA:201,36,0,0
BRDA:201,36,1,0
BRDA:210,37,0,0
BRDA:225,38,0,0
BRDA:231,39,0,0
BRDA:231,39,1,0
BRDA:240,40,0,0
BRDA:250,41,0,0
BRDA:285,42,0,0
BRDA:285,42,1,0
BRDA:285,43,0,0
BRDA:285,43,1,0
BRDA:285,44,0,0
BRDA:285,44,1,0
BRDA:286,45,0,0
BRDA:286,45,1,0
BRDA:286,46,0,0
BRDA:286,46,1,0
BRDA:286,47,0,0
BRDA:286,47,1,0
BRDA:305,48,0,0
BRDA:305,48,1,0
BRDA:306,49,0,0
BRDA:306,49,1,0
BRDA:308,50,0,0
BRDA:308,50,1,0
BRDA:313,51,0,0
BRDA:313,51,1,0
BRDA:313,52,0,0
BRDA:313,52,1,0
BRDA:317,53,0,0
BRDA:317,53,1,0
BRDA:321,54,0,0
BRDA:321,54,1,0
BRDA:350,55,0,0
BRDA:350,55,1,0
BRDA:350,56,0,0
BRDA:350,56,1,0
BRDA:350,57,0,0
BRDA:350,57,1,0
BRDA:350,58,0,0
BRDA:350,58,1,0
BRDA:352,59,0,0
BRDA:352,59,1,0
BRDA:352,60,0,0
BRDA:352,60,1,0
BRDA:352,61,0,0
BRDA:352,61,1,0
BRDA:352,62,0,0
BRDA:352,62,1,0
BRDA:352,63,0,0
BRDA:352,63,1,0
BRDA:353,64,0,0
BRDA:353,64,1,0
BRDA:353,65,0,0
BRDA:353,65,1,0
BRDA:353,66,0,0
BRDA:353,66,1,0
BRDA:353,67,0,0
BRDA:353,67,1,0
BRDA:353,68,0,0
BRDA:353,68,1,0
BRDA:370,69,0,0
BRDA:370,69,1,0
BRDA:370,70,0,0
BRDA:370,70,1,0
BRDA:371,71,0,0
BRDA:371,71,1,0
BRDA:371,72,0,0
BRDA:371,72,1,0
BRDA:371,73,0,0
BRDA:371,73,1,0
BRDA:373,74,0,0
BRDA:373,74,1,0
BRDA:374,75,0,0
BRDA:374,75,1,0
BRDA:374,76,0,0
BRDA:374,76,1,0
BRDA:375,77,0,0
BRDA:375,77,1,0
BRDA:375,78,0,0
BRDA:375,78,1,0
BRDA:375,79,0,0
BRDA:375,79,1,0
BRDA:382,80,0,0
BRDA:382,80,1,0
BRDA:382,80,2,0
BRDA:387,81,0,0
BRDA:387,81,1,0
BRDA:390,82,0,0
BRDA:390,82,1,0
BRDA:390,82,2,0
BRDA:406,83,0,0
BRDA:406,83,1,0
BRDA:406,84,0,0
BRDA:406,84,1,0
BRDA:406,85,0,0
BRDA:423,86,0,0
BRDA:423,86,1,0
BRDA:423,87,0,0
BRDA:423,87,1,0
BRDA:423,88,0,0
BRDA:423,88,1,0
BRDA:423,89,0,0
BRDA:423,89,1,0
BRDA:435,90,0,0
BRDA:435,90,1,0
BRDA:436,91,0,0
BRDA:436,91,1,0
BRDA:436,91,2,0
BRDA:439,92,0,0
BRDA:439,92,1,0
BRDA:439,93,0,0
BRDA:439,93,1,0
BRDA:439,94,0,0
BRDA:439,94,1,0
BRDA:439,95,0,0
BRDA:439,95,1,0
BRDA:447,96,0,0
BRDA:447,96,1,0
BRDA:468,97,0,0
BRDA:468,97,1,0
BRDA:471,98,0,0
BRF:199
BRH:0
end_of_record
TN:
SF:app/feedings/[id]/page.tsx
FN:26,FeedingDetailsPage
FN:57,(anonymous_2)
FN:67,(anonymous_3)
FN:98,(anonymous_4)
FN:108,(anonymous_5)
FN:126,(anonymous_6)
FN:146,(anonymous_7)
FN:172,(anonymous_8)
FN:289,(anonymous_9)
FNF:9
FNH:0
FNDA:0,FeedingDetailsPage
FNDA:0,(anonymous_2)
FNDA:0,(anonymous_3)
FNDA:0,(anonymous_4)
FNDA:0,(anonymous_5)
FNDA:0,(anonymous_6)
FNDA:0,(anonymous_7)
FNDA:0,(anonymous_8)
FNDA:0,(anonymous_9)
DA:3,0
DA:4,0
DA:5,0
DA:7,0
DA:8,0
DA:9,0
DA:10,0
DA:11,0
DA:12,0
DA:13,0
DA:14,0
DA:15,0
DA:16,0
DA:17,0
DA:18,0
DA:20,0
DA:26,0
DA:31,0
DA:32,0
DA:33,0
DA:34,0
DA:35,0
DA:36,0
DA:37,0
DA:39,0
DA:40,0
DA:41,0
DA:42,0
DA:44,0
DA:46,0
DA:47,0
DA:50,0
DA:51,0
DA:57,0
DA:65,0
DA:66,0
DA:67,0
DA:68,0
DA:69,0
DA:71,0
DA:74,0
DA:75,0
DA:98,0
DA:99,0
DA:100,0
DA:101,0
DA:102,0
DA:105,0
DA:106,0
DA:108,0
DA:109,0
DA:110,0
DA:111,0
DA:112,0
DA:113,0
DA:114,0
DA:116,0
DA:119,0
DA:120,0
DA:121,0
DA:122,0
DA:123,0
DA:124,0
DA:126,0
DA:127,0
DA:130,0
DA:132,0
DA:134,0
DA:135,0
DA:136,0
DA:138,0
DA:139,0
DA:143,0
DA:146,0
DA:147,0
DA:148,0
DA:149,0
DA:152,0
DA:153,0
DA:154,0
DA:155,0
DA:157,0
DA:158,0
DA:159,0
DA:160,0
DA:162,0
DA:163,0
DA:166,0
DA:171,0
DA:172,0
DA:173,0
DA:176,0
DA:177,0
DA:179,0
DA:180,0
DA:182,0
DA:183,0
DA:188,0
DA:189,0
DA:190,0
DA:191,0
DA:203,0
DA:204,0
DA:217,0
DA:285,0
DA:289,0
LF:106
LH:0
BRDA:36,0,0,0
BRDA:36,0,1,0
BRDA:36,1,0,0
BRDA:36,1,1,0
BRDA:36,2,0,0
BRDA:36,2,1,0
BRDA:36,3,0,0
BRDA:36,3,1,0
BRDA:46,4,0,0
BRDA:50,5,0,0
BRDA:65,6,0,0
BRDA:74,7,0,0
BRDA:99,8,0,0
BRDA:99,9,0,0
BRDA:99,9,1,0
BRDA:99,9,2,0
BRDA:113,10,0,0
BRDA:113,10,1,0
BRDA:113,11,0,0
BRDA:113,11,1,0
BRDA:113,12,0,0
BRDA:113,12,1,0
BRDA:120,13,0,0
BRDA:121,14,0,0
BRDA:121,14,1,0
BRDA:123,15,0,0
BRDA:123,15,1,0
BRDA:127,16,0,0
BRDA:127,16,1,0
BRDA:135,17,0,0
BRDA:135,17,1,0
BRDA:144,18,0,0
BRDA:144,18,1,0
BRDA:144,19,0,0
BRDA:144,19,1,0
BRDA:144,20,0,0
BRDA:144,20,1,0
BRDA:144,21,0,0
BRDA:144,21,1,0
BRDA:147,22,0,0
BRDA:147,23,0,0
BRDA:147,23,1,0
BRDA:147,24,0,0
BRDA:147,24,1,0
BRDA:147,25,0,0
BRDA:147,25,1,0
BRDA:159,26,0,0
BRDA:159,26,1,0
BRDA:159,27,0,0
[...]
LH:24
BRDA:11,0,0,0
BRDA:13,1,0,6
BRDA:13,1,1,2
BRDA:14,2,0,6
BRDA:14,2,1,2
BRDA:18,3,0,0
BRDA:32,4,0,4
BRDA:34,5,0,0
BRDA:60,6,0,2
BRDA:67,7,0,1
BRDA:69,8,0,1
BRF:11
BRH:8
end_of_record
TN:
SF:lib/utils/data-loader.ts
FN:20,useDataLoader
FN:29,(anonymous_1)
FN:37,(anonymous_2)
FN:39,(anonymous_3)
FN:45,(anonymous_4)
FN:88,(anonymous_5)
FNF:6
FNH:0
FNDA:0,useDataLoader
FNDA:0,(anonymous_1)
FNDA:0,(anonymous_2)
FNDA:0,(anonymous_3)
FNDA:0,(anonymous_4)
FNDA:0,(anonymous_5)
DA:1,0
DA:2,0
DA:20,0
DA:24,0
DA:25,0
DA:26,0
DA:27,0
DA:29,0
DA:30,0
DA:31,0
DA:32,0
DA:34,0
DA:37,0
DA:38,0
DA:39,0
DA:40,0
DA:41,0
DA:45,0
DA:46,0
DA:47,0
DA:50,0
DA:51,0
DA:54,0
DA:55,0
DA:57,0
DA:58,0
DA:60,0
DA:66,0
DA:67,0
DA:69,0
DA:70,0
DA:73,0
DA:75,0
DA:76,0
DA:79,0
DA:80,0
DA:82,0
DA:83,0
DA:88,0
DA:89,0
DA:92,0
LF:41
LH:0
BRDA:30,0,0,0
BRDA:46,1,0,0
BRDA:46,2,0,0
BRDA:46,2,1,0
BRDA:50,3,0,0
BRDA:62,4,0,0
BRDA:62,4,1,0
BRDA:62,5,0,0
BRDA:62,5,1,0
BRDA:63,6,0,0
BRDA:63,6,1,0
BRDA:63,7,0,0
BRDA:63,7,1,0
BRDA:69,8,0,0
BRDA:69,9,0,0
BRDA:69,9,1,0
BRDA:73,10,0,0
BRDA:73,10,1,0
BRDA:73,11,0,0
BRDA:73,11,1,0
BRDA:75,12,0,0
BRDA:75,13,0,0
BRDA:75,13,1,0
BRDA:79,14,0,0
BRDA:79,14,1,0
BRDA:80,15,0,0
BRDA:80,15,1,0
BRDA:80,16,0,0
BRDA:80,16,1,0
BRDA:82,17,0,0
BRDA:90,18,0,0
BRDA:90,18,1,0
BRF:32
BRH:0
end_of_record
TN:
SF:lib/utils/date.ts
FN:30,safeParseISO
FN:54,getDateRange
FN:99,formatDate
FN:116,isDateInRange
FN:132,getHourFromDate
FN:144,formatHour
FN:153,generateDateArray
FN:173,resolveDateFnsLocale
FNF:8
FNH:0
FNDA:0,safeParseISO
FNDA:0,getDateRange
FNDA:0,formatDate
FNDA:0,isDateInRange
FNDA:0,getHourFromDate
FNDA:0,formatHour
FNDA:0,generateDateArray
FNDA:0,resolveDateFnsLocale
DA:1,0
DA:16,0
DA:30,0
DA:31,0
DA:32,0
DA:33,0
DA:35,0
DA:39,0
DA:40,0
DA:41,0
DA:42,0
DA:44,0
DA:45,0
DA:54,0
DA:55,0
DA:57,0
DA:59,0
DA:64,0
DA:69,0
DA:74,0
DA:79,0
DA:80,0
DA:85,0
DA:99,0
DA:104,0
DA:105,0
DA:106,0
DA:107,0
DA:116,0
DA:117,0
DA:118,0
DA:119,0
DA:121,0
DA:122,0
DA:124,0
DA:132,0
DA:133,0
DA:134,0
DA:135,0
DA:136,0
DA:144,0
DA:145,0
DA:153,0
DA:154,0
DA:155,0
DA:157,0
DA:158,0
DA:162,0
DA:165,0
DA:173,0
DA:174,0
DA:177,0
DA:179,0
LF:53
LH:0
BRDA:32,0,0,0
BRDA:33,1,0,0
BRDA:33,1,1,0
BRDA:35,2,0,0
BRDA:35,2,1,0
BRDA:39,3,0,0
BRDA:41,4,0,0
BRDA:57,5,0,0
BRDA:57,5,1,0
BRDA:57,5,2,0
BRDA:57,5,3,0
BRDA:57,5,4,0
BRDA:57,5,5,0
BRDA:101,6,0,0
BRDA:102,7,0,0
BRDA:104,8,0,0
BRDA:105,9,0,0
BRDA:105,9,1,0
BRDA:106,10,0,0
BRDA:117,11,0,0
BRDA:118,12,0,0
BRDA:118,12,1,0
BRDA:119,13,0,0
BRDA:124,14,0,0
BRDA:124,14,1,0
BRDA:133,15,0,0
BRDA:134,16,0,0
BRDA:134,16,1,0
BRDA:135,17,0,0
BRDA:174,18,0,0
BRDA:174,18,1,0
BRDA:174,18,2,0
BRDA:174,19,0,0
BRDA:174,19,1,0
BRDA:174,20,0,0
BRDA:174,20,1,0
BRF:36
BRH:0
end_of_record
TN:
SF:lib/utils/dateFnsLocale.ts
FN:10,resolveDateFnsLocale
FNF:1
FNH:0
FNDA:0,resolveDateFnsLocale
DA:1,0
DA:4,0
DA:10,0
DA:11,0
LF:4
LH:0
BRDA:11,0,0,0
BRDA:11,0,1,0
BRDA:11,1,0,0
BRDA:11,1,1,0
BRDA:11,2,0,0
BRDA:11,2,1,0
BRF:6
BRH:0
end_of_record
TN:
SF:lib/utils/dateUtils.ts
FN:10,getUserTimezone
FN:30,getAgeString
FN:80,getScheduleText
FN:100,formatDateTime
FN:120,getRelativeTime
FN:140,parseTimeString
FN:169,getNextScheduledTime
FN:234,calculateNextFeeding
FN:293,formatDateTimeForDisplay
FN:317,calculateNextFeedingTime
FN:331,(anonymous_10)
FN:340,(anonymous_11)
FN:347,(anonymous_12)
FN:355,(anonymous_13)
FNF:14
FNH:0
FNDA:0,getUserTimezone
FNDA:0,getAgeString
FNDA:0,getScheduleText
FNDA:0,formatDateTime
FNDA:0,getRelativeTime
FNDA:0,parseTimeString
FNDA:0,getNextScheduledTime
FNDA:0,calculateNextFeeding
FNDA:0,formatDateTimeForDisplay
FNDA:0,calculateNextFeedingTime
FNDA:0,(anonymous_10)
FNDA:0,(anonymous_11)
FNDA:0,(anonymous_12)
FNDA:0,(anonymous_13)
DA:1,1
DA:2,1
DA:3,1
DA:5,1
DA:10,1
DA:12,0
DA:13,0
DA:14,0
DA:18,0
DA:19,0
DA:20,0
DA:22,0
DA:23,0
DA:30,1
DA:31,0
DA:33,0
DA:34,0
DA:35,0
DA:36,0
DA:39,0
DA:40,0
DA:41,0
DA:44,0
DA:45,0
DA:47,0
DA:48,0
DA:51,0
DA:53,0
DA:57,0
DA:58,0
DA:59,0
DA:62,0
DA:65,0
DA:66,0
DA:67,0
DA:70,0
DA:72,0
DA:73,0
DA:80,1
DA:81,0
DA:83,0
DA:84,0
DA:85,0
DA:86,0
DA:87,0
DA:90,0
DA:92,0
DA:93,0
DA:100,1
DA:101,0
DA:103,0
DA:104,0
DA:105,0
DA:106,0
DA:107,0
DA:108,0
DA:110,0
DA:112,0
DA:113,0
DA:120,1
DA:121,0
DA:123,0
DA:124,0
DA:125,0
DA:126,0
DA:127,0
DA:128,0
DA:130,0
DA:132,0
DA:133,0
DA:140,1
DA:141,0
DA:142,0
DA:143,0
DA:146,0
DA:149,0
DA:152,0
DA:153,0
DA:155,0
DA:156,0
DA:159,0
DA:161,0
DA:162,0
DA:169,1
DA:170,0
DA:172,0
DA:173,0
DA:174,0
DA:175,0
DA:176,0
DA:177,0
DA:180,0
DA:182,0
DA:184,0
DA:185,0
DA:187,0
DA:188,0
DA:189,0
DA:192,0
DA:193,0
DA:195,0
DA:196,0
DA:199,0
DA:202,0
DA:205,0
DA:206,0
DA:208,0
DA:209,0
DA:213,0
DA:214,0
DA:217,0
DA:219,0
DA:220,0
DA:224,0
DA:226,0
DA:227,0
DA:234,1
DA:236,0
DA:237,0
DA:238,0
DA:242,0
DA:245,0
DA:246,0
DA:247,0
DA:249,0
DA:250,0
DA:251,0
DA:252,0
DA:253,0
DA:256,0
DA:257,0
DA:258,0
DA:261,0
DA:262,0
DA:263,0
DA:264,0
DA:267,0
DA:270,0
DA:271,0
DA:272,0
DA:275,0
DA:276,0
DA:279,0
DA:280,0
DA:281,0
DA:283,0
DA:285,0
DA:286,0
DA:293,1
DA:294,0
DA:296,0
DA:298,0
DA:299,0
DA:300,0
DA:304,0
DA:307,0
DA:309,0
DA:310,0
DA:317,1
DA:322,0
DA:323,0
DA:324,0
DA:327,0
DA:328,0
DA:331,0
DA:332,0
DA:333,0
DA:334,0
DA:337,0
DA:340,0
DA:341,0
DA:343,0
DA:344,0
DA:346,0
DA:347,0
DA:348,0
DA:349,0
DA:350,0
DA:351,0
DA:355,0
DA:356,0
DA:357,0
DA:360,0
DA:361,0
DA:362,0
DA:364,0
DA:366,0
DA:367,0
DA:370,0
DA:374,0
DA:378,0
DA:379,0
DA:383,0
DA:384,0
DA:386,0
DA:389,0
LF:196
LH:14
BRDA:12,0,0,0
BRDA:12,1,0,0
BRDA:12,1,1,0
BRDA:31,2,0,0
BRDA:39,3,0,0
BRDA:39,4,0,0
BRDA:39,4,1,0
BRDA:47,5,0,0
BRDA:47,6,0,0
BRDA:47,6,1,0
BRDA:47,6,2,0
BRDA:51,7,0,0
BRDA:54,8,0,0
BRDA:54,8,1,0
BRDA:55,9,0,0
BRDA:55,9,1,0
BRDA:57,10,0,0
BRDA:62,11,0,0
BRDA:62,11,1,0
BRDA:65,12,0,0
BRDA:70,13,0,0
BRDA:70,13,1,0
BRDA:81,14,0,0
BRDA:84,15,0,0
BRDA:84,15,1,0
BRDA:84,16,0,0
BRDA:84,16,1,0
BRDA:84,16,2,0
BRDA:85,17,0,0
BRDA:85,17,1,0
BRDA:86,18,0,0
BRDA:86,19,0,0
BRDA:86,19,1,0
BRDA:86,19,2,0
BRDA:101,20,0,0
BRDA:105,21,0,0
BRDA:105,21,1,0
BRDA:106,22,0,0
BRDA:121,23,0,0
BRDA:125,24,0,0
BRDA:125,24,1,0
BRDA:126,25,0,0
BRDA:146,26,0,0
BRDA:146,27,0,0
BRDA:146,27,1,0
BRDA:146,27,2,0
BRDA:146,27,3,0
BRDA:146,27,4,0
BRDA:146,27,5,0
BRDA:155,28,0,0
BRDA:170,29,0,0
BRDA:170,30,0,0
BRDA:170,30,1,0
BRDA:175,31,0,0
BRDA:182,32,0,0
BRDA:182,32,1,0
BRDA:182,33,0,0
BRDA:182,33,1,0
BRDA:182,33,2,0
BRDA:184,34,0,0
BRDA:184,34,1,0
BRDA:187,35,0,0
BRDA:193,36,0,0
BRDA:193,37,0,0
BRDA:193,37,1,0
BRDA:193,37,2,0
BRDA:199,38,0,0
BRDA:199,39,0,0
BRDA:199,39,1,0
BRDA:199,39,2,0
BRDA:199,39,3,0
BRDA:199,39,4,0
BRDA:199,39,5,0
BRDA:208,40,0,0
BRDA:213,41,0,0
BRDA:234,42,0,0
BRDA:236,43,0,0
BRDA:236,44,0,0
BRDA:236,44,1,0
BRDA:296,45,0,0
BRDA:296,45,1,0
BRDA:298,46,0,0
BRDA:322,47,0,0
BRDA:322,48,0,0
BRDA:322,48,1,0
BRDA:332,49,0,0
BRDA:344,50,0,0
BRDA:344,50,1,0
BRDA:344,51,0,0
BRDA:344,51,1,0
BRDA:356,52,0,0
BRDA:356,52,1,0
BRDA:364,53,0,0
BRDA:364,54,0,0
BRDA:364,54,1,0
BRDA:366,55,0,0
BRDA:366,55,1,0
BRDA:378,56,0,0
BRDA:378,57,0,0
BRDA:378,57,1,0
BRDA:378,57,2,0
BRDA:383,58,0,0
BRDA:383,58,1,0
BRF:103
BRH:0
end_of_record
TN:
SF:lib/utils/error-handler.ts
FN:10,(anonymous_0)
FN:17,(anonymous_1)
FN:24,(anonymous_2)
FN:31,(anonymous_3)
FN:37,handleAsyncError
FN:95,handleError
FNF:6
FNH:0
FNDA:0,(anonymous_0)
FNDA:0,(anonymous_1)
FNDA:0,(anonymous_2)
FNDA:0,(anonymous_3)
FNDA:0,handleAsyncError
FNDA:0,handleError
DA:1,0
DA:9,0
DA:10,0
DA:11,0
DA:12,0
DA:16,0
DA:18,0
DA:19,0
DA:23,0
DA:25,0
DA:26,0
DA:30,0
DA:32,0
DA:33,0
DA:37,0
DA:53,0
DA:55,0
DA:56,0
DA:58,0
DA:59,0
DA:62,0
DA:63,0
DA:66,0
DA:70,0
DA:71,0
DA:72,0
DA:73,0
DA:75,0
DA:83,0
DA:85,0
DA:87,0
DA:88,0
DA:91,0
DA:95,0
DA:96,0
DA:97,0
DA:100,0
DA:101,0
DA:104,0
LF:39
LH:0
BRDA:39,0,0,0
BRDA:48,1,0,0
BRDA:49,2,0,0
BRDA:58,3,0,0
BRDA:62,4,0,0
BRDA:70,5,0,0
BRDA:70,5,1,0
BRDA:72,6,0,0
BRDA:72,6,1,0
BRDA:76,7,0,0
BRDA:76,7,1,0
BRDA:87,8,0,0
BRDA:95,9,0,0
BRDA:96,10,0,0
BRDA:100,11,0,0
BRDA:105,12,0,0
BRDA:105,12,1,0
BRF:17
BRH:0
end_of_record
TN:
SF:lib/utils/feedingUtils.ts
FN:14,groupLogsByDate
FN:15,(anonymous_1)
FN:25,(anonymous_2)
FN:38,formatGroupDate
FNF:4
FNH:0
FNDA:0,groupLogsByDate
FNDA:0,(anonymous_1)
FNDA:0,(anonymous_2)
FNDA:0,formatGroupDate
DA:2,0
DA:3,0
DA:14,0
DA:15,0
DA:16,0
DA:18,0
DA:19,0
DA:22,0
DA:25,0
DA:26,0
DA:29,0
DA:38,0
DA:39,0
DA:40,0
LF:14
LH:0
BRDA:18,0,0,0
BRF:1
BRH:0
end_of_record
TN:
SF:lib/utils/security-headers.ts
FN:8,applySecurityHeaders
FNF:1
FNH:0
FNDA:0,applySecurityHeaders
DA:8,0
DA:10,0
DA:11,0
DA:12,0
DA:13,0
DA:17,0
DA:18,0
DA:25,0
DA:38,0
DA:41,0
DA:46,0
LF:11
LH:0
BRDA:17,0,0,0
BRDA:35,1,0,0
BRDA:35,1,1,0
BRF:3
BRH:0
end_of_record
TN:
SF:lib/utils/singleton.ts
FN:4,(anonymous_0)
FN:6,(anonymous_1)
FNF:2
FNH:2
FNDA:2,(anonymous_0)
FNDA:2,(anonymous_1)
DA:1,2
DA:7,2
DA:8,2
DA:10,2
LF:4
LH:4
BRDA:7,0,0,2
BRF:1
BRH:1
end_of_record
TN:
SF:lib/utils/storage.ts
FN:19,(anonymous_0)
FN:23,(anonymous_1)
FN:30,(anonymous_2)
FN:81,(anonymous_3)
FN:99,(anonymous_4)
FN:111,(anonymous_5)
FN:130,useLocalStorage
FN:135,(anonymous_7)
FN:140,(anonymous_8)
FN:145,(anonymous_9)
FNF:10
FNH:0
FNDA:0,(anonymous_0)
FNDA:0,(anonymous_1)
FNDA:0,(anonymous_2)
FNDA:0,(anonymous_3)
FNDA:0,(anonymous_4)
FNDA:0,(anonymous_5)
FNDA:0,useLocalStorage
FNDA:0,(anonymous_7)
FNDA:0,(anonymous_8)
FNDA:0,(anonymous_9)
DA:1,0
DA:20,0
DA:24,0
DA:25,0
DA:27,0
DA:31,0
DA:33,0
DA:34,0
DA:35,0
DA:38,0
DA:39,0
DA:40,0
DA:44,0
DA:45,0
DA:46,0
DA:49,0
DA:53,0
DA:54,0
DA:55,0
DA:58,0
DA:61,0
DA:62,0
DA:63,0
DA:67,0
DA:68,0
DA:69,0
DA:73,0
DA:74,0
DA:76,0
DA:77,0
DA:82,0
DA:83,0
DA:90,0
DA:93,0
DA:95,0
DA:100,0
DA:102,0
DA:105,0
DA:107,0
DA:112,0
DA:114,0
DA:117,0
DA:119,0
DA:125,0
DA:130,0
DA:135,0
DA:136,0
DA:137,0
DA:140,0
DA:141,0
DA:142,0
DA:145,0
DA:146,0
DA:147,0
DA:148,0
DA:152,0
LF:56
LH:0
BRDA:24,0,0,0
BRDA:30,1,0,0
BRDA:34,2,0,0
BRDA:38,3,0,0
BRDA:38,4,0,0
BRDA:38,4,1,0
BRDA:44,5,0,0
BRDA:44,6,0,0
BRDA:44,6,1,0
BRDA:54,7,0,0
BRDA:61,8,0,0
BRDA:61,9,0,0
BRDA:61,9,1,0
BRDA:67,10,0,0
BRDA:67,11,0,0
BRDA:67,11,1,0
BRDA:81,12,0,0
BRDA:86,13,0,0
BRDA:86,13,1,0
BRDA:86,14,0,0
BRDA:86,14,1,0
BRDA:133,15,0,0
BRDA:137,16,0,0
BRDA:137,16,1,0
BRDA:147,17,0,0
BRF:25
BRH:0
end_of_record
TN:
SF:lib/utils/uuid.ts
FN:7,(anonymous_0)
FN:15,(anonymous_1)
FNF:2
FNH:0
FNDA:0,(anonymous_0)
FNDA:0,(anonymous_1)
DA:1,1
DA:7,1
DA:8,0
DA:15,1
DA:16,0
LF:5
LH:3
BRF:0
BRH:0
end_of_record
TN:
SF:lib/utils/validation.ts
FN:6,isValidUser
FN:23,isValidCat
FN:43,isValidFeedingLog
FN:61,isValidHousehold
FNF:4
FNH:0
FNDA:0,isValidUser
FNDA:0,isValidCat
FNDA:0,isValidFeedingLog
FNDA:0,isValidHousehold
DA:6,0
DA:7,0
DA:8,0
DA:9,0
DA:23,0
DA:24,0
DA:25,0
DA:26,0
DA:43,0
DA:44,0
DA:45,0
DA:46,0
DA:61,0
DA:62,0
DA:63,0
DA:64,0
LF:16
LH:0
BRDA:7,0,0,0
BRDA:7,1,0,0
BRDA:7,1,1,0
BRDA:10,2,0,0
BRDA:10,2,1,0
BRDA:10,2,2,0
BRDA:10,2,3,0
BRDA:10,2,4,0
BRDA:10,2,5,0
BRDA:10,2,6,0
BRDA:10,2,7,0
BRDA:10,2,8,0
BRDA:10,2,9,0
BRDA:24,3,0,0
BRDA:24,4,0,0
BRDA:24,4,1,0
BRDA:27,5,0,0
BRDA:27,5,1,0
BRDA:27,5,2,0
BRDA:27,5,3,0
BRDA:27,5,4,0
BRDA:27,5,5,0
BRDA:27,5,6,0
BRDA:27,5,7,0
BRDA:27,5,8,0
BRDA:27,5,9,0
BRDA:27,5,10,0
BRDA:27,5,11,0
BRDA:27,5,12,0
BRDA:27,5,13,0
BRDA:27,5,14,0
BRDA:27,5,15,0
BRDA:44,6,0,0
BRDA:44,7,0,0
BRDA:44,7,1,0
BRDA:47,8,0,0
BRDA:47,8,1,0
BRDA:47,8,2,0
BRDA:47,8,3,0
BRDA:47,8,4,0
BRDA:47,8,5,0
BRDA:47,8,6,0
BRDA:47,8,7,0
BRDA:47,8,8,0
BRDA:47,8,9,0
BRDA:47,8,10,0
BRDA:62,9,0,0
BRDA:62,10,0,0
BRDA:62,10,1,0
BRDA:65,11,0,0
BRDA:65,11,1,0
BRDA:65,11,2,0
BRF:52
BRH:0
end_of_record
TN:
SF:lib/validations/settings.ts
FN:20,(anonymous_0)
FN:29,(anonymous_1)
FN:47,validateSettings
FN:55,(anonymous_3)
FN:69,validateName
FN:83,validateTimezone
FN:93,validateLanguage
FNF:7
FNH:0
FNDA:0,(anonymous_0)
FNDA:0,(anonymous_1)
FNDA:0,validateSettings
FNDA:0,(anonymous_3)
FNDA:0,validateName
FNDA:0,validateTimezone
FNDA:0,validateLanguage
DA:1,0
DA:14,0
DA:21,0
DA:22,0
DA:23,0
DA:25,0
DA:30,0
DA:31,0
DA:32,0
DA:34,0
DA:47,0
DA:48,0
DA:49,0
DA:50,0
DA:52,0
DA:53,0
DA:55,0
DA:61,0
DA:69,0
DA:70,0
DA:71,0
DA:73,0
DA:74,0
DA:76,0
DA:77,0
DA:79,0
DA:83,0
DA:84,0
DA:85,0
DA:86,0
DA:88,0
DA:93,0
DA:94,0
DA:95,0
DA:96,0
DA:98,0
LF:36
LH:0
BRDA:52,0,0,0
BRDA:70,1,0,0
BRDA:73,2,0,0
BRDA:76,3,0,0
BRF:4
BRH:0
end_of_record
TN:
SF:lib/weight/milestoneUtils.ts
FN:9,calcularIdadeEmAnos
FN:25,obterTaxaSegura
FN:37,gerarMarcos
FNF:3
FNH:0
FNDA:0,calcularIdadeEmAnos
FNDA:0,obterTaxaSegura
FNDA:0,gerarMarcos
DA:9,0
DA:10,0
DA:11,0
DA:12,0
DA:13,0
DA:14,0
DA:15,0
DA:17,0
DA:25,0
DA:26,0
DA:37,0
DA:43,0
DA:44,0
DA:45,0
DA:46,0
DA:47,0
DA:49,0
DA:51,0
DA:52,0
DA:53,0
DA:54,0
DA:56,0
DA:59,0
DA:60,0
DA:62,0
DA:70,0
DA:71,0
DA:72,0
DA:75,0
LF:29
LH:0
BRDA:14,0,0,0
BRDA:14,1,0,0
BRDA:14,1,1,0
BRDA:14,1,2,0
BRDA:26,2,0,0
BRDA:26,2,1,0
BRDA:53,3,0,0
BRDA:72,4,0,0
BRF:8
BRH:0
end_of_record
TN:
SF:prisma-scripts/backfill-initial-weight-logs.ts
FN:13,backfillInitialWeightLogs
FN:81,(anonymous_2)
FN:83,(anonymous_3)
FNF:3
FNH:0
FNDA:0,backfillInitialWeightLogs
FNDA:0,(anonymous_2)
FNDA:0,(anonymous_3)
DA:5,0
DA:6,0
DA:9,0
DA:11,0
DA:14,0
DA:16,0
DA:33,0
DA:34,0
DA:35,0
DA:36,0
DA:39,0
DA:41,0
DA:42,0
DA:44,0
DA:47,0
DA:48,0
DA:51,0
DA:53,0
DA:62,0
DA:63,0
DA:65,0
DA:66,0
DA:71,0
DA:72,0
DA:73,0
DA:74,0
DA:75,0
DA:77,0
DA:80,0
DA:82,0
DA:83,0
LF:31
LH:0
BRDA:33,0,0,0
BRDA:47,1,0,0
BRF:2
BRH:0
end_of_record
TN:
SF:public/register-sw.js
FN:2,(anonymous_0)
FN:4,(anonymous_1)
FN:7,(anonymous_2)
FNF:3
FNH:0
FNDA:0,(anonymous_0)
FNDA:0,(anonymous_1)
FNDA:0,(anonymous_2)
DA:1,0
DA:2,0
DA:3,0
DA:5,0
DA:8,0
LF:5
LH:0
BRDA:1,0,0,0
BRDA:1,0,1,0
BRF:2
BRH:0
end_of_record
TN:
SF:public/sw.js
FN:17,(anonymous_0)
FN:20,(anonymous_1)
FN:21,(anonymous_2)
FN:29,(anonymous_3)
FN:31,(anonymous_4)
FN:33,(anonymous_5)
FN:33,(anonymous_6)
FN:43,(anonymous_7)
FN:56,(anonymous_8)
FN:57,(anonymous_9)
FN:62,(anonymous_10)
FN:63,(anonymous_11)
FN:65,(anonymous_12)
FN:70,(anonymous_13)
FNF:14
FNH:0
FNDA:0,(anonymous_0)
FNDA:0,(anonymous_1)
FNDA:0,(anonymous_2)
FNDA:0,(anonymous_3)
FNDA:0,(anonymous_4)
FNDA:0,(anonymous_5)
FNDA:0,(anonymous_6)
FNDA:0,(anonymous_7)
FNDA:0,(anonymous_8)
FNDA:0,(anonymous_9)
FNDA:0,(anonymous_10)
FNDA:0,(anonymous_11)
FNDA:0,(anonymous_12)
FNDA:0,(anonymous_13)
DA:1,0
DA:2,0
DA:3,0
DA:17,0
DA:18,0
DA:20,0
DA:22,0
DA:26,0
DA:29,0
DA:30,0
DA:32,0
DA:33,0
DA:34,0
DA:35,0
DA:40,0
DA:43,0
DA:44,0
DA:47,0
DA:48,0
DA:49,0
DA:52,0
DA:54,0
DA:56,0
DA:57,0
DA:61,0
DA:63,0
DA:64,0
DA:65,0
DA:66,0
DA:69,0
DA:72,0
DA:75,0
LF:32
LH:0
BRDA:44,0,0,0
BRDA:44,0,1,0
BRDA:48,1,0,0
BRDA:48,1,1,0
BRDA:52,2,0,0
BRDA:52,2,1,0
BRDA:64,3,0,0
BRDA:64,3,1,0
BRDA:64,4,0,0
BRDA:64,4,1,0
BRDA:75,5,0,0
BRDA:75,5,1,0
BRF:12
BRH:0
end_of_record
TN:
SF:src/pages.tsx
FN:6,Home
FNF:1
FNH:0
FNDA:0,Home
DA:3,0
DA:4,0
DA:6,0
DA:7,0
LF:4
LH:0
BRF:0
BRH:0
end_of_record
TN:
SF:src/lib/image-cache.ts
FN:27,(anonymous_1)
FN:35,(anonymous_2)
FN:45,(anonymous_3)
FN:51,(anonymous_4)
FN:75,(anonymous_5)
FN:113,(anonymous_6)
FN:137,(anonymous_7)
FN:155,(anonymous_8)
FN:161,(anonymous_9)
FN:181,(anonymous_10)
FN:186,(anonymous_11)
FN:193,(anonymous_12)
FNF:12
FNH:0
FNDA:0,(anonymous_1)
FNDA:0,(anonymous_2)
FNDA:0,(anonymous_3)
FNDA:0,(anonymous_4)
FNDA:0,(anonymous_5)
FNDA:0,(anonymous_6)
FNDA:0,(anonymous_7)
FNDA:0,(anonymous_8)
FNDA:0,(anonymous_9)
FNDA:0,(anonymous_10)
FNDA:0,(anonymous_11)
FNDA:0,(anonymous_12)
DA:1,0
DA:2,0
DA:3,0
DA:4,0
DA:5,0
DA:7,0
DA:8,0
DA:9,0
DA:28,0
DA:29,0
DA:30,0
DA:31,0
DA:32,0
DA:36,0
DA:37,0
DA:38,0
DA:41,0
DA:46,0
DA:47,0
DA:48,0
DA:51,0
DA:53,0
DA:54,0
DA:56,0
DA:58,0
DA:61,0
DA:62,0
DA:63,0
DA:65,0
DA:66,0
DA:71,0
DA:76,0
DA:77,0
DA:79,0
DA:81,0
DA:82,0
DA:86,0
DA:87,0
DA:88,0
DA:89,0
DA:92,0
DA:102,0
DA:104,0
DA:106,0
DA:109,0
DA:114,0
DA:115,0
DA:118,0
DA:121,0
DA:131,0
DA:133,0
DA:138,0
DA:140,0
DA:143,0
DA:144,0
DA:145,0
DA:147,0
DA:148,0
DA:151,0
DA:156,0
DA:157,0
DA:158,0
DA:162,0
DA:163,0
DA:169,0
DA:170,0
DA:171,0
DA:174,0
DA:182,0
DA:183,0
DA:187,0
DA:188,0
DA:189,0
DA:194,0
DA:198,0
LF:75
LH:0
BRDA:37,0,0,0
BRDA:56,1,0,0
BRDA:79,2,0,0
BRDA:156,3,0,0
BRDA:157,4,0,0
BRF:5
BRH:0
end_of_record
TN:
SF:supabase/functions/send-scheduled-notifications/index.ts
FN:4,(anonymous_0)
FNF:1
FNH:0
FNDA:0,(anonymous_0)
DA:1,0
DA:2,0
DA:4,0
DA:6,0
DA:7,0
DA:9,0
DA:10,0
DA:13,0
DA:14,0
DA:15,0
DA:16,0
DA:17,0
DA:22,0
DA:24,0
DA:26,0
DA:32,0
DA:33,0
DA:34,0
DA:41,0
DA:42,0
DA:43,0
DA:45,0
DA:57,0
DA:58,0
DA:59,0
DA:63,0
DA:67,0
DA:68,0
DA:69,0
DA:72,0
DA:73,0
DA:75,0
DA:79,0
DA:84,0
DA:85,0
LF:35
LH:0
BRDA:6,0,0,0
BRDA:6,0,1,0
BRDA:9,1,0,0
BRDA:13,2,0,0
BRDA:13,2,1,0
BRDA:13,3,0,0
BRDA:13,3,1,0
BRDA:15,4,0,0
BRDA:32,5,0,0
BRDA:33,6,0,0
BRDA:33,7,0,0
BRDA:33,7,1,0
BRDA:48,8,0,0
BRDA:48,8,1,0
BRDA:48,9,0,0
BRDA:48,9,1,0
BRDA:53,10,0,0
BRDA:53,10,1,0
BRDA:53,11,0,0
BRDA:53,11,1,0
BRDA:57,12,0,0
BRDA:67,13,0,0
BRDA:85,14,0,0
BRDA:85,14,1,0
BRDA:85,15,0,0
BRDA:85,15,1,0
BRF:26
BRH:0
end_of_record
TN:
SF:utils/getSiteOrigin.ts
FN:1,getSiteOrigin
FNF:1
FNH:0
FNDA:0,getSiteOrigin
DA:1,0
DA:2,0
DA:3,0
DA:6,0
LF:4
LH:0
BRDA:2,0,0,0
BRDA:3,1,0,0
BRDA:3,1,1,0
BRDA:6,2,0,0
BRDA:6,2,1,0
BRF:5
BRH:0
end_of_record
TN:
SF:utils/supabase/admin.ts
FN:3,createAdminClient
FNF:1
FNH:0
FNDA:0,createAdminClient
DA:1,0
DA:3,0
DA:4,0
DA:5,0
DA:7,0
DA:8,0
DA:11,0
LF:7
LH:0
BRDA:4,0,0,0
BRDA:7,1,0,0
BRF:2
BRH:0
end_of_record
TN:
SF:utils/supabase/client.ts
FN:3,(anonymous_0)
FNF:1
FNH:0
FNDA:0,(anonymous_0)
DA:1,2
DA:3,2
DA:4,0
LF:3
LH:2
BRF:0
BRH:0
end_of_record
TN:
SF:utils/supabase/middleware.ts
FN:53,createSupabaseMiddlewareClient
FN:63,(anonymous_1)
FN:64,(anonymous_2)
FN:67,hasStaticAssetExtension
FN:71,(anonymous_4)
FN:72,(anonymous_5)
FN:74,(anonymous_6)
FN:75,(anonymous_7)
FN:94,updateSession
FN:209,(anonymous_9)
FNF:10
FNH:0
FNDA:0,createSupabaseMiddlewareClient
FNDA:0,(anonymous_1)
FNDA:0,(anonymous_2)
FNDA:0,hasStaticAssetExtension
FNDA:0,(anonymous_4)
FNDA:0,(anonymous_5)
FNDA:0,(anonymous_6)
FNDA:0,(anonymous_7)
FNDA:0,updateSession
FNDA:0,(anonymous_9)
DA:1,0
DA:2,0
DA:3,0
DA:4,0
DA:7,0
DA:22,0
DA:33,0
DA:54,0
DA:63,0
DA:64,0
DA:68,0
DA:71,0
DA:72,0
DA:74,0
DA:75,0
DA:78,0
DA:88,0
DA:94,0
DA:95,0
DA:98,0
DA:99,0
DA:100,0
DA:104,0
DA:108,0
DA:109,0
DA:113,0
DA:114,0
DA:118,0
DA:124,0
DA:126,0
DA:128,0
DA:131,0
DA:133,0
DA:134,0
DA:141,0
DA:150,0
DA:151,0
DA:152,0
DA:153,0
DA:154,0
DA:156,0
DA:157,0
DA:158,0
DA:161,0
DA:162,0
DA:168,0
DA:169,0
DA:170,0
DA:171,0
DA:172,0
DA:176,0
DA:177,0
DA:178,0
DA:179,0
DA:180,0
DA:181,0
DA:182,0
DA:186,0
DA:187,0
DA:190,0
DA:192,0
DA:193,0
DA:194,0
DA:195,0
DA:196,0
DA:198,0
DA:199,0
DA:200,0
DA:203,0
DA:204,0
DA:209,0
DA:210,0
LF:72
LH:0
BRDA:72,0,0,0
BRDA:72,0,1,0
BRDA:98,1,0,0
BRDA:98,1,1,0
BRDA:99,2,0,0
BRDA:108,3,0,0
BRDA:113,4,0,0
BRDA:131,5,0,0
BRDA:133,6,0,0
BRDA:133,6,1,0
BRDA:150,7,0,0
BRDA:153,8,0,0
BRDA:168,9,0,0
BRDA:168,10,0,0
BRDA:168,10,1,0
BRDA:176,11,0,0
BRDA:176,12,0,0
BRDA:176,12,1,0
BRDA:192,13,0,0
BRDA:195,14,0,0
BRF:20
BRH:0
end_of_record
TN:
SF:utils/supabase/server.ts
FN:5,(anonymous_0)
FN:13,(anonymous_1)
FN:22,(anonymous_2)
FN:29,(anonymous_3)
FNF:4
FNH:0
FNDA:0,(anonymous_0)
FNDA:0,(anonymous_1)
FNDA:0,(anonymous_2)
FNDA:0,(anonymous_3)
DA:1,0
DA:2,0
DA:5,0
DA:6,0
DA:8,0
DA:14,0
DA:15,0
DA:16,0
DA:18,0
DA:19,0
DA:23,0
DA:24,0
DA:26,0
DA:30,0
DA:31,0
DA:33,0
LF:16
LH:0
BRDA:16,0,0,0
BRDA:16,0,1,0
BRDA:16,1,0,0
BRDA:16,1,1,0
BRF:4
BRH:0
end_of_record
TN:
SF:utils/supabase/storage.ts
FN:23,uploadImage
FN:77,deleteImage
FN:104,listUserImages
FN:118,(anonymous_3)
FNF:4
FNH:0
FNDA:0,uploadImage
FNDA:0,deleteImage
FNDA:0,listUserImages
FNDA:0,(anonymous_3)
DA:1,0
DA:2,0
DA:4,0
DA:23,0
DA:29,0
DA:30,0
DA:34,0
DA:35,0
DA:36,0
DA:39,0
DA:40,0
DA:41,0
DA:44,0
DA:45,0
DA:46,0
DA:47,0
DA:48,0
DA:49,0
DA:52,0
DA:59,0
DA:60,0
DA:61,0
DA:65,0
DA:69,0
DA:77,0
DA:78,0
DA:81,0
DA:82,0
DA:84,0
DA:85,0
DA:88,0
DA:92,0
DA:93,0
DA:94,0
DA:104,0
DA:105,0
DA:107,0
DA:113,0
DA:114,0
DA:115,0
DA:118,0
DA:119,0
DA:122,0
LF:43
LH:0
BRDA:26,0,0,0
BRDA:29,1,0,0
BRDA:35,2,0,0
BRDA:39,3,0,0
BRDA:39,3,1,0
BRDA:59,4,0,0
BRDA:78,5,0,0
BRDA:78,5,1,0
BRDA:84,6,0,0
BRDA:92,7,0,0
BRDA:105,8,0,0
BRDA:105,8,1,0
BRDA:113,9,0,0
BRF:13
BRH:0
end_of_record
