TN:
SF:tailwind.config.ts
FNF:0
FNH:0
DA:3,0
DA:90,0
LF:2
LH:0
BRF:0
BRH:0
end_of_record
TN:
SF:app/loading.tsx
FN:1,Loading
FNF:1
FNH:0
FNDA:0,Loading
DA:1,0
DA:2,0
LF:2
LH:0
BRF:0
BRH:0
end_of_record
TN:
SF:app/page.tsx
FN:29,Home
FN:119,(anonymous_2)
FN:222,(anonymous_3)
FN:249,(anonymous_4)
FN:251,(anonymous_5)
FNF:5
FNH:0
FNDA:0,Home
FNDA:0,(anonymous_2)
FNDA:0,(anonymous_3)
FNDA:0,(anonymous_4)
FNDA:0,(anonymous_5)
DA:3,0
DA:4,0
DA:5,0
DA:6,0
DA:7,0
DA:8,0
DA:9,0
DA:10,0
DA:11,0
DA:18,0
DA:19,0
DA:20,0
DA:21,0
DA:22,0
DA:23,0
DA:24,0
DA:25,0
DA:27,0
DA:29,0
DA:30,0
DA:31,0
DA:32,0
DA:33,0
DA:34,0
DA:35,0
DA:36,0
DA:38,0
DA:39,0
DA:40,0
DA:41,0
DA:43,0
DA:45,0
DA:46,0
DA:48,0
DA:59,0
DA:69,0
DA:77,0
DA:78,0
DA:81,0
DA:82,0
DA:83,0
DA:90,0
DA:91,0
DA:94,0
DA:95,0
DA:109,0
DA:110,0
DA:120,0
DA:121,0
DA:122,0
DA:123,0
DA:131,0
DA:133,0
DA:222,0
DA:249,0
DA:252,0
LF:56
LH:0
BRDA:45,0,0,0
BRDA:45,0,1,0
BRDA:45,0,2,0
BRDA:46,1,0,0
BRDA:46,1,1,0
BRDA:46,1,2,0
BRDA:46,1,3,0
BRDA:46,2,0,0
BRDA:46,2,1,0
BRDA:46,3,0,0
BRDA:46,3,1,0
BRDA:77,4,0,0
BRDA:77,5,0,0
BRDA:77,5,1,0
BRDA:77,5,2,0
BRDA:81,6,0,0
BRDA:81,6,1,0
BRDA:81,6,2,0
BRDA:82,7,0,0
BRDA:90,8,0,0
BRDA:94,9,0,0
BRDA:94,10,0,0
BRDA:94,10,1,0
BRDA:94,11,0,0
BRDA:94,11,1,0
BRDA:94,12,0,0
BRDA:94,12,1,0
BRDA:109,13,0,0
BRDA:131,14,0,0
BRDA:131,14,1,0
BRDA:150,15,0,0
BRDA:150,15,1,0
BRDA:150,16,0,0
BRDA:150,16,1,0
BRDA:150,17,0,0
BRDA:150,17,1,0
BRDA:175,18,0,0
BRDA:175,18,1,0
BRDA:191,19,0,0
BRDA:191,19,1,0
BRDA:211,20,0,0
BRDA:211,20,1,0
BRDA:245,21,0,0
BRDA:245,21,1,0
BRDA:245,22,0,0
BRDA:245,22,1,0
BRDA:282,23,0,0
BRDA:282,23,1,0
BRDA:282,24,0,0
BRDA:282,24,1,0
BRDA:282,25,0,0
BRDA:282,25,1,0
BRF:52
BRH:0
end_of_record
TN:
SF:app/api/auth/[...nextauth]/route.ts
FN:23,(anonymous_1)
FN:61,(anonymous_2)
FN:101,(anonymous_3)
FN:129,(anonymous_4)
FN:164,(anonymous_5)
FN:167,(anonymous_6)
FN:170,(anonymous_7)
FN:173,(anonymous_8)
FNF:8
FNH:0
FNDA:0,(anonymous_1)
FNDA:0,(anonymous_2)
FNDA:0,(anonymous_3)
FNDA:0,(anonymous_4)
FNDA:0,(anonymous_5)
FNDA:0,(anonymous_6)
FNDA:0,(anonymous_7)
FNDA:0,(anonymous_8)
DA:1,0
DA:3,0
DA:4,0
DA:5,0
DA:6,0
DA:8,0
DA:10,0
DA:24,0
DA:25,0
DA:26,0
DA:27,0
DA:30,0
DA:31,0
DA:36,0
DA:37,0
DA:38,0
DA:46,0
DA:47,0
DA:50,0
DA:51,0
DA:62,0
DA:69,0
DA:70,0
DA:71,0
DA:74,0
DA:76,0
DA:82,0
DA:83,0
DA:84,0
DA:94,0
DA:95,0
DA:97,0
DA:98,0
DA:102,0
DA:109,0
DA:110,0
DA:111,0
DA:116,0
DA:117,0
DA:118,0
DA:119,0
DA:122,0
DA:126,0
DA:127,0
DA:130,0
DA:138,0
DA:139,0
DA:140,0
DA:143,0
DA:145,0
DA:149,0
DA:150,0
DA:151,0
DA:155,0
DA:156,0
DA:165,0
DA:168,0
DA:171,0
DA:174,0
DA:179,0
DA:180,0
LF:61
LH:0
BRDA:24,0,0,0
BRDA:24,0,1,0
BRDA:24,1,0,0
BRDA:24,1,1,0
BRDA:25,2,0,0
BRDA:25,3,0,0
BRDA:25,3,1,0
BRDA:25,4,0,0
BRDA:25,4,1,0
BRDA:25,5,0,0
BRDA:25,5,1,0
BRDA:25,6,0,0
BRDA:25,6,1,0
BRDA:25,7,0,0
BRDA:25,7,1,0
BRDA:36,8,0,0
BRDA:36,8,1,0
BRDA:66,9,0,0
BRDA:66,9,1,0
BRDA:66,10,0,0
BRDA:66,10,1,0
BRDA:69,11,0,0
BRDA:69,12,0,0
BRDA:69,12,1,0
BRDA:69,13,0,0
BRDA:69,13,1,0
BRDA:82,14,0,0
BRDA:87,15,0,0
BRDA:87,15,1,0
BRDA:105,16,0,0
BRDA:105,16,1,0
BRDA:105,17,0,0
BRDA:105,17,1,0
BRDA:105,18,0,0
BRDA:105,18,1,0
BRDA:105,19,0,0
BRDA:105,19,1,0
BRDA:106,20,0,0
BRDA:106,20,1,0
BRDA:106,21,0,0
BRDA:106,21,1,0
BRDA:109,22,0,0
BRDA:109,23,0,0
BRDA:109,23,1,0
BRDA:109,24,0,0
BRDA:109,24,1,0
BRDA:116,25,0,0
BRDA:135,26,0,0
BRDA:135,26,1,0
BRDA:135,27,0,0
BRDA:135,27,1,0
BRDA:138,28,0,0
BRDA:143,29,0,0
BRDA:149,30,0,0
BRF:54
BRH:0
end_of_record
TN:
SF:app/api/auth/register/route.ts
FN:25,POST
FNF:1
FNH:0
FNDA:0,POST
DA:1,0
DA:2,0
DA:3,0
DA:6,0
DA:25,0
DA:26,0
DA:28,0
DA:31,0
DA:33,0
DA:34,0
DA:44,0
DA:47,0
DA:49,0
DA:50,0
DA:60,0
DA:71,0
DA:73,0
DA:82,0
DA:83,0
LF:19
LH:0
BRDA:33,0,0,0
BRDA:49,1,0,0
BRDA:87,2,0,0
BRDA:87,2,1,0
BRF:4
BRH:0
end_of_record
TN:
SF:app/api/cats/route.ts
FN:8,GET
FN:40,POST
FNF:2
FNH:0
FNDA:0,GET
FNDA:0,POST
DA:1,0
DA:2,0
DA:4,0
DA:5,0
DA:8,0
DA:9,0
DA:10,0
DA:11,0
DA:13,0
DA:17,0
DA:29,0
DA:31,0
DA:32,0
DA:40,0
DA:41,0
DA:42,0
DA:44,0
DA:45,0
DA:61,0
DA:63,0
DA:64,0
DA:71,0
DA:78,0
DA:79,0
DA:86,0
DA:90,0
DA:91,0
DA:98,0
DA:99,0
DA:100,0
DA:101,0
DA:102,0
DA:107,0
DA:111,0
DA:124,0
DA:128,0
DA:130,0
DA:133,0
DA:135,0
DA:136,0
DA:140,0
DA:141,0
DA:148,0
LF:43
LH:0
BRDA:13,0,0,0
BRDA:13,0,1,0
BRDA:44,1,0,0
BRDA:44,2,0,0
BRDA:44,2,1,0
BRDA:44,3,0,0
BRDA:44,3,1,0
BRDA:44,4,0,0
BRDA:44,4,1,0
BRDA:44,5,0,0
BRDA:44,5,1,0
BRDA:63,6,0,0
BRDA:63,7,0,0
BRDA:63,7,1,0
BRDA:78,8,0,0
BRDA:90,9,0,0
BRDA:99,10,0,0
BRDA:101,11,0,0
BRDA:101,12,0,0
BRDA:101,12,1,0
BRDA:101,12,2,0
BRDA:113,13,0,0
BRDA:113,13,1,0
BRDA:114,14,0,0
BRDA:114,14,1,0
BRDA:115,15,0,0
BRDA:115,15,1,0
BRDA:116,16,0,0
BRDA:116,16,1,0
BRDA:117,17,0,0
BRDA:117,17,1,0
BRDA:120,18,0,0
BRDA:120,18,1,0
BRDA:133,19,0,0
BRDA:135,20,0,0
BRDA:135,20,1,0
BRDA:140,21,0,0
BRF:37
BRH:0
end_of_record
TN:
SF:app/api/cats/[catId]/route.ts
FN:6,GET
FN:58,PUT
FN:127,(anonymous_3)
FN:173,DELETE
FNF:4
FNH:0
FNDA:0,GET
FNDA:0,PUT
FNDA:0,(anonymous_3)
FNDA:0,DELETE
DA:1,0
DA:2,0
DA:3,0
DA:6,0
DA:10,0
DA:11,0
DA:13,0
DA:15,0
DA:34,0
DA:35,0
DA:41,0
DA:43,0
DA:44,0
DA:45,0
DA:50,0
DA:58,0
DA:62,0
DA:63,0
DA:65,0
DA:78,0
DA:81,0
DA:94,0
DA:95,0
DA:102,0
DA:103,0
DA:104,0
DA:105,0
DA:113,0
DA:127,0
DA:147,0
DA:149,0
DA:151,0
DA:152,0
DA:158,0
DA:159,0
DA:165,0
DA:173,0
DA:177,0
DA:179,0
DA:182,0
DA:186,0
DA:187,0
DA:194,0
DA:199,0
DA:203,0
DA:205,0
DA:206,0
DA:207,0
DA:212,0
LF:49
LH:0
BRDA:34,0,0,0
BRDA:44,1,0,0
BRDA:44,2,0,0
BRDA:44,2,1,0
BRDA:94,3,0,0
BRDA:102,4,0,0
BRDA:104,5,0,0
BRDA:104,6,0,0
BRDA:104,6,1,0
BRDA:104,6,2,0
BRDA:116,7,0,0
BRDA:116,7,1,0
BRDA:117,8,0,0
BRDA:117,8,1,0
BRDA:118,9,0,0
BRDA:118,9,1,0
BRDA:119,10,0,0
BRDA:119,10,1,0
BRDA:120,11,0,0
BRDA:120,11,1,0
BRDA:121,12,0,0
BRDA:121,12,1,0
BRDA:122,13,0,0
BRDA:122,13,1,0
BRDA:123,14,0,0
BRDA:123,14,1,0
BRDA:124,15,0,0
BRDA:124,15,1,0
BRDA:125,16,0,0
BRDA:125,16,1,0
BRDA:130,17,0,0
BRDA:130,17,1,0
BRDA:131,18,0,0
BRDA:131,18,1,0
BRDA:132,19,0,0
BRDA:132,19,1,0
BRDA:151,20,0,0
BRDA:158,21,0,0
BRDA:186,22,0,0
BRDA:206,23,0,0
BRDA:206,24,0,0
BRDA:206,24,1,0
BRF:42
BRH:0
end_of_record
TN:
SF:app/api/cats/[catId]/next-feeding/route.ts
FN:7,GET
FN:44,(anonymous_2)
FN:96,(anonymous_3)
FN:110,(anonymous_4)
FNF:4
FNH:0
FNDA:0,GET
FNDA:0,(anonymous_2)
FNDA:0,(anonymous_3)
FNDA:0,(anonymous_4)
DA:1,0
DA:2,0
DA:3,0
DA:4,0
DA:5,0
DA:7,0
DA:11,0
DA:12,0
DA:13,0
DA:15,0
DA:16,0
DA:22,0
DA:23,0
DA:24,0
DA:31,0
DA:44,0
DA:46,0
DA:58,0
DA:59,0
DA:66,0
DA:75,0
DA:76,0
DA:77,0
DA:78,0
DA:81,0
DA:82,0
DA:84,0
DA:86,0
DA:87,0
DA:88,0
DA:90,0
DA:93,0
DA:95,0
DA:96,0
DA:97,0
DA:98,0
DA:99,0
DA:102,0
DA:103,0
DA:106,0
DA:110,0
DA:111,0
DA:112,0
DA:117,0
DA:118,0
DA:119,0
DA:121,0
DA:127,0
DA:131,0
DA:133,0
DA:134,0
LF:51
LH:0
BRDA:15,0,0,0
BRDA:15,1,0,0
BRDA:15,1,1,0
BRDA:15,2,0,0
BRDA:15,2,1,0
BRDA:23,3,0,0
BRDA:58,4,0,0
BRDA:77,5,0,0
BRDA:77,5,1,0
BRDA:77,6,0,0
BRDA:77,6,1,0
BRDA:77,7,0,0
BRDA:77,7,1,0
BRDA:78,8,0,0
BRDA:78,8,1,0
BRDA:81,9,0,0
BRDA:81,9,1,0
BRDA:81,10,0,0
BRDA:81,10,1,0
BRDA:84,11,0,0
BRDA:84,11,1,0
BRDA:86,12,0,0
BRDA:86,13,0,0
BRDA:86,13,1,0
BRDA:87,14,0,0
BRDA:87,14,1,0
BRDA:93,15,0,0
BRDA:102,16,0,0
BRDA:111,17,0,0
BRDA:111,18,0,0
BRDA:111,18,1,0
BRDA:117,19,0,0
BRDA:117,20,0,0
BRDA:117,20,1,0
BRDA:118,21,0,0
BRDA:118,21,1,0
BRDA:127,22,0,0
BRDA:127,22,1,0
BRDA:127,23,0,0
BRDA:127,23,1,0
BRF:40
BRH:0
end_of_record
TN:
SF:app/api/feedings/route.ts
FN:7,GET
FN:69,(anonymous_2)
FN:72,(anonymous_3)
FN:128,POST
FNF:4
FNH:0
FNDA:0,GET
FNDA:0,(anonymous_2)
FNDA:0,(anonymous_3)
FNDA:0,POST
DA:1,0
DA:2,0
DA:7,0
DA:8,0
DA:9,0
DA:10,0
DA:11,0
DA:12,0
DA:14,0
DA:16,0
DA:17,0
DA:21,0
DA:22,0
DA:27,0
DA:34,0
DA:68,0
DA:69,0
DA:72,0
DA:113,0
DA:115,0
DA:116,0
DA:117,0
DA:128,0
DA:129,0
DA:137,0
DA:139,0
DA:140,0
DA:147,0
DA:163,0
DA:164,0
DA:171,0
DA:183,0
DA:184,0
DA:191,0
DA:192,0
DA:195,0
DA:206,0
DA:219,0
DA:221,0
DA:222,0
LF:40
LH:0
BRDA:12,0,0,0
BRDA:12,0,1,0
BRDA:16,1,0,0
BRDA:21,2,0,0
BRDA:21,2,1,0
BRDA:68,3,0,0
BRDA:68,3,1,0
BRDA:69,4,0,0
BRDA:69,4,1,0
BRDA:69,5,0,0
BRDA:69,5,1,0
BRDA:77,6,0,0
BRDA:77,6,1,0
BRDA:78,7,0,0
BRDA:78,7,1,0
BRDA:79,8,0,0
BRDA:79,8,1,0
BRDA:81,9,0,0
BRDA:81,9,1,0
BRDA:93,10,0,0
BRDA:93,10,1,0
BRDA:116,11,0,0
BRDA:116,11,1,0
BRDA:120,12,0,0
BRDA:120,12,1,0
BRDA:139,13,0,0
BRDA:139,14,0,0
BRDA:139,14,1,0
BRDA:163,15,0,0
BRDA:183,16,0,0
BRDA:191,17,0,0
BRDA:191,17,1,0
BRDA:200,18,0,0
BRDA:200,18,1,0
BRDA:211,19,0,0
BRDA:211,19,1,0
BRDA:212,20,0,0
BRDA:212,20,1,0
BRDA:213,21,0,0
BRDA:213,21,1,0
BRF:40
BRH:0
end_of_record
TN:
SF:app/api/feedings/[id]/route.ts
FN:5,GET
FN:56,DELETE
FNF:2
FNH:0
FNDA:0,GET
FNDA:0,DELETE
DA:1,0
DA:2,0
DA:5,0
DA:9,0
DA:10,0
DA:12,0
DA:13,0
DA:19,0
DA:38,0
DA:39,0
DA:45,0
DA:47,0
DA:48,0
DA:56,0
DA:60,0
DA:61,0
DA:63,0
DA:64,0
DA:71,0
DA:75,0
DA:76,0
DA:83,0
DA:87,0
DA:89,0
DA:90,0
LF:25
LH:0
BRDA:12,0,0,0
BRDA:38,1,0,0
BRDA:63,2,0,0
BRDA:75,3,0,0
BRF:4
BRH:0
end_of_record
TN:
SF:app/api/feedings/batch/route.ts
FN:7,POST
FN:37,(anonymous_2)
FN:55,(anonymous_3)
FNF:3
FNH:0
FNDA:0,POST
FNDA:0,(anonymous_2)
FNDA:0,(anonymous_3)
DA:1,0
DA:2,0
DA:3,0
DA:4,0
DA:7,0
DA:8,0
DA:9,0
DA:11,0
DA:12,0
DA:18,0
DA:20,0
DA:21,0
DA:28,0
DA:29,0
DA:30,0
DA:37,0
DA:38,0
DA:46,0
DA:47,0
DA:54,0
DA:56,0
DA:86,0
DA:88,0
DA:89,0
LF:24
LH:0
BRDA:11,0,0,0
BRDA:11,1,0,0
BRDA:11,1,1,0
BRDA:11,2,0,0
BRDA:11,2,1,0
BRDA:20,3,0,0
BRDA:20,4,0,0
BRDA:20,4,1,0
BRDA:29,5,0,0
BRDA:46,6,0,0
BRDA:61,7,0,0
BRDA:61,7,1,0
BRDA:62,8,0,0
BRDA:62,8,1,0
BRF:14
BRH:0
end_of_record
TN:
SF:app/api/feedings/cats/route.ts
FN:6,GET
FN:29,(anonymous_2)
FNF:2
FNH:0
FNDA:0,GET
FNDA:0,(anonymous_2)
DA:1,0
DA:2,0
DA:6,0
DA:7,0
DA:8,0
DA:9,0
DA:11,0
DA:12,0
DA:19,0
DA:29,0
DA:40,0
DA:42,0
DA:44,0
DA:45,0
LF:14
LH:0
BRDA:11,0,0,0
BRDA:32,1,0,0
BRDA:32,1,1,0
BRDA:33,2,0,0
BRDA:33,2,1,0
BRDA:34,3,0,0
BRDA:34,3,1,0
BRDA:35,4,0,0
BRDA:35,4,1,0
BRDA:37,5,0,0
BRDA:37,5,1,0
BRF:11
BRH:0
end_of_record
TN:
SF:app/api/feedings/last/[catId]/route.ts
FN:6,GET
FN:42,(anonymous_2)
FNF:2
FNH:0
FNDA:0,GET
FNDA:0,(anonymous_2)
DA:1,0
DA:2,0
DA:3,0
DA:4,0
DA:6,0
DA:10,0
DA:11,0
DA:13,0
DA:14,0
DA:20,0
DA:21,0
DA:22,0
DA:29,0
DA:42,0
DA:44,0
DA:53,0
DA:54,0
DA:61,0
DA:70,0
DA:72,0
DA:73,0
LF:21
LH:0
BRDA:13,0,0,0
BRDA:13,1,0,0
BRDA:13,1,1,0
BRDA:13,2,0,0
BRDA:13,2,1,0
BRDA:21,3,0,0
BRDA:53,4,0,0
BRF:7
BRH:0
end_of_record
TN:
SF:app/api/households/route.ts
FN:8,GET
FN:38,(anonymous_2)
FN:48,(anonymous_3)
FN:56,(anonymous_4)
FN:74,POST
FN:156,(anonymous_6)
FNF:6
FNH:0
FNDA:0,GET
FNDA:0,(anonymous_2)
FNDA:0,(anonymous_3)
FNDA:0,(anonymous_4)
FNDA:0,POST
FNDA:0,(anonymous_6)
DA:1,0
DA:2,0
DA:3,0
DA:4,0
DA:5,0
DA:8,0
DA:9,0
DA:10,0
DA:12,0
DA:13,0
DA:19,0
DA:22,0
DA:38,0
DA:48,0
DA:56,0
DA:63,0
DA:65,0
DA:66,0
DA:74,0
DA:75,0
DA:76,0
DA:78,0
DA:79,0
DA:85,0
DA:88,0
DA:89,0
DA:96,0
DA:97,0
DA:98,0
DA:99,0
DA:106,0
DA:110,0
DA:111,0
DA:112,0
DA:119,0
DA:122,0
DA:140,0
DA:149,0
DA:156,0
DA:165,0
DA:167,0
DA:170,0
DA:172,0
DA:173,0
DA:180,0
DA:181,0
DA:188,0
LF:47
LH:0
BRDA:12,0,0,0
BRDA:12,1,0,0
BRDA:12,1,1,0
BRDA:43,2,0,0
BRDA:43,2,1,0
BRDA:78,3,0,0
BRDA:78,4,0,0
BRDA:78,4,1,0
BRDA:88,5,0,0
BRDA:88,6,0,0
BRDA:88,6,1,0
BRDA:97,7,0,0
BRDA:110,8,0,0
BRDA:151,9,0,0
BRDA:151,9,1,0
BRDA:170,10,0,0
BRDA:172,11,0,0
BRDA:180,12,0,0
BRF:18
BRH:0
end_of_record
TN:
SF:app/api/households/[id]/route.ts
FN:13,OPTIONS
FN:18,GET
FN:70,(anonymous_3)
FN:87,(anonymous_4)
FN:94,(anonymous_5)
FN:117,PATCH
FN:169,(anonymous_7)
FN:210,(anonymous_8)
FN:217,(anonymous_9)
FN:240,DELETE
FNF:10
FNH:0
FNDA:0,OPTIONS
FNDA:0,GET
FNDA:0,(anonymous_3)
FNDA:0,(anonymous_4)
FNDA:0,(anonymous_5)
FNDA:0,PATCH
FNDA:0,(anonymous_7)
FNDA:0,(anonymous_8)
FNDA:0,(anonymous_9)
FNDA:0,DELETE
DA:1,0
DA:2,0
DA:3,0
DA:4,0
DA:6,0
DA:13,0
DA:14,0
DA:18,0
DA:22,0
DA:23,0
DA:25,0
DA:26,0
DA:36,0
DA:37,0
DA:38,0
DA:40,0
DA:41,0
DA:50,0
DA:58,0
DA:59,0
DA:69,0
DA:70,0
DA:72,0
DA:73,0
DA:83,0
DA:87,0
DA:94,0
DA:101,0
DA:105,0
DA:106,0
DA:117,0
DA:121,0
DA:122,0
DA:124,0
DA:125,0
DA:134,0
DA:135,0
DA:137,0
DA:138,0
DA:147,0
DA:150,0
DA:157,0
DA:158,0
DA:168,0
DA:169,0
DA:171,0
DA:172,0
DA:181,0
DA:182,0
DA:183,0
DA:193,0
DA:206,0
DA:210,0
DA:217,0
DA:224,0
DA:228,0
DA:229,0
DA:240,0
DA:244,0
DA:245,0
DA:247,0
DA:248,0
DA:257,0
DA:260,0
DA:264,0
DA:265,0
DA:275,0
DA:276,0
DA:286,0
DA:290,0
DA:294,0
DA:295,0
LF:72
LH:0
BRDA:25,0,0,0
BRDA:25,1,0,0
BRDA:25,1,1,0
BRDA:25,2,0,0
BRDA:25,2,1,0
BRDA:40,3,0,0
BRDA:58,4,0,0
BRDA:72,5,0,0
BRDA:124,6,0,0
BRDA:124,7,0,0
BRDA:124,7,1,0
BRDA:124,8,0,0
BRDA:124,8,1,0
BRDA:137,9,0,0
BRDA:157,10,0,0
BRDA:171,11,0,0
BRDA:182,12,0,0
BRDA:182,13,0,0
BRDA:182,13,1,0
BRDA:247,14,0,0
BRDA:247,15,0,0
BRDA:247,15,1,0
BRDA:247,16,0,0
BRDA:247,16,1,0
BRDA:264,17,0,0
BRDA:275,18,0,0
BRF:26
BRH:0
end_of_record
TN:
SF:app/api/households/[id]/cats/route.ts
FN:19,GET
FN:80,POST
FNF:2
FNH:0
FNDA:0,GET
FNDA:0,POST
DA:1,0
DA:2,0
DA:3,0
DA:4,0
DA:6,0
DA:8,0
DA:19,0
DA:23,0
DA:24,0
DA:26,0
DA:27,0
DA:33,0
DA:34,0
DA:36,0
DA:37,0
DA:44,0
DA:55,0
DA:56,0
DA:63,0
DA:69,0
DA:71,0
DA:72,0
DA:80,0
DA:84,0
DA:85,0
DA:87,0
DA:88,0
DA:94,0
DA:95,0
DA:97,0
DA:98,0
DA:105,0
DA:116,0
DA:117,0
DA:123,0
DA:124,0
DA:126,0
DA:127,0
DA:133,0
DA:136,0
DA:150,0
DA:161,0
DA:163,0
DA:164,0
LF:44
LH:0
BRDA:26,0,0,0
BRDA:26,1,0,0
BRDA:26,1,1,0
BRDA:36,2,0,0
BRDA:55,3,0,0
BRDA:87,4,0,0
BRDA:87,5,0,0
BRDA:87,5,1,0
BRDA:87,6,0,0
BRDA:87,6,1,0
BRDA:97,7,0,0
BRDA:116,8,0,0
BRDA:126,9,0,0
BRDA:140,10,0,0
BRDA:140,10,1,0
BRDA:145,11,0,0
BRDA:145,11,1,0
BRDA:153,12,0,0
BRDA:153,12,1,0
BRDA:154,13,0,0
BRDA:154,13,1,0
BRDA:155,14,0,0
BRDA:155,14,1,0
BRDA:156,15,0,0
BRDA:156,15,1,0
BRDA:158,16,0,0
BRDA:158,16,1,0
BRF:27
BRH:0
end_of_record
TN:
SF:app/api/households/[id]/cats/[catId]/route.ts
FN:8,GET
FN:48,(anonymous_2)
FN:103,PATCH
FN:143,(anonymous_4)
FN:258,DELETE
FN:298,(anonymous_6)
FNF:6
FNH:0
FNDA:0,GET
FNDA:0,(anonymous_2)
FNDA:0,PATCH
FNDA:0,(anonymous_4)
FNDA:0,DELETE
FNDA:0,(anonymous_6)
DA:1,0
DA:2,0
DA:3,0
DA:4,0
DA:8,0
DA:12,0
DA:13,0
DA:15,0
DA:16,0
DA:22,0
DA:23,0
DA:25,0
DA:26,0
DA:33,0
DA:40,0
DA:41,0
DA:47,0
DA:48,0
DA:50,0
DA:51,0
DA:58,0
DA:65,0
DA:66,0
DA:73,0
DA:74,0
DA:81,0
DA:92,0
DA:94,0
DA:95,0
DA:103,0
DA:107,0
DA:108,0
DA:110,0
DA:111,0
DA:117,0
DA:118,0
DA:120,0
DA:121,0
DA:128,0
DA:135,0
DA:136,0
DA:142,0
DA:143,0
DA:145,0
DA:146,0
DA:153,0
DA:157,0
DA:158,0
DA:165,0
DA:166,0
DA:172,0
DA:173,0
DA:176,0
DA:177,0
DA:183,0
DA:184,0
DA:185,0
DA:186,0
DA:194,0
DA:207,0
DA:210,0
DA:215,0
DA:218,0
DA:231,0
DA:233,0
DA:234,0
DA:236,0
DA:237,0
DA:243,0
DA:244,0
DA:250,0
DA:258,0
DA:262,0
DA:263,0
DA:265,0
DA:266,0
DA:272,0
DA:273,0
DA:275,0
DA:276,0
DA:283,0
DA:290,0
DA:291,0
DA:297,0
DA:298,0
DA:300,0
DA:301,0
DA:308,0
DA:312,0
DA:313,0
DA:320,0
DA:321,0
DA:328,0
DA:332,0
DA:334,0
DA:335,0
LF:96
LH:0
BRDA:15,0,0,0
BRDA:15,1,0,0
BRDA:15,1,1,0
BRDA:25,2,0,0
BRDA:25,3,0,0
BRDA:25,3,1,0
BRDA:40,4,0,0
BRDA:50,5,0,0
BRDA:65,6,0,0
BRDA:73,7,0,0
BRDA:84,8,0,0
BRDA:84,8,1,0
BRDA:85,9,0,0
BRDA:85,9,1,0
BRDA:86,10,0,0
BRDA:86,10,1,0
BRDA:87,11,0,0
BRDA:87,11,1,0
BRDA:89,12,0,0
BRDA:89,12,1,0
BRDA:110,13,0,0
BRDA:110,14,0,0
BRDA:110,14,1,0
BRDA:120,15,0,0
BRDA:120,16,0,0
BRDA:120,16,1,0
BRDA:135,17,0,0
BRDA:145,18,0,0
BRDA:157,19,0,0
BRDA:165,20,0,0
BRDA:176,21,0,0
BRDA:176,22,0,0
BRDA:176,22,1,0
BRDA:176,22,2,0
BRDA:183,23,0,0
BRDA:185,24,0,0
BRDA:185,25,0,0
BRDA:185,25,1,0
BRDA:185,25,2,0
BRDA:195,26,0,0
BRDA:195,26,1,0
BRDA:196,27,0,0
BRDA:196,27,1,0
BRDA:197,28,0,0
BRDA:197,28,1,0
BRDA:198,29,0,0
BRDA:198,29,1,0
BRDA:200,30,0,0
BRDA:200,30,1,0
BRDA:201,31,0,0
BRDA:201,31,1,0
BRDA:202,32,0,0
BRDA:202,32,1,0
BRDA:203,33,0,0
BRDA:203,33,1,0
BRDA:204,34,0,0
BRDA:204,34,1,0
BRDA:236,35,0,0
BRDA:243,36,0,0
BRDA:265,37,0,0
BRDA:265,38,0,0
BRDA:265,38,1,0
BRDA:275,39,0,0
BRDA:275,40,0,0
BRDA:275,40,1,0
BRDA:290,41,0,0
BRDA:300,42,0,0
BRDA:312,43,0,0
BRDA:320,44,0,0
BRF:69
BRH:0
end_of_record
TN:
SF:app/api/households/[id]/feeding-logs/route.ts
FN:14,OPTIONS
FN:18,GET
FN:85,(anonymous_3)
FNF:3
FNH:0
FNDA:0,OPTIONS
FNDA:0,GET
FNDA:0,(anonymous_3)
DA:1,0
DA:2,0
DA:3,0
DA:4,0
DA:7,0
DA:14,0
DA:15,0
DA:18,0
DA:22,0
DA:23,0
DA:24,0
DA:26,0
DA:27,0
DA:28,0
DA:37,0
DA:38,0
DA:41,0
DA:45,0
DA:46,0
DA:47,0
DA:57,0
DA:58,0
DA:59,0
DA:69,0
DA:85,0
DA:96,0
DA:97,0
DA:101,0
DA:102,0
LF:29
LH:0
BRDA:26,0,0,0
BRDA:26,1,0,0
BRDA:26,1,1,0
BRDA:26,2,0,0
BRDA:26,2,1,0
BRDA:45,3,0,0
BRDA:57,4,0,0
BRDA:90,5,0,0
BRDA:90,5,1,0
BRDA:91,6,0,0
BRDA:91,6,1,0
BRDA:93,7,0,0
BRDA:93,7,1,0
BRF:13
BRH:0
end_of_record
TN:
SF:app/api/households/[id]/members/route.ts
FN:7,GET
FN:46,(anonymous_2)
FN:56,(anonymous_3)
FN:75,POST
FN:131,(anonymous_5)
FN:150,(anonymous_6)
FNF:6
FNH:0
FNDA:0,GET
FNDA:0,(anonymous_2)
FNDA:0,(anonymous_3)
FNDA:0,POST
FNDA:0,(anonymous_5)
FNDA:0,(anonymous_6)
DA:1,0
DA:2,0
DA:3,0
DA:4,0
DA:7,0
DA:11,0
DA:12,0
DA:14,0
DA:15,0
DA:21,0
DA:23,0
DA:24,0
DA:31,0
DA:38,0
DA:39,0
DA:45,0
DA:46,0
DA:48,0
DA:49,0
DA:56,0
DA:64,0
DA:66,0
DA:67,0
DA:75,0
DA:79,0
DA:80,0
DA:82,0
DA:83,0
DA:89,0
DA:91,0
DA:92,0
DA:98,0
DA:101,0
DA:102,0
DA:108,0
DA:109,0
DA:116,0
DA:123,0
DA:124,0
DA:130,0
DA:131,0
DA:133,0
DA:134,0
DA:140,0
DA:141,0
DA:147,0
DA:150,0
DA:152,0
DA:153,0
DA:160,0
DA:169,0
DA:173,0
DA:174,0
DA:181,0
DA:188,0
DA:190,0
DA:191,0
LF:57
LH:0
BRDA:14,0,0,0
BRDA:14,1,0,0
BRDA:14,1,1,0
BRDA:23,2,0,0
BRDA:38,3,0,0
BRDA:48,4,0,0
BRDA:82,5,0,0
BRDA:82,6,0,0
BRDA:82,6,1,0
BRDA:91,7,0,0
BRDA:101,8,0,0
BRDA:101,9,0,0
BRDA:101,9,1,0
BRDA:108,10,0,0
BRDA:108,11,0,0
BRDA:108,11,1,0
BRDA:108,11,2,0
BRDA:123,12,0,0
BRDA:133,13,0,0
BRDA:140,14,0,0
BRDA:152,15,0,0
BRDA:173,16,0,0
BRF:22
BRH:0
end_of_record
TN:
SF:app/api/households/[id]/members/[userId]/route.ts
FN:7,PATCH
FN:57,(anonymous_2)
FN:75,(anonymous_3)
FN:86,(anonymous_4)
FN:121,DELETE
FN:163,(anonymous_6)
FN:164,(anonymous_7)
FN:184,(anonymous_8)
FNF:8
FNH:0
FNDA:0,PATCH
FNDA:0,(anonymous_2)
FNDA:0,(anonymous_3)
FNDA:0,(anonymous_4)
FNDA:0,DELETE
FNDA:0,(anonymous_6)
FNDA:0,(anonymous_7)
FNDA:0,(anonymous_8)
DA:1,0
DA:2,0
DA:3,0
DA:4,0
DA:7,0
DA:11,0
DA:12,0
DA:14,0
DA:15,0
DA:21,0
DA:22,0
DA:23,0
DA:25,0
DA:26,0
DA:32,0
DA:35,0
DA:36,0
DA:43,0
DA:50,0
DA:51,0
DA:57,0
DA:59,0
DA:60,0
DA:66,0
DA:67,0
DA:68,0
DA:75,0
DA:77,0
DA:78,0
DA:85,0
DA:86,0
DA:88,0
DA:89,0
DA:97,0
DA:105,0
DA:112,0
DA:113,0
DA:121,0
DA:125,0
DA:126,0
DA:128,0
DA:129,0
DA:135,0
DA:136,0
DA:137,0
DA:139,0
DA:140,0
DA:147,0
DA:154,0
DA:155,0
DA:163,0
DA:164,0
DA:166,0
DA:167,0
DA:173,0
DA:174,0
DA:183,0
DA:184,0
DA:186,0
DA:187,0
DA:194,0
DA:195,0
DA:202,0
DA:209,0
DA:211,0
DA:212,0
LF:66
LH:0
BRDA:14,0,0,0
BRDA:14,1,0,0
BRDA:14,1,1,0
BRDA:14,1,2,0
BRDA:25,2,0,0
BRDA:25,3,0,0
BRDA:25,3,1,0
BRDA:35,4,0,0
BRDA:35,5,0,0
BRDA:35,5,1,0
BRDA:35,5,2,0
BRDA:50,6,0,0
BRDA:59,7,0,0
BRDA:67,8,0,0
BRDA:67,9,0,0
BRDA:67,9,1,0
BRDA:77,10,0,0
BRDA:85,11,0,0
BRDA:85,12,0,0
BRDA:85,12,1,0
BRDA:88,13,0,0
BRDA:128,14,0,0
BRDA:128,15,0,0
BRDA:128,15,1,0
BRDA:128,15,2,0
BRDA:139,16,0,0
BRDA:139,17,0,0
BRDA:139,17,1,0
BRDA:154,18,0,0
BRDA:166,19,0,0
BRDA:173,20,0,0
BRDA:183,21,0,0
BRDA:186,22,0,0
BRDA:194,23,0,0
BRDA:194,24,0,0
BRDA:194,24,1,0
BRF:36
BRH:0
end_of_record
TN:
SF:app/api/households/join/route.ts
FN:8,POST
FN:62,(anonymous_2)
FN:114,(anonymous_3)
FNF:3
FNH:0
FNDA:0,POST
FNDA:0,(anonymous_2)
FNDA:0,(anonymous_3)
DA:1,0
DA:2,0
DA:3,0
DA:4,0
DA:5,0
DA:8,0
DA:9,0
DA:10,0
DA:12,0
DA:13,0
DA:19,0
DA:22,0
DA:23,0
DA:30,0
DA:45,0
DA:46,0
DA:52,0
DA:53,0
DA:59,0
DA:62,0
DA:64,0
DA:65,0
DA:72,0
DA:87,0
DA:102,0
DA:103,0
DA:110,0
DA:114,0
DA:125,0
DA:126,0
DA:127,0
DA:131,0
DA:136,0
DA:137,0
LF:34
LH:0
BRDA:12,0,0,0
BRDA:12,1,0,0
BRDA:12,1,1,0
BRDA:22,2,0,0
BRDA:22,3,0,0
BRDA:22,3,1,0
BRDA:45,4,0,0
BRDA:52,5,0,0
BRDA:52,6,0,0
BRDA:52,6,1,0
BRDA:52,7,0,0
BRDA:52,7,1,0
BRDA:52,8,0,0
BRDA:52,8,1,0
BRDA:52,9,0,0
BRDA:52,9,1,0
BRDA:59,10,0,0
BRDA:59,10,1,0
BRDA:64,11,0,0
BRDA:102,12,0,0
BRDA:126,13,0,0
BRF:21
BRH:0
end_of_record
TN:
SF:app/api/notifications/route.ts
FN:9,fetchNotificationsFromDB
FN:55,GET
FN:133,POST
FN:154,(anonymous_4)
FN:159,(anonymous_5)
FN:169,(anonymous_6)
FN:170,(anonymous_7)
FN:170,(anonymous_8)
FN:184,(anonymous_9)
FN:185,(anonymous_10)
FN:198,(anonymous_11)
FN:203,(anonymous_12)
FN:227,(anonymous_13)
FNF:13
FNH:0
FNDA:0,fetchNotificationsFromDB
FNDA:0,GET
FNDA:0,POST
FNDA:0,(anonymous_4)
FNDA:0,(anonymous_5)
FNDA:0,(anonymous_6)
FNDA:0,(anonymous_7)
FNDA:0,(anonymous_8)
FNDA:0,(anonymous_9)
FNDA:0,(anonymous_10)
FNDA:0,(anonymous_11)
FNDA:0,(anonymous_12)
FNDA:0,(anonymous_13)
DA:1,0
DA:2,0
DA:3,0
DA:4,0
DA:5,0
DA:10,0
DA:11,0
DA:13,0
DA:34,0
DA:36,0
DA:55,0
DA:56,0
DA:57,0
DA:58,0
DA:59,0
DA:61,0
DA:62,0
DA:63,0
DA:69,0
DA:70,0
DA:71,0
DA:73,0
DA:74,0
DA:75,0
DA:81,0
DA:82,0
DA:84,0
DA:85,0
DA:86,0
DA:88,0
DA:89,0
DA:90,0
DA:97,0
DA:98,0
DA:104,0
DA:113,0
DA:119,0
DA:120,0
DA:121,0
DA:123,0
DA:124,0
DA:125,0
DA:133,0
DA:134,0
DA:135,0
DA:136,0
DA:137,0
DA:139,0
DA:140,0
DA:141,0
DA:147,0
DA:148,0
DA:149,0
DA:152,0
DA:153,0
DA:154,0
DA:156,0
DA:157,0
DA:159,0
DA:161,0
DA:168,0
DA:169,0
DA:170,0
DA:173,0
DA:174,0
DA:175,0
DA:182,0
DA:183,0
DA:184,0
DA:185,0
DA:187,0
DA:188,0
DA:189,0
DA:195,0
DA:198,0
DA:202,0
DA:204,0
DA:218,0
DA:219,0
DA:225,0
DA:227,0
DA:231,0
DA:232,0
DA:233,0
DA:234,0
DA:237,0
DA:238,0
DA:239,0
DA:240,0
DA:242,0
DA:243,0
DA:244,0
LF:92
LH:0
BRDA:59,0,0,0
BRDA:59,0,1,0
BRDA:61,1,0,0
BRDA:61,2,0,0
BRDA:61,2,1,0
BRDA:73,3,0,0
BRDA:84,4,0,0
BRDA:84,4,1,0
BRDA:85,5,0,0
BRDA:85,5,1,0
BRDA:88,6,0,0
BRDA:88,7,0,0
BRDA:88,7,1,0
BRDA:88,7,2,0
BRDA:137,8,0,0
BRDA:137,8,1,0
BRDA:139,9,0,0
BRDA:139,10,0,0
BRDA:139,10,1,0
BRDA:149,11,0,0
BRDA:149,11,1,0
BRDA:152,12,0,0
BRDA:152,12,1,0
BRDA:156,13,0,0
BRDA:173,14,0,0
BRDA:187,15,0,0
BRDA:208,16,0,0
BRDA:208,16,1,0
BRDA:208,17,0,0
BRDA:208,17,1,0
BRDA:216,18,0,0
BRDA:216,18,1,0
BRDA:216,19,0,0
BRDA:216,19,1,0
BRDA:237,20,0,0
BRDA:237,20,1,0
BRF:36
BRH:0
end_of_record
TN:
SF:app/api/notifications/[id]/route.ts
FN:8,DELETE
FNF:1
FNH:0
FNDA:0,DELETE
DA:1,0
DA:2,0
DA:3,0
DA:4,0
DA:5,0
DA:8,0
DA:9,0
DA:10,0
DA:11,0
DA:12,0
DA:14,0
DA:15,0
DA:16,0
DA:19,0
DA:20,0
DA:21,0
DA:23,0
DA:24,0
DA:25,0
DA:29,0
DA:30,0
DA:34,0
DA:35,0
DA:38,0
DA:39,0
DA:40,0
DA:43,0
DA:44,0
DA:45,0
DA:49,0
DA:50,0
DA:53,0
DA:56,0
DA:57,0
DA:58,0
DA:59,0
DA:62,0
DA:63,0
DA:64,0
DA:66,0
DA:67,0
DA:68,0
LF:42
LH:0
BRDA:12,0,0,0
BRDA:12,0,1,0
BRDA:14,1,0,0
BRDA:14,2,0,0
BRDA:14,2,1,0
BRDA:20,3,0,0
BRDA:20,3,1,0
BRDA:23,4,0,0
BRDA:34,5,0,0
BRDA:43,6,0,0
BRF:10
BRH:0
end_of_record
TN:
SF:app/api/notifications/[id]/read/route.ts
FN:8,PATCH
FNF:1
FNH:0
FNDA:0,PATCH
DA:1,0
DA:2,0
DA:3,0
DA:4,0
DA:5,0
DA:8,0
DA:12,0
DA:13,0
DA:14,0
DA:15,0
DA:17,0
DA:18,0
DA:19,0
DA:25,0
DA:26,0
DA:27,0
DA:29,0
DA:30,0
DA:31,0
DA:38,0
DA:39,0
DA:43,0
DA:44,0
DA:45,0
DA:51,0
DA:52,0
DA:53,0
DA:60,0
DA:61,0
DA:65,0
DA:68,0
DA:69,0
DA:70,0
DA:71,0
DA:74,0
DA:75,0
DA:76,0
DA:78,0
DA:79,0
DA:80,0
LF:40
LH:0
BRDA:15,0,0,0
BRDA:15,0,1,0
BRDA:17,1,0,0
BRDA:17,2,0,0
BRDA:17,2,1,0
BRDA:26,3,0,0
BRDA:26,3,1,0
BRDA:29,4,0,0
BRDA:43,5,0,0
BRDA:51,6,0,0
BRF:10
BRH:0
end_of_record
TN:
SF:app/api/notifications/read-all/route.ts
FN:8,POST
FNF:1
FNH:0
FNDA:0,POST
DA:1,0
DA:2,0
DA:3,0
DA:4,0
DA:5,0
DA:8,0
DA:9,0
DA:10,0
DA:11,0
DA:12,0
DA:14,0
DA:15,0
DA:16,0
DA:19,0
DA:20,0
DA:23,0
DA:24,0
DA:31,0
DA:34,0
DA:35,0
DA:36,0
DA:37,0
DA:40,0
DA:41,0
DA:42,0
DA:44,0
DA:45,0
DA:46,0
LF:28
LH:0
BRDA:12,0,0,0
BRDA:12,0,1,0
BRDA:14,1,0,0
BRDA:14,2,0,0
BRDA:14,2,1,0
BRDA:19,3,0,0
BRDA:19,3,1,0
BRF:7
BRH:0
end_of_record
TN:
SF:app/api/notifications/unread-count/route.ts
FN:9,(anonymous_1)
FN:25,GET
FNF:2
FNH:0
FNDA:0,(anonymous_1)
FNDA:0,GET
DA:1,0
DA:2,0
DA:3,0
DA:4,0
DA:5,0
DA:8,0
DA:10,0
DA:11,0
DA:17,0
DA:18,0
DA:25,0
DA:26,0
DA:27,0
DA:28,0
DA:29,0
DA:31,0
DA:32,0
DA:33,0
DA:36,0
DA:37,0
DA:39,0
DA:40,0
DA:41,0
DA:48,0
DA:49,0
DA:50,0
DA:52,0
DA:53,0
DA:54,0
DA:55,0
DA:57,0
DA:58,0
DA:59,0
LF:33
LH:0
BRDA:29,0,0,0
BRDA:29,0,1,0
BRDA:31,1,0,0
BRDA:31,2,0,0
BRDA:31,2,1,0
BRDA:36,3,0,0
BRDA:36,3,1,0
BRDA:39,4,0,0
BRF:8
BRH:0
end_of_record
TN:
SF:app/api/schedules/route.ts
FN:7,GET
FN:53,POST
FN:127,PATCH
FNF:3
FNH:0
FNDA:0,GET
FNDA:0,POST
FNDA:0,PATCH
DA:1,0
DA:2,0
DA:3,0
DA:4,0
DA:7,0
DA:8,0
DA:10,0
DA:12,0
DA:13,0
DA:19,0
DA:20,0
DA:22,0
DA:26,0
DA:42,0
DA:44,0
DA:45,0
DA:53,0
DA:54,0
DA:61,0
DA:63,0
DA:64,0
DA:71,0
DA:72,0
DA:79,0
DA:80,0
DA:86,0
DA:87,0
DA:94,0
DA:98,0
DA:99,0
DA:106,0
DA:116,0
DA:118,0
DA:119,0
DA:127,0
DA:131,0
DA:132,0
DA:138,0
DA:141,0
DA:145,0
DA:146,0
DA:153,0
DA:163,0
DA:165,0
DA:166,0
LF:45
LH:0
BRDA:12,0,0,0
BRDA:22,1,0,0
BRDA:22,1,1,0
BRDA:63,2,0,0
BRDA:63,3,0,0
BRDA:63,3,1,0
BRDA:71,4,0,0
BRDA:71,5,0,0
BRDA:71,5,1,0
BRDA:79,6,0,0
BRDA:79,7,0,0
BRDA:79,7,1,0
BRDA:79,7,2,0
BRDA:86,8,0,0
BRDA:86,9,0,0
BRDA:86,9,1,0
BRDA:86,9,2,0
BRDA:98,10,0,0
BRDA:110,11,0,0
BRDA:110,11,1,0
BRDA:111,12,0,0
BRDA:111,12,1,0
BRDA:112,13,0,0
BRDA:112,13,1,0
BRDA:145,14,0,0
BRDA:156,15,0,0
BRDA:156,15,1,0
BRDA:157,16,0,0
BRDA:157,16,1,0
BRDA:158,17,0,0
BRDA:158,17,1,0
BRDA:159,18,0,0
BRDA:159,18,1,0
BRF:33
BRH:0
end_of_record
TN:
SF:app/api/schedules/[id]/route.ts
FN:5,GET
FN:50,PATCH
FN:148,DELETE
FNF:3
FNH:0
FNDA:0,GET
FNDA:0,PATCH
FNDA:0,DELETE
DA:1,0
DA:2,0
DA:5,0
DA:9,0
DA:10,0
DA:12,0
DA:13,0
DA:19,0
DA:32,0
DA:33,0
DA:39,0
DA:41,0
DA:42,0
DA:50,0
DA:54,0
DA:55,0
DA:57,0
DA:58,0
DA:69,0
DA:72,0
DA:76,0
DA:77,0
DA:84,0
DA:85,0
DA:92,0
DA:93,0
DA:99,0
DA:100,0
DA:107,0
DA:109,0
DA:111,0
DA:112,0
DA:113,0
DA:114,0
DA:115,0
DA:116,0
DA:119,0
DA:120,0
DA:122,0
DA:123,0
DA:127,0
DA:128,0
DA:132,0
DA:137,0
DA:139,0
DA:140,0
DA:148,0
DA:152,0
DA:153,0
DA:155,0
DA:156,0
DA:163,0
DA:167,0
DA:168,0
DA:175,0
DA:179,0
DA:184,0
DA:185,0
LF:58
LH:0
BRDA:12,0,0,0
BRDA:32,1,0,0
BRDA:57,2,0,0
BRDA:76,3,0,0
BRDA:84,4,0,0
BRDA:84,5,0,0
BRDA:84,5,1,0
BRDA:84,5,2,0
BRDA:92,6,0,0
BRDA:92,7,0,0
BRDA:92,7,1,0
BRDA:92,7,2,0
BRDA:99,8,0,0
BRDA:99,9,0,0
BRDA:99,9,1,0
BRDA:99,9,2,0
BRDA:109,10,0,0
BRDA:111,11,0,0
BRDA:111,11,1,0
BRDA:111,12,0,0
BRDA:111,12,1,0
BRDA:114,13,0,0
BRDA:114,13,1,0
BRDA:114,14,0,0
BRDA:114,14,1,0
BRDA:119,15,0,0
BRDA:119,16,0,0
BRDA:119,16,1,0
BRDA:122,17,0,0
BRDA:122,18,0,0
BRDA:122,18,1,0
BRDA:127,19,0,0
BRDA:128,20,0,0
BRDA:128,20,1,0
BRDA:155,21,0,0
BRDA:167,22,0,0
BRF:36
BRH:0
end_of_record
TN:
SF:app/api/settings/route.ts
FN:10,(anonymous_1)
FN:141,PUT
FNF:2
FNH:0
FNDA:0,(anonymous_1)
FNDA:0,PUT
DA:1,0
DA:2,0
DA:3,0
DA:4,0
DA:5,0
DA:7,0
DA:10,0
DA:11,0
DA:12,0
DA:20,0
DA:21,0
DA:23,0
DA:30,0
DA:31,0
DA:32,0
DA:43,0
DA:44,0
DA:45,0
DA:56,0
DA:58,0
DA:59,0
DA:71,0
DA:73,0
DA:74,0
DA:85,0
DA:86,0
DA:88,0
DA:91,0
DA:92,0
DA:93,0
DA:105,0
DA:120,0
DA:121,0
DA:128,0
DA:129,0
DA:141,0
DA:142,0
DA:143,0
DA:144,0
DA:146,0
DA:147,0
DA:148,0
DA:154,0
DA:155,0
DA:156,0
DA:159,0
DA:160,0
DA:161,0
DA:162,0
DA:169,0
DA:170,0
DA:171,0
DA:172,0
DA:179,0
DA:180,0
DA:181,0
DA:182,0
DA:189,0
DA:202,0
DA:203,0
DA:204,0
DA:210,0
DA:211,0
DA:230,0
DA:245,0
DA:246,0
DA:248,0
DA:249,0
LF:68
LH:0
BRDA:25,0,0,0
BRDA:25,0,1,0
BRDA:25,1,0,0
BRDA:25,1,1,0
BRDA:26,2,0,0
BRDA:26,2,1,0
BRDA:26,3,0,0
BRDA:26,3,1,0
BRDA:26,4,0,0
BRDA:26,4,1,0
BRDA:26,5,0,0
BRDA:26,5,1,0
BRDA:27,6,0,0
BRDA:27,6,1,0
BRDA:27,7,0,0
BRDA:27,7,1,0
BRDA:30,8,0,0
BRDA:30,9,0,0
BRDA:30,9,1,0
BRDA:30,9,2,0
BRDA:43,10,0,0
BRDA:43,11,0,0
BRDA:43,11,1,0
BRDA:43,12,0,0
BRDA:43,12,1,0
BRDA:85,13,0,0
BRDA:85,13,1,0
BRDA:91,14,0,0
BRDA:108,15,0,0
BRDA:108,15,1,0
BRDA:109,16,0,0
BRDA:109,16,1,0
BRDA:146,17,0,0
BRDA:146,18,0,0
BRDA:146,18,1,0
BRDA:146,19,0,0
BRDA:146,19,1,0
BRDA:146,20,0,0
BRDA:146,20,1,0
BRDA:146,21,0,0
BRDA:146,21,1,0
BRDA:160,22,0,0
BRDA:170,23,0,0
BRDA:180,24,0,0
BRDA:202,25,0,0
BRDA:215,26,0,0
BRDA:215,26,1,0
BRDA:216,27,0,0
BRDA:216,27,1,0
BRDA:233,28,0,0
BRDA:233,28,1,0
BRDA:234,29,0,0
BRDA:234,29,1,0
BRF:53
BRH:0
end_of_record
TN:
SF:app/api/statistics/route.ts
FN:8,GET
FNF:1
FNH:0
FNDA:0,GET
DA:1,0
DA:2,0
DA:3,0
DA:4,0
DA:8,0
DA:9,0
DA:10,0
DA:11,0
DA:13,0
DA:14,0
DA:15,0
DA:21,0
DA:22,0
DA:23,0
DA:24,0
DA:26,0
DA:28,0
DA:34,0
DA:36,0
DA:38,0
DA:39,0
LF:21
LH:0
BRDA:13,0,0,0
BRDA:13,1,0,0
BRDA:13,1,1,0
BRDA:13,2,0,0
BRDA:13,2,1,0
BRDA:13,3,0,0
BRDA:13,3,1,0
BRDA:13,4,0,0
BRDA:13,4,1,0
BRDA:22,5,0,0
BRDA:22,5,1,0
BRDA:23,6,0,0
BRDA:23,6,1,0
BRF:13
BRH:0
end_of_record
TN:
SF:app/api/upload/route.ts
FN:11,POST
FN:90,GET
FNF:2
FNH:0
FNDA:0,POST
FNDA:0,GET
DA:1,0
DA:2,0
DA:3,0
DA:4,0
DA:5,0
DA:6,0
DA:7,0
DA:8,0
DA:11,0
DA:12,0
DA:14,0
DA:15,0
DA:16,0
DA:22,0
DA:23,0
DA:24,0
DA:26,0
DA:27,0
DA:34,0
DA:35,0
DA:42,0
DA:43,0
DA:46,0
DA:47,0
DA:48,0
DA:49,0
DA:51,0
DA:53,0
DA:56,0
DA:59,0
DA:62,0
DA:65,0
DA:66,0
DA:69,0
DA:72,0
DA:75,0
DA:76,0
DA:82,0
DA:90,0
DA:91,0
DA:93,0
DA:94,0
DA:95,0
DA:101,0
DA:102,0
DA:104,0
DA:105,0
LF:47
LH:0
BRDA:15,0,0,0
BRDA:24,1,0,0
BRDA:24,1,1,0
BRDA:26,2,0,0
BRDA:34,3,0,0
BRDA:65,4,0,0
BRDA:65,4,1,0
BRDA:75,5,0,0
BRDA:94,6,0,0
BRF:9
BRH:0
end_of_record
TN:
SF:app/api/users/[id]/route.ts
FN:8,GET
FNF:1
FNH:0
FNDA:0,GET
DA:1,0
DA:2,0
DA:3,0
DA:4,0
DA:8,0
DA:12,0
DA:13,0
DA:16,0
DA:17,0
DA:24,0
DA:25,0
DA:28,0
DA:29,0
DA:36,0
DA:38,0
DA:39,0
DA:46,0
DA:59,0
DA:61,0
DA:62,0
LF:20
LH:0
BRDA:16,0,0,0
BRDA:28,1,0,0
BRDA:38,2,0,0
BRDA:53,3,0,0
BRDA:53,3,1,0
BRF:5
BRH:0
end_of_record
TN:
SF:app/api/users/[id]/[userId]/preferences/route.ts
FN:22,updateUserPreferences
FN:58,(anonymous_2)
FNF:2
FNH:0
FNDA:0,updateUserPreferences
FNDA:0,(anonymous_2)
DA:1,0
DA:2,0
DA:3,0
DA:4,0
DA:5,0
DA:6,0
DA:10,0
DA:27,0
DA:32,0
DA:33,0
DA:37,0
DA:53,0
DA:57,0
DA:62,0
DA:63,0
DA:64,0
DA:67,0
DA:70,0
DA:71,0
DA:75,0
DA:77,0
DA:78,0
DA:81,0
DA:84,0
DA:85,0
LF:25
LH:0
BRDA:32,0,0,0
BRDA:63,1,0,0
BRDA:63,2,0,0
BRDA:63,2,1,0
BRDA:63,3,0,0
BRDA:63,3,1,0
BRDA:63,4,0,0
BRDA:63,4,1,0
BRDA:63,5,0,0
BRDA:63,5,1,0
BRDA:70,6,0,0
BRF:11
BRH:0
end_of_record
TN:
SF:app/api/users/[id]/preferences/route.ts
FN:20,updateUserPreferences
FN:45,(anonymous_2)
FNF:2
FNH:0
FNDA:0,updateUserPreferences
FNDA:0,(anonymous_2)
DA:1,0
DA:2,0
DA:3,0
DA:4,0
DA:5,0
DA:6,0
DA:9,0
DA:26,0
DA:40,0
DA:44,0
DA:50,0
DA:52,0
DA:53,0
DA:56,0
DA:59,0
DA:60,0
DA:64,0
DA:66,0
DA:67,0
DA:69,0
DA:71,0
DA:72,0
LF:22
LH:0
BRDA:52,0,0,0
BRDA:52,1,0,0
BRDA:52,1,1,0
BRDA:52,2,0,0
BRDA:52,2,1,0
BRDA:52,3,0,0
BRDA:52,3,1,0
BRDA:52,4,0,0
BRDA:52,4,1,0
BRDA:59,5,0,0
BRF:10
BRH:0
end_of_record
TN:
SF:app/cats/page.tsx
FN:43,CatsPage
FN:54,(anonymous_2)
FN:56,(anonymous_3)
FN:70,(anonymous_4)
FN:82,(anonymous_5)
FN:154,(anonymous_6)
FN:158,(anonymous_7)
FN:159,(anonymous_8)
FN:160,(anonymous_9)
FNF:9
FNH:0
FNDA:0,CatsPage
FNDA:0,(anonymous_2)
FNDA:0,(anonymous_3)
FNDA:0,(anonymous_4)
FNDA:0,(anonymous_5)
FNDA:0,(anonymous_6)
FNDA:0,(anonymous_7)
FNDA:0,(anonymous_8)
FNDA:0,(anonymous_9)
DA:3,0
DA:5,0
DA:22,0
DA:23,0
DA:29,0
DA:33,0
DA:34,0
DA:35,0
DA:36,0
DA:37,0
DA:38,0
DA:39,0
DA:40,0
DA:41,0
DA:43,0
DA:44,0
DA:45,0
DA:46,0
DA:47,0
DA:48,0
DA:49,0
DA:50,0
DA:52,0
DA:54,0
DA:55,0
DA:56,0
DA:57,0
DA:58,0
DA:59,0
DA:60,0
DA:62,0
DA:64,0
DA:70,0
DA:71,0
DA:72,0
DA:73,0
DA:74,0
DA:75,0
DA:77,0
DA:79,0
DA:80,0
DA:81,0
DA:82,0
DA:83,0
DA:85,0
DA:87,0
DA:88,0
DA:89,0
DA:91,0
DA:92,0
DA:96,0
DA:97,0
DA:100,0
DA:101,0
DA:102,0
DA:105,0
DA:106,0
DA:128,0
DA:130,0
DA:155,0
DA:158,0
DA:159,0
DA:160,0
LF:63
LH:0
BRDA:55,0,0,0
BRDA:55,1,0,0
BRDA:55,1,1,0
BRDA:55,1,2,0
BRDA:81,2,0,0
BRDA:83,3,0,0
BRDA:83,3,1,0
BRDA:96,4,0,0
BRDA:96,5,0,0
BRDA:96,5,1,0
BRDA:96,5,2,0
BRDA:100,6,0,0
BRDA:105,7,0,0
BRDA:105,8,0,0
BRDA:105,8,1,0
BRDA:105,8,2,0
BRDA:141,9,0,0
BRDA:141,9,1,0
BRF:18
BRH:0
end_of_record
TN:
SF:app/cats/[id]/client.tsx
FN:50,CatDetailsClient
FN:67,(anonymous_11)
FN:84,(anonymous_12)
FN:105,(anonymous_13)
FN:170,(anonymous_14)
FN:252,(anonymous_15)
FN:294,(anonymous_16)
FN:304,(anonymous_17)
FN:353,(anonymous_18)
FNF:9
FNH:0
FNDA:0,CatDetailsClient
FNDA:0,(anonymous_11)
FNDA:0,(anonymous_12)
FNDA:0,(anonymous_13)
FNDA:0,(anonymous_14)
FNDA:0,(anonymous_15)
FNDA:0,(anonymous_16)
FNDA:0,(anonymous_17)
FNDA:0,(anonymous_18)
DA:3,0
DA:4,0
DA:5,0
DA:6,0
DA:19,0
DA:20,0
DA:21,0
DA:22,0
DA:23,0
DA:24,0
DA:25,0
DA:26,0
DA:27,0
DA:28,0
DA:29,0
DA:30,0
DA:31,0
DA:33,0
DA:34,0
DA:35,0
DA:36,0
DA:37,0
DA:39,0
DA:50,0
DA:51,0
DA:52,0
DA:53,0
DA:62,0
DA:63,0
DA:64,0
DA:65,0
DA:67,0
DA:68,0
DA:71,0
DA:72,0
DA:79,0
DA:80,0
DA:84,0
DA:85,0
DA:86,0
DA:87,0
DA:88,0
DA:91,0
DA:92,0
DA:93,0
DA:94,0
DA:95,0
DA:96,0
DA:98,0
DA:100,0
DA:102,0
DA:104,0
DA:105,0
DA:106,0
DA:109,0
DA:110,0
DA:113,0
DA:114,0
DA:116,0
DA:118,0
DA:119,0
DA:120,0
DA:125,0
DA:127,0
DA:170,0
DA:252,0
DA:294,0
DA:305,0
DA:307,0
DA:354,0
LF:70
LH:0
BRDA:71,0,0,0
BRDA:79,1,0,0
BRDA:86,2,0,0
BRDA:86,2,1,0
BRDA:86,3,0,0
BRDA:86,3,1,0
BRDA:86,4,0,0
BRDA:86,4,1,0
BRDA:92,5,0,0
BRDA:104,6,0,0
BRDA:106,7,0,0
BRDA:106,7,1,0
BRDA:109,8,0,0
BRDA:109,8,1,0
BRDA:109,9,0,0
BRDA:109,9,1,0
BRDA:109,10,0,0
BRDA:109,10,1,0
BRDA:180,11,0,0
BRDA:180,11,1,0
BRDA:180,12,0,0
BRDA:180,12,1,0
BRDA:180,13,0,0
BRDA:180,13,1,0
BRDA:191,14,0,0
BRDA:191,14,1,0
BRDA:205,15,0,0
BRDA:205,15,1,0
BRDA:213,16,0,0
BRDA:213,16,1,0
BRDA:216,17,0,0
BRDA:216,17,1,0
BRDA:220,18,0,0
BRDA:220,18,1,0
BRDA:231,19,0,0
BRDA:231,19,1,0
BRDA:238,20,0,0
BRDA:238,20,1,0
BRDA:238,21,0,0
BRDA:238,21,1,0
BRDA:284,22,0,0
BRDA:284,22,1,0
BRDA:317,23,0,0
BRDA:317,23,1,0
BRDA:322,24,0,0
BRDA:322,24,1,0
BRDA:351,25,0,0
BRDA:351,25,1,0
BRDA:351,26,0,0
BRDA:351,26,1,0
BRDA:359,27,0,0
BRDA:359,27,1,0
BRDA:361,28,0,0
BRDA:361,28,1,0
BRDA:370,29,0,0
BRDA:370,29,1,0
BRF:56
BRH:0
end_of_record
TN:
SF:app/cats/[id]/page.tsx
FN:9,CatPage
FNF:1
FNH:0
FNDA:0,CatPage
DA:1,0
DA:2,0
DA:3,0
DA:9,0
DA:10,0
DA:11,0
DA:13,0
DA:14,0
DA:17,0
LF:9
LH:0
BRDA:13,0,0,0
BRF:1
BRH:0
end_of_record
TN:
SF:app/cats/[id]/edit/page.tsx
FN:55,EditCatPage
FN:83,(anonymous_2)
FN:90,(anonymous_3)
FN:144,(anonymous_4)
FN:146,(anonymous_5)
FN:149,(anonymous_6)
FN:150,(anonymous_7)
FN:153,(anonymous_8)
FN:169,(anonymous_9)
FN:184,(anonymous_10)
FN:406,(anonymous_11)
FNF:11
FNH:0
FNDA:0,EditCatPage
FNDA:0,(anonymous_2)
FNDA:0,(anonymous_3)
FNDA:0,(anonymous_4)
FNDA:0,(anonymous_5)
FNDA:0,(anonymous_6)
FNDA:0,(anonymous_7)
FNDA:0,(anonymous_8)
FNDA:0,(anonymous_9)
FNDA:0,(anonymous_10)
FNDA:0,(anonymous_11)
DA:3,0
DA:4,0
DA:6,0
DA:8,0
DA:9,0
DA:10,0
DA:13,0
DA:15,0
DA:26,0
DA:34,0
DA:35,0
DA:36,0
DA:37,0
DA:38,0
DA:39,0
DA:41,0
DA:42,0
DA:43,0
DA:45,0
DA:46,0
DA:47,0
DA:55,0
DA:56,0
DA:57,0
DA:58,0
DA:59,0
DA:60,0
DA:61,0
DA:62,0
DA:63,0
DA:64,0
DA:65,0
DA:66,0
DA:67,0
DA:68,0
DA:70,0
DA:81,0
DA:83,0
DA:84,0
DA:85,0
DA:86,0
DA:87,0
DA:89,0
DA:90,0
DA:92,0
DA:93,0
DA:94,0
DA:95,0
DA:96,0
DA:98,0
DA:99,0
DA:100,0
DA:101,0
DA:102,0
DA:103,0
DA:104,0
DA:106,0
DA:109,0
DA:113,0
DA:125,0
DA:126,0
DA:128,0
DA:129,0
DA:130,0
DA:131,0
DA:132,0
DA:133,0
DA:134,0
DA:135,0
DA:136,0
DA:137,0
DA:138,0
DA:139,0
DA:140,0
DA:144,0
DA:145,0
DA:146,0
DA:149,0
DA:150,0
DA:153,0
DA:154,0
DA:155,0
DA:156,0
DA:159,0
DA:160,0
DA:161,0
DA:162,0
DA:164,0
DA:166,0
DA:167,0
DA:168,0
DA:169,0
DA:170,0
DA:172,0
DA:173,0
DA:175,0
DA:176,0
DA:177,0
DA:179,0
DA:180,0
DA:184,0
DA:185,0
DA:187,0
DA:188,0
DA:189,0
DA:192,0
DA:193,0
DA:194,0
DA:196,0
DA:197,0
DA:208,0
DA:209,0
DA:210,0
DA:211,0
DA:212,0
DA:215,0
DA:217,0
DA:226,0
DA:228,0
DA:229,0
DA:230,0
DA:233,0
DA:235,0
DA:240,0
DA:241,0
DA:243,0
DA:244,0
DA:245,0
DA:247,0
DA:248,0
DA:252,0
DA:253,0
DA:281,0
DA:282,0
DA:300,0
DA:406,0
LF:136
LH:0
BRDA:81,0,0,0
BRDA:81,0,1,0
BRDA:89,1,0,0
BRDA:89,1,1,0
BRDA:89,2,0,0
BRDA:89,2,1,0
BRDA:89,2,2,0
BRDA:89,2,3,0
BRDA:92,3,0,0
BRDA:92,3,1,0
BRDA:93,4,0,0
BRDA:93,4,1,0
BRDA:100,5,0,0
BRDA:102,6,0,0
BRDA:102,6,1,0
BRDA:103,7,0,0
BRDA:103,7,1,0
BRDA:116,8,0,0
BRDA:116,8,1,0
BRDA:116,9,0,0
BRDA:116,9,1,0
BRDA:116,10,0,0
BRDA:116,10,1,0
BRDA:117,11,0,0
BRDA:117,11,1,0
BRDA:118,12,0,0
BRDA:118,12,1,0
BRDA:119,13,0,0
BRDA:119,13,1,0
BRDA:119,14,0,0
BRDA:119,14,1,0
BRDA:119,15,0,0
BRDA:119,15,1,0
BRDA:120,16,0,0
BRDA:120,16,1,0
BRDA:120,17,0,0
BRDA:120,17,1,0
BRDA:120,18,0,0
BRDA:120,18,1,0
BRDA:121,19,0,0
BRDA:121,19,1,0
BRDA:130,20,0,0
BRDA:130,20,1,0
BRDA:135,21,0,0
BRDA:135,21,1,0
BRDA:135,22,0,0
BRDA:135,22,1,0
BRDA:135,22,2,0
BRDA:137,23,0,0
BRDA:154,24,0,0
BRDA:154,25,0,0
BRDA:154,25,1,0
BRDA:154,25,2,0
BRDA:154,26,0,0
BRDA:154,26,1,0
BRDA:154,27,0,0
BRDA:154,27,1,0
BRDA:168,28,0,0
BRDA:170,29,0,0
BRDA:170,29,1,0
BRDA:187,30,0,0
BRDA:187,31,0,0
BRDA:187,31,1,0
BRDA:187,31,2,0
BRDA:187,31,3,0
BRDA:187,31,4,0
BRDA:187,32,0,0
BRDA:187,32,1,0
BRDA:187,33,0,0
BRDA:187,33,1,0
BRDA:199,34,0,0
BRDA:199,34,1,0
BRDA:200,35,0,0
BRDA:200,35,1,0
BRDA:201,36,0,0
BRDA:201,36,1,0
BRDA:202,37,0,0
BRDA:202,37,1,0
BRDA:202,38,0,0
BRDA:202,38,1,0
BRDA:202,39,0,0
BRDA:202,39,1,0
BRDA:203,40,0,0
BRDA:203,40,1,0
BRDA:204,41,0,0
BRDA:204,41,1,0
BRDA:205,42,0,0
BRDA:205,42,1,0
BRDA:205,43,0,0
BRDA:205,43,1,0
BRDA:205,44,0,0
BRDA:205,44,1,0
BRDA:208,45,0,0
BRDA:208,46,0,0
BRDA:208,46,1,0
BRDA:208,46,2,0
BRDA:208,46,3,0
BRDA:228,47,0,0
BRDA:230,48,0,0
BRDA:230,48,1,0
BRDA:245,49,0,0
BRDA:245,49,1,0
BRDA:252,50,0,0
BRDA:281,51,0,0
BRDA:290,52,0,0
BRDA:290,52,1,0
BRDA:303,53,0,0
BRDA:303,53,1,0
BRDA:376,54,0,0
BRDA:376,54,1,0
BRDA:376,54,2,0
BRDA:406,55,0,0
BRDA:406,55,1,0
BRDA:408,56,0,0
BRDA:408,56,1,0
BRDA:417,57,0,0
BRDA:417,57,1,0
BRDA:417,58,0,0
BRDA:417,58,1,0
BRDA:417,59,0,0
BRDA:417,59,1,0
BRDA:423,60,0,0
BRDA:423,60,1,0
BRDA:429,61,0,0
BRDA:429,61,1,0
BRDA:429,61,2,0
BRDA:430,62,0,0
BRDA:430,62,1,0
BRF:128
BRH:0
end_of_record
TN:
SF:app/cats/new/page.tsx
FN:47,(anonymous_9)
FN:50,(anonymous_10)
FN:57,(anonymous_11)
FN:65,NewCatPage
FN:88,(anonymous_13)
FN:95,onSubmit
FN:125,(anonymous_15)
FN:190,(anonymous_16)
FN:204,(anonymous_17)
FN:222,(anonymous_18)
FN:253,(anonymous_19)
FN:268,(anonymous_20)
FN:289,(anonymous_21)
FN:312,(anonymous_22)
FN:333,(anonymous_23)
FN:353,(anonymous_24)
FNF:16
FNH:0
FNDA:0,(anonymous_9)
FNDA:0,(anonymous_10)
FNDA:0,(anonymous_11)
FNDA:0,NewCatPage
FNDA:0,(anonymous_13)
FNDA:0,onSubmit
FNDA:0,(anonymous_15)
FNDA:0,(anonymous_16)
FNDA:0,(anonymous_17)
FNDA:0,(anonymous_18)
FNDA:0,(anonymous_19)
FNDA:0,(anonymous_20)
FNDA:0,(anonymous_21)
FNDA:0,(anonymous_22)
FNDA:0,(anonymous_23)
FNDA:0,(anonymous_24)
DA:3,0
DA:4,0
DA:5,0
DA:6,0
DA:7,0
DA:8,0
DA:9,0
DA:10,0
DA:11,0
DA:12,0
DA:13,0
DA:15,0
DA:16,0
DA:17,0
DA:18,0
DA:19,0
DA:27,0
DA:32,0
DA:33,0
DA:34,0
DA:35,0
DA:36,0
DA:37,0
DA:38,0
DA:39,0
DA:41,0
DA:47,0
DA:50,0
DA:58,0
DA:59,0
DA:65,0
DA:66,0
DA:67,0
DA:68,0
DA:69,0
DA:70,0
DA:71,0
DA:72,0
DA:74,0
DA:88,0
DA:89,0
DA:90,0
DA:91,0
DA:96,0
DA:97,0
DA:98,0
DA:101,0
DA:102,0
DA:103,0
DA:104,0
DA:106,0
DA:107,0
DA:116,0
DA:124,0
DA:125,0
DA:126,0
DA:127,0
DA:130,0
DA:132,0
DA:137,0
DA:138,0
DA:140,0
DA:141,0
DA:143,0
DA:144,0
DA:148,0
DA:149,0
DA:156,0
DA:157,0
DA:177,0
DA:191,0
DA:205,0
DA:223,0
DA:254,0
DA:269,0
DA:290,0
DA:313,0
DA:334,0
DA:354,0
LF:79
LH:0
BRDA:47,0,0,0
BRDA:47,0,1,0
BRDA:47,0,2,0
BRDA:50,1,0,0
BRDA:50,1,1,0
BRDA:50,1,2,0
BRDA:59,2,0,0
BRDA:59,2,1,0
BRDA:59,2,2,0
BRDA:89,3,0,0
BRDA:96,4,0,0
BRDA:96,5,0,0
BRDA:96,5,1,0
BRDA:96,6,0,0
BRDA:96,6,1,0
BRDA:109,7,0,0
BRDA:109,7,1,0
BRDA:110,8,0,0
BRDA:110,8,1,0
BRDA:111,9,0,0
BRDA:111,9,1,0
BRDA:124,10,0,0
BRDA:127,11,0,0
BRDA:127,11,1,0
BRDA:141,12,0,0
BRDA:141,12,1,0
BRDA:148,13,0,0
BRDA:148,14,0,0
BRDA:148,14,1,0
BRDA:148,14,2,0
BRDA:156,15,0,0
BRDA:156,16,0,0
BRDA:156,16,1,0
BRDA:156,16,2,0
BRDA:209,17,0,0
BRDA:209,17,1,0
BRDA:232,18,0,0
BRDA:232,18,1,0
BRDA:236,19,0,0
BRDA:236,19,1,0
BRDA:254,20,0,0
BRDA:254,20,1,0
BRDA:371,21,0,0
BRDA:371,21,1,0
BRF:44
BRH:0
end_of_record
TN:
SF:app/components/cat-details.tsx
FN:66,CatDetails
FN:85,(anonymous_2)
FN:90,(anonymous_3)
FN:116,(anonymous_4)
FN:122,(anonymous_5)
FN:135,(anonymous_6)
FN:200,(anonymous_7)
FN:323,(anonymous_8)
FNF:8
FNH:0
FNDA:0,CatDetails
FNDA:0,(anonymous_2)
FNDA:0,(anonymous_3)
FNDA:0,(anonymous_4)
FNDA:0,(anonymous_5)
FNDA:0,(anonymous_6)
FNDA:0,(anonymous_7)
FNDA:0,(anonymous_8)
DA:3,0
DA:4,0
DA:5,0
DA:6,0
DA:7,0
DA:23,0
DA:24,0
DA:25,0
DA:26,0
DA:27,0
DA:28,0
DA:29,0
DA:36,0
DA:47,0
DA:49,0
DA:50,0
DA:51,0
DA:52,0
DA:53,0
DA:56,0
DA:58,0
DA:59,0
DA:66,0
DA:67,0
DA:68,0
DA:69,0
DA:70,0
DA:80,0
DA:81,0
DA:82,0
DA:83,0
DA:85,0
DA:86,0
DA:90,0
DA:91,0
DA:92,0
DA:97,0
DA:98,0
DA:101,0
DA:102,0
DA:109,0
DA:110,0
DA:116,0
DA:122,0
DA:123,0
DA:124,0
DA:125,0
DA:126,0
DA:127,0
DA:129,0
DA:131,0
DA:132,0
DA:134,0
DA:135,0
DA:136,0
DA:139,0
DA:140,0
DA:143,0
DA:144,0
DA:145,0
DA:146,0
DA:148,0
DA:151,0
DA:152,0
DA:153,0
DA:157,0
DA:200,0
DA:323,0
LF:68
LH:0
BRDA:91,0,0,0
BRDA:97,1,0,0
BRDA:97,2,0,0
BRDA:97,2,1,0
BRDA:101,3,0,0
BRDA:109,4,0,0
BRDA:109,5,0,0
BRDA:109,5,1,0
BRDA:125,6,0,0
BRDA:125,6,1,0
BRDA:125,7,0,0
BRDA:125,7,1,0
BRDA:125,8,0,0
BRDA:125,8,1,0
BRDA:134,9,0,0
BRDA:136,10,0,0
BRDA:136,10,1,0
BRDA:145,11,0,0
BRDA:145,11,1,0
BRDA:221,12,0,0
BRDA:221,12,1,0
BRDA:235,13,0,0
BRDA:235,13,1,0
BRDA:243,14,0,0
BRDA:243,14,1,0
BRDA:246,15,0,0
BRDA:246,15,1,0
BRDA:250,16,0,0
BRDA:250,16,1,0
BRDA:256,17,0,0
BRDA:256,17,1,0
BRDA:266,18,0,0
BRDA:266,18,1,0
BRDA:266,19,0,0
BRDA:266,19,1,0
BRDA:271,20,0,0
BRDA:271,20,1,0
BRDA:271,20,2,0
BRDA:274,21,0,0
BRDA:274,21,1,0
BRDA:283,22,0,0
BRDA:283,22,1,0
BRF:42
BRH:0
end_of_record
TN:
SF:app/components/feeding-form.tsx
FN:10,FeedingForm
FN:12,(anonymous_1)
FN:17,(anonymous_2)
FN:24,(anonymous_3)
FN:50,(anonymous_4)
FN:62,(anonymous_5)
FNF:6
FNH:0
FNDA:0,FeedingForm
FNDA:0,(anonymous_1)
FNDA:0,(anonymous_2)
FNDA:0,(anonymous_3)
FNDA:0,(anonymous_4)
FNDA:0,(anonymous_5)
DA:3,0
DA:4,0
DA:5,0
DA:6,0
DA:8,0
DA:10,0
DA:11,0
DA:12,0
DA:13,0
DA:14,0
DA:15,0
DA:17,0
DA:18,0
DA:19,0
DA:20,0
DA:24,0
DA:25,0
DA:26,0
DA:28,0
DA:29,0
DA:30,0
DA:31,0
DA:33,0
DA:35,0
DA:39,0
DA:50,0
DA:62,0
LF:27
LH:0
BRDA:13,0,0,0
BRDA:13,0,1,0
BRDA:13,1,0,0
BRDA:13,1,1,0
BRDA:13,2,0,0
BRDA:13,2,1,0
BRDA:13,3,0,0
BRDA:13,3,1,0
BRDA:13,4,0,0
BRDA:13,4,1,0
BRDA:18,5,0,0
BRDA:18,6,0,0
BRDA:18,6,1,0
BRDA:18,7,0,0
BRDA:18,7,1,0
BRDA:68,8,0,0
BRDA:68,8,1,0
BRF:17
BRH:0
end_of_record
TN:
SF:app/components/feeding-history.tsx
FN:11,FeedingHistory
FN:35,(anonymous_1)
FNF:2
FNH:0
FNDA:0,FeedingHistory
FNDA:0,(anonymous_1)
DA:3,0
DA:4,0
DA:6,0
DA:7,0
DA:8,0
DA:9,0
DA:11,0
DA:12,0
DA:13,0
DA:32,0
DA:36,0
DA:38,0
LF:12
LH:0
BRDA:12,0,0,0
BRDA:22,1,0,0
BRDA:22,1,1,0
BRDA:48,2,0,0
BRDA:48,2,1,0
BRDA:53,3,0,0
BRDA:53,3,1,0
BRF:7
BRH:0
end_of_record
TN:
SF:app/feedings/page.tsx
FN:42,(anonymous_10)
FN:59,(anonymous_11)
FN:75,(anonymous_12)
FN:79,FeedingsPage
FN:100,(anonymous_14)
FN:108,(anonymous_15)
FN:109,(anonymous_16)
FN:118,(anonymous_17)
FN:129,(anonymous_18)
FN:136,(anonymous_19)
FN:147,(anonymous_20)
FN:166,(anonymous_21)
FN:176,(anonymous_22)
FN:272,(anonymous_23)
FN:280,(anonymous_24)
FN:280,(anonymous_25)
FN:301,(anonymous_26)
FN:308,(anonymous_27)
FN:310,(anonymous_28)
FN:366,(anonymous_29)
FN:372,(anonymous_30)
FN:383,(anonymous_31)
FN:389,(anonymous_32)
FN:391,(anonymous_33)
FNF:24
FNH:0
FNDA:0,(anonymous_10)
FNDA:0,(anonymous_11)
FNDA:0,(anonymous_12)
FNDA:0,FeedingsPage
FNDA:0,(anonymous_14)
FNDA:0,(anonymous_15)
FNDA:0,(anonymous_16)
FNDA:0,(anonymous_17)
FNDA:0,(anonymous_18)
FNDA:0,(anonymous_19)
FNDA:0,(anonymous_20)
FNDA:0,(anonymous_21)
FNDA:0,(anonymous_22)
FNDA:0,(anonymous_23)
FNDA:0,(anonymous_24)
FNDA:0,(anonymous_25)
FNDA:0,(anonymous_26)
FNDA:0,(anonymous_27)
FNDA:0,(anonymous_28)
FNDA:0,(anonymous_29)
FNDA:0,(anonymous_30)
FNDA:0,(anonymous_31)
FNDA:0,(anonymous_32)
FNDA:0,(anonymous_33)
DA:3,0
DA:4,0
DA:5,0
DA:6,0
DA:7,0
DA:8,0
DA:9,0
DA:10,0
DA:11,0
DA:12,0
DA:13,0
DA:15,0
DA:16,0
DA:17,0
DA:18,0
DA:19,0
DA:20,0
DA:21,0
DA:23,0
DA:24,0
DA:25,0
DA:26,0
DA:27,0
DA:28,0
DA:29,0
DA:42,0
DA:43,0
DA:45,0
DA:47,0
DA:49,0
DA:51,0
DA:53,0
DA:55,0
DA:59,0
DA:60,0
DA:62,0
DA:64,0
DA:67,0
DA:69,0
DA:71,0
DA:75,0
DA:76,0
DA:79,0
DA:80,0
DA:81,0
DA:82,0
DA:83,0
DA:84,0
DA:85,0
DA:87,0
DA:88,0
DA:89,0
DA:91,0
DA:92,0
DA:94,0
DA:95,0
DA:96,0
DA:97,0
DA:100,0
DA:101,0
DA:103,0
DA:106,0
DA:107,0
DA:108,0
DA:109,0
DA:110,0
DA:111,0
DA:112,0
DA:118,0
DA:119,0
DA:120,0
DA:121,0
DA:124,0
DA:125,0
DA:129,0
DA:130,0
DA:131,0
DA:132,0
DA:136,0
DA:137,0
DA:138,0
DA:139,0
DA:142,0
DA:143,0
DA:144,0
DA:146,0
DA:147,0
DA:149,0
DA:150,0
DA:151,0
DA:152,0
DA:153,0
DA:154,0
DA:158,0
DA:159,0
DA:161,0
DA:162,0
DA:165,0
DA:166,0
DA:168,0
DA:169,0
DA:171,0
DA:173,0
DA:174,0
DA:176,0
DA:177,0
DA:180,0
DA:181,0
DA:183,0
DA:184,0
DA:192,0
DA:193,0
DA:207,0
DA:208,0
DA:209,0
DA:213,0
DA:214,0
DA:228,0
DA:229,0
DA:253,0
DA:272,0
DA:280,0
DA:302,0
DA:309,0
DA:310,0
DA:311,0
DA:312,0
DA:313,0
DA:315,0
DA:366,0
DA:372,0
DA:383,0
DA:389,0
DA:391,0
LF:134
LH:0
BRDA:43,0,0,0
BRDA:43,0,1,0
BRDA:43,0,2,0
BRDA:43,0,3,0
BRDA:43,0,4,0
BRDA:43,0,5,0
BRDA:60,1,0,0
BRDA:60,1,1,0
BRDA:60,1,2,0
BRDA:60,1,3,0
BRDA:60,1,4,0
BRDA:60,1,5,0
BRDA:76,2,0,0
BRDA:76,2,1,0
BRDA:91,3,0,0
BRDA:91,3,1,0
BRDA:91,3,2,0
BRDA:92,4,0,0
BRDA:92,4,1,0
BRDA:92,4,2,0
BRDA:101,5,0,0
BRDA:101,6,0,0
BRDA:101,6,1,0
BRDA:106,7,0,0
BRDA:109,8,0,0
BRDA:109,8,1,0
BRDA:109,9,0,0
BRDA:109,9,1,0
BRDA:109,10,0,0
BRDA:109,10,1,0
BRDA:110,11,0,0
BRDA:110,11,1,0
BRDA:110,12,0,0
BRDA:110,12,1,0
BRDA:110,13,0,0
BRDA:110,13,1,0
BRDA:111,14,0,0
BRDA:111,14,1,0
BRDA:111,15,0,0
BRDA:111,15,1,0
BRDA:111,16,0,0
BRDA:111,16,1,0
BRDA:111,17,0,0
BRDA:111,17,1,0
BRDA:111,18,0,0
BRDA:111,18,1,0
BRDA:112,19,0,0
BRDA:112,19,1,0
BRDA:112,19,2,0
BRDA:121,20,0,0
BRDA:121,20,1,0
BRDA:137,21,0,0
BRDA:149,22,0,0
BRDA:165,23,0,0
BRDA:169,24,0,0
BRDA:169,24,1,0
BRDA:174,25,0,0
BRDA:174,25,1,0
BRDA:176,26,0,0
BRDA:183,27,0,0
BRDA:183,28,0,0
BRDA:183,28,1,0
BRDA:183,29,0,0
BRDA:183,29,1,0
BRDA:192,30,0,0
BRDA:192,31,0,0
BRDA:192,31,1,0
BRDA:192,31,2,0
BRDA:207,32,0,0
BRDA:213,33,0,0
BRDA:219,34,0,0
BRDA:219,34,1,0
BRDA:228,35,0,0
BRDA:228,36,0,0
BRDA:228,36,1,0
BRDA:228,36,2,0
BRDA:260,37,0,0
BRDA:260,37,1,0
BRDA:260,38,0,0
BRDA:260,38,1,0
BRDA:260,39,0,0
BRDA:260,39,1,0
BRDA:261,40,0,0
BRDA:261,40,1,0
BRDA:261,41,0,0
BRDA:261,41,1,0
BRDA:261,42,0,0
BRDA:261,42,1,0
BRDA:280,43,0,0
BRDA:280,43,1,0
BRDA:281,44,0,0
BRDA:281,44,1,0
BRDA:283,45,0,0
BRDA:283,45,1,0
BRDA:288,46,0,0
BRDA:288,46,1,0
BRDA:288,47,0,0
BRDA:288,47,1,0
BRDA:292,48,0,0
BRDA:292,48,1,0
BRDA:295,49,0,0
BRDA:295,49,1,0
BRDA:296,50,0,0
BRDA:296,50,1,0
BRDA:320,51,0,0
BRDA:320,51,1,0
BRDA:320,52,0,0
BRDA:320,52,1,0
BRDA:320,53,0,0
BRDA:320,53,1,0
BRDA:320,54,0,0
BRDA:320,54,1,0
BRDA:322,55,0,0
BRDA:322,55,1,0
BRDA:322,56,0,0
BRDA:322,56,1,0
BRDA:322,57,0,0
BRDA:322,57,1,0
BRDA:322,58,0,0
BRDA:322,58,1,0
BRDA:322,59,0,0
BRDA:322,59,1,0
BRDA:323,60,0,0
BRDA:323,60,1,0
BRDA:323,61,0,0
BRDA:323,61,1,0
BRDA:323,62,0,0
BRDA:323,62,1,0
BRDA:323,63,0,0
BRDA:323,63,1,0
BRDA:323,64,0,0
BRDA:323,64,1,0
BRDA:340,65,0,0
BRDA:340,65,1,0
BRDA:340,66,0,0
BRDA:340,66,1,0
BRDA:341,67,0,0
BRDA:341,67,1,0
BRDA:341,68,0,0
BRDA:341,68,1,0
BRDA:341,69,0,0
BRDA:341,69,1,0
BRDA:343,70,0,0
BRDA:343,70,1,0
BRDA:344,71,0,0
BRDA:344,71,1,0
BRDA:344,72,0,0
BRDA:344,72,1,0
BRDA:345,73,0,0
BRDA:345,73,1,0
BRDA:345,74,0,0
BRDA:345,74,1,0
BRDA:345,75,0,0
BRDA:345,75,1,0
BRDA:352,76,0,0
BRDA:352,76,1,0
BRDA:352,76,2,0
BRDA:357,77,0,0
BRDA:357,77,1,0
BRDA:360,78,0,0
BRDA:360,78,1,0
BRDA:360,78,2,0
BRDA:366,79,0,0
BRDA:366,79,1,0
BRDA:366,80,0,0
BRDA:366,80,1,0
BRDA:366,81,0,0
BRDA:383,82,0,0
BRDA:383,82,1,0
BRDA:383,83,0,0
BRDA:383,83,1,0
BRDA:383,84,0,0
BRDA:383,84,1,0
BRDA:383,85,0,0
BRDA:383,85,1,0
BRDA:391,86,0,0
BRDA:391,86,1,0
BRDA:392,87,0,0
BRDA:392,87,1,0
BRDA:392,87,2,0
BRDA:395,88,0,0
BRDA:395,88,1,0
BRDA:395,89,0,0
BRDA:395,89,1,0
BRDA:395,90,0,0
BRDA:395,90,1,0
BRDA:395,91,0,0
BRDA:395,91,1,0
BRDA:403,92,0,0
BRDA:403,92,1,0
BRF:190
BRH:0
end_of_record
TN:
SF:app/feedings/[id]/page.tsx
FN:27,FeedingDetailsPage
FN:47,(anonymous_2)
FN:68,(anonymous_3)
FN:79,(anonymous_4)
FN:104,(anonymous_5)
FN:127,(anonymous_6)
FNF:6
FNH:0
FNDA:0,FeedingDetailsPage
FNDA:0,(anonymous_2)
FNDA:0,(anonymous_3)
FNDA:0,(anonymous_4)
FNDA:0,(anonymous_5)
FNDA:0,(anonymous_6)
DA:3,0
DA:4,0
DA:5,0
DA:6,0
DA:7,0
DA:8,0
DA:9,0
DA:10,0
DA:11,0
DA:12,0
DA:13,0
DA:14,0
DA:15,0
DA:16,0
DA:17,0
DA:18,0
DA:19,0
DA:20,0
DA:27,0
DA:32,0
DA:33,0
DA:34,0
DA:35,0
DA:36,0
DA:37,0
DA:38,0
DA:40,0
DA:41,0
DA:42,0
DA:43,0
DA:45,0
DA:47,0
DA:48,0
DA:49,0
DA:50,0
DA:51,0
DA:52,0
DA:53,0
DA:55,0
DA:58,0
DA:59,0
DA:60,0
DA:61,0
DA:64,0
DA:65,0
DA:66,0
DA:68,0
DA:69,0
DA:70,0
DA:71,0
DA:72,0
DA:73,0
DA:74,0
DA:75,0
DA:76,0
DA:77,0
DA:79,0
DA:80,0
DA:83,0
DA:85,0
DA:86,0
DA:87,0
DA:90,0
DA:92,0
DA:93,0
DA:94,0
DA:96,0
DA:97,0
DA:101,0
DA:104,0
DA:105,0
DA:106,0
DA:107,0
DA:110,0
DA:111,0
DA:112,0
DA:113,0
DA:116,0
DA:117,0
DA:118,0
DA:119,0
DA:121,0
DA:123,0
DA:124,0
DA:126,0
DA:127,0
DA:128,0
DA:131,0
DA:132,0
DA:134,0
DA:135,0
DA:137,0
DA:138,0
DA:142,0
DA:143,0
DA:146,0
DA:147,0
DA:148,0
DA:152,0
DA:153,0
DA:154,0
DA:155,0
DA:165,0
DA:166,0
DA:176,0
DA:238,0
LF:106
LH:0
BRDA:48,0,0,0
BRDA:48,1,0,0
BRDA:48,1,1,0
BRDA:48,1,2,0
BRDA:48,2,0,0
BRDA:48,2,1,0
BRDA:48,3,0,0
BRDA:48,3,1,0
BRDA:48,4,0,0
BRDA:48,4,1,0
BRDA:48,5,0,0
BRDA:48,5,1,0
BRDA:49,6,0,0
BRDA:49,6,1,0
BRDA:49,7,0,0
BRDA:49,7,1,0
BRDA:49,7,2,0
BRDA:52,8,0,0
BRDA:58,9,0,0
BRDA:58,10,0,0
BRDA:58,10,1,0
BRDA:73,11,0,0
BRDA:74,12,0,0
BRDA:74,12,1,0
BRDA:76,13,0,0
BRDA:76,13,1,0
BRDA:80,14,0,0
BRDA:80,14,1,0
BRDA:85,15,0,0
BRDA:85,15,1,0
BRDA:85,16,0,0
BRDA:85,16,1,0
BRDA:85,17,0,0
BRDA:85,17,1,0
BRDA:85,18,0,0
BRDA:85,18,1,0
BRDA:86,19,0,0
BRDA:86,20,0,0
BRDA:86,20,1,0
BRDA:93,21,0,0
BRDA:93,21,1,0
BRDA:105,22,0,0
BRDA:105,23,0,0
BRDA:105,23,1,0
BRDA:105,24,0,0
BRDA:105,24,1,0
BRDA:105,25,0,0
BRDA:105,25,1,0
BRDA:110,26,0,0
BRDA:110,26,1,0
BRDA:110,27,0,0
BRDA:110,27,1,0
BRDA:110,28,0,0
BRDA:110,28,1,0
BRDA:110,29,0,0
BRDA:110,29,1,0
BRDA:111,30,0,0
BRDA:111,31,0,0
BRDA:111,31,1,0
BRDA:126,32,0,0
BRDA:128,33,0,0
BRDA:128,33,1,0
BRDA:142,34,0,0
BRDA:142,35,0,0
BRDA:142,35,1,0
BRDA:142,35,2,0
BRDA:146,36,0,0
BRDA:152,37,0,0
BRDA:152,37,1,0
BRDA:154,38,0,0
BRDA:154,38,1,0
BRDA:165,39,0,0
BRDA:165,39,1,0
BRDA:181,40,0,0
BRDA:181,40,1,0
BRDA:181,41,0,0
BRDA:181,41,1,0
BRDA:181,42,0,0
BRDA:181,42,1,0
BRDA:191,43,0,0
BRDA:191,43,1,0
BRDA:197,44,0,0
BRDA:197,44,1,0
BRDA:197,45,0,0
BRDA:197,45,1,0
BRDA:197,46,0,0
BRDA:197,46,1,0
BRDA:197,47,0,0
BRDA:197,47,1,0
BRDA:197,48,0,0
BRDA:197,48,1,0
BRDA:197,49,0,0
BRDA:197,49,1,0
BRDA:198,50,0,0
BRDA:198,50,1,0
BRDA:198,51,0,0
BRDA:198,51,1,0
BRDA:198,52,0,0
BRDA:198,52,1,0
BRDA:198,53,0,0
BRDA:198,53,1,0
BRDA:198,54,0,0
BRDA:198,54,1,0
BRDA:215,55,0,0
BRDA:215,55,1,0
BRDA:215,56,0,0
BRDA:215,56,1,0
BRDA:221,57,0,0
BRDA:221,57,1,0
BRDA:230,58,0,0
BRDA:230,58,1,0
BRDA:230,59,0,0
BRDA:230,59,1,0
BRDA:230,60,0,0
BRDA:230,60,1,0
BRF:115
BRH:0
end_of_record
TN:
SF:app/feedings/new/page.tsx
FN:35,NewFeedingPage
FN:63,(anonymous_2)
FN:79,(anonymous_3)
FN:88,(anonymous_4)
FN:113,(anonymous_5)
FN:124,(anonymous_6)
FN:126,(anonymous_7)
FN:127,(anonymous_8)
FN:130,(anonymous_9)
FN:131,(anonymous_10)
FN:134,(anonymous_11)
FN:138,(anonymous_12)
FN:140,(anonymous_13)
FN:149,(anonymous_14)
FN:150,(anonymous_15)
FN:152,(anonymous_16)
FN:159,(anonymous_17)
FN:164,(anonymous_18)
FN:165,(anonymous_19)
FN:168,(anonymous_20)
FN:169,(anonymous_21)
FN:172,(anonymous_22)
FN:173,(anonymous_23)
FN:176,(anonymous_24)
FN:209,(anonymous_25)
FN:240,(anonymous_26)
FN:392,(anonymous_27)
FN:418,(anonymous_28)
FN:465,(anonymous_29)
FN:466,(anonymous_30)
FN:480,(anonymous_31)
FN:481,(anonymous_32)
FN:493,(anonymous_33)
FN:498,(anonymous_34)
FN:503,(anonymous_35)
FN:504,(anonymous_36)
FNF:36
FNH:0
FNDA:0,NewFeedingPage
FNDA:0,(anonymous_2)
FNDA:0,(anonymous_3)
FNDA:0,(anonymous_4)
FNDA:0,(anonymous_5)
FNDA:0,(anonymous_6)
FNDA:0,(anonymous_7)
FNDA:0,(anonymous_8)
FNDA:0,(anonymous_9)
FNDA:0,(anonymous_10)
FNDA:0,(anonymous_11)
FNDA:0,(anonymous_12)
FNDA:0,(anonymous_13)
FNDA:0,(anonymous_14)
FNDA:0,(anonymous_15)
FNDA:0,(anonymous_16)
FNDA:0,(anonymous_17)
FNDA:0,(anonymous_18)
FNDA:0,(anonymous_19)
FNDA:0,(anonymous_20)
FNDA:0,(anonymous_21)
FNDA:0,(anonymous_22)
FNDA:0,(anonymous_23)
FNDA:0,(anonymous_24)
FNDA:0,(anonymous_25)
FNDA:0,(anonymous_26)
FNDA:0,(anonymous_27)
FNDA:0,(anonymous_28)
FNDA:0,(anonymous_29)
FNDA:0,(anonymous_30)
FNDA:0,(anonymous_31)
FNDA:0,(anonymous_32)
FNDA:0,(anonymous_33)
FNDA:0,(anonymous_34)
FNDA:0,(anonymous_35)
FNDA:0,(anonymous_36)
DA:3,0
DA:4,0
DA:5,0
DA:6,0
DA:7,0
DA:8,0
DA:10,0
DA:13,0
DA:14,0
DA:15,0
DA:16,0
DA:18,0
DA:19,0
DA:20,0
DA:22,0
DA:23,0
DA:24,0
DA:25,0
DA:27,0
DA:28,0
DA:29,0
DA:30,0
DA:35,0
DA:36,0
DA:37,0
DA:38,0
DA:39,0
DA:40,0
DA:41,0
DA:42,0
DA:43,0
DA:44,0
DA:46,0
DA:47,0
DA:48,0
DA:49,0
DA:50,0
DA:51,0
DA:52,0
DA:55,0
DA:63,0
DA:64,0
DA:65,0
DA:66,0
DA:67,0
DA:69,0
DA:70,0
DA:72,0
DA:75,0
DA:76,0
DA:77,0
DA:79,0
DA:80,0
DA:81,0
DA:83,0
DA:84,0
DA:87,0
DA:88,0
DA:89,0
DA:91,0
DA:92,0
DA:93,0
DA:94,0
DA:97,0
DA:98,0
DA:99,0
DA:105,0
DA:109,0
DA:113,0
DA:114,0
DA:115,0
DA:116,0
DA:117,0
DA:119,0
DA:120,0
DA:124,0
DA:125,0
DA:126,0
DA:127,0
DA:130,0
DA:131,0
DA:132,0
DA:133,0
DA:134,0
DA:135,0
DA:136,0
DA:138,0
DA:140,0
DA:144,0
DA:149,0
DA:150,0
DA:151,0
DA:152,0
DA:156,0
DA:159,0
DA:160,0
DA:161,0
DA:164,0
DA:165,0
DA:168,0
DA:169,0
DA:172,0
DA:173,0
DA:176,0
DA:177,0
DA:178,0
DA:183,0
DA:185,0
DA:186,0
DA:190,0
DA:193,0
DA:194,0
DA:195,0
DA:196,0
DA:197,0
DA:199,0
DA:200,0
DA:202,0
DA:203,0
DA:204,0
DA:206,0
DA:207,0
DA:209,0
DA:212,0
DA:213,0
DA:216,0
DA:226,0
DA:227,0
DA:228,0
DA:229,0
DA:232,0
DA:233,0
DA:239,0
DA:240,0
DA:241,0
DA:244,0
DA:246,0
DA:251,0
DA:252,0
DA:253,0
DA:254,0
DA:256,0
DA:259,0
DA:260,0
DA:266,0
DA:267,0
DA:271,0
DA:272,0
DA:286,0
DA:287,0
DA:308,0
DA:309,0
DA:330,0
DA:331,0
DA:352,0
DA:393,0
DA:394,0
DA:402,0
DA:404,0
DA:418,0
DA:465,0
DA:466,0
DA:480,0
DA:481,0
DA:493,0
DA:498,0
DA:503,0
DA:505,0
LF:168
LH:0
BRDA:64,0,0,0
BRDA:64,1,0,0
BRDA:64,1,1,0
BRDA:64,1,2,0
BRDA:64,2,0,0
BRDA:64,2,1,0
BRDA:64,3,0,0
BRDA:64,3,1,0
BRDA:64,4,0,0
BRDA:64,4,1,0
BRDA:64,5,0,0
BRDA:64,5,1,0
BRDA:65,6,0,0
BRDA:65,7,0,0
BRDA:65,7,1,0
BRDA:65,7,2,0
BRDA:69,8,0,0
BRDA:83,9,0,0
BRDA:89,10,0,0
BRDA:89,10,1,0
BRDA:89,11,0,0
BRDA:89,11,1,0
BRDA:89,12,0,0
BRDA:89,12,1,0
BRDA:98,13,0,0
BRDA:98,13,1,0
BRDA:114,14,0,0
BRDA:116,15,0,0
BRDA:116,15,1,0
BRDA:133,16,0,0
BRDA:133,16,1,0
BRDA:135,17,0,0
BRDA:135,17,1,0
BRDA:177,18,0,0
BRDA:177,19,0,0
BRDA:177,19,1,0
BRDA:177,20,0,0
BRDA:177,20,1,0
BRDA:177,21,0,0
BRDA:177,21,1,0
BRDA:177,22,0,0
BRDA:177,22,1,0
BRDA:177,23,0,0
BRDA:177,23,1,0
BRDA:185,24,0,0
BRDA:203,25,0,0
BRDA:203,25,1,0
BRDA:204,26,0,0
BRDA:204,26,1,0
BRDA:206,27,0,0
BRDA:206,28,0,0
BRDA:206,28,1,0
BRDA:206,28,2,0
BRDA:206,28,3,0
BRDA:209,29,0,0
BRDA:209,29,1,0
BRDA:209,30,0,0
BRDA:209,30,1,0
BRDA:209,31,0,0
BRDA:209,31,1,0
BRDA:221,32,0,0
BRDA:221,32,1,0
BRDA:222,33,0,0
BRDA:222,33,1,0
BRDA:226,34,0,0
BRDA:239,35,0,0
BRDA:241,36,0,0
BRDA:241,36,1,0
BRDA:248,37,0,0
BRDA:248,37,1,0
BRDA:271,38,0,0
BRDA:271,39,0,0
BRDA:271,39,1,0
BRDA:271,39,2,0
BRDA:271,39,3,0
BRDA:286,40,0,0
BRDA:300,41,0,0
BRDA:300,41,1,0
BRDA:300,42,0,0
BRDA:300,42,1,0
BRDA:300,43,0,0
BRDA:300,43,1,0
BRDA:301,44,0,0
BRDA:301,44,1,0
BRDA:301,45,0,0
BRDA:301,45,1,0
BRDA:301,46,0,0
BRDA:301,46,1,0
BRDA:308,47,0,0
BRDA:308,48,0,0
BRDA:308,48,1,0
BRDA:308,48,2,0
BRDA:330,49,0,0
BRDA:375,50,0,0
BRDA:375,50,1,0
BRDA:383,51,0,0
BRDA:383,51,1,0
BRDA:394,52,0,0
BRDA:394,52,1,0
BRDA:394,53,0,0
BRDA:394,53,1,0
BRDA:398,54,0,0
BRDA:398,54,1,0
BRDA:398,55,0,0
BRDA:398,55,1,0
BRDA:398,56,0,0
BRDA:398,56,1,0
BRDA:398,57,0,0
BRDA:398,57,1,0
BRDA:398,58,0,0
BRDA:398,58,1,0
BRDA:416,59,0,0
BRDA:416,59,1,0
BRDA:420,60,0,0
BRDA:420,60,1,0
BRDA:428,61,0,0
BRDA:428,61,1,0
BRDA:435,62,0,0
BRDA:435,62,1,0
BRDA:435,63,0,0
BRDA:435,63,1,0
BRDA:437,64,0,0
BRDA:437,64,1,0
BRDA:440,65,0,0
BRDA:440,65,1,0
BRDA:440,66,0,0
BRDA:440,66,1,0
BRDA:440,67,0,0
BRDA:440,67,1,0
BRDA:440,68,0,0
BRDA:440,68,1,0
BRDA:440,69,0,0
BRDA:440,69,1,0
BRDA:440,70,0,0
BRDA:440,70,1,0
BRDA:447,71,0,0
BRDA:447,71,1,0
BRDA:463,72,0,0
BRDA:463,72,1,0
BRDA:464,73,0,0
BRDA:464,73,1,0
BRDA:479,74,0,0
BRDA:479,74,1,0
BRDA:492,75,0,0
BRDA:492,75,1,0
BRDA:526,76,0,0
BRDA:526,76,1,0
BRDA:530,77,0,0
BRDA:530,77,1,0
BRF:149
BRH:0
end_of_record
TN:
SF:app/history/page.tsx
FN:53,HistoryPage
FN:63,(anonymous_2)
FN:64,loadData
FN:87,(anonymous_4)
FN:92,(anonymous_5)
FN:98,(anonymous_6)
FN:106,(anonymous_7)
FN:115,(anonymous_8)
FN:119,(anonymous_9)
FN:185,(anonymous_10)
FN:196,(anonymous_11)
FN:226,(anonymous_12)
FNF:12
FNH:0
FNDA:0,HistoryPage
FNDA:0,(anonymous_2)
FNDA:0,loadData
FNDA:0,(anonymous_4)
FNDA:0,(anonymous_5)
FNDA:0,(anonymous_6)
FNDA:0,(anonymous_7)
FNDA:0,(anonymous_8)
FNDA:0,(anonymous_9)
FNDA:0,(anonymous_10)
FNDA:0,(anonymous_11)
FNDA:0,(anonymous_12)
DA:3,0
DA:4,0
DA:5,0
DA:7,0
DA:8,0
DA:9,0
DA:10,0
DA:11,0
DA:12,0
DA:13,0
DA:14,0
DA:15,0
DA:16,0
DA:17,0
DA:24,0
DA:53,0
DA:54,0
DA:55,0
DA:56,0
DA:57,0
DA:58,0
DA:59,0
DA:60,0
DA:61,0
DA:63,0
DA:65,0
DA:66,0
DA:69,0
DA:70,0
DA:71,0
DA:74,0
DA:75,0
DA:77,0
DA:79,0
DA:83,0
DA:87,0
DA:88,0
DA:91,0
DA:92,0
DA:96,0
DA:97,0
DA:98,0
DA:99,0
DA:106,0
DA:107,0
DA:108,0
DA:109,0
DA:112,0
DA:115,0
DA:116,0
DA:119,0
DA:120,0
DA:123,0
DA:133,0
DA:141,0
DA:186,0
DA:197,0
DA:227,0
LF:58
LH:0
BRDA:91,0,0,0
BRDA:96,1,0,0
BRDA:99,2,0,0
BRDA:99,2,1,0
BRDA:99,2,2,0
BRDA:100,3,0,0
BRDA:100,3,1,0
BRDA:100,4,0,0
BRDA:100,4,1,0
BRDA:109,5,0,0
BRDA:109,5,1,0
BRDA:120,6,0,0
BRDA:120,6,1,0
BRDA:168,7,0,0
BRDA:168,7,1,0
BRDA:194,8,0,0
BRDA:194,8,1,0
BRDA:210,9,0,0
BRDA:210,9,1,0
BRDA:232,10,0,0
BRDA:232,10,1,0
BRDA:254,11,0,0
BRDA:254,11,1,0
BRDA:259,12,0,0
BRDA:259,12,1,0
BRF:25
BRH:0
end_of_record
TN:
SF:app/history/[id]/page.tsx
FN:20,CatHistoryPage
FN:71,(anonymous_2)
FNF:2
FNH:0
FNDA:0,CatHistoryPage
FNDA:0,(anonymous_2)
DA:4,0
DA:5,0
DA:6,0
DA:7,0
DA:8,0
DA:9,0
DA:10,0
DA:11,0
DA:12,0
DA:15,0
DA:16,0
DA:17,0
DA:18,0
DA:20,0
DA:21,0
DA:23,0
DA:24,0
DA:27,0
DA:72,0
LF:19
LH:0
BRDA:23,0,0,0
BRDA:41,1,0,0
BRDA:41,1,1,0
BRF:3
BRH:0
end_of_record
TN:
SF:app/households/page.tsx
FN:43,EmptyHouseholdsState
FN:68,LoadingHouseholds
FN:79,(anonymous_3)
FN:101,HouseholdsPage
FN:115,(anonymous_5)
FN:128,(anonymous_6)
FN:134,(anonymous_7)
FN:159,(anonymous_8)
FN:182,(anonymous_9)
FN:272,(anonymous_10)
FN:310,(anonymous_11)
FN:314,(anonymous_12)
FN:315,(anonymous_13)
FN:329,(anonymous_14)
FN:331,(anonymous_15)
FNF:15
FNH:0
FNDA:0,EmptyHouseholdsState
FNDA:0,LoadingHouseholds
FNDA:0,(anonymous_3)
FNDA:0,HouseholdsPage
FNDA:0,(anonymous_5)
FNDA:0,(anonymous_6)
FNDA:0,(anonymous_7)
FNDA:0,(anonymous_8)
FNDA:0,(anonymous_9)
FNDA:0,(anonymous_10)
FNDA:0,(anonymous_11)
FNDA:0,(anonymous_12)
FNDA:0,(anonymous_13)
FNDA:0,(anonymous_14)
FNDA:0,(anonymous_15)
DA:3,0
DA:4,0
DA:5,0
DA:6,0
DA:7,0
DA:8,0
DA:9,0
DA:10,0
DA:11,0
DA:12,0
DA:20,0
DA:31,0
DA:32,0
DA:33,0
DA:34,0
DA:35,0
DA:37,0
DA:38,0
DA:39,0
DA:40,0
DA:44,0
DA:69,0
DA:80,0
DA:101,0
DA:102,0
DA:103,0
DA:104,0
DA:105,0
DA:106,0
DA:107,0
DA:108,0
DA:109,0
DA:110,0
DA:112,0
DA:113,0
DA:115,0
DA:116,0
DA:117,0
DA:118,0
DA:119,0
DA:120,0
DA:122,0
DA:123,0
DA:125,0
DA:127,0
DA:128,0
DA:129,0
DA:130,0
DA:133,0
DA:134,0
DA:135,0
DA:139,0
DA:142,0
DA:143,0
DA:146,0
DA:147,0
DA:148,0
DA:149,0
DA:151,0
DA:154,0
DA:155,0
DA:159,0
DA:160,0
DA:161,0
DA:162,0
DA:165,0
DA:168,0
DA:169,0
DA:170,0
DA:173,0
DA:176,0
DA:177,0
DA:178,0
DA:181,0
DA:182,0
DA:185,0
DA:186,0
DA:187,0
DA:190,0
DA:191,0
DA:193,0
DA:195,0
DA:198,0
DA:207,0
DA:215,0
DA:216,0
DA:227,0
DA:228,0
DA:229,0
DA:232,0
DA:233,0
DA:249,0
DA:251,0
DA:273,0
DA:274,0
DA:275,0
DA:277,0
DA:279,0
DA:310,0
DA:314,0
DA:315,0
DA:329,0
DA:331,0
LF:103
LH:0
BRDA:112,0,0,0
BRDA:112,0,1,0
BRDA:113,1,0,0
BRDA:113,1,1,0
BRDA:116,2,0,0
BRDA:127,3,0,0
BRDA:130,4,0,0
BRDA:130,4,1,0
BRDA:133,5,0,0
BRDA:133,6,0,0
BRDA:133,6,1,0
BRDA:133,7,0,0
BRDA:133,7,1,0
BRDA:134,8,0,0
BRDA:134,8,1,0
BRDA:134,9,0,0
BRDA:134,9,1,0
BRDA:134,10,0,0
BRDA:134,10,1,0
BRDA:137,11,0,0
BRDA:137,11,1,0
BRDA:139,12,0,0
BRDA:139,12,1,0
BRDA:139,13,0,0
BRDA:139,13,1,0
BRDA:148,14,0,0
BRDA:148,14,1,0
BRDA:160,15,0,0
BRDA:160,16,0,0
BRDA:160,16,1,0
BRDA:160,17,0,0
BRDA:160,17,1,0
BRDA:160,18,0,0
BRDA:160,18,1,0
BRDA:161,19,0,0
BRDA:161,19,1,0
BRDA:161,20,0,0
BRDA:161,20,1,0
BRDA:165,21,0,0
BRDA:165,21,1,0
BRDA:165,22,0,0
BRDA:165,22,1,0
BRDA:168,23,0,0
BRDA:168,24,0,0
BRDA:168,24,1,0
BRDA:168,25,0,0
BRDA:168,25,1,0
BRDA:168,26,0,0
BRDA:168,26,1,0
BRDA:176,27,0,0
BRDA:185,28,0,0
BRDA:191,29,0,0
BRDA:191,29,1,0
BRDA:191,30,0,0
BRDA:191,30,1,0
BRDA:191,31,0,0
BRDA:191,31,1,0
BRDA:191,32,0,0
BRDA:191,32,1,0
BRDA:215,33,0,0
BRDA:215,34,0,0
BRDA:215,34,1,0
BRDA:215,34,2,0
BRDA:227,35,0,0
BRDA:232,36,0,0
BRDA:249,37,0,0
BRDA:249,37,1,0
BRDA:263,38,0,0
BRDA:263,38,1,0
BRDA:274,39,0,0
BRDA:274,39,1,0
BRDA:274,40,0,0
BRDA:274,40,1,0
BRDA:274,41,0,0
BRDA:274,41,1,0
BRDA:275,42,0,0
BRDA:275,42,1,0
BRDA:275,43,0,0
BRDA:275,43,1,0
BRDA:275,44,0,0
BRDA:275,44,1,0
BRDA:302,45,0,0
BRDA:302,45,1,0
BRDA:310,46,0,0
BRDA:310,46,1,0
BRDA:335,47,0,0
BRDA:335,47,1,0
BRDA:335,48,0,0
BRDA:335,48,1,0
BRDA:347,49,0,0
BRDA:347,49,1,0
BRF:91
BRH:0
end_of_record
TN:
SF:app/households/[id]/page.tsx
FN:77,(anonymous_1)
FN:82,HouseholdDetailsPage
FN:109,(anonymous_3)
FN:116,(anonymous_4)
FN:132,(anonymous_5)
FN:148,(anonymous_6)
FN:164,(anonymous_7)
FN:175,(anonymous_8)
FN:182,(anonymous_9)
FN:189,(anonymous_10)
FN:197,(anonymous_11)
FN:202,(anonymous_12)
FN:213,(anonymous_13)
FN:224,(anonymous_14)
FN:255,(anonymous_15)
FN:269,(anonymous_16)
FN:294,(anonymous_17)
FN:300,(anonymous_18)
FN:301,(anonymous_19)
FN:321,(anonymous_20)
FN:349,(anonymous_21)
FN:371,(anonymous_22)
FN:391,(anonymous_23)
FN:402,(anonymous_24)
FN:414,(anonymous_25)
FN:511,(anonymous_26)
FN:535,(anonymous_27)
FN:540,(anonymous_28)
FN:550,(anonymous_29)
FN:577,(anonymous_30)
FN:630,(anonymous_31)
FN:637,(anonymous_32)
FN:665,(anonymous_33)
FN:667,(anonymous_34)
FN:677,(anonymous_35)
FN:685,(anonymous_36)
FN:687,(anonymous_37)
FN:697,(anonymous_38)
FN:706,(anonymous_39)
FN:710,(anonymous_40)
FN:721,(anonymous_41)
FN:741,(anonymous_42)
FN:758,(anonymous_43)
FN:762,(anonymous_44)
FN:763,(anonymous_45)
FN:764,(anonymous_46)
FN:782,(anonymous_47)
FN:793,(anonymous_48)
FN:803,(anonymous_49)
FNF:49
FNH:0
FNDA:0,(anonymous_1)
FNDA:0,HouseholdDetailsPage
FNDA:0,(anonymous_3)
FNDA:0,(anonymous_4)
FNDA:0,(anonymous_5)
FNDA:0,(anonymous_6)
FNDA:0,(anonymous_7)
FNDA:0,(anonymous_8)
FNDA:0,(anonymous_9)
FNDA:0,(anonymous_10)
FNDA:0,(anonymous_11)
FNDA:0,(anonymous_12)
FNDA:0,(anonymous_13)
FNDA:0,(anonymous_14)
FNDA:0,(anonymous_15)
FNDA:0,(anonymous_16)
FNDA:0,(anonymous_17)
FNDA:0,(anonymous_18)
FNDA:0,(anonymous_19)
FNDA:0,(anonymous_20)
FNDA:0,(anonymous_21)
FNDA:0,(anonymous_22)
FNDA:0,(anonymous_23)
FNDA:0,(anonymous_24)
FNDA:0,(anonymous_25)
FNDA:0,(anonymous_26)
FNDA:0,(anonymous_27)
FNDA:0,(anonymous_28)
FNDA:0,(anonymous_29)
FNDA:0,(anonymous_30)
FNDA:0,(anonymous_31)
FNDA:0,(anonymous_32)
FNDA:0,(anonymous_33)
FNDA:0,(anonymous_34)
FNDA:0,(anonymous_35)
FNDA:0,(anonymous_36)
FNDA:0,(anonymous_37)
FNDA:0,(anonymous_38)
FNDA:0,(anonymous_39)
FNDA:0,(anonymous_40)
FNDA:0,(anonymous_41)
FNDA:0,(anonymous_42)
FNDA:0,(anonymous_43)
FNDA:0,(anonymous_44)
FNDA:0,(anonymous_45)
FNDA:0,(anonymous_46)
FNDA:0,(anonymous_47)
FNDA:0,(anonymous_48)
FNDA:0,(anonymous_49)
DA:3,0
DA:4,0
DA:5,0
DA:6,0
DA:7,0
DA:8,0
DA:9,0
DA:10,0
DA:11,0
DA:12,0
DA:13,0
DA:14,0
DA:15,0
DA:16,0
DA:40,0
DA:49,0
DA:50,0
DA:51,0
DA:52,0
DA:53,0
DA:55,0
DA:66,0
DA:67,0
DA:70,0
DA:71,0
DA:77,0
DA:78,0
DA:79,0
DA:82,0
DA:83,0
DA:84,0
DA:85,0
DA:86,0
DA:87,0
DA:88,0
DA:89,0
DA:90,0
DA:91,0
DA:92,0
DA:93,0
DA:95,0
DA:96,0
DA:97,0
DA:98,0
DA:99,0
DA:101,0
DA:102,0
DA:103,0
DA:104,0
DA:105,0
DA:106,0
DA:107,0
DA:109,0
DA:110,0
DA:111,0
DA:112,0
DA:113,0
DA:114,0
DA:116,0
DA:118,0
DA:119,0
DA:120,0
DA:121,0
DA:125,0
DA:127,0
DA:132,0
DA:135,0
DA:136,0
DA:137,0
DA:138,0
DA:139,0
DA:140,0
DA:141,0
DA:142,0
DA:143,0
DA:147,0
DA:148,0
DA:151,0
DA:152,0
DA:153,0
DA:154,0
DA:155,0
DA:156,0
DA:157,0
DA:158,0
DA:159,0
DA:163,0
DA:164,0
DA:165,0
DA:166,0
DA:167,0
DA:168,0
DA:172,0
DA:175,0
DA:176,0
DA:177,0
DA:182,0
DA:183,0
DA:184,0
DA:189,0
DA:190,0
DA:193,0
DA:196,0
DA:197,0
DA:199,0
DA:202,0
DA:203,0
DA:204,0
DA:205,0
DA:206,0
DA:208,0
DA:209,0
DA:213,0
DA:214,0
DA:215,0
DA:216,0
DA:217,0
DA:218,0
DA:219,0
DA:223,0
DA:224,0
DA:225,0
DA:228,0
DA:237,0
DA:242,0
DA:243,0
DA:246,0
DA:247,0
DA:249,0
DA:250,0
DA:251,0
DA:255,0
DA:256,0
DA:257,0
DA:258,0
DA:260,0
DA:261,0
DA:262,0
DA:263,0
DA:264,0
DA:268,0
DA:269,0
DA:270,0
DA:273,0
DA:282,0
DA:285,0
DA:286,0
DA:288,0
DA:289,0
DA:290,0
DA:294,0
DA:295,0
DA:296,0
DA:297,0
DA:300,0
DA:301,0
DA:302,0
DA:304,0
DA:305,0
DA:306,0
DA:307,0
DA:310,0
DA:311,0
DA:312,0
DA:313,0
DA:314,0
DA:320,0
DA:321,0
DA:322,0
DA:325,0
DA:327,0
DA:336,0
DA:339,0
DA:340,0
DA:342,0
DA:343,0
DA:344,0
DA:345,0
DA:349,0
DA:350,0
DA:351,0
DA:352,0
DA:354,0
DA:355,0
DA:356,0
DA:357,0
DA:358,0
DA:360,0
DA:365,0
DA:366,0
DA:370,0
DA:371,0
DA:372,0
DA:375,0
DA:378,0
DA:379,0
DA:380,0
DA:385,0
DA:386,0
DA:387,0
DA:391,0
DA:392,0
DA:393,0
DA:394,0
DA:396,0
DA:397,0
DA:398,0
DA:399,0
DA:400,0
DA:402,0
DA:403,0
DA:404,0
DA:410,0
DA:411,0
DA:413,0
DA:414,0
DA:415,0
DA:418,0
DA:419,0
DA:422,0
DA:423,0
DA:424,0
DA:425,0
DA:426,0
DA:429,0
DA:430,0
DA:431,0
DA:435,0
DA:436,0
DA:462,0
DA:463,0
DA:481,0
DA:482,0
DA:500,0
DA:502,0
DA:511,0
DA:535,0
DA:540,0
DA:550,0
DA:577,0
DA:631,0
DA:632,0
DA:633,0
DA:634,0
DA:635,0
DA:637,0
DA:665,0
DA:667,0
DA:677,0
DA:685,0
DA:687,0
DA:697,0
DA:706,0
DA:710,0
DA:721,0
DA:741,0
DA:759,0
DA:762,0
DA:763,0
DA:764,0
DA:782,0
DA:793,0
DA:803,0
LF:263
LH:0
BRDA:78,0,0,0
BRDA:79,1,0,0
BRDA:79,1,1,0
BRDA:118,2,0,0
BRDA:125,3,0,0
BRDA:125,4,0,0
BRDA:125,4,1,0
BRDA:125,4,2,0
BRDA:135,5,0,0
BRDA:147,6,0,0
BRDA:147,6,1,0
BRDA:147,7,0,0
BRDA:147,7,1,0
BRDA:148,8,0,0
BRDA:148,8,1,0
BRDA:148,9,0,0
BRDA:148,9,1,0
BRDA:151,10,0,0
BRDA:151,11,0,0
BRDA:151,11,1,0
BRDA:176,12,0,0
BRDA:176,13,0,0
BRDA:176,13,1,0
BRDA:176,13,2,0
BRDA:190,14,0,0
BRDA:190,15,0,0
BRDA:190,15,1,0
BRDA:193,16,0,0
BRDA:193,17,0,0
BRDA:193,17,1,0
BRDA:193,18,0,0
BRDA:193,18,1,0
BRDA:196,19,0,0
BRDA:196,19,1,0
BRDA:196,20,0,0
BRDA:196,20,1,0
BRDA:199,21,0,0
BRDA:199,21,1,0
BRDA:199,22,0,0
BRDA:199,22,1,0
BRDA:199,23,0,0
BRDA:199,23,1,0
BRDA:199,24,0,0
BRDA:199,24,1,0
BRDA:203,25,0,0
BRDA:203,26,0,0
BRDA:203,26,1,0
BRDA:203,27,0,0
BRDA:203,27,1,0
BRDA:214,28,0,0
BRDA:214,29,0,0
BRDA:214,29,1,0
BRDA:223,30,0,0
BRDA:225,31,0,0
BRDA:225,31,1,0
BRDA:232,32,0,0
BRDA:232,32,1,0
BRDA:239,33,0,0
BRDA:239,33,1,0
BRDA:256,34,0,0
BRDA:256,35,0,0
BRDA:256,35,1,0
BRDA:256,35,2,0
BRDA:268,36,0,0
BRDA:270,37,0,0
BRDA:270,37,1,0
BRDA:277,38,0,0
BRDA:277,38,1,0
BRDA:277,39,0,0
BRDA:277,39,1,0
BRDA:277,40,0,0
BRDA:277,40,1,0
BRDA:278,41,0,0
BRDA:278,41,1,0
BRDA:278,42,0,0
BRDA:278,42,1,0
BRDA:278,43,0,0
BRDA:278,43,1,0
BRDA:278,44,0,0
BRDA:278,44,1,0
BRDA:278,45,0,0
BRDA:278,45,1,0
BRDA:295,46,0,0
BRDA:295,47,0,0
BRDA:295,47,1,0
BRDA:295,47,2,0
BRDA:300,48,0,0
BRDA:300,48,1,0
BRDA:300,49,0,0
BRDA:300,49,1,0
BRDA:300,50,0,0
BRDA:300,50,1,0
BRDA:300,51,0,0
BRDA:300,51,1,0
BRDA:301,52,0,0
BRDA:301,52,1,0
BRDA:301,53,0,0
BRDA:301,53,1,0
BRDA:302,54,0,0
BRDA:302,54,1,0
BRDA:302,55,0,0
BRDA:302,55,1,0
BRDA:302,56,0,0
BRDA:302,56,1,0
BRDA:302,57,0,0
BRDA:302,57,1,0
BRDA:304,58,0,0
BRDA:304,59,0,0
BRDA:304,59,1,0
BRDA:304,59,2,0
BRDA:304,60,0,0
BRDA:304,60,1,0
BRDA:304,61,0,0
BRDA:304,61,1,0
BRDA:320,62,0,0
BRDA:322,63,0,0
BRDA:322,63,1,0
BRDA:330,64,0,0
BRDA:330,64,1,0
BRDA:330,65,0,0
BRDA:330,65,1,0
BRDA:330,66,0,0
BRDA:330,66,1,0
BRDA:331,67,0,0
BRDA:331,67,1,0
BRDA:331,68,0,0
BRDA:331,68,1,0
BRDA:331,69,0,0
BRDA:331,69,1,0
BRDA:332,70,0,0
BRDA:332,70,1,0
BRDA:350,71,0,0
BRDA:350,72,0,0
BRDA:350,72,1,0
BRDA:350,72,2,0
BRDA:370,73,0,0
BRDA:372,74,0,0
BRDA:372,74,1,0
BRDA:392,75,0,0
BRDA:392,76,0,0
BRDA:392,76,1,0
BRDA:403,77,0,0
BRDA:403,78,0,0
BRDA:403,78,1,0
BRDA:403,79,0,0
BRDA:403,79,1,0
BRDA:406,80,0,0
BRDA:406,80,1,0
BRDA:413,81,0,0
BRDA:415,82,0,0
BRDA:415,82,1,0
BRDA:425,83,0,0
BRDA:425,84,0,0
BRDA:425,84,1,0
BRDA:425,85,0,0
BRDA:425,85,1,0
BRDA:435,86,0,0
BRDA:462,87,0,0
BRDA:470,88,0,0
BRDA:470,88,1,0
BRDA:481,89,0,0
BRDA:520,90,0,0
BRDA:520,90,1,0
BRDA:520,91,0,0
BRDA:520,91,1,0
BRDA:520,92,0,0
BRDA:520,92,1,0
BRDA:520,93,0,0
BRDA:520,93,1,0
BRDA:534,94,0,0
BRDA:534,94,1,0
BRDA:543,95,0,0
BRDA:543,95,1,0
BRDA:566,96,0,0
BRDA:566,96,1,0
BRDA:572,97,0,0
BRDA:572,97,1,0
BRDA:593,98,0,0
BRDA:593,98,1,0
BRDA:606,99,0,0
BRDA:606,99,1,0
BRDA:606,100,0,0
BRDA:606,100,1,0
BRDA:606,101,0,0
BRDA:606,101,1,0
BRDA:609,102,0,0
BRDA:609,102,1,0
BRDA:617,103,0,0
BRDA:617,103,1,0
BRDA:617,103,2,0
BRDA:627,104,0,0
BRDA:627,104,1,0
BRDA:627,105,0,0
BRDA:627,105,1,0
BRDA:629,106,0,0
BRDA:629,106,1,0
BRDA:631,107,0,0
BRDA:631,107,1,0
BRDA:631,108,0,0
BRDA:631,108,1,0
BRDA:632,109,0,0
BRDA:632,109,1,0
BRDA:632,110,0,0
BRDA:632,110,1,0
BRDA:633,111,0,0
BRDA:633,112,0,0
BRDA:633,112,1,0
BRDA:634,113,0,0
BRDA:634,114,0,0
BRDA:634,114,1,0
BRDA:635,115,0,0
BRDA:635,115,1,0
BRDA:635,116,0,0
BRDA:635,116,1,0
BRDA:641,117,0,0
BRDA:641,117,1,0
BRDA:641,118,0,0
BRDA:641,118,1,0
BRDA:642,119,0,0
BRDA:642,119,1,0
BRDA:642,120,0,0
BRDA:642,120,1,0
BRDA:642,121,0,0
BRDA:642,121,1,0
BRDA:645,122,0,0
BRDA:645,122,1,0
BRDA:650,123,0,0
BRDA:650,123,1,0
BRDA:650,124,0,0
BRDA:650,124,1,0
BRDA:650,125,0,0
BRDA:650,125,1,0
BRDA:653,126,0,0
BRDA:653,126,1,0
BRDA:653,126,2,0
BRDA:653,127,0,0
BRDA:653,127,1,0
BRDA:653,128,0,0
BRDA:653,128,1,0
BRDA:664,129,0,0
BRDA:664,129,1,0
BRDA:664,130,0,0
BRDA:664,130,1,0
BRDA:664,131,0,0
BRDA:664,131,1,0
BRDA:665,132,0,0
BRDA:665,132,1,0
BRDA:671,133,0,0
BRDA:671,133,1,0
BRDA:671,134,0,0
BRDA:671,134,1,0
BRDA:671,135,0,0
BRDA:671,135,1,0
BRDA:678,136,0,0
BRDA:678,136,1,0
BRDA:685,137,0,0
BRDA:685,137,1,0
BRDA:691,138,0,0
BRDA:691,138,1,0
BRDA:691,139,0,0
BRDA:691,139,1,0
BRDA:691,140,0,0
BRDA:691,140,1,0
BRDA:698,141,0,0
BRDA:698,141,1,0
BRDA:706,142,0,0
BRDA:706,142,1,0
BRDA:715,143,0,0
BRDA:715,143,1,0
BRDA:715,144,0,0
BRDA:715,144,1,0
BRDA:715,145,0,0
BRDA:715,145,1,0
BRDA:722,146,0,0
BRDA:722,146,1,0
BRDA:638,147,0,0
BRDA:638,147,1,0
BRDA:739,148,0,0
BRDA:739,148,1,0
BRDA:756,149,0,0
BRDA:756,149,1,0
BRDA:780,150,0,0
BRDA:780,150,1,0
BRDA:792,151,0,0
BRDA:792,151,1,0
BRDA:793,152,0,0
BRDA:793,152,1,0
BRDA:804,153,0,0
BRDA:804,153,1,0
BRF:289
BRH:0
end_of_record
TN:
SF:app/households/[id]/edit/page.tsx
FN:25,EditHouseholdPage
FN:42,(anonymous_2)
FN:48,(anonymous_3)
FN:55,(anonymous_4)
FN:79,(anonymous_5)
FN:178,(anonymous_6)
FN:199,(anonymous_7)
FN:219,(anonymous_8)
FN:229,(anonymous_9)
FNF:9
FNH:0
FNDA:0,EditHouseholdPage
FNDA:0,(anonymous_2)
FNDA:0,(anonymous_3)
FNDA:0,(anonymous_4)
FNDA:0,(anonymous_5)
FNDA:0,(anonymous_6)
FNDA:0,(anonymous_7)
FNDA:0,(anonymous_8)
FNDA:0,(anonymous_9)
DA:3,0
DA:4,0
DA:5,0
DA:6,0
DA:7,0
DA:8,0
DA:9,0
DA:10,0
DA:11,0
DA:12,0
DA:13,0
DA:14,0
DA:15,0
DA:16,0
DA:17,0
DA:19,0
DA:25,0
DA:26,0
DA:27,0
DA:28,0
DA:29,0
DA:30,0
DA:31,0
DA:32,0
DA:33,0
DA:34,0
DA:36,0
DA:37,0
DA:38,0
DA:39,0
DA:40,0
DA:42,0
DA:43,0
DA:44,0
DA:45,0
DA:47,0
DA:48,0
DA:49,0
DA:51,0
DA:52,0
DA:53,0
DA:54,0
DA:55,0
DA:57,0
DA:59,0
DA:60,0
DA:61,0
DA:62,0
DA:65,0
DA:66,0
DA:67,0
DA:68,0
DA:69,0
DA:70,0
DA:71,0
DA:72,0
DA:73,0
DA:75,0
DA:79,0
DA:80,0
DA:82,0
DA:83,0
DA:84,0
DA:87,0
DA:88,0
DA:89,0
DA:90,0
DA:93,0
DA:94,0
DA:95,0
DA:98,0
DA:99,0
DA:100,0
DA:101,0
DA:102,0
DA:108,0
DA:110,0
DA:111,0
DA:114,0
DA:119,0
DA:120,0
DA:123,0
DA:124,0
DA:126,0
DA:127,0
DA:131,0
DA:132,0
DA:161,0
DA:162,0
DA:163,0
DA:167,0
DA:178,0
DA:190,0
DA:199,0
DA:219,0
DA:229,0
LF:96
LH:0
BRDA:47,0,0,0
BRDA:47,0,1,0
BRDA:47,1,0,0
BRDA:47,1,1,0
BRDA:47,1,2,0
BRDA:49,2,0,0
BRDA:49,2,1,0
BRDA:51,3,0,0
BRDA:51,3,1,0
BRDA:53,4,0,0
BRDA:53,4,1,0
BRDA:53,5,0,0
BRDA:53,5,1,0
BRDA:54,6,0,0
BRDA:54,6,1,0
BRDA:54,7,0,0
BRDA:54,7,1,0
BRDA:54,8,0,0
BRDA:54,8,1,0
BRDA:55,9,0,0
BRDA:55,9,1,0
BRDA:55,10,0,0
BRDA:55,10,1,0
BRDA:55,11,0,0
BRDA:55,11,1,0
BRDA:60,12,0,0
BRDA:67,13,0,0
BRDA:67,13,1,0
BRDA:72,14,0,0
BRDA:72,14,1,0
BRDA:82,15,0,0
BRDA:82,16,0,0
BRDA:82,16,1,0
BRDA:88,17,0,0
BRDA:93,18,0,0
BRDA:110,19,0,0
BRDA:111,20,0,0
BRDA:111,20,1,0
BRDA:131,21,0,0
BRDA:161,22,0,0
BRDA:161,23,0,0
BRDA:161,23,1,0
BRDA:162,24,0,0
BRDA:162,24,1,0
BRDA:163,25,0,0
BRDA:163,25,1,0
BRDA:236,26,0,0
BRDA:236,26,1,0
BRDA:236,26,2,0
BRDA:238,27,0,0
BRDA:238,27,1,0
BRF:51
BRH:0
end_of_record
TN:
SF:app/households/[id]/members/invite/page.tsx
FN:43,HouseholdInvitePage
FN:65,(anonymous_2)
FN:71,(anonymous_3)
FN:77,(anonymous_4)
FN:105,(anonymous_5)
FN:135,(anonymous_6)
FN:146,(anonymous_7)
FN:153,(anonymous_8)
FN:178,(anonymous_9)
FN:265,(anonymous_10)
FN:297,(anonymous_11)
FNF:11
FNH:0
FNDA:0,HouseholdInvitePage
FNDA:0,(anonymous_2)
FNDA:0,(anonymous_3)
FNDA:0,(anonymous_4)
FNDA:0,(anonymous_5)
FNDA:0,(anonymous_6)
FNDA:0,(anonymous_7)
FNDA:0,(anonymous_8)
FNDA:0,(anonymous_9)
FNDA:0,(anonymous_10)
FNDA:0,(anonymous_11)
DA:3,0
DA:4,0
DA:5,0
DA:6,0
DA:7,0
DA:8,0
DA:9,0
DA:10,0
DA:11,0
DA:12,0
DA:13,0
DA:14,0
DA:15,0
DA:16,0
DA:17,0
DA:18,0
DA:19,0
DA:20,0
DA:28,0
DA:30,0
DA:31,0
DA:33,0
DA:43,0
DA:44,0
DA:45,0
DA:46,0
DA:47,0
DA:48,0
DA:49,0
DA:50,0
DA:52,0
DA:53,0
DA:54,0
DA:56,0
DA:57,0
DA:58,0
DA:60,0
DA:65,0
DA:66,0
DA:67,0
DA:68,0
DA:70,0
DA:71,0
DA:72,0
DA:74,0
DA:75,0
DA:76,0
DA:77,0
DA:79,0
DA:80,0
DA:81,0
DA:82,0
DA:85,0
DA:86,0
DA:87,0
DA:88,0
DA:91,0
DA:92,0
DA:93,0
DA:94,0
DA:95,0
DA:96,0
DA:97,0
DA:98,0
DA:99,0
DA:101,0
DA:105,0
DA:106,0
DA:107,0
DA:108,0
DA:109,0
DA:110,0
DA:111,0
DA:117,0
DA:119,0
DA:120,0
DA:123,0
DA:124,0
DA:127,0
DA:128,0
DA:130,0
DA:131,0
DA:135,0
DA:136,0
DA:137,0
DA:138,0
DA:140,0
DA:142,0
DA:143,0
DA:144,0
DA:145,0
DA:146,0
DA:148,0
DA:149,0
DA:153,0
DA:154,0
DA:156,0
DA:157,0
DA:159,0
DA:160,0
DA:161,0
DA:167,0
DA:168,0
DA:171,0
DA:172,0
DA:173,0
DA:178,0
DA:179,0
DA:180,0
DA:181,0
DA:182,0
DA:183,0
DA:184,0
DA:188,0
DA:190,0
DA:191,0
DA:194,0
DA:195,0
DA:196,0
DA:198,0
DA:200,0
DA:203,0
DA:204,0
DA:206,0
DA:207,0
DA:211,0
DA:212,0
DA:243,0
DA:244,0
DA:256,0
DA:265,0
DA:298,0
LF:132
LH:0
BRDA:70,0,0,0
BRDA:70,0,1,0
BRDA:70,1,0,0
BRDA:70,1,1,0
BRDA:70,1,2,0
BRDA:72,2,0,0
BRDA:72,2,1,0
BRDA:74,3,0,0
BRDA:74,3,1,0
BRDA:75,4,0,0
BRDA:75,4,1,0
BRDA:75,5,0,0
BRDA:75,5,1,0
BRDA:76,6,0,0
BRDA:76,6,1,0
BRDA:76,7,0,0
BRDA:76,7,1,0
BRDA:76,8,0,0
BRDA:76,8,1,0
BRDA:77,9,0,0
BRDA:77,9,1,0
BRDA:77,10,0,0
BRDA:77,10,1,0
BRDA:77,11,0,0
BRDA:77,11,1,0
BRDA:80,12,0,0
BRDA:86,13,0,0
BRDA:93,14,0,0
BRDA:93,14,1,0
BRDA:98,15,0,0
BRDA:98,15,1,0
BRDA:106,16,0,0
BRDA:106,17,0,0
BRDA:106,17,1,0
BRDA:119,18,0,0
BRDA:120,19,0,0
BRDA:120,19,1,0
BRDA:136,20,0,0
BRDA:136,21,0,0
BRDA:136,21,1,0
BRDA:136,22,0,0
BRDA:136,22,1,0
BRDA:154,23,0,0
BRDA:154,24,0,0
BRDA:154,24,1,0
BRDA:154,25,0,0
BRDA:154,25,1,0
BRDA:154,26,0,0
BRDA:154,26,1,0
BRDA:154,27,0,0
BRDA:154,27,1,0
BRDA:154,28,0,0
BRDA:154,28,1,0
BRDA:160,29,0,0
BRDA:160,29,1,0
BRDA:171,30,0,0
BRDA:171,31,0,0
BRDA:171,31,1,0
BRDA:179,32,0,0
BRDA:179,33,0,0
BRDA:179,33,1,0
BRDA:190,34,0,0
BRDA:191,35,0,0
BRDA:191,35,1,0
BRDA:211,36,0,0
BRDA:243,37,0,0
BRDA:243,38,0,0
BRDA:243,38,1,0
BRDA:248,39,0,0
BRDA:248,39,1,0
BRDA:273,40,0,0
BRDA:273,40,1,0
BRDA:273,41,0,0
BRDA:273,41,1,0
BRDA:273,42,0,0
BRDA:273,42,1,0
BRDA:320,43,0,0
BRDA:320,43,1,0
BRDA:340,44,0,0
BRDA:340,44,1,0
BRDA:349,45,0,0
BRDA:349,45,1,0
BRDA:349,46,0,0
BRDA:349,46,1,0
BRDA:349,47,0,0
BRDA:349,47,1,0
BRDA:356,48,0,0
BRDA:356,48,1,0
BRDA:369,49,0,0
BRDA:369,49,1,0
BRDA:370,50,0,0
BRDA:370,50,1,0
BRDA:382,51,0,0
BRDA:382,51,1,0
BRDA:382,52,0,0
BRDA:382,52,1,0
BRF:96
BRH:0
end_of_record
TN:
SF:app/households/create/page.tsx
FN:18,CreateHouseholdPage
FN:28,(anonymous_2)
FN:75,(anonymous_3)
FN:102,(anonymous_4)
FN:117,(anonymous_5)
FN:128,(anonymous_6)
FNF:6
FNH:0
FNDA:0,CreateHouseholdPage
FNDA:0,(anonymous_2)
FNDA:0,(anonymous_3)
FNDA:0,(anonymous_4)
FNDA:0,(anonymous_5)
FNDA:0,(anonymous_6)
DA:3,0
DA:4,0
DA:5,0
DA:6,0
DA:7,0
DA:8,0
DA:9,0
DA:10,0
DA:11,0
DA:12,0
DA:13,0
DA:15,0
DA:16,0
DA:18,0
DA:19,0
DA:20,0
DA:21,0
DA:22,0
DA:23,0
DA:24,0
DA:25,0
DA:26,0
DA:28,0
DA:29,0
DA:30,0
DA:31,0
DA:34,0
DA:35,0
DA:36,0
DA:39,0
DA:40,0
DA:41,0
DA:43,0
DA:44,0
DA:52,0
DA:54,0
DA:55,0
DA:58,0
DA:60,0
DA:61,0
DA:64,0
DA:66,0
DA:67,0
DA:73,0
DA:75,0
DA:76,0
DA:80,0
DA:81,0
DA:83,0
DA:84,0
DA:88,0
DA:89,0
DA:92,0
DA:93,0
DA:94,0
DA:97,0
DA:102,0
DA:118,0
DA:119,0
DA:128,0
LF:60
LH:0
BRDA:29,0,0,0
BRDA:34,1,0,0
BRDA:34,2,0,0
BRDA:34,2,1,0
BRDA:54,3,0,0
BRDA:55,4,0,0
BRDA:55,4,1,0
BRDA:60,5,0,0
BRDA:60,6,0,0
BRDA:60,6,1,0
BRDA:60,7,0,0
BRDA:60,7,1,0
BRDA:66,8,0,0
BRDA:88,9,0,0
BRDA:88,10,0,0
BRDA:88,10,1,0
BRDA:88,10,2,0
BRDA:92,11,0,0
BRDA:150,12,0,0
BRDA:150,12,1,0
BRDA:150,12,2,0
BRDA:152,13,0,0
BRDA:152,13,1,0
BRF:23
BRH:0
end_of_record
TN:
SF:app/households/new/page.tsx
FN:31,NewHouseholdPage
FN:52,(anonymous_1)
FN:87,(anonymous_2)
FN:108,(anonymous_3)
FN:130,(anonymous_4)
FNF:5
FNH:0
FNDA:0,NewHouseholdPage
FNDA:0,(anonymous_1)
FNDA:0,(anonymous_2)
FNDA:0,(anonymous_3)
FNDA:0,(anonymous_4)
DA:3,0
DA:4,0
DA:5,0
DA:6,0
DA:7,0
DA:8,0
DA:9,0
DA:10,0
DA:11,0
DA:19,0
DA:20,0
DA:23,0
DA:31,0
DA:32,0
DA:33,0
DA:34,0
DA:35,0
DA:38,0
DA:46,0
DA:47,0
DA:48,0
DA:52,0
DA:53,0
DA:54,0
DA:59,0
DA:62,0
DA:63,0
DA:65,0
DA:66,0
DA:74,0
DA:76,0
DA:77,0
DA:78,0
DA:81,0
DA:87,0
DA:88,0
DA:91,0
DA:92,0
DA:98,0
DA:102,0
DA:108,0
DA:131,0
LF:42
LH:0
BRDA:46,0,0,0
BRDA:53,1,0,0
BRDA:76,2,0,0
BRDA:77,3,0,0
BRDA:77,3,1,0
BRDA:78,4,0,0
BRDA:78,4,1,0
BRDA:94,5,0,0
BRDA:94,5,1,0
BRDA:119,6,0,0
BRDA:119,6,1,0
BRDA:149,7,0,0
BRDA:149,7,1,0
BRF:13
BRH:0
end_of_record
TN:
SF:app/join/page.tsx
FN:20,JoinPage
FN:32,(anonymous_2)
FN:39,(anonymous_3)
FN:136,(anonymous_4)
FNF:4
FNH:0
FNDA:0,JoinPage
FNDA:0,(anonymous_2)
FNDA:0,(anonymous_3)
FNDA:0,(anonymous_4)
DA:3,0
DA:4,0
DA:5,0
DA:6,0
DA:7,0
DA:8,0
DA:9,0
DA:10,0
DA:11,0
DA:12,0
DA:13,0
DA:14,0
DA:15,0
DA:16,0
DA:17,0
DA:18,0
DA:20,0
DA:21,0
DA:22,0
DA:23,0
DA:24,0
DA:25,0
DA:26,0
DA:27,0
DA:29,0
DA:30,0
DA:32,0
DA:33,0
DA:34,0
DA:35,0
DA:39,0
DA:40,0
DA:41,0
DA:42,0
DA:45,0
DA:46,0
DA:47,0
DA:50,0
DA:51,0
DA:52,0
DA:54,0
DA:55,0
DA:63,0
DA:65,0
DA:66,0
DA:69,0
DA:70,0
DA:72,0
DA:73,0
DA:74,0
DA:77,0
DA:79,0
DA:81,0
DA:83,0
DA:84,0
DA:86,0
DA:87,0
DA:89,0
DA:90,0
DA:94,0
DA:95,0
DA:106,0
DA:107,0
DA:108,0
DA:111,0
DA:136,0
LF:66
LH:0
BRDA:34,0,0,0
BRDA:40,1,0,0
BRDA:45,2,0,0
BRDA:45,3,0,0
BRDA:45,3,1,0
BRDA:65,4,0,0
BRDA:66,5,0,0
BRDA:66,5,1,0
BRDA:72,6,0,0
BRDA:72,7,0,0
BRDA:72,7,1,0
BRDA:87,8,0,0
BRDA:87,8,1,0
BRDA:94,9,0,0
BRDA:106,10,0,0
BRDA:145,11,0,0
BRDA:145,11,1,0
BRDA:147,12,0,0
BRDA:147,12,1,0
BRF:19
BRH:0
end_of_record
TN:
SF:app/login/layout.tsx
FN:1,LoginLayout
FNF:1
FNH:0
FNDA:0,LoginLayout
DA:1,0
DA:6,0
LF:2
LH:0
BRF:0
BRH:0
end_of_record
TN:
SF:app/login/page.tsx
FN:17,useAuth
FN:26,(anonymous_2)
FN:48,(anonymous_3)
FN:60,(anonymous_4)
FN:72,(anonymous_5)
FN:108,LoginPage
FN:116,(anonymous_7)
FN:121,(anonymous_8)
FN:159,(anonymous_9)
FN:171,(anonymous_10)
FN:197,(anonymous_11)
FNF:11
FNH:0
FNDA:0,useAuth
FNDA:0,(anonymous_2)
FNDA:0,(anonymous_3)
FNDA:0,(anonymous_4)
FNDA:0,(anonymous_5)
FNDA:0,LoginPage
FNDA:0,(anonymous_7)
FNDA:0,(anonymous_8)
FNDA:0,(anonymous_9)
FNDA:0,(anonymous_10)
FNDA:0,(anonymous_11)
DA:3,0
DA:4,0
DA:5,0
DA:6,0
DA:7,0
DA:8,0
DA:9,0
DA:10,0
DA:11,0
DA:12,0
DA:13,0
DA:15,0
DA:18,0
DA:19,0
DA:20,0
DA:21,0
DA:22,0
DA:23,0
DA:24,0
DA:26,0
DA:27,0
DA:28,0
DA:29,0
DA:32,0
DA:33,0
DA:34,0
DA:35,0
DA:36,0
DA:37,0
DA:38,0
DA:39,0
DA:40,0
DA:42,0
DA:44,0
DA:48,0
DA:49,0
DA:50,0
DA:51,0
DA:52,0
DA:54,0
DA:55,0
DA:57,0
DA:61,0
DA:62,0
DA:65,0
DA:66,0
DA:68,0
DA:72,0
DA:73,0
DA:74,0
DA:75,0
DA:76,0
DA:78,0
DA:79,0
DA:81,0
DA:88,0
DA:90,0
DA:91,0
DA:92,0
DA:94,0
DA:95,0
DA:98,0
DA:99,0
DA:101,0
DA:105,0
DA:108,0
DA:109,0
DA:110,0
DA:111,0
DA:113,0
DA:114,0
DA:116,0
DA:117,0
DA:118,0
DA:121,0
DA:122,0
DA:123,0
DA:124,0
DA:125,0
DA:127,0
DA:128,0
DA:131,0
DA:133,0
DA:159,0
DA:171,0
DA:198,0
DA:199,0
LF:87
LH:0
BRDA:33,0,0,0
BRDA:35,1,0,0
BRDA:35,1,1,0
BRDA:37,2,0,0
BRDA:37,2,1,0
BRDA:39,3,0,0
BRDA:39,3,1,0
BRDA:54,4,0,0
BRDA:54,4,1,0
BRDA:78,5,0,0
BRDA:78,5,1,0
BRDA:90,6,0,0
BRDA:90,6,1,0
BRDA:90,7,0,0
BRDA:90,7,1,0
BRDA:90,8,0,0
BRDA:90,8,1,0
BRDA:90,9,0,0
BRDA:90,9,1,0
BRDA:90,10,0,0
BRDA:90,10,1,0
BRDA:90,11,0,0
BRDA:90,11,1,0
BRDA:94,12,0,0
BRDA:94,12,1,0
BRDA:94,13,0,0
BRDA:94,13,1,0
BRDA:95,14,0,0
BRDA:95,14,1,0
BRDA:95,15,0,0
BRDA:95,15,1,0
BRDA:95,16,0,0
BRDA:95,16,1,0
BRDA:123,17,0,0
BRDA:123,18,0,0
BRDA:123,18,1,0
BRDA:131,19,0,0
BRDA:131,19,1,0
BRDA:131,19,2,0
BRDA:144,20,0,0
BRDA:144,20,1,0
BRDA:177,21,0,0
BRDA:177,21,1,0
BRDA:205,22,0,0
BRDA:205,22,1,0
BRF:45
BRH:0
end_of_record
TN:
[...]
DA:150,0
DA:151,0
DA:152,0
DA:153,0
DA:155,0
DA:156,0
DA:163,0
DA:164,0
DA:165,0
DA:173,0
LF:60
LH:0
BRDA:11,0,0,0
BRDA:25,1,0,0
BRDA:47,2,0,0
BRDA:47,3,0,0
BRDA:47,3,1,0
BRDA:49,4,0,0
BRDA:76,5,0,0
BRDA:82,6,0,0
BRDA:87,7,0,0
BRDA:87,7,1,0
BRDA:120,8,0,0
BRDA:126,9,0,0
BRDA:128,10,0,0
BRDA:151,11,0,0
BRDA:153,12,0,0
BRDA:153,12,1,0
BRF:16
BRH:0
end_of_record
TN:
SF:lib/services/notification-service.ts
FN:31,(anonymous_0)
FN:71,(anonymous_1)
FN:75,(anonymous_2)
FN:84,(anonymous_3)
FN:98,(anonymous_4)
FN:118,(anonymous_5)
FNF:6
FNH:0
FNDA:0,(anonymous_0)
FNDA:0,(anonymous_1)
FNDA:0,(anonymous_2)
FNDA:0,(anonymous_3)
FNDA:0,(anonymous_4)
FNDA:0,(anonymous_5)
DA:2,0
DA:3,0
DA:4,0
DA:7,0
DA:8,0
DA:31,0
DA:32,0
DA:33,0
DA:34,0
DA:36,0
DA:37,0
DA:38,0
DA:40,0
DA:42,0
DA:43,0
DA:44,0
DA:45,0
DA:47,0
DA:48,0
DA:49,0
DA:52,0
DA:71,0
DA:72,0
DA:73,0
DA:75,0
DA:76,0
DA:78,0
DA:80,0
DA:81,0
DA:83,0
DA:84,0
DA:85,0
DA:86,0
DA:87,0
DA:90,0
DA:91,0
DA:94,0
DA:98,0
DA:99,0
DA:102,0
DA:104,0
DA:106,0
DA:107,0
DA:112,0
DA:118,0
DA:119,0
DA:121,0
DA:122,0
DA:123,0
DA:126,0
DA:127,0
DA:129,0
DA:130,0
DA:141,0
DA:142,0
DA:145,0
DA:146,0
DA:147,0
DA:151,0
DA:152,0
DA:153,0
DA:156,0
DA:158,0
DA:159,0
DA:162,0
DA:164,0
DA:165,0
DA:168,0
DA:169,0
LF:69
LH:0
BRDA:40,0,0,0
BRDA:40,0,1,0
BRDA:45,1,0,0
BRDA:78,2,0,0
BRDA:78,2,1,0
BRDA:81,3,0,0
BRDA:90,4,0,0
BRDA:102,5,0,0
BRDA:106,6,0,0
BRDA:106,7,0,0
BRDA:106,7,1,0
BRDA:121,8,0,0
BRDA:126,9,0,0
BRDA:126,9,1,0
BRDA:127,10,0,0
BRDA:127,10,1,0
BRDA:141,11,0,0
BRDA:141,12,0,0
BRDA:141,12,1,0
BRDA:141,12,2,0
BRDA:145,13,0,0
BRDA:152,14,0,0
BRDA:152,15,0,0
BRDA:152,15,1,0
BRDA:158,16,0,0
BRF:25
BRH:0
end_of_record
TN:
SF:lib/services/notificationService.ts
FN:12,getUserNotifications
FN:88,getUnreadNotificationsCount
FN:153,createNotification
FN:158,(anonymous_3)
FN:230,markNotificationAsRead
FN:306,markAllNotificationsAsRead
FN:373,deleteNotification
FN:438,getIconForType
FNF:8
FNH:0
FNDA:0,getUserNotifications
FNDA:0,getUnreadNotificationsCount
FNDA:0,createNotification
FNDA:0,(anonymous_3)
FNDA:0,markNotificationAsRead
FNDA:0,markAllNotificationsAsRead
FNDA:0,deleteNotification
FNDA:0,getIconForType
DA:12,0
DA:17,0
DA:18,0
DA:19,0
DA:20,0
DA:21,0
DA:30,0
DA:32,0
DA:33,0
DA:34,0
DA:35,0
DA:37,0
DA:38,0
DA:40,0
DA:41,0
DA:42,0
DA:43,0
DA:46,0
DA:48,0
DA:52,0
DA:53,0
DA:54,0
DA:55,0
DA:56,0
DA:60,0
DA:61,0
DA:63,0
DA:64,0
DA:67,0
DA:70,0
DA:71,0
DA:72,0
DA:74,0
DA:75,0
DA:76,0
DA:79,0
DA:80,0
DA:82,0
DA:83,0
DA:88,0
DA:89,0
DA:90,0
DA:91,0
DA:92,0
DA:93,0
DA:101,0
DA:103,0
DA:104,0
DA:105,0
DA:106,0
DA:107,0
DA:108,0
DA:109,0
DA:110,0
DA:111,0
DA:112,0
DA:115,0
DA:117,0
DA:121,0
DA:122,0
DA:123,0
DA:124,0
DA:125,0
DA:129,0
DA:130,0
DA:132,0
DA:133,0
DA:136,0
DA:139,0
DA:140,0
DA:141,0
DA:144,0
DA:145,0
DA:147,0
DA:148,0
DA:153,0
DA:154,0
DA:155,0
DA:157,0
DA:158,0
DA:159,0
DA:160,0
DA:161,0
DA:163,0
DA:165,0
DA:174,0
DA:176,0
DA:177,0
DA:178,0
DA:179,0
DA:180,0
DA:181,0
DA:186,0
DA:187,0
DA:188,0
DA:189,0
DA:192,0
DA:194,0
DA:198,0
DA:199,0
DA:200,0
DA:201,0
DA:202,0
DA:206,0
DA:207,0
DA:209,0
DA:210,0
DA:213,0
DA:216,0
DA:217,0
DA:218,0
DA:221,0
DA:222,0
DA:224,0
DA:225,0
DA:230,0
DA:231,0
DA:232,0
DA:233,0
DA:234,0
DA:235,0
DA:243,0
DA:245,0
DA:246,0
DA:247,0
DA:248,0
DA:249,0
DA:250,0
DA:255,0
DA:256,0
DA:257,0
DA:258,0
DA:261,0
DA:263,0
DA:267,0
DA:268,0
DA:270,0
DA:271,0
DA:274,0
DA:276,0
DA:277,0
DA:278,0
DA:282,0
DA:283,0
DA:285,0
DA:286,0
DA:289,0
DA:292,0
DA:293,0
DA:294,0
DA:297,0
DA:298,0
DA:300,0
DA:301,0
DA:306,0
DA:307,0
DA:308,0
DA:309,0
DA:310,0
DA:311,0
DA:320,0
DA:322,0
DA:323,0
DA:324,0
DA:325,0
DA:326,0
DA:327,0
DA:328,0
DA:329,0
DA:330,0
DA:331,0
DA:334,0
DA:336,0
DA:340,0
DA:341,0
DA:342,0
DA:346,0
DA:347,0
DA:348,0
DA:349,0
DA:350,0
DA:351,0
DA:352,0
DA:353,0
DA:355,0
DA:358,0
DA:363,0
DA:367,0
DA:368,0
DA:373,0
DA:374,0
DA:375,0
DA:376,0
DA:377,0
DA:378,0
DA:386,0
DA:388,0
DA:389,0
DA:390,0
DA:391,0
DA:392,0
DA:393,0
DA:394,0
DA:395,0
DA:396,0
DA:397,0
DA:400,0
DA:402,0
DA:406,0
DA:407,0
DA:408,0
DA:412,0
DA:413,0
DA:414,0
DA:415,0
DA:416,0
DA:417,0
DA:418,0
DA:419,0
DA:421,0
DA:424,0
DA:428,0
DA:432,0
DA:433,0
DA:439,0
DA:441,0
DA:443,0
DA:445,0
DA:447,0
DA:451,0
LF:230
LH:0
BRDA:14,0,0,0
BRDA:15,1,0,0
BRDA:32,2,0,0
BRDA:41,3,0,0
BRDA:41,4,0,0
BRDA:41,4,1,0
BRDA:43,5,0,0
BRDA:43,5,1,0
BRDA:53,6,0,0
BRDA:53,7,0,0
BRDA:53,7,1,0
BRDA:70,8,0,0
BRDA:70,9,0,0
BRDA:70,9,1,0
BRDA:70,9,2,0
BRDA:74,10,0,0
BRDA:74,11,0,0
BRDA:74,11,1,0
BRDA:103,12,0,0
BRDA:110,13,0,0
BRDA:110,14,0,0
BRDA:110,14,1,0
BRDA:112,15,0,0
BRDA:112,15,1,0
BRDA:122,16,0,0
BRDA:122,17,0,0
BRDA:122,17,1,0
BRDA:139,18,0,0
BRDA:139,19,0,0
BRDA:139,19,1,0
BRDA:159,20,0,0
BRDA:176,21,0,0
BRDA:187,22,0,0
BRDA:187,23,0,0
BRDA:187,23,1,0
BRDA:189,24,0,0
BRDA:189,24,1,0
BRDA:199,25,0,0
BRDA:199,26,0,0
BRDA:199,26,1,0
BRDA:216,27,0,0
BRDA:216,28,0,0
BRDA:216,28,1,0
BRDA:216,28,2,0
BRDA:245,29,0,0
BRDA:256,30,0,0
BRDA:256,31,0,0
BRDA:256,31,1,0
BRDA:258,32,0,0
BRDA:258,32,1,0
BRDA:268,33,0,0
BRDA:268,34,0,0
BRDA:268,34,1,0
BRDA:270,35,0,0
BRDA:292,36,0,0
BRDA:292,37,0,0
BRDA:292,37,1,0
BRDA:292,37,2,0
BRDA:322,38,0,0
BRDA:329,39,0,0
BRDA:329,40,0,0
BRDA:329,40,1,0
BRDA:331,41,0,0
BRDA:331,41,1,0
BRDA:340,42,0,0
BRDA:351,43,0,0
BRDA:351,43,1,0
BRDA:351,44,0,0
BRDA:351,44,1,0
BRDA:388,45,0,0
BRDA:395,46,0,0
BRDA:395,47,0,0
BRDA:395,47,1,0
BRDA:397,48,0,0
BRDA:397,48,1,0
BRDA:406,49,0,0
BRDA:417,50,0,0
BRDA:417,50,1,0
BRDA:417,51,0,0
BRDA:417,51,1,0
BRDA:439,52,0,0
BRDA:439,52,1,0
BRDA:439,52,2,0
BRDA:439,52,3,0
BRDA:439,52,4,0
BRDA:439,52,5,0
BRDA:439,52,6,0
BRF:87
BRH:0
end_of_record
TN:
SF:lib/services/statistics-service.ts
FN:7,processStatistics
FN:31,(anonymous_1)
FN:38,(anonymous_2)
FN:40,(anonymous_3)
FN:70,calculateTimeSeriesData
FN:80,(anonymous_5)
FN:86,(anonymous_6)
FN:89,calculateCatPortionData
FN:92,(anonymous_8)
FN:99,(anonymous_9)
FN:102,calculateTimeDistributionData
FN:105,(anonymous_11)
FN:113,(anonymous_12)
FN:114,(anonymous_13)
FN:121,calculateConsecutiveDaysAndMissedSchedules
FN:127,(anonymous_15)
FNF:16
FNH:0
FNDA:0,processStatistics
FNDA:0,(anonymous_1)
FNDA:0,(anonymous_2)
FNDA:0,(anonymous_3)
FNDA:0,calculateTimeSeriesData
FNDA:0,(anonymous_5)
FNDA:0,(anonymous_6)
FNDA:0,calculateCatPortionData
FNDA:0,(anonymous_8)
FNDA:0,(anonymous_9)
FNDA:0,calculateTimeDistributionData
FNDA:0,(anonymous_11)
FNDA:0,(anonymous_12)
FNDA:0,(anonymous_13)
FNDA:0,calculateConsecutiveDaysAndMissedSchedules
FNDA:0,(anonymous_15)
DA:2,0
DA:7,0
DA:11,0
DA:14,0
DA:16,0
DA:18,0
DA:19,0
DA:21,0
DA:22,0
DA:24,0
DA:25,0
DA:27,0
DA:31,0
DA:32,0
DA:33,0
DA:37,0
DA:38,0
DA:39,0
DA:40,0
DA:44,0
DA:47,0
DA:50,0
DA:53,0
DA:55,0
DA:65,0
DA:66,0
DA:71,0
DA:72,0
DA:74,0
DA:75,0
DA:76,0
DA:77,0
DA:80,0
DA:81,0
DA:82,0
DA:83,0
DA:86,0
DA:90,0
DA:92,0
DA:93,0
DA:94,0
DA:95,0
DA:99,0
DA:103,0
DA:105,0
DA:106,0
DA:107,0
DA:108,0
DA:109,0
DA:112,0
DA:113,0
DA:115,0
DA:116,0
DA:117,0
DA:122,0
DA:123,0
DA:124,0
DA:127,0
DA:128,0
DA:131,0
DA:132,0
DA:133,0
DA:135,0
DA:139,0
DA:140,0
DA:141,0
DA:142,0
DA:143,0
DA:144,0
DA:148,0
LF:70
LH:0
BRDA:9,0,0,0
BRDA:16,1,0,0
BRDA:16,1,1,0
BRDA:16,1,2,0
BRDA:16,1,3,0
BRDA:33,2,0,0
BRDA:33,2,1,0
BRDA:38,3,0,0
BRDA:38,3,1,0
BRDA:39,4,0,0
BRDA:39,4,1,0
BRDA:40,5,0,0
BRDA:40,5,1,0
BRDA:82,6,0,0
BRDA:82,6,1,0
BRDA:93,7,0,0
BRDA:93,8,0,0
BRDA:93,8,1,0
BRDA:93,8,2,0
BRDA:94,9,0,0
BRDA:94,9,1,0
BRDA:108,10,0,0
BRDA:108,10,1,0
BRDA:139,11,0,0
BRDA:139,11,1,0
BRDA:142,12,0,0
BRF:26
BRH:0
end_of_record
TN:
SF:lib/services/api/statistics-service.ts
FN:5,getFeedingStatistics
FN:38,(anonymous_1)
FN:55,(anonymous_2)
FN:57,(anonymous_3)
FN:94,calculateTimeSeriesData
FN:99,(anonymous_5)
FN:104,(anonymous_6)
FN:117,calculateCatPortionData
FN:120,(anonymous_8)
FN:127,(anonymous_9)
FN:132,calculateTimeDistributionData
FN:135,(anonymous_11)
FN:140,(anonymous_12)
FN:149,calculateConsecutiveDaysAndMissedSchedules
FN:155,(anonymous_14)
FNF:15
FNH:0
FNDA:0,getFeedingStatistics
FNDA:0,(anonymous_1)
FNDA:0,(anonymous_2)
FNDA:0,(anonymous_3)
FNDA:0,calculateTimeSeriesData
FNDA:0,(anonymous_5)
FNDA:0,(anonymous_6)
FNDA:0,calculateCatPortionData
FNDA:0,(anonymous_8)
FNDA:0,(anonymous_9)
FNDA:0,calculateTimeDistributionData
FNDA:0,(anonymous_11)
FNDA:0,(anonymous_12)
FNDA:0,calculateConsecutiveDaysAndMissedSchedules
FNDA:0,(anonymous_14)
DA:2,0
DA:3,0
DA:5,0
DA:10,0
DA:11,0
DA:15,0
DA:17,0
DA:19,0
DA:20,0
DA:22,0
DA:23,0
DA:25,0
DA:26,0
DA:28,0
DA:31,0
DA:34,0
DA:35,0
DA:38,0
DA:39,0
DA:40,0
DA:41,0
DA:42,0
DA:49,0
DA:51,0
DA:54,0
DA:55,0
DA:56,0
DA:57,0
DA:60,0
DA:63,0
DA:64,0
DA:67,0
DA:68,0
DA:71,0
DA:72,0
DA:75,0
DA:76,0
DA:78,0
DA:89,0
DA:90,0
DA:95,0
DA:96,0
DA:98,0
DA:99,0
DA:100,0
DA:101,0
DA:104,0
DA:106,0
DA:111,0
DA:114,0
DA:118,0
DA:120,0
DA:121,0
DA:122,0
DA:123,0
DA:127,0
DA:128,0
DA:129,0
DA:133,0
DA:135,0
DA:136,0
DA:137,0
DA:140,0
DA:145,0
DA:146,0
DA:150,0
DA:151,0
DA:155,0
DA:156,0
DA:159,0
DA:160,0
DA:161,0
DA:162,0
DA:164,0
DA:165,0
DA:166,0
DA:168,0
DA:169,0
DA:170,0
DA:171,0
DA:172,0
DA:173,0
DA:176,0
DA:179,0
LF:84
LH:0
BRDA:6,0,0,0
BRDA:7,1,0,0
BRDA:17,2,0,0
BRDA:17,2,1,0
BRDA:17,2,2,0
BRDA:17,2,3,0
BRDA:40,3,0,0
BRDA:40,3,1,0
BRDA:41,4,0,0
BRDA:41,4,1,0
BRDA:49,5,0,0
BRDA:49,5,1,0
BRDA:55,6,0,0
BRDA:55,6,1,0
BRDA:56,7,0,0
BRDA:56,7,1,0
BRDA:57,8,0,0
BRDA:57,8,1,0
BRDA:104,9,0,0
BRDA:104,9,1,0
BRDA:121,10,0,0
BRDA:121,11,0,0
BRDA:121,11,1,0
BRDA:121,11,2,0
BRDA:122,12,0,0
BRDA:122,12,1,0
BRDA:150,13,0,0
BRDA:168,14,0,0
BRDA:168,14,1,0
BRDA:171,15,0,0
BRF:30
BRH:0
end_of_record
TN:
SF:lib/utils/EventSystem.ts
FN:3,(anonymous_0)
FN:6,(anonymous_1)
FN:13,(anonymous_2)
FN:15,(anonymous_3)
FN:18,(anonymous_4)
FN:20,(anonymous_5)
FNF:6
FNH:0
FNDA:0,(anonymous_0)
FNDA:0,(anonymous_1)
FNDA:0,(anonymous_2)
FNDA:0,(anonymous_3)
FNDA:0,(anonymous_4)
FNDA:0,(anonymous_5)
DA:4,0
DA:7,0
DA:8,0
DA:10,0
DA:14,0
DA:15,0
DA:19,0
DA:20,0
DA:24,0
LF:9
LH:0
BRDA:7,0,0,0
BRDA:14,1,0,0
BRDA:19,2,0,0
BRF:3
BRH:0
end_of_record
TN:
SF:lib/utils/Memoization.ts
FN:2,memoize
FN:5,(anonymous_1)
FNF:2
FNH:0
FNDA:0,memoize
FNDA:0,(anonymous_1)
DA:2,0
DA:3,0
DA:5,0
DA:6,0
DA:7,0
DA:8,0
DA:11,0
DA:12,0
DA:13,0
LF:9
LH:0
BRDA:7,0,0,0
BRF:1
BRH:0
end_of_record
TN:
SF:lib/utils/PerformanceMonitor.ts
FN:2,monitorPerformance
FN:3,(anonymous_1)
FNF:2
FNH:0
FNDA:0,monitorPerformance
FNDA:0,(anonymous_1)
DA:2,0
DA:3,0
DA:4,0
DA:5,0
DA:6,0
DA:7,0
DA:8,0
LF:7
LH:0
BRF:0
BRH:0
end_of_record
TN:
SF:lib/utils/StateSelectors.ts
FN:2,createSelector
FNF:1
FNH:0
FNDA:0,createSelector
DA:2,0
DA:3,0
LF:2
LH:0
BRF:0
BRH:0
end_of_record
TN:
SF:lib/utils/StorageAnalytics.ts
FN:3,(anonymous_0)
FN:19,(anonymous_1)
FNF:2
FNH:0
FNDA:0,(anonymous_0)
FNDA:0,(anonymous_1)
DA:2,0
DA:4,0
DA:5,0
DA:6,0
DA:7,0
DA:8,0
DA:9,0
DA:10,0
DA:15,0
DA:16,0
DA:20,0
DA:21,0
LF:12
LH:0
BRDA:7,0,0,0
BRDA:9,1,0,0
BRF:2
BRH:0
end_of_record
TN:
SF:lib/utils/StorageService.ts
FN:2,(anonymous_0)
FN:5,(anonymous_1)
FN:20,(anonymous_2)
FN:25,(anonymous_3)
FN:30,(anonymous_4)
FNF:5
FNH:0
FNDA:0,(anonymous_0)
FNDA:0,(anonymous_1)
FNDA:0,(anonymous_2)
FNDA:0,(anonymous_3)
FNDA:0,(anonymous_4)
DA:2,0
DA:3,0
DA:6,0
DA:7,0
DA:10,0
DA:11,0
DA:12,0
DA:13,0
DA:14,0
DA:17,0
DA:21,0
DA:22,0
DA:26,0
DA:27,0
DA:31,0
DA:32,0
LF:16
LH:0
BRDA:6,0,0,0
BRDA:11,1,0,0
BRF:2
BRH:0
end_of_record
TN:
SF:lib/utils/api-middleware.ts
FN:18,(anonymous_0)
FN:19,(anonymous_1)
FNF:2
FNH:0
FNDA:0,(anonymous_0)
FNDA:0,(anonymous_1)
DA:1,0
DA:2,0
DA:18,0
DA:19,0
DA:20,0
DA:23,0
DA:26,0
DA:29,0
DA:30,0
DA:41,0
DA:43,0
LF:11
LH:0
BRDA:29,0,0,0
BRDA:41,1,0,0
BRDA:41,1,1,0
BRF:3
BRH:0
end_of_record
TN:
SF:lib/utils/api-utils.ts
FN:4,(anonymous_0)
FN:9,(anonymous_1)
FNF:2
FNH:0
FNDA:0,(anonymous_0)
FNDA:0,(anonymous_1)
DA:1,0
DA:4,0
DA:5,0
DA:9,0
DA:10,0
DA:11,0
DA:12,0
DA:14,0
LF:8
LH:0
BRDA:11,0,0,0
BRF:1
BRH:0
end_of_record
TN:
SF:lib/utils/dateUtils.ts
FN:10,getUserTimezone
FN:30,getAgeString
FN:80,getScheduleText
FN:100,formatDateTime
FN:120,getRelativeTime
FN:140,parseTimeString
FN:169,getNextScheduledTime
FN:234,calculateNextFeeding
FN:293,formatDateTimeForDisplay
FNF:9
FNH:3
FNDA:12,getUserTimezone
FNDA:0,getAgeString
FNDA:0,getScheduleText
FNDA:0,formatDateTime
FNDA:0,getRelativeTime
FNDA:0,parseTimeString
FNDA:0,getNextScheduledTime
FNDA:4,calculateNextFeeding
FNDA:40,formatDateTimeForDisplay
DA:1,1
DA:2,1
DA:3,1
DA:10,1
DA:12,12
DA:13,8
DA:14,8
DA:18,4
DA:19,4
DA:20,4
DA:22,0
DA:23,0
DA:30,1
DA:31,0
DA:33,0
DA:34,0
DA:35,0
DA:36,0
DA:39,0
DA:40,0
DA:41,0
DA:44,0
DA:45,0
DA:47,0
DA:48,0
DA:51,0
DA:53,0
DA:57,0
DA:58,0
DA:59,0
DA:62,0
DA:65,0
DA:66,0
DA:67,0
DA:70,0
DA:72,0
DA:73,0
DA:80,1
DA:81,0
DA:83,0
DA:84,0
DA:85,0
DA:86,0
DA:87,0
DA:90,0
DA:92,0
DA:93,0
DA:100,1
DA:101,0
DA:103,0
DA:104,0
DA:105,0
DA:106,0
DA:107,0
DA:108,0
DA:110,0
DA:112,0
DA:113,0
DA:120,1
DA:121,0
DA:123,0
DA:124,0
DA:125,0
DA:126,0
DA:127,0
DA:128,0
DA:130,0
DA:132,0
DA:133,0
DA:140,1
DA:141,0
DA:142,0
DA:143,0
DA:146,0
DA:149,0
DA:152,0
DA:153,0
DA:155,0
DA:156,0
DA:159,0
DA:161,0
DA:162,0
DA:169,1
DA:170,0
DA:172,0
DA:173,0
DA:174,0
DA:175,0
DA:176,0
DA:177,0
DA:180,0
DA:182,0
DA:184,0
DA:185,0
DA:187,0
DA:188,0
DA:189,0
DA:192,0
DA:193,0
DA:195,0
DA:196,0
DA:199,0
DA:202,0
DA:205,0
DA:206,0
DA:208,0
DA:209,0
DA:213,0
DA:214,0
DA:217,0
DA:219,0
DA:220,0
DA:224,0
DA:226,0
DA:227,0
DA:234,1
DA:236,4
DA:237,0
DA:238,0
DA:242,4
DA:245,4
DA:246,4
DA:247,4
DA:249,4
DA:250,4
DA:251,4
DA:252,4
DA:253,4
DA:256,4
DA:257,4
DA:258,4
DA:261,4
DA:262,1
DA:263,1
DA:264,1
DA:267,4
DA:270,4
DA:271,4
DA:272,4
DA:275,4
DA:276,4
DA:279,4
DA:280,4
DA:281,4
DA:283,4
DA:285,0
DA:286,0
DA:293,1
DA:294,40
DA:296,40
DA:298,40
DA:299,0
DA:300,0
DA:304,40
DA:307,40
DA:309,0
DA:310,0
LF:157
LH:50
BRDA:12,0,0,8
BRDA:12,1,0,12
BRDA:12,1,1,4
BRDA:31,2,0,0
BRDA:39,3,0,0
BRDA:39,4,0,0
BRDA:39,4,1,0
BRDA:47,5,0,0
BRDA:47,6,0,0
BRDA:47,6,1,0
BRDA:47,6,2,0
BRDA:51,7,0,0
BRDA:54,8,0,0
BRDA:54,8,1,0
BRDA:55,9,0,0
BRDA:55,9,1,0
BRDA:57,10,0,0
BRDA:62,11,0,0
BRDA:62,11,1,0
BRDA:65,12,0,0
BRDA:70,13,0,0
BRDA:70,13,1,0
BRDA:81,14,0,0
BRDA:84,15,0,0
BRDA:84,15,1,0
BRDA:84,16,0,0
BRDA:84,16,1,0
BRDA:84,16,2,0
BRDA:85,17,0,0
BRDA:85,17,1,0
BRDA:86,18,0,0
BRDA:86,19,0,0
BRDA:86,19,1,0
BRDA:86,19,2,0
BRDA:101,20,0,0
BRDA:105,21,0,0
BRDA:105,21,1,0
BRDA:106,22,0,0
BRDA:121,23,0,0
BRDA:125,24,0,0
BRDA:125,24,1,0
BRDA:126,25,0,0
BRDA:146,26,0,0
BRDA:146,27,0,0
BRDA:146,27,1,0
BRDA:146,27,2,0
BRDA:146,27,3,0
BRDA:146,27,4,0
BRDA:146,27,5,0
BRDA:155,28,0,0
BRDA:170,29,0,0
BRDA:170,30,0,0
BRDA:170,30,1,0
BRDA:175,31,0,0
BRDA:182,32,0,0
BRDA:182,32,1,0
BRDA:182,33,0,0
BRDA:182,33,1,0
BRDA:182,33,2,0
BRDA:184,34,0,0
BRDA:184,34,1,0
BRDA:187,35,0,0
BRDA:193,36,0,0
BRDA:193,37,0,0
BRDA:193,37,1,0
BRDA:193,37,2,0
BRDA:199,38,0,0
BRDA:199,39,0,0
BRDA:199,39,1,0
BRDA:199,39,2,0
BRDA:199,39,3,0
BRDA:199,39,4,0
BRDA:199,39,5,0
BRDA:208,40,0,0
BRDA:213,41,0,0
BRDA:234,42,0,4
BRDA:236,43,0,0
BRDA:236,44,0,4
BRDA:236,44,1,4
BRDA:296,45,0,0
BRDA:296,45,1,40
BRDA:298,46,0,0
BRF:82
BRH:7
end_of_record
TN:
SF:lib/utils/feedingUtils.ts
FN:14,groupLogsByDate
FN:15,(anonymous_1)
FN:25,(anonymous_2)
FN:38,formatGroupDate
FNF:4
FNH:0
FNDA:0,groupLogsByDate
FNDA:0,(anonymous_1)
FNDA:0,(anonymous_2)
FNDA:0,formatGroupDate
DA:2,0
DA:3,0
DA:14,0
DA:15,0
DA:16,0
DA:18,0
DA:19,0
DA:22,0
DA:25,0
DA:26,0
DA:29,0
DA:38,0
DA:39,0
DA:40,0
LF:14
LH:0
BRDA:18,0,0,0
BRF:1
BRH:0
end_of_record
TN:
SF:lib/utils/validation.ts
FN:6,isValidUser
FN:23,isValidCat
FN:43,isValidFeedingLog
FN:61,isValidHousehold
FNF:4
FNH:0
FNDA:0,isValidUser
FNDA:0,isValidCat
FNDA:0,isValidFeedingLog
FNDA:0,isValidHousehold
DA:6,0
DA:7,0
DA:8,0
DA:9,0
DA:23,0
DA:24,0
DA:25,0
DA:26,0
DA:43,0
DA:44,0
DA:45,0
DA:46,0
DA:61,0
DA:62,0
DA:63,0
DA:64,0
LF:16
LH:0
BRDA:7,0,0,0
BRDA:7,1,0,0
BRDA:7,1,1,0
BRDA:10,2,0,0
BRDA:10,2,1,0
BRDA:10,2,2,0
BRDA:10,2,3,0
BRDA:10,2,4,0
BRDA:10,2,5,0
BRDA:10,2,6,0
BRDA:10,2,7,0
BRDA:10,2,8,0
BRDA:10,2,9,0
BRDA:24,3,0,0
BRDA:24,4,0,0
BRDA:24,4,1,0
BRDA:27,5,0,0
BRDA:27,5,1,0
BRDA:27,5,2,0
BRDA:27,5,3,0
BRDA:27,5,4,0
BRDA:27,5,5,0
BRDA:27,5,6,0
BRDA:27,5,7,0
BRDA:27,5,8,0
BRDA:27,5,9,0
BRDA:27,5,10,0
BRDA:27,5,11,0
BRDA:27,5,12,0
BRDA:27,5,13,0
BRDA:27,5,14,0
BRDA:27,5,15,0
BRDA:44,6,0,0
BRDA:44,7,0,0
BRDA:44,7,1,0
BRDA:47,8,0,0
BRDA:47,8,1,0
BRDA:47,8,2,0
BRDA:47,8,3,0
BRDA:47,8,4,0
BRDA:47,8,5,0
BRDA:47,8,6,0
BRDA:47,8,7,0
BRDA:47,8,8,0
BRDA:47,8,9,0
BRDA:47,8,10,0
BRDA:62,9,0,0
BRDA:62,10,0,0
BRDA:62,10,1,0
BRDA:65,11,0,0
BRDA:65,11,1,0
BRDA:65,11,2,0
BRF:52
BRH:0
end_of_record
TN:
SF:lib/validations/settings.ts
FN:20,(anonymous_0)
FN:29,(anonymous_1)
FN:47,validateSettings
FN:55,(anonymous_3)
FN:69,validateName
FN:83,validateTimezone
FN:93,validateLanguage
FNF:7
FNH:0
FNDA:0,(anonymous_0)
FNDA:0,(anonymous_1)
FNDA:0,validateSettings
FNDA:0,(anonymous_3)
FNDA:0,validateName
FNDA:0,validateTimezone
FNDA:0,validateLanguage
DA:1,0
DA:14,0
DA:21,0
DA:22,0
DA:23,0
DA:25,0
DA:30,0
DA:31,0
DA:32,0
DA:34,0
DA:47,0
DA:48,0
DA:49,0
DA:50,0
DA:52,0
DA:53,0
DA:55,0
DA:61,0
DA:69,0
DA:70,0
DA:71,0
DA:73,0
DA:74,0
DA:76,0
DA:77,0
DA:79,0
DA:83,0
DA:84,0
DA:85,0
DA:86,0
DA:88,0
DA:93,0
DA:94,0
DA:95,0
DA:96,0
DA:98,0
LF:36
LH:0
BRDA:52,0,0,0
BRDA:70,1,0,0
BRDA:73,2,0,0
BRDA:76,3,0,0
BRF:4
BRH:0
end_of_record
TN:
SF:src/pages.tsx
FN:6,Home
FNF:1
FNH:0
FNDA:0,Home
DA:3,0
DA:4,0
DA:6,0
DA:7,0
LF:4
LH:0
BRF:0
BRH:0
end_of_record
TN:
SF:src/lib/image-cache.ts
FN:27,(anonymous_1)
FN:34,(anonymous_2)
FN:41,(anonymous_3)
FN:51,(anonymous_4)
FN:57,(anonymous_5)
FN:81,(anonymous_6)
FN:119,(anonymous_7)
FN:143,(anonymous_8)
FN:161,(anonymous_9)
FN:167,(anonymous_10)
FNF:10
FNH:0
FNDA:0,(anonymous_1)
FNDA:0,(anonymous_2)
FNDA:0,(anonymous_3)
FNDA:0,(anonymous_4)
FNDA:0,(anonymous_5)
FNDA:0,(anonymous_6)
FNDA:0,(anonymous_7)
FNDA:0,(anonymous_8)
FNDA:0,(anonymous_9)
FNDA:0,(anonymous_10)
DA:1,0
DA:2,0
DA:3,0
DA:4,0
DA:6,0
DA:7,0
DA:8,0
DA:28,0
DA:29,0
DA:30,0
DA:31,0
DA:35,0
DA:36,0
DA:38,0
DA:42,0
DA:43,0
DA:44,0
DA:47,0
DA:52,0
DA:53,0
DA:54,0
DA:57,0
DA:59,0
DA:60,0
DA:62,0
DA:64,0
DA:67,0
DA:68,0
DA:69,0
DA:71,0
DA:72,0
DA:77,0
DA:82,0
DA:83,0
DA:85,0
DA:87,0
DA:88,0
DA:92,0
DA:93,0
DA:94,0
DA:95,0
DA:98,0
DA:108,0
DA:110,0
DA:112,0
DA:115,0
DA:120,0
DA:121,0
DA:124,0
DA:127,0
DA:137,0
DA:139,0
DA:144,0
DA:146,0
DA:149,0
DA:150,0
DA:151,0
DA:153,0
DA:154,0
DA:157,0
DA:162,0
DA:163,0
DA:164,0
DA:168,0
DA:169,0
DA:175,0
DA:176,0
DA:177,0
DA:180,0
DA:188,0
LF:70
LH:0
BRDA:35,0,0,0
BRDA:43,1,0,0
BRDA:62,2,0,0
BRDA:85,3,0,0
BRDA:162,4,0,0
BRDA:163,5,0,0
BRF:6
BRH:0
end_of_record
TN:
SF:src/lib/image-errors.ts
FN:2,(anonymous_0)
FN:9,(anonymous_1)
FN:16,(anonymous_2)
FN:23,(anonymous_3)
FN:30,(anonymous_4)
FN:37,getFallbackImageUrl
FN:49,isFallbackImage
FN:54,formatErrorMessage
FNF:8
FNH:0
FNDA:0,(anonymous_0)
FNDA:0,(anonymous_1)
FNDA:0,(anonymous_2)
FNDA:0,(anonymous_3)
FNDA:0,(anonymous_4)
FNDA:0,getFallbackImageUrl
FNDA:0,isFallbackImage
FNDA:0,formatErrorMessage
DA:1,0
DA:2,0
DA:3,0
DA:4,0
DA:8,0
DA:10,0
DA:11,0
DA:15,0
DA:17,0
DA:18,0
DA:22,0
DA:24,0
DA:25,0
DA:29,0
DA:31,0
DA:32,0
DA:37,0
DA:38,0
DA:40,0
DA:42,0
DA:44,0
DA:49,0
DA:50,0
DA:54,0
DA:55,0
DA:56,0
DA:58,0
DA:60,0
DA:62,0
DA:64,0
DA:66,0
DA:69,0
LF:32
LH:0
BRDA:38,0,0,0
BRDA:38,0,1,0
BRDA:38,0,2,0
BRDA:55,1,0,0
BRDA:56,2,0,0
BRDA:56,2,1,0
BRDA:56,2,2,0
BRDA:56,2,3,0
BRDA:56,2,4,0
BRF:9
BRH:0
end_of_record
TN:
SF:src/lib/image-processing.ts
FN:20,(anonymous_1)
FN:27,(anonymous_2)
FN:35,(anonymous_3)
FN:69,(anonymous_4)
FNF:4
FNH:0
FNDA:0,(anonymous_1)
FNDA:0,(anonymous_2)
FNDA:0,(anonymous_3)
FNDA:0,(anonymous_4)
DA:1,0
DA:2,0
DA:3,0
DA:4,0
DA:10,0
DA:17,0
DA:20,0
DA:21,0
DA:22,0
DA:27,0
DA:28,0
DA:29,0
DA:30,0
DA:31,0
DA:35,0
DA:40,0
DA:41,0
DA:42,0
DA:45,0
DA:46,0
DA:48,0
DA:51,0
DA:60,0
DA:63,0
DA:64,0
DA:69,0
DA:70,0
DA:71,0
DA:73,0
DA:74,0
DA:77,0
DA:79,0
DA:80,0
DA:83,0
DA:84,0
DA:85,0
LF:36
LH:0
BRDA:21,0,0,0
BRDA:45,1,0,0
BRDA:45,1,1,0
BRDA:45,2,0,0
BRDA:45,2,1,0
BRDA:60,3,0,0
BRDA:60,3,1,0
BRDA:60,4,0,0
BRDA:60,4,1,0
BRDA:73,5,0,0
BRDA:79,6,0,0
BRDA:79,7,0,0
BRDA:79,7,1,0
BRDA:83,8,0,0
BRDA:83,9,0,0
BRDA:83,9,1,0
BRDA:84,10,0,0
BRDA:84,11,0,0
BRDA:84,11,1,0
BRF:19
BRH:0
end_of_record
